Log file open, 01/27/19 13:12:59
LogWindows: Failed to load 'aqProf.dll' (GetLastError=126)
LogWindows: File 'aqProf.dll' does not exist
LogWindows: Failed to load 'VtuneApi.dll' (GetLastError=126)
LogWindows: File 'VtuneApi.dll' does not exist
LogWindows: Failed to load 'VtuneApi32e.dll' (GetLastError=126)
LogWindows: File 'VtuneApi32e.dll' does not exist
LogInit: Display: Running engine for game: BirdsOfAFeather
LogPlatformFile: Not using cached read wrapper
LogInit: Display: RandInit(-1807620520) SRandInit(-1807620519).
LogInit: Read version file with build ID '3944462'
LogInit: Overriding engine version to CL 4033788, compatible CL 3944462
LogInit: Registered custom module enumerator with build ID '3944462'
LogTaskGraph: Started task graph with 5 named threads and 23 total threads with 3 sets of task threads.
LogStats: Stats thread started at 0.264890
LogD3D11RHI: Aftermath initialized
LogICUInternationalization: Display: ICU TimeZone Detection - Raw Offset: +0:00, Platform Override: ''
LogModuleManager: Display: Found up-to-date module file ../../../Engine/Plugins/Runtime/HoudiniEngine/Binaries/Win64/UE4Editor-HoudiniEngineRuntime.dll (API version 3944462).
LogModuleManager: Display: Found up-to-date module file ../../../Engine/Plugins/Runtime/HoudiniEngine/Binaries/Win64/UE4Editor-HoudiniEngineEditor.dll (API version 3944462).
LogModuleManager: Display: Found up-to-date module file ../../../Engine/Plugins/2D/Paper2D/Binaries/Win64/UE4Editor-Paper2D.dll (API version 3944462).
LogModuleManager: Display: Found up-to-date module file ../../../Engine/Plugins/2D/Paper2D/Binaries/Win64/UE4Editor-Paper2DEditor.dll (API version 3944462).
LogModuleManager: Display: Found up-to-date module file ../../../Engine/Plugins/2D/Paper2D/Binaries/Win64/UE4Editor-PaperSpriteSheetImporter.dll (API version 3944462).
LogModuleManager: Display: Found up-to-date module file ../../../Engine/Plugins/2D/Paper2D/Binaries/Win64/UE4Editor-PaperTiledImporter.dll (API version 3944462).
LogModuleManager: Display: Found up-to-date module file ../../../Engine/Plugins/2D/Paper2D/Binaries/Win64/UE4Editor-SmartSnapping.dll (API version 3944462).
LogModuleManager: Display: Found up-to-date module file ../../../Engine/Plugins/Blendables/LightPropagationVolume/Binaries/Win64/UE4Editor-LightPropagationVolumeRuntime.dll (API version 3944462).
LogModuleManager: Display: Found up-to-date module file ../../../Engine/Plugins/Blendables/LightPropagationVolume/Binaries/Win64/UE4Editor-LightPropagationVolumeEditor.dll (API version 3944462).
LogModuleManager: Display: Found up-to-date module file ../../../Engine/Plugins/Developer/CLionSourceCodeAccess/Binaries/Win64/UE4Editor-CLionSourceCodeAccess.dll (API version 3944462).
LogModuleManager: Display: Found up-to-date module file ../../../Engine/Plugins/Developer/GitSourceControl/Binaries/Win64/UE4Editor-GitSourceControl.dll (API version 3944462).
LogModuleManager: Display: Found up-to-date module file ../../../Engine/Plugins/Developer/PerforceSourceControl/Binaries/Win64/UE4Editor-PerforceSourceControl.dll (API version 3944462).
LogModuleManager: Display: Found up-to-date module file ../../../Engine/Plugins/Developer/SubversionSourceControl/Binaries/Win64/UE4Editor-SubversionSourceControl.dll (API version 3944462).
LogModuleManager: Display: Found up-to-date module file ../../../Engine/Plugins/Developer/UObjectPlugin/Binaries/Win64/UE4Editor-UObjectPlugin.dll (API version 3944462).
LogModuleManager: Display: Found up-to-date module file ../../../Engine/Plugins/Developer/VisualStudioCodeSourceCodeAccess/Binaries/Win64/UE4Editor-VisualStudioCodeSourceCodeAccess.dll (API version 3944462).
LogModuleManager: Display: Found up-to-date module file ../../../Engine/Plugins/Developer/VisualStudioSourceCodeAccess/Binaries/Win64/UE4Editor-VisualStudioSourceCodeAccess.dll (API version 3944462).
LogModuleManager: Display: Found up-to-date module file ../../../Engine/Plugins/Editor/AssetManagerEditor/Binaries/Win64/UE4Editor-AssetManagerEditor.dll (API version 3944462).
LogModuleManager: Display: Found up-to-date module file ../../../Engine/Plugins/Editor/CryptoKeys/Binaries/Win64/UE4Editor-CryptoKeys.dll (API version 3944462).
LogModuleManager: Display: Found up-to-date module file ../../../Engine/Plugins/Editor/CryptoKeys/Binaries/Win64/UE4Editor-CryptoKeysOpenSSL.dll (API version 3944462).
LogModuleManager: Display: Found up-to-date module file ../../../Engine/Plugins/Editor/DataValidation/Binaries/Win64/UE4Editor-DataValidation.dll (API version 3944462).
LogModuleManager: Display: Found up-to-date module file ../../../Engine/Plugins/Editor/FacialAnimation/Binaries/Win64/UE4Editor-FacialAnimation.dll (API version 3944462).
LogModuleManager: Display: Found up-to-date module file ../../../Engine/Plugins/Editor/FacialAnimation/Binaries/Win64/UE4Editor-FacialAnimationEditor.dll (API version 3944462).
LogModuleManager: Display: Found up-to-date module file ../../../Engine/Plugins/Editor/GameplayTagsEditor/Binaries/Win64/UE4Editor-GameplayTagsEditor.dll (API version 3944462).
LogModuleManager: Display: Found up-to-date module file ../../../Engine/Plugins/Editor/MobileLauncherProfileWizard/Binaries/Win64/UE4Editor-MobileLauncherProfileWizard.dll (API version 3944462).
LogModuleManager: Display: Found up-to-date module file ../../../Engine/Plugins/Editor/PluginBrowser/Binaries/Win64/UE4Editor-PluginBrowser.dll (API version 3944462).
LogModuleManager: Display: Found up-to-date module file ../../../Engine/Plugins/Editor/SpeedTreeImporter/Binaries/Win64/UE4Editor-SpeedTreeImporter.dll (API version 3944462).
LogModuleManager: Display: Found up-to-date module file ../../../Engine/Plugins/Enterprise/DatasmithContent/Binaries/Win64/UE4Editor-DatasmithContent.dll (API version 3944462).
LogModuleManager: Display: Found up-to-date module file ../../../Engine/Plugins/Experimental/AlembicImporter/Binaries/Win64/UE4Editor-AlembicImporter.dll (API version 3944462).
LogModuleManager: Display: Found up-to-date module file ../../../Engine/Plugins/Experimental/AlembicImporter/Binaries/Win64/UE4Editor-AlembicLibrary.dll (API version 3944462).
LogModuleManager: Display: Found up-to-date module file ../../../Engine/Plugins/Experimental/CharacterAI/Binaries/Win64/UE4Editor-CharacterAI.dll (API version 3944462).
LogModuleManager: Display: Found up-to-date module file ../../../Engine/Plugins/Experimental/HTML5Networking/Binaries/Win64/UE4Editor-HTML5Networking.dll (API version 3944462).
LogModuleManager: Display: Found up-to-date module file ../../../Engine/Plugins/Media/AndroidMedia/Binaries/Win64/UE4Editor-AndroidMediaEditor.dll (API version 3944462).
LogModuleManager: Display: Found up-to-date module file ../../../Engine/Plugins/Media/AndroidMedia/Binaries/Win64/UE4Editor-AndroidMediaFactory.dll (API version 3944462).
LogModuleManager: Display: Found up-to-date module file ../../../Engine/Plugins/Media/AvfMedia/Binaries/Win64/UE4Editor-AvfMediaEditor.dll (API version 3944462).
LogModuleManager: Display: Found up-to-date module file ../../../Engine/Plugins/Media/AvfMedia/Binaries/Win64/UE4Editor-AvfMediaFactory.dll (API version 3944462).
LogModuleManager: Display: Found up-to-date module file ../../../Engine/Plugins/Media/AvfMedia/Binaries/Win64/UE4Editor-AvfMediaFactory.dll (API version 3944462).
LogModuleManager: Display: Found up-to-date module file ../../../Engine/Plugins/Media/ImgMedia/Binaries/Win64/UE4Editor-ImgMedia.dll (API version 3944462).
LogModuleManager: Display: Found up-to-date module file ../../../Engine/Plugins/Media/ImgMedia/Binaries/Win64/UE4Editor-ImgMediaEditor.dll (API version 3944462).
LogModuleManager: Display: Found up-to-date module file ../../../Engine/Plugins/Media/ImgMedia/Binaries/Win64/UE4Editor-ImgMediaFactory.dll (API version 3944462).
LogModuleManager: Display: Found up-to-date module file ../../../Engine/Plugins/Media/ImgMedia/Binaries/Win64/UE4Editor-ImgMediaFactory.dll (API version 3944462).
LogModuleManager: Display: Found up-to-date module file ../../../Engine/Plugins/Media/ImgMedia/Binaries/Win64/UE4Editor-OpenExrWrapper.dll (API version 3944462).
LogModuleManager: Display: Found up-to-date module file ../../../Engine/Plugins/Media/LinearTimecode/Binaries/Win64/UE4Editor-LinearTimecode.dll (API version 3944462).
LogModuleManager: Display: Found up-to-date module file ../../../Engine/Plugins/Media/MediaCompositing/Binaries/Win64/UE4Editor-MediaCompositing.dll (API version 3944462).
LogModuleManager: Display: Found up-to-date module file ../../../Engine/Plugins/Media/MediaCompositing/Binaries/Win64/UE4Editor-MediaCompositingEditor.dll (API version 3944462).
LogModuleManager: Display: Found up-to-date module file ../../../Engine/Plugins/Media/MediaPlayerEditor/Binaries/Win64/UE4Editor-MediaPlayerEditor.dll (API version 3944462).
LogModuleManager: Display: Found up-to-date module file ../../../Engine/Plugins/Media/WmfMedia/Binaries/Win64/UE4Editor-WmfMedia.dll (API version 3944462).
LogModuleManager: Display: Found up-to-date module file ../../../Engine/Plugins/Media/WmfMedia/Binaries/Win64/UE4Editor-WmfMediaEditor.dll (API version 3944462).
LogModuleManager: Display: Found up-to-date module file ../../../Engine/Plugins/Media/WmfMedia/Binaries/Win64/UE4Editor-WmfMediaFactory.dll (API version 3944462).
LogModuleManager: Display: Found up-to-date module file ../../../Engine/Plugins/Media/WmfMedia/Binaries/Win64/UE4Editor-WmfMediaFactory.dll (API version 3944462).
LogModuleManager: Display: Found up-to-date module file ../../../Engine/Plugins/Messaging/TcpMessaging/Binaries/Win64/UE4Editor-TcpMessaging.dll (API version 3944462).
LogModuleManager: Display: Found up-to-date module file ../../../Engine/Plugins/Messaging/UdpMessaging/Binaries/Win64/UE4Editor-UdpMessaging.dll (API version 3944462).
LogModuleManager: Display: Found up-to-date module file ../../../Engine/Plugins/MovieScene/ActorSequence/Binaries/Win64/UE4Editor-ActorSequence.dll (API version 3944462).
LogModuleManager: Display: Found up-to-date module file ../../../Engine/Plugins/MovieScene/LevelSequenceEditor/Binaries/Win64/UE4Editor-LevelSequenceEditor.dll (API version 3944462).
LogModuleManager: Display: Found up-to-date module file ../../../Engine/Plugins/MovieScene/MatineeToLevelSequence/Binaries/Win64/UE4Editor-MatineeToLevelSequence.dll (API version 3944462).
LogModuleManager: Display: Found up-to-date module file ../../../Engine/Plugins/NetcodeUnitTest/NetcodeUnitTest/Binaries/Win64/UE4Editor-NetcodeUnitTest.dll (API version 3944462).
LogModuleManager: Display: Found up-to-date module file ../../../Engine/Plugins/NetcodeUnitTest/NUTUnrealEngine4/Binaries/Win64/UE4Editor-NUTUnrealEngine4.dll (API version 3944462).
LogModuleManager: Display: Found up-to-date module file ../../../Engine/Plugins/Online/OnlineSubsystem/Binaries/Win64/UE4Editor-OnlineSubsystem.dll (API version 3944462).
LogModuleManager: Display: Found up-to-date module file ../../../Engine/Plugins/Runtime/AndroidPermission/Binaries/Win64/UE4Editor-AndroidPermission.dll (API version 3944462).
LogModuleManager: Display: Found up-to-date module file ../../../Engine/Plugins/Online/OnlineSubsystemNull/Binaries/Win64/UE4Editor-OnlineSubsystemNull.dll (API version 3944462).
LogModuleManager: Display: Found up-to-date module file ../../../Engine/Plugins/Online/OnlineSubsystemUtils/Binaries/Win64/UE4Editor-OnlineSubsystemUtils.dll (API version 3944462).
LogModuleManager: Display: Found up-to-date module file ../../../Engine/Plugins/Online/OnlineSubsystemUtils/Binaries/Win64/UE4Editor-OnlineBlueprintSupport.dll (API version 3944462).
LogModuleManager: Display: Found up-to-date module file ../../../Engine/Plugins/Runtime/AndroidDeviceProfileSelector/Binaries/Win64/UE4Editor-AndroidDeviceProfileSelector.dll (API version 3944462).
LogModuleManager: Display: Found up-to-date module file ../../../Engine/Plugins/Runtime/AppleARKit/Binaries/Win64/UE4Editor-AppleARKit.dll (API version 3944462).
LogModuleManager: Display: Found up-to-date module file ../../../Engine/Plugins/Runtime/ProceduralMeshComponent/Binaries/Win64/UE4Editor-ProceduralMeshComponent.dll (API version 3944462).
LogModuleManager: Display: Found up-to-date module file ../../../Engine/Plugins/Runtime/ProceduralMeshComponent/Binaries/Win64/UE4Editor-ProceduralMeshComponentEditor.dll (API version 3944462).
LogModuleManager: Display: Found up-to-date module file ../../../Engine/Plugins/Animation/LiveLink/Binaries/Win64/UE4Editor-LiveLink.dll (API version 3944462).
LogModuleManager: Display: Found up-to-date module file ../../../Engine/Plugins/Animation/LiveLink/Binaries/Win64/UE4Editor-LiveLinkEditor.dll (API version 3944462).
LogModuleManager: Display: Found up-to-date module file ../../../Engine/Plugins/Runtime/ArchVisCharacter/Binaries/Win64/UE4Editor-ArchVisCharacter.dll (API version 3944462).
LogModuleManager: Display: Found up-to-date module file ../../../Engine/Plugins/Runtime/AudioCapture/Binaries/Win64/UE4Editor-AudioCapture.dll (API version 3944462).
LogModuleManager: Display: Found up-to-date module file ../../../Engine/Plugins/Runtime/AudioCapture/Binaries/Win64/UE4Editor-AudioCaptureEditor.dll (API version 3944462).
LogModuleManager: Display: Found up-to-date module file ../../../Engine/Plugins/Runtime/CableComponent/Binaries/Win64/UE4Editor-CableComponent.dll (API version 3944462).
LogModuleManager: Display: Found up-to-date module file ../../../Engine/Plugins/Runtime/CustomMeshComponent/Binaries/Win64/UE4Editor-CustomMeshComponent.dll (API version 3944462).
LogModuleManager: Display: Found up-to-date module file ../../../Engine/Plugins/Runtime/ExampleDeviceProfileSelector/Binaries/Win64/UE4Editor-ExampleDeviceProfileSelector.dll (API version 3944462).
LogModuleManager: Display: Found up-to-date module file ../../../Engine/Plugins/Runtime/ImmediatePhysics/Binaries/Win64/UE4Editor-ImmediatePhysics.dll (API version 3944462).
LogModuleManager: Display: Found up-to-date module file ../../../Engine/Plugins/Runtime/ImmediatePhysics/Binaries/Win64/UE4Editor-ImmediatePhysicsEditor.dll (API version 3944462).
LogModuleManager: Display: Found up-to-date module file ../../../Engine/Plugins/Runtime/LocationServicesBPLibrary/Binaries/Win64/UE4Editor-LocationServicesBPLibrary.dll (API version 3944462).
LogModuleManager: Display: Found up-to-date module file ../../../Engine/Plugins/Runtime/MobilePatchingUtils/Binaries/Win64/UE4Editor-MobilePatchingUtils.dll (API version 3944462).
LogModuleManager: Display: Found up-to-date module file ../../../Engine/Plugins/Runtime/Oculus/OculusVR/Binaries/Win64/UE4Editor-OculusHMD.dll (API version 3944462).
LogModuleManager: Display: Found up-to-date module file ../../../Engine/Plugins/Runtime/Oculus/OculusVR/Binaries/Win64/UE4Editor-OculusInput.dll (API version 3944462).
LogModuleManager: Display: Found up-to-date module file ../../../Engine/Plugins/Runtime/Oculus/OculusVR/Binaries/Win64/UE4Editor-OculusEditor.dll (API version 3944462).
LogModuleManager: Display: Found up-to-date module file ../../../Engine/Plugins/Runtime/PhysXVehicles/Binaries/Win64/UE4Editor-PhysXVehicles.dll (API version 3944462).
LogModuleManager: Display: Found up-to-date module file ../../../Engine/Plugins/Runtime/PhysXVehicles/Binaries/Win64/UE4Editor-PhysXVehiclesEditor.dll (API version 3944462).
LogModuleManager: Display: Found up-to-date module file ../../../Engine/Plugins/Runtime/RuntimePhysXCooking/Binaries/Win64/UE4Editor-RuntimePhysXCooking.dll (API version 3944462).
LogModuleManager: Display: Found up-to-date module file ../../../Engine/Plugins/Runtime/Steam/SteamVR/Binaries/Win64/UE4Editor-SteamVR.dll (API version 3944462).
LogModuleManager: Display: Found up-to-date module file ../../../Engine/Plugins/Runtime/Steam/SteamVR/Binaries/Win64/UE4Editor-SteamVRController.dll (API version 3944462).
LogModuleManager: Display: Found up-to-date module file ../../../Engine/Plugins/Runtime/WindowsMoviePlayer/Binaries/Win64/UE4Editor-WindowsMoviePlayer.dll (API version 3944462).
LogModuleManager: Display: Found up-to-date module file ../../../../../../Users/jl16acb/Desktop/BirdsOfAFeather/Plugins/Wwise/Binaries/Win64/UE4Editor-AkAudio.dll (API version 3944462).
LogModuleManager: Display: Found up-to-date module file ../../../../../../Users/jl16acb/Desktop/BirdsOfAFeather/Plugins/Wwise/Binaries/Win64/UE4Editor-AudiokineticTools.dll (API version 3944462).
LogPluginManager: Mounting plugin Paper2D
LogPluginManager: Mounting plugin LiveLink
LogPluginManager: Mounting plugin LightPropagationVolume
LogPluginManager: Mounting plugin CLionSourceCodeAccess
LogPluginManager: Mounting plugin CodeLiteSourceCodeAccess
LogPluginManager: Mounting plugin GitSourceControl
LogPluginManager: Mounting plugin KDevelopSourceCodeAccess
LogPluginManager: Mounting plugin NullSourceCodeAccess
LogPluginManager: Mounting plugin PerforceSourceControl
LogPluginManager: Mounting plugin SubversionSourceControl
LogPluginManager: Mounting plugin UObjectPlugin
LogPluginManager: Mounting plugin VisualStudioCodeSourceCodeAccess
LogPluginManager: Mounting plugin VisualStudioSourceCodeAccess
LogPluginManager: Mounting plugin XCodeSourceCodeAccess
LogPluginManager: Mounting plugin AssetManagerEditor
LogPluginManager: Mounting plugin CryptoKeys
LogPluginManager: Mounting plugin DataValidation
LogPluginManager: Mounting plugin FacialAnimation
LogPluginManager: Mounting plugin GameplayTagsEditor
LogPluginManager: Mounting plugin MobileLauncherProfileWizard
LogPluginManager: Mounting plugin PluginBrowser
LogPluginManager: Mounting plugin SpeedTreeImporter
LogPluginManager: Mounting plugin DatasmithContent
LogPluginManager: Mounting plugin AlembicImporter
LogPluginManager: Mounting plugin CharacterAI
LogPluginManager: Mounting plugin HTML5Networking
LogPluginManager: Mounting plugin AndroidMedia
LogPluginManager: Mounting plugin AvfMedia
LogPluginManager: Mounting plugin ImgMedia
LogPluginManager: Mounting plugin LinearTimecode
LogPluginManager: Mounting plugin MediaCompositing
LogPluginManager: Mounting plugin MediaPlayerEditor
LogPluginManager: Mounting plugin WmfMedia
LogPluginManager: Mounting plugin TcpMessaging
LogPluginManager: Mounting plugin UdpMessaging
LogPluginManager: Mounting plugin ActorSequence
LogPluginManager: Mounting plugin LevelSequenceEditor
LogPluginManager: Mounting plugin MatineeToLevelSequence
LogPluginManager: Mounting plugin NetcodeUnitTest
LogPluginManager: Mounting plugin NUTUnrealEngine4
LogPluginManager: Mounting plugin OnlineSubsystemGooglePlay
LogPluginManager: Mounting plugin OnlineSubsystemIOS
LogPluginManager: Mounting plugin OnlineSubsystem
LogPluginManager: Mounting plugin OnlineSubsystemNull
LogPluginManager: Mounting plugin OnlineSubsystemUtils
LogPluginManager: Mounting plugin AndroidDeviceProfileSelector
LogPluginManager: Mounting plugin AndroidMoviePlayer
LogPluginManager: Mounting plugin AndroidPermission
LogPluginManager: Mounting plugin AppleARKit
LogPluginManager: Mounting plugin AppleMoviePlayer
LogPluginManager: Mounting plugin ArchVisCharacter
LogPluginManager: Mounting plugin AudioCapture
LogPluginManager: Mounting plugin CableComponent
LogPluginManager: Mounting plugin CustomMeshComponent
LogPluginManager: Mounting plugin ExampleDeviceProfileSelector
LogPluginManager: Mounting plugin GoogleCloudMessaging
LogPluginManager: Mounting plugin HoudiniEngine
LogPluginManager: Mounting plugin ImmediatePhysics
LogPluginManager: Mounting plugin IOSDeviceProfileSelector
LogPluginManager: Mounting plugin LinuxDeviceProfileSelector
LogPluginManager: Mounting plugin LocationServicesBPLibrary
LogPluginManager: Mounting plugin MobilePatchingUtils
LogPluginManager: Mounting plugin OculusVR
LogPluginManager: Plugin shader directory ../../../Engine/Plugins/Runtime/Oculus/OculusVR/Shaders found
LogPluginManager: Mapping shader source directory ../../../Engine/Plugins/Runtime/Oculus/OculusVR/Shaders to virtual directory /Plugin/OculusVR
LogPluginManager: Mounting plugin PhysXVehicles
LogPluginManager: Mounting plugin ProceduralMeshComponent
LogPluginManager: Mounting plugin RuntimePhysXCooking
LogPluginManager: Mounting plugin SteamVR
LogPluginManager: Mounting plugin WindowsMoviePlayer
LogPluginManager: Mounting plugin Wwise
LogStreaming: Display: Took  1.015s to configure plugins.
LogInit: Using libcurl 7.47.1
LogInit:  - built for x86_64-pc-win32
LogInit:  - supports SSL with OpenSSL/1.0.2g
LogInit:  - supports HTTP deflate (compression) using libz 1.2.8
LogInit:  - other features:
LogInit:      CURL_VERSION_SSL
LogInit:      CURL_VERSION_LIBZ
LogInit:      CURL_VERSION_IPV6
LogInit:      CURL_VERSION_ASYNCHDNS
LogInit:      CURL_VERSION_LARGEFILE
LogInit:      CURL_VERSION_IDN
LogInit:  CurlRequestOptions (configurable via config and command line):
LogInit:  - bVerifyPeer = false  - Libcurl will NOT verify peer certificate
LogInit:  - bUseHttpProxy = false  - Libcurl will NOT use HTTP proxy
LogInit:  - bDontReuseConnections = false  - Libcurl will reuse connections
LogInit:  - CertBundlePath = nullptr  - Libcurl will use whatever was configured at build time.
LogInit:  - MaxHostConnections = 16  - Libcurl will limit the number of connections to a host
LogInit:  - LocalHostAddr = Default
LogInit: WinSock: version 1.1 (2.2), MaxSocks=32767, MaxUdp=65467
LogInit: WinSock: I am CTA-1B03-22 (147.197.216.134:0)
LogInit: Build: ++UE4+Release-4.19-CL-4033788
LogInit: Engine Version: 4.19.2-4033788+++UE4+Release-4.19
LogInit: Compatible Engine Version: 4.19.0-3944462+++UE4+Release-4.19
LogInit: Net CL: 3944462
LogDevObjectVersion: Number of dev versions registered: 18
LogDevObjectVersion:   Dev-Blueprints (B0D832E4-1F89-4F0D-ACCF-7EB736FD4AA2): 10
LogDevObjectVersion:   Dev-Build (E1C64328-A22C-4D53-A36C-8E866417BD8C): 0
LogDevObjectVersion:   Dev-Core (375EC13C-06E4-48FB-B500-84F0262A717E): 2
LogDevObjectVersion:   Dev-Editor (E4B068ED-F494-42E9-A231-DA0B2E46BB41): 23
LogDevObjectVersion:   Dev-Framework (CFFC743F-43B0-4480-9391-14DF171D2073): 33
LogDevObjectVersion:   Dev-Mobile (B02B49B5-BB20-44E9-A304-32B752E40360): 2
LogDevObjectVersion:   Dev-Networking (A4E4105C-59A1-49B5-A7C5-40C4547EDFEE): 0
LogDevObjectVersion:   Dev-Online (39C831C9-5AE6-47DC-9A44-9C173E1C8E7C): 0
LogDevObjectVersion:   Dev-Physics (78F01B33-EBEA-4F98-B9B4-84EACCB95AA2): 0
LogDevObjectVersion:   Dev-Platform (6631380F-2D4D-43E0-8009-CF276956A95A): 0
LogDevObjectVersion:   Dev-Rendering (12F88B9F-8875-4AFC-A67C-D90C383ABD29): 25
LogDevObjectVersion:   Dev-Sequencer (7B5AE74C-D270-4C10-A958-57980B212A5A): 6
LogDevObjectVersion:   Dev-VR (D7296918-1DD6-4BDD-9DE2-64A83CC13884): 1
LogDevObjectVersion:   Dev-LoadTimes (C2A15278-BFE7-4AFE-6C17-90FF531DF755): 1
LogDevObjectVersion:   Private-Geometry (6EACA3D4-40EC-4CC1-B786-8BED09428FC5): 2
LogDevObjectVersion:   Dev-AnimPhys (29E575DD-E0A3-4627-9D10-D276232CDCEA): 16
LogDevObjectVersion:   Dev-ReflectionCapture (6B266CEC-1EC7-4B8F-A30B-E4D90942FC07): 1
LogDevObjectVersion:   Dev-Automation (0DF73D61-A23F-47EA-B727-89E90C41499A): 1
LogInit: Compiled (64-bit): Apr 27 2018 02:06:57
LogInit: Compiled with Visual C++: 19.00.24215.01
LogInit: Build Configuration: Development
LogInit: Branch Name: ++UE4+Release-4.19
LogInit: Command Line:  
LogInit: Base Directory: C:/Program Files/Epic Games/UE_4.19/Engine/Binaries/Win64/
LogInit: Installed Engine Build: 1
LogStreaming: Display: Took  0.004s to delete old logs.
LogInit: Presizing for max 8388607 objects, including 0 objects not considered by GC, pre-allocating 0 bytes for permanent pool.
LogInit: Object subsystem initialized
[2019.01.27-13.13.01:117][  0]LogInit: Selected Device Profile: [Windows]
[2019.01.27-13.13.01:117][  0]LogInit: Applying CVar settings loaded from the selected device profile: [Windows]
[2019.01.27-13.13.01:124][  0]LogInit: Computer: CTA-1B03-22
[2019.01.27-13.13.01:124][  0]LogInit: User: jl16acb
[2019.01.27-13.13.01:124][  0]LogInit: CPU Page size=4096, Cores=4
[2019.01.27-13.13.01:124][  0]LogInit: High frequency timer resolution =3.515624 MHz
[2019.01.27-13.13.01:124][  0]LogMemory: Memory total: Physical=15.9GB (16GB approx)
[2019.01.27-13.13.01:124][  0]LogMemory: Platform Memory Stats for Windows
[2019.01.27-13.13.01:124][  0]LogMemory: Process Physical Memory: 276.24 MB used, 276.24 MB peak
[2019.01.27-13.13.01:124][  0]LogMemory: Process Virtual Memory: 265.63 MB used, 265.63 MB peak
[2019.01.27-13.13.01:124][  0]LogMemory: Physical Memory: 4819.26 MB used,  11419.65 MB free, 16238.91 MB total
[2019.01.27-13.13.01:124][  0]LogMemory: Virtual Memory: 4792.23 MB used,  11419.65 MB free, 134217728.00 MB total
[2019.01.27-13.13.01:173][  0]LogInit: Using OS detected language (en-GB).
[2019.01.27-13.13.01:173][  0]LogInit: Using OS detected locale (en-GB).
[2019.01.27-13.13.01:179][  0]LogTextLocalizationManager: No specific localization for 'en-GB' exists, so the 'en' localization will be used.
[2019.01.27-13.13.01:517][  0]LogStreaming: Display: Took  0.344s to EndInitTextLocalization.
[2019.01.27-13.13.01:517][  0]LogInit: Setting process to per monitor DPI aware
[2019.01.27-13.13.01:551][  0]LogSlate: New Slate User Created.  User Index 0, Is Virtual User: 0
[2019.01.27-13.13.01:551][  0]LogSlate: Slate User Registered.  User Index 0, Is Virtual User: 0
[2019.01.27-13.13.01:769][  0]LogD3D11RHI: D3D11 adapters:
[2019.01.27-13.13.01:795][  0]LogD3D11RHI:    0. 'NVIDIA GeForce GTX 1050 Ti' (Feature Level 11_0)
[2019.01.27-13.13.01:795][  0]LogD3D11RHI:       4059/0/8119 MB DedicatedVideo/DedicatedSystem/SharedSystem, Outputs:1, VendorId:0x10de
[2019.01.27-13.13.01:803][  0]LogD3D11RHI:    1. 'Intel(R) HD Graphics 630' (Feature Level 11_0)
[2019.01.27-13.13.01:803][  0]LogD3D11RHI:       128/0/8119 MB DedicatedVideo/DedicatedSystem/SharedSystem, Outputs:0, VendorId:0x8086
[2019.01.27-13.13.01:804][  0]LogD3D11RHI:    2. 'Microsoft Basic Render Driver' (Feature Level 11_0)
[2019.01.27-13.13.01:804][  0]LogD3D11RHI:       0/0/8119 MB DedicatedVideo/DedicatedSystem/SharedSystem, Outputs:0, VendorId:0x1414
[2019.01.27-13.13.01:804][  0]LogD3D11RHI: Chosen D3D11 Adapter: 0
[2019.01.27-13.13.01:809][  0]LogD3D11RHI: Creating new Direct3DDevice
[2019.01.27-13.13.01:809][  0]LogD3D11RHI:     GPU DeviceId: 0x1c82 (for the marketing name, search the web for "GPU Device Id")
[2019.01.27-13.13.01:809][  0]LogWindows: EnumDisplayDevices:
[2019.01.27-13.13.01:809][  0]LogWindows:    0. 'NVIDIA GeForce GTX 1050 Ti' (P:1 D:1)
[2019.01.27-13.13.01:809][  0]LogWindows:    1. 'NVIDIA GeForce GTX 1050 Ti' (P:0 D:0)
[2019.01.27-13.13.01:809][  0]LogWindows:    2. 'NVIDIA GeForce GTX 1050 Ti' (P:0 D:0)
[2019.01.27-13.13.01:809][  0]LogWindows:    3. 'NVIDIA GeForce GTX 1050 Ti' (P:0 D:0)
[2019.01.27-13.13.01:810][  0]LogWindows:    4. 'Intel(R) HD Graphics 630' (P:0 D:0)
[2019.01.27-13.13.01:810][  0]LogWindows:    5. 'Intel(R) HD Graphics 630' (P:0 D:0)
[2019.01.27-13.13.01:810][  0]LogWindows:    6. 'Intel(R) HD Graphics 630' (P:0 D:0)
[2019.01.27-13.13.01:810][  0]LogWindows: DebugString: GetVideoDriverDetailsInvalid PrimaryIsNotTheChoosenAdapter GetVideoDriverDetailsInvalid PrimaryIsNotTheChoosenAdapter GetVideoDriverDetailsInvalid PrimaryIsNotTheChoosenAdapter GetVideoDriverDetailsInvalid PrimaryIsNotTheChoosenAdapter GetVideoDriverDetailsInvalid PrimaryIsNotTheChoosenAdapter GetVideoDriverDetailsInvalid PrimaryIsNotTheChoosenAdapter GetVideoDriverDetailsInvalid PrimaryIsNotTheChoosenAdapter FoundDriverCount:0 
[2019.01.27-13.13.01:810][  0]LogD3D11RHI:     Adapter Name: NVIDIA GeForce GTX 1050 Ti
[2019.01.27-13.13.01:810][  0]LogD3D11RHI:   Driver Version: Unknown (internal:Unknown, unified:Unknown)
[2019.01.27-13.13.01:810][  0]LogD3D11RHI:      Driver Date: Unknown
[2019.01.27-13.13.01:810][  0]LogRHI: Texture pool is 2841 MB (70% of 4059 MB)
[2019.01.27-13.13.01:827][  0]LogD3D11RHI: [Aftermath] Aftermath enabled but failed to initialize
[2019.01.27-13.13.01:827][  0]LogD3D11RHI: [Aftermath] Aftermath enabled and primed
[2019.01.27-13.13.01:827][  0]LogD3D11RHI: Async texture creation enabled
[2019.01.27-13.13.01:837][  0]LogD3D11RHI: GPU Timing Frequency: 1000.000000 (Debug: 2 1)
[2019.01.27-13.13.01:886][  0]LogShaderCompilers: Guid format shader working directory is -8 characters bigger than the processId version (../../../../../../Users/jl16acb/Desktop/BirdsOfAFeather/Intermediate/Shaders/WorkingDirectory/11708/).
[2019.01.27-13.13.01:887][  0]LogShaderCompilers: Cleaned the shader compiler working directory 'C:/Users/jl16acb/AppData/Local/Temp/UnrealShaderWorkingDir/ED55B111405F30D11929D39B70E40AD3/'.
[2019.01.27-13.13.02:129][  0]LogTemp: Display: Loaded TP AllDesktopTargetPlatform
[2019.01.27-13.13.02:140][  0]LogTemp: Display: Loaded TP MacClientTargetPlatform
[2019.01.27-13.13.02:151][  0]LogTemp: Display: Loaded TP MacNoEditorTargetPlatform
[2019.01.27-13.13.02:162][  0]LogTemp: Display: Loaded TP MacServerTargetPlatform
[2019.01.27-13.13.02:173][  0]LogTemp: Display: Loaded TP MacTargetPlatform
[2019.01.27-13.13.02:184][  0]LogTemp: Display: Loaded TP WindowsClientTargetPlatform
[2019.01.27-13.13.02:196][  0]LogTemp: Display: Loaded TP WindowsNoEditorTargetPlatform
[2019.01.27-13.13.02:207][  0]LogTemp: Display: Loaded TP WindowsServerTargetPlatform
[2019.01.27-13.13.02:213][  0]LogTemp: Display: Loaded TP WindowsTargetPlatform
[2019.01.27-13.13.02:222][  0]LogTemp: Display: Loaded TP Android_ASTCTargetPlatform
[2019.01.27-13.13.02:232][  0]LogTemp: Display: Loaded TP Android_ATCTargetPlatform
[2019.01.27-13.13.02:242][  0]LogTemp: Display: Loaded TP Android_DXTTargetPlatform
[2019.01.27-13.13.02:251][  0]LogTemp: Display: Loaded TP Android_ETC1aTargetPlatform
[2019.01.27-13.13.02:261][  0]LogTemp: Display: Loaded TP Android_ETC1TargetPlatform
[2019.01.27-13.13.02:270][  0]LogTemp: Display: Loaded TP Android_ETC2TargetPlatform
[2019.01.27-13.13.02:290][  0]LogTemp: Display: Loaded TP Android_MultiTargetPlatform
[2019.01.27-13.13.02:290][  0]LogTemp: Display: Loaded TP Android_PVRTCTargetPlatform
[2019.01.27-13.13.02:300][  0]LogTemp: Display: Loaded TP AndroidTargetPlatform
[2019.01.27-13.13.02:301][  0]LogTemp: Display: Loaded TP HTML5TargetPlatform
[2019.01.27-13.13.02:336][  0]LogTemp: Display: Loaded TP IOSTargetPlatform
[2019.01.27-13.13.02:345][  0]LogTemp: Display: Loaded TP TVOSTargetPlatform
[2019.01.27-13.13.02:355][  0]LogTemp: Display: Loaded TP LinuxClientTargetPlatform
[2019.01.27-13.13.02:365][  0]LogTemp: Display: Loaded TP LinuxNoEditorTargetPlatform
[2019.01.27-13.13.02:375][  0]LogTemp: Display: Loaded TP LinuxServerTargetPlatform
[2019.01.27-13.13.02:386][  0]LogTemp: Display: Loaded TP LinuxTargetPlatform
[2019.01.27-13.13.02:386][  0]LogTargetPlatformManager: Display: Building Assets For Windows
[2019.01.27-13.13.02:487][  0]LogXGEController: Cleaning working directory: C:/Users/jl16acb/AppData/Local/Temp/UnrealXGEWorkingDir/
[2019.01.27-13.13.02:487][  0]LogXGEController: Cannot use XGE Controller as Incredibuild is not installed on this machine.
[2019.01.27-13.13.02:487][  0]LogShaderCompilers: Cannot use XGE Shader Compiler as Incredibuild is not installed on this machine.
[2019.01.27-13.13.02:487][  0]LogShaderCompilers: Display: Using Local Shader Compiler.
[2019.01.27-13.13.03:100][  0]LogDerivedDataCache: Display: Max Cache Size: 512 MB
[2019.01.27-13.13.03:164][  0]LogDerivedDataCache: Loaded boot cache 0.06s 75MB C:/Users/jl16acb/AppData/Local/UnrealEngine/4.19/DerivedDataCache/Boot.ddc.
[2019.01.27-13.13.03:164][  0]LogDerivedDataCache: Display: Loaded Boot cache: C:/Users/jl16acb/AppData/Local/UnrealEngine/4.19/DerivedDataCache/Boot.ddc
[2019.01.27-13.13.03:164][  0]LogDerivedDataCache: FDerivedDataBackendGraph:  Pak pak cache file ../../../../../../Users/jl16acb/Desktop/BirdsOfAFeather/DerivedDataCache/DDC.ddp not found, will not use a pak cache.
[2019.01.27-13.13.03:164][  0]LogDerivedDataCache: Unable to find inner node Pak for hierarchical cache Hierarchy.
[2019.01.27-13.13.03:164][  0]LogDerivedDataCache: FDerivedDataBackendGraph:  CompressedPak pak cache file ../../../../../../Users/jl16acb/Desktop/BirdsOfAFeather/DerivedDataCache/Compressed.ddp not found, will not use a pak cache.
[2019.01.27-13.13.03:165][  0]LogDerivedDataCache: Unable to find inner node CompressedPak for hierarchical cache Hierarchy.
[2019.01.27-13.13.03:177][  0]LogDerivedDataCache: Display: Pak cache opened for reading ../../../Engine/DerivedDataCache/Compressed.ddp.
[2019.01.27-13.13.03:189][  0]LogDerivedDataCache: Using Local data cache path C:/Users/jl16acb/AppData/Local/UnrealEngine/Common/DerivedDataCache: Writable
[2019.01.27-13.13.03:189][  0]LogDerivedDataCache: Shared data cache path not found in *engine.ini, will not use an Shared cache.
[2019.01.27-13.13.03:189][  0]LogDerivedDataCache: Unable to find inner node Shared for hierarchical cache Hierarchy.
[2019.01.27-13.13.03:198][  0]LogMaterial: Verifying Global Shaders for PCD3D_SM5
[2019.01.27-13.13.03:198][  0]LogSlate: Using Freetype 2.6.0
[2019.01.27-13.13.03:199][  0]LogSlate: SlateFontCache - WITH_FREETYPE: 1, WITH_HARFBUZZ: 1
[2019.01.27-13.13.03:199][  0]LogSlate: SlateFontCache - WITH_FREETYPE: 1, WITH_HARFBUZZ: 1
[2019.01.27-13.13.03:320][  0]LogAssetRegistry: FAssetRegistry took 0.0253 seconds to start up
[2019.01.27-13.13.03:582][  0]LogInit: Selected Device Profile: [Windows]
[2019.01.27-13.13.03:707][  0]LogSimplygon: Simplygon DLL not present - disabling.
[2019.01.27-13.13.03:711][  0]LogMeshReduction: Using SimplygonSwarm for distributed automatic mesh merging
[2019.01.27-13.13.03:711][  0]LogMeshReduction: Using QuadricMeshReduction for automatic static mesh reduction
[2019.01.27-13.13.03:711][  0]LogMeshReduction: No automatic skeletal mesh reduction module available
[2019.01.27-13.13.03:711][  0]LogMeshReduction: No automatic mesh merging module available
[2019.01.27-13.13.03:711][  0]LogMeshMerging: No automatic mesh merging module available
[2019.01.27-13.13.03:739][  0]LogNetVersion: BirdsOfAFeather , NetCL: 3944462, EngineNetVer: 2, GameNetVer: 0 (Checksum: 2130924952)
[2019.01.27-13.13.04:105][  0]LogPackageLocalizationCache: Processed 11 localized package path(s) for 2 prioritized culture(s) in 0.065713 seconds
[2019.01.27-13.13.04:110][  0]LogUObjectArray: 36728 objects as part of root set at end of initial load.
[2019.01.27-13.13.04:110][  0]LogUObjectAllocator: 7314312 out of 0 bytes used by permanent object pool.
[2019.01.27-13.13.04:110][  0]LogUObjectArray: CloseDisregardForGC: 0/0 objects in disregard for GC pool
[2019.01.27-13.13.05:603][  0]LogTcpMessaging: Initializing TcpMessaging bridge
[2019.01.27-13.13.05:634][  0]LogUdpMessaging: Initializing bridge on interface 0.0.0.0:0 to multicast group 230.0.0.1:6666.
[2019.01.27-13.13.05:889][  0]LogAkAudio: Wwise(R) SDK Version 2018.1.4 Build 6807. Copyright (c) 2006-2018 Audiokinetic Inc.
[2019.01.27-13.13.05:913][  0]LogInit: Audiokinetic Audio Device setting bank directory to ../../../../../../Users/jl16acb/Desktop/BirdsOfAFeather/Content/WwiseAudio/Windows/.
[2019.01.27-13.13.05:914][  0]LogInit: Audiokinetic Audio Device initialized.
[2019.01.27-13.13.06:072][  0]SourceControl: Source control is disabled
[2019.01.27-13.13.06:072][  0]SourceControl: Source control is disabled
[2019.01.27-13.13.06:089][  0]SourceControl: Source control is disabled
[2019.01.27-13.13.06:105][  0]SourceControl: Source control is disabled
[2019.01.27-13.13.06:585][  0]LogAndroidPermission: UAndroidPermissionCallbackProxy::GetInstance
[2019.01.27-13.13.06:695][  0]LogHoudiniEngine: Starting the Houdini Engine module.
[2019.01.27-13.13.06:696][  0]LogHoudiniEngine: Loaded libHAPIL.dll from Registry path C:\Program Files\Side Effects Software\Houdini 16.5.439/bin
[2019.01.27-13.13.06:696][  0]LogLinker: Warning: Asset '../../Plugins/Runtime/HoudiniEngine/Content/houdini_logo.uasset' has been saved with empty engine version. The asset will be loaded but may be incompatible.
[2019.01.27-13.13.06:699][  0]LogLinker: Warning: Asset '../../Plugins/Runtime/HoudiniEngine/Content/houdini_default_material.uasset' has been saved with empty engine version. The asset will be loaded but may be incompatible.
[2019.01.27-13.13.06:703][  0]LogLinker: Warning: Asset '../../Plugins/Runtime/HoudiniEngine/Content/houdini_bgeo_import.uasset' has been saved with empty engine version. The asset will be loaded but may be incompatible.
[2019.01.27-13.13.07:829][  0]LogHoudiniEngine: Successfully intialized the Houdini Engine API module.
[2019.01.27-13.13.07:878][  0]LogOcInput: OculusInput pre-init called
[2019.01.27-13.13.08:009][  0]LogEngine: Initializing Engine...
[2019.01.27-13.13.08:010][  0]LogHMD: Failed to initialize OpenVR with code 110
[2019.01.27-13.13.08:011][  0]LogStats: UGameplayTagsManager::ConstructGameplayTagTree: Construct from data asset -  0.000 s
[2019.01.27-13.13.08:011][  0]LogStats: UGameplayTagsManager::ConstructGameplayTagTree: GameplayTagTreeChangedEvent.Broadcast -  0.000 s
[2019.01.27-13.13.08:213][  0]LogAIModule: Creating AISystem for world Untitled
[2019.01.27-13.13.08:265][  0]LogInit: XAudio2 using 'Speakers (Realtek High Definition Audio)' : 2 channels at 48 kHz using 32 bits per sample (channel mask 0x3)
[2019.01.27-13.13.08:318][  0]LogInit: FAudioDevice initialized.
[2019.01.27-13.13.08:402][  0]LogDerivedDataCache: Saved boot cache 0.08s 75MB C:/Users/jl16acb/AppData/Local/UnrealEngine/4.19/DerivedDataCache/Boot.ddc.
[2019.01.27-13.13.08:416][  0]LogInit: Texture streaming: Enabled
[2019.01.27-13.13.08:433][  0]LogEngineSessionManager: EngineSessionManager initialized
[2019.01.27-13.13.08:447][  0]LogInit: Transaction tracking system initialized
[2019.01.27-13.13.08:470][  0]BlueprintLog: New page: Editor Load
[2019.01.27-13.13.08:542][  0]LocalizationService: Localization service is disabled
[2019.01.27-13.13.08:640][  0]LogConsoleResponse: Display: 
[2019.01.27-13.13.08:769][  0]LogAutoReimportManager: Warning: Unable to watch directory ../../../../../../Users/jl16acb/Desktop/BirdsOfAFeather/Content/ as it will conflict with another watching ../../../../../../Users/jl16acb/Desktop/BirdsOfAFeather/Content/.
[2019.01.27-13.13.08:782][  0]LogCook: Display: Max memory allowance for cook 16384mb min free memory 0mb
[2019.01.27-13.13.08:782][  0]LogCook: Display: Mobile HDR setting 1
[2019.01.27-13.13.08:782][  0]LogGameplayTags: Display: UGameplayTagsManager::DoneAddingNativeTags. DelegateIsBound: 0
[2019.01.27-13.13.08:782][  0]LogStats: UGameplayTagsManager::ConstructGameplayTagTree: Construct from data asset -  0.000 s
[2019.01.27-13.13.08:782][  0]LogStats: UGameplayTagsManager::ConstructGameplayTagTree: GameplayTagTreeChangedEvent.Broadcast -  0.000 s
[2019.01.27-13.13.08:852][  0]LogFileCache: Scanning file cache for directory 'C:/Users/jl16acb/Desktop/BirdsOfAFeather/Content/' took 0.02s
[2019.01.27-13.13.09:155][  0]LogHoudiniEngineEditor: Starting the Houdini Engine Editor module.
[2019.01.27-13.13.09:218][  0]SourceControl: Source control is disabled
[2019.01.27-13.13.09:218][  0]Cmd: MAP LOAD FILE="../../../Engine/Content/Maps/Templates/Template_Default.umap" TEMPLATE=1 SHOWPROGRESS=1 FEATURELEVEL=3
[2019.01.27-13.13.09:219][  0]LightingResults: New page: Lighting Build
[2019.01.27-13.13.09:223][  0]MapCheck: New page: Map Check
[2019.01.27-13.13.09:223][  0]LightingResults: New page: Lighting Build
[2019.01.27-13.13.09:386][  0]LogAIModule: Creating AISystem for world Untitled_1
[2019.01.27-13.13.09:393][  0]LogEditorServer: Finished looking for orphan Actors (0.000 secs)
[2019.01.27-13.13.09:405][  0]Cmd: MAP CHECKDEP NOCLEARLOG
[2019.01.27-13.13.09:472][  0]MapCheck: Map check complete: 0 Error(s), 0 Warning(s), took 66.746ms to complete.
[2019.01.27-13.13.09:472][  0]LogFileHelpers: Loading map 'Template_Default' took 0.254
[2019.01.27-13.13.09:601][  0]LogCollectionManager: Loaded 0 collections in 0.001565 seconds
[2019.01.27-13.13.09:643][  0]LogFileCache: Scanning file cache for directory 'C:/Users/jl16acb/Desktop/BirdsOfAFeather/Saved/Collections/' took 0.01s
[2019.01.27-13.13.09:643][  0]LogFileCache: Scanning file cache for directory 'C:/Users/jl16acb/Desktop/BirdsOfAFeather/Content/Developers/jl16acb/Collections/' took 0.01s
[2019.01.27-13.13.09:643][  0]LogFileCache: Scanning file cache for directory 'C:/Users/jl16acb/Desktop/BirdsOfAFeather/Content/Collections/' took 0.01s
[2019.01.27-13.13.09:643][  0]LogCollectionManager: Rebuilt the GUID cache for 0 collections in 0.000000 seconds
[2019.01.27-13.13.09:652][  0]LogContentBrowser: Native class hierarchy populated in 0.0086 seconds. Added 2555 classes and 575 folders.
[2019.01.27-13.13.09:658][  0]LogContentBrowser: Native class hierarchy updated for 'WidgetCarousel' in 0.0002 seconds. Added 0 classes and 0 folders.
[2019.01.27-13.13.09:716][  0]LogContentBrowser: Native class hierarchy updated for 'AddContentDialog' in 0.0003 seconds. Added 0 classes and 0 folders.
[2019.01.27-13.13.09:723][  0]LogContentBrowser: Native class hierarchy updated for 'SceneOutliner' in 0.0003 seconds. Added 1 classes and 2 folders.
[2019.01.27-13.13.09:746][  0]LogSlate: Took 0.000306 seconds to synchronously load lazily loaded font '../../../Engine/Content/Slate/Fonts/Roboto-Regular.ttf' (155K)
[2019.01.27-13.13.09:748][  0]LogSlate: Took 0.000200 seconds to synchronously load lazily loaded font '../../../Engine/Content/Slate/Fonts/Roboto-Bold.ttf' (160K)
[2019.01.27-13.13.09:756][  0]LogSlate: Took 0.000196 seconds to synchronously load lazily loaded font '../../../Engine/Content/Editor/Slate/Fonts/FontAwesome.ttf' (139K)
[2019.01.27-13.13.09:873][  0]LogRenderer: Reallocating scene render targets to support 1208x576 Format 10 NumSamples 1 (Frame:1).
[2019.01.27-13.13.10:002][  0]LogContentBrowser: Native class hierarchy updated for 'HierarchicalLODOutliner' in 0.0002 seconds. Added 0 classes and 0 folders.
[2019.01.27-13.13.10:002][  0]LogLoad: (Engine Initialization) Total time: 11.27 seconds
[2019.01.27-13.13.10:002][  0]LogLoad: (Engine Initialization) Total Blueprint compile time: 0.00 seconds
[2019.01.27-13.13.10:019][  0]LogWindowsTextInputMethodSystem: Display: IME system now deactivated.
[2019.01.27-13.13.10:053][  0]LogContentStreaming: Texture pool size now 1000 MB
[2019.01.27-13.13.10:085][  0]LogSlate: Took 0.000203 seconds to synchronously load lazily loaded font '../../../Engine/Content/Slate/Fonts/Roboto-Light.ttf' (167K)
[2019.01.27-13.13.10:206][  1]LogAssetRegistry: Asset discovery search completed in 6.9082 seconds
[2019.01.27-13.13.10:212][  1]LogSlate: FSceneViewport::OnFocusLost() reason 2
[2019.01.27-13.14.54:982][  1]LogSlate: Window 'Re-set Wwise Path' being destroyed
[2019.01.27-13.14.55:002][  1]LogCollectionManager: Rebuilt the object cache for 0 collections in 0.000000 seconds (found 0 objects)
[2019.01.27-13.14.55:002][  1]LogCollectionManager: Fixed up redirectors for 0 collections in 0.000063 seconds (updated 0 objects)
[2019.01.27-13.14.55:027][  2]LogFileCache: Retrieving MD5 hashes for directory 'C:/Users/jl16acb/Desktop/BirdsOfAFeather/Content/' took 105.00s
[2019.01.27-13.15.07:574][404]LogSlate: FSceneViewport::OnFocusLost() reason 0
[2019.01.27-13.15.07:713][420]LogSlate: Took 0.000224 seconds to synchronously load lazily loaded font '../../../Engine/Content/Slate/Fonts/Roboto-Light.ttf' (167K)
[2019.01.27-13.15.07:739][420]LogUObjectGlobals: Created PersistentFrame Addr=0x00000221f2bef900, Size=1432, Default__BP_Bird_C Function /Game/Character_BPs/BP_Bird.BP_Bird_C:ExecuteUbergraph_BP_Bird
[2019.01.27-13.15.07:759][420]LogUObjectGlobals: Created PersistentFrame Addr=0x00000221b3561708, Size=20, Default__ContinueHUD_C Function /Game/Hud/ContinueHUD.ContinueHUD_C:ExecuteUbergraph_ContinueHUD
[2019.01.27-13.15.07:770][420]LogUObjectGlobals: Created PersistentFrame Addr=0x00000221b341a828, Size=56, Default__CreditsHUD_C Function /Game/Hud/CreditsHUD.CreditsHUD_C:ExecuteUbergraph_CreditsHUD
[2019.01.27-13.15.07:771][420]LogUObjectGlobals: Created PersistentFrame Addr=0x00000221f2b65f30, Size=72, Default__MainMenuHUD_C Function /Game/Hud/MainMenuHUD.MainMenuHUD_C:ExecuteUbergraph_MainMenuHUD
[2019.01.27-13.15.07:870][420]LogUObjectGlobals: Destroyed PersistentFrame Addr=0x00000221b3561708, Size=20
[2019.01.27-13.15.07:870][420]LogUObjectGlobals: Created PersistentFrame Addr=0x00000221af2633a0, Size=20, Default__ContinueHUD_C Function /Engine/Transient.REINST_ContinueHUD_C_1:ExecuteUbergraph_ContinueHUD
[2019.01.27-13.15.07:871][420]LogUObjectGlobals: Destroyed PersistentFrame Addr=0x00000221b341a828, Size=56
[2019.01.27-13.15.07:871][420]LogUObjectGlobals: Created PersistentFrame Addr=0x00000221b341a828, Size=56, Default__CreditsHUD_C Function /Engine/Transient.REINST_CreditsHUD_C_2:ExecuteUbergraph_CreditsHUD
[2019.01.27-13.15.07:871][420]LogUObjectGlobals: Destroyed PersistentFrame Addr=0x00000221f2b65f30, Size=72
[2019.01.27-13.15.07:871][420]LogUObjectGlobals: Created PersistentFrame Addr=0x00000221b55fac50, Size=72, Default__MainMenuHUD_C Function /Engine/Transient.REINST_MainMenuHUD_C_3:ExecuteUbergraph_MainMenuHUD
[2019.01.27-13.15.07:872][420]LogUObjectGlobals: Destroyed PersistentFrame Addr=0x00000221f2bef900, Size=1432
[2019.01.27-13.15.07:872][420]LogUObjectGlobals: Created PersistentFrame Addr=0x00000221b55bb200, Size=1432, Default__BP_Bird_C Function /Engine/Transient.REINST_BP_Bird_C_5:ExecuteUbergraph_BP_Bird
[2019.01.27-13.15.07:888][420]LogUObjectGlobals: Created PersistentFrame Addr=0x00000221b5493e20, Size=20, Default__ContinueHUD_C Function /Game/Hud/ContinueHUD.ContinueHUD_C:ExecuteUbergraph_ContinueHUD
[2019.01.27-13.15.07:889][420]LogUObjectGlobals: Created PersistentFrame Addr=0x00000221b34182f8, Size=56, Default__CreditsHUD_C Function /Game/Hud/CreditsHUD.CreditsHUD_C:ExecuteUbergraph_CreditsHUD
[2019.01.27-13.15.07:890][420]LogUObjectGlobals: Created PersistentFrame Addr=0x00000221b54ac540, Size=72, Default__MainMenuHUD_C Function /Game/Hud/MainMenuHUD.MainMenuHUD_C:ExecuteUbergraph_MainMenuHUD
[2019.01.27-13.15.07:894][420]LogUObjectGlobals: Created PersistentFrame Addr=0x00000221b5421600, Size=1432, Default__BP_Bird_C Function /Game/Character_BPs/BP_Bird.BP_Bird_C:ExecuteUbergraph_BP_Bird
[2019.01.27-13.15.07:955][420]LogUObjectGlobals: Created PersistentFrame Addr=0x00000221b5235de0, Size=200, Default__BP_FeatherPickUp_C Function /Game/Prop_BPs/BP_FeatherPickUp.BP_FeatherPickUp_C:ExecuteUbergraph_BP_FeatherPickUp
[2019.01.27-13.15.07:957][420]LogUObjectGlobals: Destroyed PersistentFrame Addr=0x00000221b5235de0, Size=200
[2019.01.27-13.15.07:957][420]LogUObjectGlobals: Created PersistentFrame Addr=0x00000221b5235de0, Size=200, Default__BP_FeatherPickUp_C Function /Engine/Transient.REINST_BP_FeatherPickUp_C_13:ExecuteUbergraph_BP_FeatherPickUp
[2019.01.27-13.15.07:959][420]LogUObjectGlobals: Created PersistentFrame Addr=0x00000221dc05ff20, Size=224, Default__BP_FeatherPickUp_C Function /Game/Prop_BPs/BP_FeatherPickUp.BP_FeatherPickUp_C:ExecuteUbergraph_BP_FeatherPickUp
[2019.01.27-13.15.07:964][420]LogUObjectGlobals: Created PersistentFrame Addr=0x00000221dc063580, Size=848, Default__BP_LaunchPad_C Function /Game/Prop_BPs/BP_LaunchPad.BP_LaunchPad_C:ExecuteUbergraph_BP_LaunchPad
[2019.01.27-13.15.07:969][420]LogUObjectGlobals: Destroyed PersistentFrame Addr=0x00000221dc063580, Size=848
[2019.01.27-13.15.07:969][420]LogUObjectGlobals: Created PersistentFrame Addr=0x00000221dc063580, Size=848, Default__BP_LaunchPad_C Function /Engine/Transient.REINST_BP_LaunchPad_C_15:ExecuteUbergraph_BP_LaunchPad
[2019.01.27-13.15.07:973][420]LogUObjectGlobals: Created PersistentFrame Addr=0x00000221dc062400, Size=848, Default__BP_LaunchPad_C Function /Game/Prop_BPs/BP_LaunchPad.BP_LaunchPad_C:ExecuteUbergraph_BP_LaunchPad
[2019.01.27-13.15.07:978][420]LogUObjectGlobals: Created PersistentFrame Addr=0x00000221dbfd7580, Size=392, Default__BP_Thorn_C Function /Game/Prop_BPs/BP_Thorn.BP_Thorn_C:ExecuteUbergraph_BP_Thorn
[2019.01.27-13.15.07:981][420]LogUObjectGlobals: Destroyed PersistentFrame Addr=0x00000221dbfd7580, Size=392
[2019.01.27-13.15.07:981][420]LogUObjectGlobals: Created PersistentFrame Addr=0x00000221dbfd7580, Size=392, Default__BP_Thorn_C Function /Engine/Transient.REINST_BP_Thorn_C_17:ExecuteUbergraph_BP_Thorn
[2019.01.27-13.15.07:983][420]LogUObjectGlobals: Created PersistentFrame Addr=0x00000221dbfd6400, Size=392, Default__BP_Thorn_C Function /Game/Prop_BPs/BP_Thorn.BP_Thorn_C:ExecuteUbergraph_BP_Thorn
[2019.01.27-13.15.08:034][420]LogUObjectGlobals: Created PersistentFrame Addr=0x00000221b53c64f8, Size=40, Default__Level2_V5_C Function /Game/Maps/Level2_V5.Level2_V5_C:ExecuteUbergraph_Level2_V5
[2019.01.27-13.15.08:035][420]LogUObjectGlobals: Destroyed PersistentFrame Addr=0x00000221b53c64f8, Size=40
[2019.01.27-13.15.08:035][420]LogUObjectGlobals: Created PersistentFrame Addr=0x00000221b53c64f8, Size=40, Default__Level2_V5_C Function /Engine/Transient.REINST_Level2_V5_C_19:ExecuteUbergraph_Level2_V5
[2019.01.27-13.15.08:036][420]LogUObjectGlobals: Created PersistentFrame Addr=0x00000221b53c6638, Size=40, Default__Level2_V5_C Function /Game/Maps/Level2_V5.Level2_V5_C:ExecuteUbergraph_Level2_V5
[2019.01.27-13.15.09:659][420]LogAIModule: Creating AISystem for world Level2_V5
[2019.01.27-13.15.09:753][420]LogUObjectGlobals: Destroyed PersistentFrame Addr=0x00000221b55fac50, Size=72
[2019.01.27-13.15.09:753][420]LogUObjectGlobals: Destroyed PersistentFrame Addr=0x00000221b341a828, Size=56
[2019.01.27-13.15.09:753][420]LogUObjectGlobals: Destroyed PersistentFrame Addr=0x00000221af2633a0, Size=20
[2019.01.27-13.15.09:753][420]LogUObjectGlobals: Destroyed PersistentFrame Addr=0x00000221b55bb200, Size=1432
[2019.01.27-13.15.09:753][420]LogUObjectGlobals: Destroyed PersistentFrame Addr=0x00000221b5235de0, Size=200
[2019.01.27-13.15.09:753][420]LogUObjectGlobals: Destroyed PersistentFrame Addr=0x00000221dc063580, Size=848
[2019.01.27-13.15.09:753][420]LogUObjectGlobals: Destroyed PersistentFrame Addr=0x00000221dbfd7580, Size=392
[2019.01.27-13.15.09:753][420]LogUObjectGlobals: Destroyed PersistentFrame Addr=0x00000221b53c64f8, Size=40
[2019.01.27-13.15.09:755][420]Cmd: MAP LOAD FILE="../../../../../../Users/jl16acb/Desktop/BirdsOfAFeather/Content/Maps/Level2_V5.umap" TEMPLATE=0 SHOWPROGRESS=1 FEATURELEVEL=3
[2019.01.27-13.15.09:756][420]LightingResults: New page: Lighting Build
[2019.01.27-13.15.09:756][420]LoadErrors: New page: Loading map: Level2_V5.umap
[2019.01.27-13.15.09:757][420]MapCheck: New page: Map Check
[2019.01.27-13.15.09:757][420]LightingResults: New page: Lighting Build
[2019.01.27-13.15.09:910][420]LogEditorServer: Finished looking for orphan Actors (0.000 secs)
[2019.01.27-13.15.09:954][420]Cmd: MAP CHECKDEP NOCLEARLOG
[2019.01.27-13.15.10:046][420]MapCheck: Map check complete: 0 Error(s), 0 Warning(s), took 91.717ms to complete.
[2019.01.27-13.15.10:046][420]LogFileHelpers: Loading map 'Level2_V5' took 0.292
[2019.01.27-13.15.12:565][692]LogTemp: Repeating last play command: New Editor Window (PIE)
[2019.01.27-13.15.12:584][692]LogBlueprintUserMessages: Early PlayInEditor Detection: Level '/Game/Maps/Level2_V5.Level2_V5:PersistentLevel' has LevelScriptBlueprint '/Game/Maps/Level2_V5.Level2_V5:PersistentLevel.Level2_V5' with GeneratedClass '/Game/Maps/Level2_V5.Level2_V5_C' with ClassGeneratedBy '/Game/Maps/Level2_V5.Level2_V5:PersistentLevel.Level2_V5'
[2019.01.27-13.15.12:584][692]LogPlayLevel: PlayLevel: No blueprints needed recompiling
[2019.01.27-13.15.12:584][692]PIE: New page: PIE session: Level2_V5 (27 Jan 2019 13:15:12)
[2019.01.27-13.15.12:584][692]LogPlayLevel: Creating play world package: /Game/Maps/UEDPIE_0_Level2_V5
[2019.01.27-13.15.12:605][692]LogPlayLevel: PIE: StaticDuplicateObject took: (0.020180s)
[2019.01.27-13.15.12:605][692]LogAIModule: Creating AISystem for world Level2_V5
[2019.01.27-13.15.12:605][692]LogPlayLevel: PIE: World Init took: (0.000503s)
[2019.01.27-13.15.12:605][692]LogPlayLevel: PIE: Created PIE world by copying editor world from /Game/Maps/Level2_V5.Level2_V5 to /Game/Maps/UEDPIE_0_Level2_V5.Level2_V5 (0.020829s)
[2019.01.27-13.15.12:620][692]LogInit: XAudio2 using 'Speakers (Realtek High Definition Audio)' : 2 channels at 48 kHz using 32 bits per sample (channel mask 0x3)
[2019.01.27-13.15.12:640][692]LogInit: FAudioDevice initialized.
[2019.01.27-13.15.12:701][692]LogLoad: Game class is 'BOAF_C'
[2019.01.27-13.15.12:709][692]LogWorld: Bringing World /Game/Maps/UEDPIE_0_Level2_V5.Level2_V5 up for play (max tick rate 0) at 2019.01.27-13.15.12
[2019.01.27-13.15.12:710][692]LogWorld: Bringing up level for play took: 0.007537
[2019.01.27-13.15.12:713][692]LogContentBrowser: Native class hierarchy updated for 'MovieSceneCapture' in 0.0002 seconds. Added 11 classes and 0 folders.
[2019.01.27-13.15.12:718][692]PIE: Play in editor start time for /Game/Maps/UEDPIE_0_Level2_V5 0.327
[2019.01.27-13.15.12:719][692]LogBlueprintUserMessages: Late PlayInEditor Detection: Level '/Game/Maps/Level2_V5.Level2_V5:PersistentLevel' has LevelScriptBlueprint '/Game/Maps/Level2_V5.Level2_V5:PersistentLevel.Level2_V5' with GeneratedClass '/Game/Maps/Level2_V5.Level2_V5_C' with ClassGeneratedBy '/Game/Maps/Level2_V5.Level2_V5:PersistentLevel.Level2_V5'
[2019.01.27-13.15.12:782][692]LogRenderer: Reallocating scene render targets to support 1292x756 Format 10 NumSamples 1 (Frame:1).
[2019.01.27-13.15.26:181][227]LogBlueprintUserMessages: Early EndPlayMap Detection: Level '/Game/Maps/Level2_V5.Level2_V5:PersistentLevel' has LevelScriptBlueprint '/Game/Maps/Level2_V5.Level2_V5:PersistentLevel.Level2_V5' with GeneratedClass '/Game/Maps/Level2_V5.Level2_V5_C' with ClassGeneratedBy '/Game/Maps/Level2_V5.Level2_V5:PersistentLevel.Level2_V5'
[2019.01.27-13.15.26:200][227]LogSlate: Window 'BirdsOfAFeather Game Preview Standalone (64-bit/PCD3D_SM5)' being destroyed
[2019.01.27-13.15.26:235][227]LogBlueprintUserMessages: Late EndPlayMap Detection: Level '/Game/Maps/Level2_V5.Level2_V5:PersistentLevel' has LevelScriptBlueprint '/Game/Maps/Level2_V5.Level2_V5:PersistentLevel.Level2_V5' with GeneratedClass '/Game/Maps/Level2_V5.Level2_V5_C' with ClassGeneratedBy '/Game/Maps/Level2_V5.Level2_V5:PersistentLevel.Level2_V5'
[2019.01.27-13.15.27:591][372]LogSlate: Window 'BirdsOfAFeather - Unreal Editor' being destroyed
[2019.01.27-13.15.27:592][372]LogWindowsTextInputMethodSystem: Display: IME system now deactivated.
[2019.01.27-13.15.27:775][373]Cmd: QUIT_EDITOR
[2019.01.27-13.15.28:314][373]LogSlate: Slate User Destroyed.  User Index 0, Is Virtual User: 0
[2019.01.27-13.15.28:314][373]LogExit: Preparing to exit.
[2019.01.27-13.15.28:728][373]LogDirectoryWatcher: A directory notification for 'C:/Users/jl16acb/Desktop/BirdsOfAFeather/Content/' was aborted.
[2019.01.27-13.15.28:749][373]LogExit: Editor shut down
[2019.01.27-13.15.28:751][373]LogExit: Transaction tracking system shut down
[2019.01.27-13.15.28:762][373]LogUObjectGlobals: Destroyed PersistentFrame Addr=0x00000221b5493e20, Size=20
[2019.01.27-13.15.28:762][373]LogUObjectGlobals: Destroyed PersistentFrame Addr=0x00000221b34182f8, Size=56
[2019.01.27-13.15.28:762][373]LogUObjectGlobals: Destroyed PersistentFrame Addr=0x00000221b54ac540, Size=72
[2019.01.27-13.15.28:763][373]LogUObjectGlobals: Destroyed PersistentFrame Addr=0x00000221b5421600, Size=1432
[2019.01.27-13.15.28:763][373]LogUObjectGlobals: Destroyed PersistentFrame Addr=0x00000221dc05ff20, Size=224
[2019.01.27-13.15.28:764][373]LogUObjectGlobals: Destroyed PersistentFrame Addr=0x00000221dc062400, Size=848
[2019.01.27-13.15.28:764][373]LogUObjectGlobals: Destroyed PersistentFrame Addr=0x00000221dbfd6400, Size=392
[2019.01.27-13.15.28:779][373]LogUObjectGlobals: Destroyed PersistentFrame Addr=0x00000221b53c6638, Size=40
[2019.01.27-13.15.28:935][373]LogDirectoryWatcher: A directory notification for '../../../Engine/Content/' was aborted.
[2019.01.27-13.15.28:935][373]LogDirectoryWatcher: A directory notification for '../../../../../../Users/jl16acb/Desktop/BirdsOfAFeather/Content/' was aborted.
[2019.01.27-13.15.28:935][373]LogDirectoryWatcher: A directory notification for '../../Plugins/2D/Paper2D/Content/' was aborted.
[2019.01.27-13.15.28:936][373]LogDirectoryWatcher: A directory notification for '../../Plugins/Enterprise/DatasmithContent/Content/' was aborted.
[2019.01.27-13.15.28:936][373]LogDirectoryWatcher: A directory notification for '../../Plugins/Media/MediaCompositing/Content/' was aborted.
[2019.01.27-13.15.28:936][373]LogDirectoryWatcher: A directory notification for '../../Plugins/Runtime/AppleARKit/Content/' was aborted.
[2019.01.27-13.15.28:936][373]LogDirectoryWatcher: A directory notification for '../../Plugins/Runtime/HoudiniEngine/Content/' was aborted.
[2019.01.27-13.15.28:936][373]LogDirectoryWatcher: A directory notification for '../../Plugins/Runtime/Oculus/OculusVR/Content/' was aborted.
[2019.01.27-13.15.28:936][373]LogDirectoryWatcher: A directory notification for '../../Plugins/Runtime/Steam/SteamVR/Content/' was aborted.
[2019.01.27-13.15.28:936][373]LogDirectoryWatcher: A directory notification for '../../../../../../Users/jl16acb/Desktop/BirdsOfAFeather/Plugins/Wwise/Content/' was aborted.
[2019.01.27-13.15.29:003][373]LogExit: Object subsystem successfully closed.
[2019.01.27-13.15.29:019][373]LogShaderCompilers: Display: Shaders left to compile 0
[2019.01.27-13.15.29:022][373]LogD3D11RHI: Shutdown
[2019.01.27-13.15.29:022][373]LogD3D11RHI: CleanupD3DDevice
[2019.01.27-13.15.29:024][373]LogD3D11RHI: ~FD3D11DynamicRHI
[2019.01.27-13.15.29:045][373]LogModuleManager: Shutting down and abandoning module MovieSceneCapture (586)
[2019.01.27-13.15.29:045][373]LogModuleManager: Shutting down and abandoning module HierarchicalLODOutliner (584)
[2019.01.27-13.15.29:045][373]LogModuleManager: Shutting down and abandoning module SceneOutliner (582)
[2019.01.27-13.15.29:045][373]LogModuleManager: Shutting down and abandoning module AddContentDialog (580)
[2019.01.27-13.15.29:045][373]LogDirectoryWatcher: A directory notification for 'C:/Program Files/Epic Games/UE_4.19/FeaturePacks/' was aborted.
[2019.01.27-13.15.29:046][373]LogModuleManager: Shutting down and abandoning module WidgetCarousel (579)
[2019.01.27-13.15.29:046][373]LogModuleManager: Shutting down and abandoning module EditorWidgets (576)
[2019.01.27-13.15.29:046][373]LogModuleManager: Shutting down and abandoning module CollectionManager (574)
[2019.01.27-13.15.29:046][373]LogDirectoryWatcher: A directory notification for 'C:/Users/jl16acb/Desktop/BirdsOfAFeather/Content/Collections/' was aborted.
[2019.01.27-13.15.29:046][373]LogDirectoryWatcher: A directory notification for 'C:/Users/jl16acb/Desktop/BirdsOfAFeather/Content/Developers/jl16acb/Collections/' was aborted.
[2019.01.27-13.15.29:046][373]LogDirectoryWatcher: A directory notification for 'C:/Users/jl16acb/Desktop/BirdsOfAFeather/Saved/Collections/' was aborted.
[2019.01.27-13.15.29:046][373]LogModuleManager: Shutting down and abandoning module HierarchicalLODUtilities (572)
[2019.01.27-13.15.29:046][373]LogModuleManager: Shutting down and abandoning module StatsViewer (570)
[2019.01.27-13.15.29:046][373]LogModuleManager: Shutting down and abandoning module FoliageEdit (568)
[2019.01.27-13.15.29:046][373]LogModuleManager: Shutting down and abandoning module LandscapeEditor (566)
[2019.01.27-13.15.29:046][373]LogModuleManager: Shutting down and abandoning module MeshPaintMode (564)
[2019.01.27-13.15.29:046][373]LogModuleManager: Shutting down and abandoning module SceneDepthPickerMode (562)
[2019.01.27-13.15.29:046][373]LogModuleManager: Shutting down and abandoning module ActorPickerMode (560)
[2019.01.27-13.15.29:046][373]LogModuleManager: Shutting down and abandoning module GeometryMode (558)
[2019.01.27-13.15.29:046][373]LogModuleManager: Shutting down and abandoning module TextureAlignMode (556)
[2019.01.27-13.15.29:046][373]LogModuleManager: Shutting down and abandoning module BspMode (554)
[2019.01.27-13.15.29:046][373]LogModuleManager: Shutting down and abandoning module PIEPreviewDeviceProfileSelector (552)
[2019.01.27-13.15.29:046][373]LogModuleManager: Shutting down and abandoning module HardwareSurvey (550)
[2019.01.27-13.15.29:046][373]LogModuleManager: Shutting down and abandoning module SequenceRecorderSections (548)
[2019.01.27-13.15.29:046][373]LogModuleManager: Shutting down and abandoning module AutomationWorker (546)
[2019.01.27-13.15.29:046][373]LogModuleManager: Shutting down and abandoning module HoudiniEngineEditor (544)
[2019.01.27-13.15.29:046][373]LogHoudiniEngineEditor: Shutting down the Houdini Engine Editor module.
[2019.01.27-13.15.29:046][373]LogModuleManager: Shutting down and abandoning module AudioCaptureEditor (542)
[2019.01.27-13.15.29:047][373]LogModuleManager: Shutting down and abandoning module SequenceRecorder (541)
[2019.01.27-13.15.29:047][373]LogModuleManager: Shutting down and abandoning module MatineeToLevelSequence (538)
[2019.01.27-13.15.29:047][373]LogModuleManager: Shutting down and abandoning module LevelSequenceEditor (536)
[2019.01.27-13.15.29:047][373]LogModuleManager: Shutting down and abandoning module PlacementMode (535)
[2019.01.27-13.15.29:047][373]LogModuleManager: Shutting down and abandoning module MaterialEditor (534)
[2019.01.27-13.15.29:047][373]LogModuleManager: Shutting down and abandoning module WmfMediaFactory (530)
[2019.01.27-13.15.29:047][373]LogModuleManager: Shutting down and abandoning module WmfMediaEditor (528)
[2019.01.27-13.15.29:047][373]LogModuleManager: Shutting down and abandoning module MediaPlayerEditor (526)
[2019.01.27-13.15.29:047][373]LogModuleManager: Shutting down and abandoning module OpenExrWrapper (524)
[2019.01.27-13.15.29:047][373]LogModuleManager: Shutting down and abandoning module ImgMediaFactory (522)
[2019.01.27-13.15.29:047][373]LogModuleManager: Shutting down and abandoning module ImgMediaEditor (520)
[2019.01.27-13.15.29:047][373]LogModuleManager: Shutting down and abandoning module AvfMediaFactory (518)
[2019.01.27-13.15.29:047][373]LogModuleManager: Shutting down and abandoning module AvfMediaEditor (516)
[2019.01.27-13.15.29:047][373]LogModuleManager: Shutting down and abandoning module AndroidMediaFactory (514)
[2019.01.27-13.15.29:047][373]LogModuleManager: Shutting down and abandoning module AndroidMediaEditor (512)
[2019.01.27-13.15.29:047][373]LogModuleManager: Shutting down and abandoning module CharacterAI (510)
[2019.01.27-13.15.29:047][373]LogModuleManager: Shutting down and abandoning module SmartSnapping (508)
[2019.01.27-13.15.29:047][373]LogModuleManager: Shutting down and abandoning module SessionServices (506)
[2019.01.27-13.15.29:047][373]LogModuleManager: Shutting down and abandoning module ViewportSnapping (504)
[2019.01.27-13.15.29:047][373]LogModuleManager: Shutting down and abandoning module ViewportInteraction (502)
[2019.01.27-13.15.29:047][373]LogModuleManager: Shutting down and abandoning module ClothPainter (500)
[2019.01.27-13.15.29:047][373]LogModuleManager: Shutting down and abandoning module SkeletalMeshEditor (499)
[2019.01.27-13.15.29:047][373]LogModuleManager: Shutting down and abandoning module LogVisualizer (496)
[2019.01.27-13.15.29:047][373]LogModuleManager: Shutting down and abandoning module IntroTutorials (494)
[2019.01.27-13.15.29:047][373]LogModuleManager: Shutting down and abandoning module GameProjectGeneration (493)
[2019.01.27-13.15.29:047][373]LogModuleManager: Shutting down and abandoning module IOSPlatformEditor (490)
[2019.01.27-13.15.29:047][373]LogModuleManager: Shutting down and abandoning module HTML5PlatformEditor (488)
[2019.01.27-13.15.29:047][373]LogModuleManager: Shutting down and abandoning module AndroidPlatformEditor (486)
[2019.01.27-13.15.29:047][373]LogModuleManager: Shutting down and abandoning module AndroidDeviceDetection (485)
[2019.01.27-13.15.29:674][373]LogModuleManager: Shutting down and abandoning module WindowsPlatformEditor (482)
[2019.01.27-13.15.29:674][373]LogModuleManager: Shutting down and abandoning module IOSRuntimeSettings (480)
[2019.01.27-13.15.29:674][373]LogModuleManager: Shutting down and abandoning module AndroidRuntimeSettings (478)
[2019.01.27-13.15.29:674][373]LogModuleManager: Shutting down and abandoning module InputBindingEditor (476)
[2019.01.27-13.15.29:675][373]LogModuleManager: Shutting down and abandoning module MergeActors (474)
[2019.01.27-13.15.29:675][373]LogModuleManager: Shutting down and abandoning module LocalizationDashboard (472)
[2019.01.27-13.15.29:675][373]LogModuleManager: Shutting down and abandoning module LocalizationService (471)
[2019.01.27-13.15.29:675][373]LogModuleManager: Shutting down and abandoning module HardwareTargeting (468)
[2019.01.27-13.15.29:675][373]LogModuleManager: Shutting down and abandoning module DeviceProfileEditor (466)
[2019.01.27-13.15.29:675][373]LogModuleManager: Shutting down and abandoning module UndoHistory (464)
[2019.01.27-13.15.29:675][373]LogModuleManager: Shutting down and abandoning module XmlParser (462)
[2019.01.27-13.15.29:675][373]LogModuleManager: Shutting down and abandoning module Blutility (460)
[2019.01.27-13.15.29:675][373]LogModuleManager: Shutting down and abandoning module ProjectSettingsViewer (458)
[2019.01.27-13.15.29:675][373]LogModuleManager: Shutting down and abandoning module ProjectTargetPlatformEditor (457)
[2019.01.27-13.15.29:675][373]LogModuleManager: Shutting down and abandoning module EditorSettingsViewer (454)
[2019.01.27-13.15.29:675][373]LogModuleManager: Shutting down and abandoning module SettingsEditor (452)
[2019.01.27-13.15.29:675][373]LogModuleManager: Shutting down and abandoning module ProjectLauncher (450)
[2019.01.27-13.15.29:675][373]LogModuleManager: Shutting down and abandoning module SessionFrontend (448)
[2019.01.27-13.15.29:675][373]LogModuleManager: Shutting down and abandoning module ProfilerClient (446)
[2019.01.27-13.15.29:675][373]LogModuleManager: Shutting down and abandoning module DeviceManager (444)
[2019.01.27-13.15.29:675][373]LogModuleManager: Shutting down and abandoning module TargetDeviceServices (443)
[2019.01.27-13.15.29:741][373]LogModuleManager: Shutting down and abandoning module AutomationController (440)
[2019.01.27-13.15.29:741][373]LogModuleManager: Shutting down and abandoning module AutomationWindow (438)
[2019.01.27-13.15.29:741][373]LogModuleManager: Shutting down and abandoning module Layers (436)
[2019.01.27-13.15.29:741][373]LogModuleManager: Shutting down and abandoning module ComponentVisualizers (434)
[2019.01.27-13.15.29:741][373]LogModuleManager: Shutting down and abandoning module DetailCustomizations (432)
[2019.01.27-13.15.29:741][373]LogModuleManager: Shutting down and abandoning module PackagesDialog (430)
[2019.01.27-13.15.29:741][373]LogModuleManager: Shutting down and abandoning module Persona (428)
[2019.01.27-13.15.29:741][373]LogModuleManager: Shutting down and abandoning module AdvancedPreviewScene (427)
[2019.01.27-13.15.29:741][373]LogModuleManager: Shutting down and abandoning module AnimGraph (425)
[2019.01.27-13.15.29:741][373]LogModuleManager: Shutting down and abandoning module Kismet (422)
[2019.01.27-13.15.29:741][373]LogModuleManager: Shutting down and abandoning module GraphEditor (420)
[2019.01.27-13.15.29:741][373]LogModuleManager: Shutting down and abandoning module ClassViewer (418)
[2019.01.27-13.15.29:741][373]LogModuleManager: Shutting down and abandoning module Toolbox (416)
[2019.01.27-13.15.29:741][373]LogModuleManager: Shutting down and abandoning module ModuleUI (414)
[2019.01.27-13.15.29:742][373]LogModuleManager: Shutting down and abandoning module MovieSceneTools (412)
[2019.01.27-13.15.29:742][373]LogModuleManager: Shutting down and abandoning module OutputLog (410)
[2019.01.27-13.15.29:742][373]LogModuleManager: Shutting down and abandoning module GammaUI (408)
[2019.01.27-13.15.29:742][373]LogModuleManager: Shutting down and abandoning module Documentation (406)
[2019.01.27-13.15.29:742][373]LogModuleManager: Shutting down and abandoning module MovieSceneTracks (404)
[2019.01.27-13.15.29:742][373]LogModuleManager: Shutting down and abandoning module MovieScene (402)
[2019.01.27-13.15.29:742][373]LogModuleManager: Shutting down and abandoning module StreamingPauseRendering (400)
[2019.01.27-13.15.29:742][373]LogModuleManager: Shutting down and abandoning module LauncherPlatform (398)
[2019.01.27-13.15.29:742][373]LogModuleManager: Shutting down and abandoning module AnalyticsET (396)
[2019.01.27-13.15.29:742][373]LogModuleManager: Shutting down and abandoning module PortalServices (394)
[2019.01.27-13.15.29:742][373]LogModuleManager: Shutting down and abandoning module PortalRpc (392)
[2019.01.27-13.15.29:742][373]LogModuleManager: Shutting down and abandoning module MessagingRpc (390)
[2019.01.27-13.15.29:742][373]LogModuleManager: Shutting down and abandoning module AIModule (388)
[2019.01.27-13.15.29:742][373]LogModuleManager: Shutting down and abandoning module GameplayDebugger (387)
[2019.01.27-13.15.29:742][373]LogModuleManager: Shutting down and abandoning module AITestSuite (385)
[2019.01.27-13.15.29:742][373]LogModuleManager: Shutting down and abandoning module DesktopPlatform (382)
[2019.01.27-13.15.29:742][373]LogModuleManager: Shutting down and abandoning module ProfilerService (380)
[2019.01.27-13.15.29:960][373]LogModuleManager: Shutting down and abandoning module TaskGraph (378)
[2019.01.27-13.15.29:960][373]LogModuleManager: Shutting down and abandoning module AudiokineticTools (376)
[2019.01.27-13.15.29:961][373]LogModuleManager: Shutting down and abandoning module SteamVRController (374)
[2019.01.27-13.15.29:961][373]LogModuleManager: Shutting down and abandoning module ProceduralMeshComponentEditor (372)
[2019.01.27-13.15.29:961][373]LogModuleManager: Shutting down and abandoning module ProceduralMeshComponent (370)
[2019.01.27-13.15.29:961][373]LogModuleManager: Shutting down and abandoning module OculusInput (368)
[2019.01.27-13.15.29:961][373]LogModuleManager: Shutting down and abandoning module MobilePatchingUtils (366)
[2019.01.27-13.15.29:961][373]LogModuleManager: Shutting down and abandoning module HoudiniEngineRuntime (364)
[2019.01.27-13.15.29:961][373]LogHoudiniEngine: Shutting down the Houdini Engine module.
[2019.01.27-13.15.29:964][373]LogModuleManager: Shutting down and abandoning module CustomMeshComponent (362)
[2019.01.27-13.15.29:964][373]LogModuleManager: Shutting down and abandoning module CableComponent (360)
[2019.01.27-13.15.29:964][373]LogModuleManager: Shutting down and abandoning module AudioCapture (358)
[2019.01.27-13.15.29:964][373]LogModuleManager: Shutting down and abandoning module ArchVisCharacter (356)
[2019.01.27-13.15.29:964][373]LogModuleManager: Shutting down and abandoning module AndroidPermission (354)
[2019.01.27-13.15.29:964][373]LogModuleManager: Shutting down and abandoning module NUTUnrealEngine4 (350)
[2019.01.27-13.15.29:964][373]LogModuleManager: Shutting down and abandoning module NetcodeUnitTest (348)
[2019.01.27-13.15.29:964][373]LogModuleManager: Shutting down and abandoning module MediaCompositingEditor (346)
[2019.01.27-13.15.29:964][373]LogModuleManager: Shutting down and abandoning module MediaCompositing (344)
[2019.01.27-13.15.29:964][373]LogModuleManager: Shutting down and abandoning module LinearTimecode (342)
[2019.01.27-13.15.29:964][373]LogModuleManager: Shutting down and abandoning module ImgMedia (340)
[2019.01.27-13.15.29:969][373]LogModuleManager: Shutting down and abandoning module HTML5Networking (338)
[2019.01.27-13.15.29:969][373]LogModuleManager: Shutting down and abandoning module AlembicImporter (336)
[2019.01.27-13.15.29:969][373]LogModuleManager: Shutting down and abandoning module AlembicLibrary (335)
[2019.01.27-13.15.29:969][373]LogModuleManager: Shutting down and abandoning module GeometryCache (334)
[2019.01.27-13.15.29:969][373]LogModuleManager: Shutting down and abandoning module GeometryCacheEd (333)
[2019.01.27-13.15.29:969][373]LogModuleManager: Shutting down and abandoning module DatasmithContent (328)
[2019.01.27-13.15.29:969][373]LogModuleManager: Shutting down and abandoning module SpeedTreeImporter (326)
[2019.01.27-13.15.29:969][373]LogModuleManager: Shutting down and abandoning module PluginBrowser (324)
[2019.01.27-13.15.29:969][373]LogModuleManager: Shutting down and abandoning module MobileLauncherProfileWizard (322)
[2019.01.27-13.15.29:969][373]LogModuleManager: Shutting down and abandoning module CryptoKeysOpenSSL (320)
[2019.01.27-13.15.29:969][373]LogModuleManager: Shutting down and abandoning module CryptoKeys (318)
[2019.01.27-13.15.29:969][373]LogModuleManager: Shutting down and abandoning module VisualStudioSourceCodeAccess (316)
[2019.01.27-13.15.29:969][373]LogModuleManager: Shutting down and abandoning module VisualStudioCodeSourceCodeAccess (314)
[2019.01.27-13.15.29:969][373]LogModuleManager: Shutting down and abandoning module UObjectPlugin (312)
[2019.01.27-13.15.29:969][373]LogModuleManager: Shutting down and abandoning module SubversionSourceControl (310)
[2019.01.27-13.15.29:969][373]LogModuleManager: Shutting down and abandoning module PerforceSourceControl (308)
[2019.01.27-13.15.29:969][373]LogModuleManager: Shutting down and abandoning module GitSourceControl (306)
[2019.01.27-13.15.29:969][373]LogModuleManager: Shutting down and abandoning module SourceControl (305)
[2019.01.27-13.15.29:969][373]LogModuleManager: Shutting down and abandoning module CLionSourceCodeAccess (302)
[2019.01.27-13.15.29:969][373]LogModuleManager: Shutting down and abandoning module LightPropagationVolumeEditor (300)
[2019.01.27-13.15.29:969][373]LogModuleManager: Shutting down and abandoning module PaperTiledImporter (298)
[2019.01.27-13.15.29:969][373]LogModuleManager: Shutting down and abandoning module PaperSpriteSheetImporter (296)
[2019.01.27-13.15.29:969][373]LogModuleManager: Shutting down and abandoning module Paper2DEditor (294)
[2019.01.27-13.15.29:969][373]LogModuleManager: Shutting down and abandoning module MeshPaint (293)
[2019.01.27-13.15.29:969][373]LogModuleManager: Shutting down and abandoning module AkAudio (290)
[2019.01.27-13.15.30:020][373]LogInit: Audiokinetic Audio Device terminated.
[2019.01.27-13.15.30:021][373]LogModuleManager: Shutting down and abandoning module RuntimePhysXCooking (288)
[2019.01.27-13.15.30:021][373]LogModuleManager: Shutting down and abandoning module PhysXVehiclesEditor (286)
[2019.01.27-13.15.30:021][373]LogModuleManager: Shutting down and abandoning module PhysXVehicles (284)
[2019.01.27-13.15.30:021][373]LogModuleManager: Shutting down and abandoning module OculusEditor (282)
[2019.01.27-13.15.30:021][373]LogModuleManager: Shutting down and abandoning module LocationServicesBPLibrary (280)
[2019.01.27-13.15.30:021][373]LogModuleManager: Shutting down and abandoning module ImmediatePhysicsEditor (278)
[2019.01.27-13.15.30:021][373]LogModuleManager: Shutting down and abandoning module ImmediatePhysics (276)
[2019.01.27-13.15.30:021][373]LogModuleManager: Shutting down and abandoning module ActorSequence (274)
[2019.01.27-13.15.30:021][373]LogModuleManager: Shutting down and abandoning module UdpMessaging (272)
[2019.01.27-13.15.30:122][373]LogModuleManager: Shutting down and abandoning module TcpMessaging (270)
[2019.01.27-13.15.30:222][373]LogModuleManager: Shutting down and abandoning module GameplayTagsEditor (268)
[2019.01.27-13.15.30:222][373]LogModuleManager: Shutting down and abandoning module FacialAnimationEditor (266)
[2019.01.27-13.15.30:222][373]LogModuleManager: Shutting down and abandoning module FacialAnimation (264)
[2019.01.27-13.15.30:222][373]LogModuleManager: Shutting down and abandoning module DataValidation (262)
[2019.01.27-13.15.30:222][373]LogModuleManager: Shutting down and abandoning module AssetManagerEditor (260)
[2019.01.27-13.15.30:222][373]LogModuleManager: Shutting down and abandoning module LevelEditor (259)
[2019.01.27-13.15.30:222][373]LogModuleManager: Shutting down and abandoning module PixelInspectorModule (258)
[2019.01.27-13.15.30:223][373]LogModuleManager: Shutting down and abandoning module CommonMenuExtensions (256)
[2019.01.27-13.15.30:223][373]LogModuleManager: Shutting down and abandoning module MainFrame (254)
[2019.01.27-13.15.30:223][373]LogModuleManager: Shutting down and abandoning module HotReload (253)
[2019.01.27-13.15.30:223][373]LogDirectoryWatcher: A directory notification for 'C:/Users/jl16acb/Desktop/BirdsOfAFeather/Plugins/Wwise/Binaries/Win64' was aborted.
[2019.01.27-13.15.30:223][373]LogModuleManager: Shutting down and abandoning module ContentBrowser (249)
[2019.01.27-13.15.30:224][373]LogModuleManager: Shutting down and abandoning module TreeMap (247)
[2019.01.27-13.15.30:224][373]LogModuleManager: Shutting down and abandoning module LightPropagationVolumeRuntime (244)
[2019.01.27-13.15.30:224][373]LogModuleManager: Shutting down and abandoning module LiveLinkEditor (242)
[2019.01.27-13.15.30:224][373]LogModuleManager: Shutting down and abandoning module LiveLink (240)
[2019.01.27-13.15.30:404][373]LogModuleManager: Shutting down and abandoning module Paper2D (238)
[2019.01.27-13.15.30:404][373]LogModuleManager: Shutting down and abandoning module WindowsMoviePlayer (236)
[2019.01.27-13.15.30:404][373]LogModuleManager: Shutting down and abandoning module WmfMedia (234)
[2019.01.27-13.15.30:406][373]LogModuleManager: Shutting down and abandoning module Media (233)
[2019.01.27-13.15.30:412][373]LogModuleManager: Shutting down and abandoning module PacketHandler (230)
[2019.01.27-13.15.30:413][373]LogModuleManager: Shutting down and abandoning module ClothingSystemEditor (228)
[2019.01.27-13.15.30:413][373]LogModuleManager: Shutting down and abandoning module ClothingSystemRuntime (226)
[2019.01.27-13.15.30:413][373]LogModuleManager: Shutting down and abandoning module MediaAssets (224)
[2019.01.27-13.15.30:413][373]LogModuleManager: Shutting down and abandoning module Overlay (222)
[2019.01.27-13.15.30:413][373]LogModuleManager: Shutting down and abandoning module OverlayEditor (221)
[2019.01.27-13.15.30:413][373]LogModuleManager: Shutting down and abandoning module VREditor (218)
[2019.01.27-13.15.30:413][373]LogModuleManager: Shutting down and abandoning module StringTableEditor (216)
[2019.01.27-13.15.30:413][373]LogModuleManager: Shutting down and abandoning module GameplayTasksEditor (214)
[2019.01.27-13.15.30:413][373]LogModuleManager: Shutting down and abandoning module BehaviorTreeEditor (212)
[2019.01.27-13.15.30:413][373]LogModuleManager: Shutting down and abandoning module FunctionalTesting (210)
[2019.01.27-13.15.30:413][373]LogModuleManager: Shutting down and abandoning module CollisionAnalyzer (208)
[2019.01.27-13.15.30:413][373]LogModuleManager: Shutting down and abandoning module WorkspaceMenuStructure (207)
[2019.01.27-13.15.30:413][373]LogModuleManager: Shutting down and abandoning module UMG (204)
[2019.01.27-13.15.30:413][373]LogModuleManager: Shutting down and abandoning module UMGEditor (203)
[2019.01.27-13.15.30:413][373]LogModuleManager: Shutting down and abandoning module Sequencer (202)
[2019.01.27-13.15.30:413][373]LogModuleManager: Shutting down and abandoning module MessageLog (199)
[2019.01.27-13.15.30:413][373]LogModuleManager: Shutting down and abandoning module SlateReflector (194)
[2019.01.27-13.15.30:413][373]LogModuleManager: Shutting down and abandoning module Slate (192)
[2019.01.27-13.15.30:413][373]LogModuleManager: Shutting down and abandoning module EditorStyle (190)
[2019.01.27-13.15.30:414][373]LogModuleManager: Shutting down and abandoning module MRMesh (188)
[2019.01.27-13.15.30:414][373]LogModuleManager: Shutting down and abandoning module SourceCodeAccess (186)
[2019.01.27-13.15.30:414][373]LogModuleManager: Shutting down and abandoning module HeadMountedDisplay (184)
[2019.01.27-13.15.30:414][373]LogModuleManager: Shutting down and abandoning module XAudio2 (182)
[2019.01.27-13.15.30:414][373]LogModuleManager: Shutting down and abandoning module Networking (180)
[2019.01.27-13.15.30:414][373]LogModuleManager: Shutting down and abandoning module Core (178)
[2019.01.27-13.15.30:414][373]LogModuleManager: Shutting down and abandoning module LevelSequence (176)
[2019.01.27-13.15.30:414][373]LogModuleManager: Shutting down and abandoning module KismetCompiler (174)
[2019.01.27-13.15.30:414][373]LogModuleManager: Shutting down and abandoning module MeshUtilities (172)
[2019.01.27-13.15.30:415][373]LogModuleManager: Shutting down and abandoning module MeshMergeUtilities (171)
[2019.01.27-13.15.30:415][373]LogModuleManager: Shutting down and abandoning module MeshReductionInterface (170)
[2019.01.27-13.15.30:415][373]LogModuleManager: Shutting down and abandoning module SimplygonSwarm (169)
[2019.01.27-13.15.30:415][373]LogModuleManager: Shutting down and abandoning module SimplygonMeshReduction (167)
[2019.01.27-13.15.30:415][373]LogModuleManager: Shutting down and abandoning module QuadricMeshReduction (165)
[2019.01.27-13.15.30:415][373]LogModuleManager: Shutting down and abandoning module MaterialBaking (161)
[2019.01.27-13.15.30:415][373]LogModuleManager: Shutting down and abandoning module DirectoryWatcher (157)
[2019.01.27-13.15.30:415][373]LogModuleManager: Shutting down and abandoning module DerivedDataCache (154)
[2019.01.27-13.15.30:503][373]LogDerivedDataCache: Shutdown
[2019.01.27-13.15.30:503][373]LogModuleManager: Shutting down and abandoning module XGEController (152)
[2019.01.27-13.15.30:504][373]LogXGEController: Cleaning working directory: C:/Users/jl16acb/AppData/Local/Temp/UnrealXGEWorkingDir/
[2019.01.27-13.15.30:504][373]LogModuleManager: Shutting down and abandoning module TargetPlatform (150)
[2019.01.27-13.15.30:504][373]LogModuleManager: Shutting down and abandoning module VulkanShaderFormat (149)
[2019.01.27-13.15.30:504][373]LogModuleManager: Shutting down and abandoning module ShaderFormatVectorVM (147)
[2019.01.27-13.15.30:504][373]LogModuleManager: Shutting down and abandoning module ShaderFormatOpenGL (145)
[2019.01.27-13.15.30:504][373]LogModuleManager: Shutting down and abandoning module ShaderFormatD3D (143)
[2019.01.27-13.15.30:504][373]LogModuleManager: Shutting down and abandoning module MetalShaderFormat (141)
[2019.01.27-13.15.30:504][373]LogModuleManager: Shutting down and abandoning module TextureFormatUncompressed (139)
[2019.01.27-13.15.30:504][373]LogModuleManager: Shutting down and abandoning module TextureFormatPVR (137)
[2019.01.27-13.15.30:504][373]LogModuleManager: Shutting down and abandoning module TextureFormatDXT (135)
[2019.01.27-13.15.30:504][373]LogModuleManager: Shutting down and abandoning module TextureFormatIntelISPCTexComp (133)
[2019.01.27-13.15.30:504][373]LogModuleManager: Shutting down and abandoning module TextureFormatASTC (131)
[2019.01.27-13.15.30:504][373]LogModuleManager: Shutting down and abandoning module ImageWrapper (130)
[2019.01.27-13.15.30:504][373]LogModuleManager: Shutting down and abandoning module TextureFormatAndroid (127)
[2019.01.27-13.15.30:504][373]LogModuleManager: Shutting down and abandoning module AudioFormatOpus (125)
[2019.01.27-13.15.30:504][373]LogModuleManager: Shutting down and abandoning module AudioFormatOgg (123)
[2019.01.27-13.15.30:504][373]LogModuleManager: Shutting down and abandoning module AudioFormatADPCM (121)
[2019.01.27-13.15.30:504][373]LogModuleManager: Shutting down and abandoning module LinuxTargetPlatform (119)
[2019.01.27-13.15.30:504][373]LogModuleManager: Shutting down and abandoning module LinuxServerTargetPlatform (117)
[2019.01.27-13.15.30:504][373]LogModuleManager: Shutting down and abandoning module LinuxNoEditorTargetPlatform (115)
[2019.01.27-13.15.30:504][373]LogModuleManager: Shutting down and abandoning module LinuxClientTargetPlatform (113)
[2019.01.27-13.15.30:504][373]LogModuleManager: Shutting down and abandoning module TVOSTargetPlatform (111)
[2019.01.27-13.15.30:504][373]LogModuleManager: Shutting down and abandoning module Messaging (109)
[2019.01.27-13.15.30:504][373]LogModuleManager: Shutting down and abandoning module IOSTargetPlatform (107)
[2019.01.27-13.15.30:504][373]LogModuleManager: Shutting down and abandoning module HTML5TargetPlatform (105)
[2019.01.27-13.15.30:504][373]LogModuleManager: Shutting down and abandoning module AndroidTargetPlatform (103)
[2019.01.27-13.15.30:504][373]LogModuleManager: Shutting down and abandoning module Android_PVRTCTargetPlatform (101)
[2019.01.27-13.15.30:504][373]LogModuleManager: Shutting down and abandoning module Android_MultiTargetPlatform (99)
[2019.01.27-13.15.30:504][373]LogModuleManager: Shutting down and abandoning module Android_ETC2TargetPlatform (97)
[2019.01.27-13.15.30:504][373]LogModuleManager: Shutting down and abandoning module Android_ETC1TargetPlatform (95)
[2019.01.27-13.15.30:504][373]LogModuleManager: Shutting down and abandoning module Android_ETC1aTargetPlatform (93)
[2019.01.27-13.15.30:504][373]LogModuleManager: Shutting down and abandoning module Android_DXTTargetPlatform (91)
[2019.01.27-13.15.30:505][373]LogModuleManager: Shutting down and abandoning module Android_ATCTargetPlatform (89)
[2019.01.27-13.15.30:505][373]LogModuleManager: Shutting down and abandoning module Android_ASTCTargetPlatform (87)
[2019.01.27-13.15.30:505][373]LogModuleManager: Shutting down and abandoning module WindowsTargetPlatform (85)
[2019.01.27-13.15.30:505][373]LogModuleManager: Shutting down and abandoning module WindowsServerTargetPlatform (83)
[2019.01.27-13.15.30:505][373]LogModuleManager: Shutting down and abandoning module WindowsNoEditorTargetPlatform (81)
[2019.01.27-13.15.30:505][373]LogModuleManager: Shutting down and abandoning module WindowsClientTargetPlatform (79)
[2019.01.27-13.15.30:505][373]LogModuleManager: Shutting down and abandoning module MacTargetPlatform (77)
[2019.01.27-13.15.30:505][373]LogModuleManager: Shutting down and abandoning module MacServerTargetPlatform (75)
[2019.01.27-13.15.30:505][373]LogModuleManager: Shutting down and abandoning module MacNoEditorTargetPlatform (73)
[2019.01.27-13.15.30:505][373]LogModuleManager: Shutting down and abandoning module MacClientTargetPlatform (71)
[2019.01.27-13.15.30:505][373]LogModuleManager: Shutting down and abandoning module AllDesktopTargetPlatform (69)
[2019.01.27-13.15.30:505][373]LogModuleManager: Shutting down and abandoning module InputCore (66)
[2019.01.27-13.15.30:505][373]LogModuleManager: Shutting down and abandoning module Settings (64)
[2019.01.27-13.15.30:505][373]LogModuleManager: Shutting down and abandoning module PhysXCooking (62)
[2019.01.27-13.15.30:505][373]LogModuleManager: Shutting down and abandoning module SteamVR (60)
[2019.01.27-13.15.30:505][373]LogModuleManager: Shutting down and abandoning module OculusHMD (58)
[2019.01.27-13.15.30:505][373]LogModuleManager: Shutting down and abandoning module ExampleDeviceProfileSelector (56)
[2019.01.27-13.15.30:505][373]LogModuleManager: Shutting down and abandoning module AppleARKit (54)
[2019.01.27-13.15.30:505][373]LogModuleManager: Shutting down and abandoning module AugmentedReality (51)
[2019.01.27-13.15.30:505][373]LogModuleManager: Shutting down and abandoning module OnlineBlueprintSupport (48)
[2019.01.27-13.15.30:505][373]LogModuleManager: Shutting down and abandoning module OnlineSubsystem (44)
[2019.01.27-13.15.30:505][373]LogModuleManager: Shutting down and abandoning module XMPP (43)
[2019.01.27-13.15.30:505][373]LogModuleManager: Shutting down and abandoning module HTTP (41)
[2019.01.27-13.15.30:505][373]LogHttp: Display: Http module shutting down, but needs to wait on 1 outstanding Http requests:
[2019.01.27-13.15.30:505][373]LogHttp: Display: 	verb=[POST] url=[https://datarouter.ol.epicgames.com/datarouter/api/v1/public/data?SessionID=%7B2E83DE7C-4096-A583-A588-51B0667A05B4%7D&AppID=UEEditor.Rocket.Release&AppVersion=4.19.2-4033788%2B%2B%2BUE4%2BRelease-4.19&UserID=a9db699249b63aac97890299a1cf8e40%7C4895ffda6f8447f39a3fe3d979efb6b0%7Cc6087a15-8c61-4a91-80a9-eda8898110a8&AppEnvironment=datacollector-binary&UploadType=eteventstream] status=Processing
[2019.01.27-13.15.30:511][373]LogModuleManager: Shutting down and abandoning module SSL (40)
[2019.01.27-13.15.30:512][373]LogModuleManager: Shutting down and abandoning module AnimationModifiers (36)
[2019.01.27-13.15.30:512][373]LogModuleManager: Shutting down and abandoning module PropertyEditor (35)
[2019.01.27-13.15.30:512][373]LogModuleManager: Shutting down and abandoning module AudioEditor (32)
[2019.01.27-13.15.30:512][373]LogModuleManager: Shutting down and abandoning module TextureCompressor (30)
[2019.01.27-13.15.30:512][373]LogModuleManager: Shutting down and abandoning module ShaderCore (28)
[2019.01.27-13.15.30:512][373]LogModuleManager: Shutting down and abandoning module Landscape (26)
[2019.01.27-13.15.30:512][373]LogModuleManager: Shutting down and abandoning module SlateRHIRenderer (24)
[2019.01.27-13.15.30:513][373]LogModuleManager: Shutting down and abandoning module OpenGLDrv (22)
[2019.01.27-13.15.30:513][373]LogModuleManager: Shutting down and abandoning module D3D11RHI (20)
[2019.01.27-13.15.30:513][373]LogModuleManager: Shutting down and abandoning module AnimGraphRuntime (18)
[2019.01.27-13.15.30:513][373]LogModuleManager: Shutting down and abandoning module Renderer (16)
[2019.01.27-13.15.30:513][373]LogModuleManager: Shutting down and abandoning module Engine (14)
[2019.01.27-13.15.30:513][373]LogModuleManager: Shutting down and abandoning module CoreUObject (12)
[2019.01.27-13.15.30:513][373]LogModuleManager: Shutting down and abandoning module NetworkFile (10)
[2019.01.27-13.15.30:513][373]LogModuleManager: Shutting down and abandoning module CookedIterativeFile (8)
[2019.01.27-13.15.30:513][373]LogModuleManager: Shutting down and abandoning module StreamingFile (6)
[2019.01.27-13.15.30:513][373]LogModuleManager: Shutting down and abandoning module SandboxFile (4)
[2019.01.27-13.15.30:513][373]LogModuleManager: Shutting down and abandoning module PakFile (2)
[2019.01.27-13.15.30:525][373]LogExit: Exiting.
[2019.01.27-13.15.30:551][373]Log file closed, 01/27/19 13:15:30
