Log file open, 01/26/19 18:48:37
LogWindows: Failed to load 'aqProf.dll' (GetLastError=126)
LogWindows: File 'aqProf.dll' does not exist
LogWindows: Failed to load 'VtuneApi.dll' (GetLastError=126)
LogWindows: File 'VtuneApi.dll' does not exist
LogWindows: Failed to load 'VtuneApi32e.dll' (GetLastError=126)
LogWindows: File 'VtuneApi32e.dll' does not exist
LogInit: Display: Running engine for game: BirdsOfAFeather
LogPlatformFile: Not using cached read wrapper
LogInit: Display: RandInit(275242204) SRandInit(275242204).
LogInit: Read version file with build ID '3944462'
LogInit: Overriding engine version to CL 4033788, compatible CL 3944462
LogInit: Registered custom module enumerator with build ID '3944462'
LogTaskGraph: Started task graph with 5 named threads and 23 total threads with 3 sets of task threads.
LogStats: Stats thread started at 0.305805
LogD3D11RHI: Aftermath initialized
LogICUInternationalization: Display: ICU TimeZone Detection - Raw Offset: +0:00, Platform Override: ''
LogModuleManager: Display: Found up-to-date module file ../../../Engine/Plugins/Runtime/HoudiniEngine/Binaries/Win64/UE4Editor-HoudiniEngineRuntime.dll (API version 3944462).
LogModuleManager: Display: Found up-to-date module file ../../../Engine/Plugins/Runtime/HoudiniEngine/Binaries/Win64/UE4Editor-HoudiniEngineEditor.dll (API version 3944462).
LogModuleManager: Display: Found up-to-date module file ../../../Engine/Plugins/2D/Paper2D/Binaries/Win64/UE4Editor-Paper2D.dll (API version 3944462).
LogModuleManager: Display: Found up-to-date module file ../../../Engine/Plugins/2D/Paper2D/Binaries/Win64/UE4Editor-Paper2DEditor.dll (API version 3944462).
LogModuleManager: Display: Found up-to-date module file ../../../Engine/Plugins/2D/Paper2D/Binaries/Win64/UE4Editor-PaperSpriteSheetImporter.dll (API version 3944462).
LogModuleManager: Display: Found up-to-date module file ../../../Engine/Plugins/2D/Paper2D/Binaries/Win64/UE4Editor-PaperTiledImporter.dll (API version 3944462).
LogModuleManager: Display: Found up-to-date module file ../../../Engine/Plugins/2D/Paper2D/Binaries/Win64/UE4Editor-SmartSnapping.dll (API version 3944462).
LogModuleManager: Display: Found up-to-date module file ../../../Engine/Plugins/Blendables/LightPropagationVolume/Binaries/Win64/UE4Editor-LightPropagationVolumeRuntime.dll (API version 3944462).
LogModuleManager: Display: Found up-to-date module file ../../../Engine/Plugins/Blendables/LightPropagationVolume/Binaries/Win64/UE4Editor-LightPropagationVolumeEditor.dll (API version 3944462).
LogModuleManager: Display: Found up-to-date module file ../../../Engine/Plugins/Developer/CLionSourceCodeAccess/Binaries/Win64/UE4Editor-CLionSourceCodeAccess.dll (API version 3944462).
LogModuleManager: Display: Found up-to-date module file ../../../Engine/Plugins/Developer/GitSourceControl/Binaries/Win64/UE4Editor-GitSourceControl.dll (API version 3944462).
LogModuleManager: Display: Found up-to-date module file ../../../Engine/Plugins/Developer/PerforceSourceControl/Binaries/Win64/UE4Editor-PerforceSourceControl.dll (API version 3944462).
LogModuleManager: Display: Found up-to-date module file ../../../Engine/Plugins/Developer/SubversionSourceControl/Binaries/Win64/UE4Editor-SubversionSourceControl.dll (API version 3944462).
LogModuleManager: Display: Found up-to-date module file ../../../Engine/Plugins/Developer/UObjectPlugin/Binaries/Win64/UE4Editor-UObjectPlugin.dll (API version 3944462).
LogModuleManager: Display: Found up-to-date module file ../../../Engine/Plugins/Developer/VisualStudioCodeSourceCodeAccess/Binaries/Win64/UE4Editor-VisualStudioCodeSourceCodeAccess.dll (API version 3944462).
LogModuleManager: Display: Found up-to-date module file ../../../Engine/Plugins/Developer/VisualStudioSourceCodeAccess/Binaries/Win64/UE4Editor-VisualStudioSourceCodeAccess.dll (API version 3944462).
LogModuleManager: Display: Found up-to-date module file ../../../Engine/Plugins/Editor/AssetManagerEditor/Binaries/Win64/UE4Editor-AssetManagerEditor.dll (API version 3944462).
LogModuleManager: Display: Found up-to-date module file ../../../Engine/Plugins/Editor/CryptoKeys/Binaries/Win64/UE4Editor-CryptoKeys.dll (API version 3944462).
LogModuleManager: Display: Found up-to-date module file ../../../Engine/Plugins/Editor/CryptoKeys/Binaries/Win64/UE4Editor-CryptoKeysOpenSSL.dll (API version 3944462).
LogModuleManager: Display: Found up-to-date module file ../../../Engine/Plugins/Editor/DataValidation/Binaries/Win64/UE4Editor-DataValidation.dll (API version 3944462).
LogModuleManager: Display: Found up-to-date module file ../../../Engine/Plugins/Editor/FacialAnimation/Binaries/Win64/UE4Editor-FacialAnimation.dll (API version 3944462).
LogModuleManager: Display: Found up-to-date module file ../../../Engine/Plugins/Editor/FacialAnimation/Binaries/Win64/UE4Editor-FacialAnimationEditor.dll (API version 3944462).
LogModuleManager: Display: Found up-to-date module file ../../../Engine/Plugins/Editor/GameplayTagsEditor/Binaries/Win64/UE4Editor-GameplayTagsEditor.dll (API version 3944462).
LogModuleManager: Display: Found up-to-date module file ../../../Engine/Plugins/Editor/MobileLauncherProfileWizard/Binaries/Win64/UE4Editor-MobileLauncherProfileWizard.dll (API version 3944462).
LogModuleManager: Display: Found up-to-date module file ../../../Engine/Plugins/Editor/PluginBrowser/Binaries/Win64/UE4Editor-PluginBrowser.dll (API version 3944462).
LogModuleManager: Display: Found up-to-date module file ../../../Engine/Plugins/Editor/SpeedTreeImporter/Binaries/Win64/UE4Editor-SpeedTreeImporter.dll (API version 3944462).
LogModuleManager: Display: Found up-to-date module file ../../../Engine/Plugins/Enterprise/DatasmithContent/Binaries/Win64/UE4Editor-DatasmithContent.dll (API version 3944462).
LogModuleManager: Display: Found up-to-date module file ../../../Engine/Plugins/Experimental/AlembicImporter/Binaries/Win64/UE4Editor-AlembicImporter.dll (API version 3944462).
LogModuleManager: Display: Found up-to-date module file ../../../Engine/Plugins/Experimental/AlembicImporter/Binaries/Win64/UE4Editor-AlembicLibrary.dll (API version 3944462).
LogModuleManager: Display: Found up-to-date module file ../../../Engine/Plugins/Experimental/CharacterAI/Binaries/Win64/UE4Editor-CharacterAI.dll (API version 3944462).
LogModuleManager: Display: Found up-to-date module file ../../../Engine/Plugins/Experimental/HTML5Networking/Binaries/Win64/UE4Editor-HTML5Networking.dll (API version 3944462).
LogModuleManager: Display: Found up-to-date module file ../../../Engine/Plugins/Media/AndroidMedia/Binaries/Win64/UE4Editor-AndroidMediaEditor.dll (API version 3944462).
LogModuleManager: Display: Found up-to-date module file ../../../Engine/Plugins/Media/AndroidMedia/Binaries/Win64/UE4Editor-AndroidMediaFactory.dll (API version 3944462).
LogModuleManager: Display: Found up-to-date module file ../../../Engine/Plugins/Media/AvfMedia/Binaries/Win64/UE4Editor-AvfMediaEditor.dll (API version 3944462).
LogModuleManager: Display: Found up-to-date module file ../../../Engine/Plugins/Media/AvfMedia/Binaries/Win64/UE4Editor-AvfMediaFactory.dll (API version 3944462).
LogModuleManager: Display: Found up-to-date module file ../../../Engine/Plugins/Media/AvfMedia/Binaries/Win64/UE4Editor-AvfMediaFactory.dll (API version 3944462).
LogModuleManager: Display: Found up-to-date module file ../../../Engine/Plugins/Media/ImgMedia/Binaries/Win64/UE4Editor-ImgMedia.dll (API version 3944462).
LogModuleManager: Display: Found up-to-date module file ../../../Engine/Plugins/Media/ImgMedia/Binaries/Win64/UE4Editor-ImgMediaEditor.dll (API version 3944462).
LogModuleManager: Display: Found up-to-date module file ../../../Engine/Plugins/Media/ImgMedia/Binaries/Win64/UE4Editor-ImgMediaFactory.dll (API version 3944462).
LogModuleManager: Display: Found up-to-date module file ../../../Engine/Plugins/Media/ImgMedia/Binaries/Win64/UE4Editor-ImgMediaFactory.dll (API version 3944462).
LogModuleManager: Display: Found up-to-date module file ../../../Engine/Plugins/Media/ImgMedia/Binaries/Win64/UE4Editor-OpenExrWrapper.dll (API version 3944462).
LogModuleManager: Display: Found up-to-date module file ../../../Engine/Plugins/Media/LinearTimecode/Binaries/Win64/UE4Editor-LinearTimecode.dll (API version 3944462).
LogModuleManager: Display: Found up-to-date module file ../../../Engine/Plugins/Media/MediaCompositing/Binaries/Win64/UE4Editor-MediaCompositing.dll (API version 3944462).
LogModuleManager: Display: Found up-to-date module file ../../../Engine/Plugins/Media/MediaCompositing/Binaries/Win64/UE4Editor-MediaCompositingEditor.dll (API version 3944462).
LogModuleManager: Display: Found up-to-date module file ../../../Engine/Plugins/Media/MediaPlayerEditor/Binaries/Win64/UE4Editor-MediaPlayerEditor.dll (API version 3944462).
LogModuleManager: Display: Found up-to-date module file ../../../Engine/Plugins/Media/WmfMedia/Binaries/Win64/UE4Editor-WmfMedia.dll (API version 3944462).
LogModuleManager: Display: Found up-to-date module file ../../../Engine/Plugins/Media/WmfMedia/Binaries/Win64/UE4Editor-WmfMediaEditor.dll (API version 3944462).
LogModuleManager: Display: Found up-to-date module file ../../../Engine/Plugins/Media/WmfMedia/Binaries/Win64/UE4Editor-WmfMediaFactory.dll (API version 3944462).
LogModuleManager: Display: Found up-to-date module file ../../../Engine/Plugins/Media/WmfMedia/Binaries/Win64/UE4Editor-WmfMediaFactory.dll (API version 3944462).
LogModuleManager: Display: Found up-to-date module file ../../../Engine/Plugins/Messaging/TcpMessaging/Binaries/Win64/UE4Editor-TcpMessaging.dll (API version 3944462).
LogModuleManager: Display: Found up-to-date module file ../../../Engine/Plugins/Messaging/UdpMessaging/Binaries/Win64/UE4Editor-UdpMessaging.dll (API version 3944462).
LogModuleManager: Display: Found up-to-date module file ../../../Engine/Plugins/MovieScene/ActorSequence/Binaries/Win64/UE4Editor-ActorSequence.dll (API version 3944462).
LogModuleManager: Display: Found up-to-date module file ../../../Engine/Plugins/MovieScene/LevelSequenceEditor/Binaries/Win64/UE4Editor-LevelSequenceEditor.dll (API version 3944462).
LogModuleManager: Display: Found up-to-date module file ../../../Engine/Plugins/MovieScene/MatineeToLevelSequence/Binaries/Win64/UE4Editor-MatineeToLevelSequence.dll (API version 3944462).
LogModuleManager: Display: Found up-to-date module file ../../../Engine/Plugins/NetcodeUnitTest/NetcodeUnitTest/Binaries/Win64/UE4Editor-NetcodeUnitTest.dll (API version 3944462).
LogModuleManager: Display: Found up-to-date module file ../../../Engine/Plugins/NetcodeUnitTest/NUTUnrealEngine4/Binaries/Win64/UE4Editor-NUTUnrealEngine4.dll (API version 3944462).
LogModuleManager: Display: Found up-to-date module file ../../../Engine/Plugins/Online/OnlineSubsystem/Binaries/Win64/UE4Editor-OnlineSubsystem.dll (API version 3944462).
LogModuleManager: Display: Found up-to-date module file ../../../Engine/Plugins/Runtime/AndroidPermission/Binaries/Win64/UE4Editor-AndroidPermission.dll (API version 3944462).
LogModuleManager: Display: Found up-to-date module file ../../../Engine/Plugins/Online/OnlineSubsystemNull/Binaries/Win64/UE4Editor-OnlineSubsystemNull.dll (API version 3944462).
LogModuleManager: Display: Found up-to-date module file ../../../Engine/Plugins/Online/OnlineSubsystemUtils/Binaries/Win64/UE4Editor-OnlineSubsystemUtils.dll (API version 3944462).
LogModuleManager: Display: Found up-to-date module file ../../../Engine/Plugins/Online/OnlineSubsystemUtils/Binaries/Win64/UE4Editor-OnlineBlueprintSupport.dll (API version 3944462).
LogModuleManager: Display: Found up-to-date module file ../../../Engine/Plugins/Runtime/AndroidDeviceProfileSelector/Binaries/Win64/UE4Editor-AndroidDeviceProfileSelector.dll (API version 3944462).
LogModuleManager: Display: Found up-to-date module file ../../../Engine/Plugins/Runtime/AppleARKit/Binaries/Win64/UE4Editor-AppleARKit.dll (API version 3944462).
LogModuleManager: Display: Found up-to-date module file ../../../Engine/Plugins/Runtime/ProceduralMeshComponent/Binaries/Win64/UE4Editor-ProceduralMeshComponent.dll (API version 3944462).
LogModuleManager: Display: Found up-to-date module file ../../../Engine/Plugins/Runtime/ProceduralMeshComponent/Binaries/Win64/UE4Editor-ProceduralMeshComponentEditor.dll (API version 3944462).
LogModuleManager: Display: Found up-to-date module file ../../../Engine/Plugins/Animation/LiveLink/Binaries/Win64/UE4Editor-LiveLink.dll (API version 3944462).
LogModuleManager: Display: Found up-to-date module file ../../../Engine/Plugins/Animation/LiveLink/Binaries/Win64/UE4Editor-LiveLinkEditor.dll (API version 3944462).
LogModuleManager: Display: Found up-to-date module file ../../../Engine/Plugins/Runtime/ArchVisCharacter/Binaries/Win64/UE4Editor-ArchVisCharacter.dll (API version 3944462).
LogModuleManager: Display: Found up-to-date module file ../../../Engine/Plugins/Runtime/AudioCapture/Binaries/Win64/UE4Editor-AudioCapture.dll (API version 3944462).
LogModuleManager: Display: Found up-to-date module file ../../../Engine/Plugins/Runtime/AudioCapture/Binaries/Win64/UE4Editor-AudioCaptureEditor.dll (API version 3944462).
LogModuleManager: Display: Found up-to-date module file ../../../Engine/Plugins/Runtime/CableComponent/Binaries/Win64/UE4Editor-CableComponent.dll (API version 3944462).
LogModuleManager: Display: Found up-to-date module file ../../../Engine/Plugins/Runtime/CustomMeshComponent/Binaries/Win64/UE4Editor-CustomMeshComponent.dll (API version 3944462).
LogModuleManager: Display: Found up-to-date module file ../../../Engine/Plugins/Runtime/ExampleDeviceProfileSelector/Binaries/Win64/UE4Editor-ExampleDeviceProfileSelector.dll (API version 3944462).
LogModuleManager: Display: Found up-to-date module file ../../../Engine/Plugins/Runtime/ImmediatePhysics/Binaries/Win64/UE4Editor-ImmediatePhysics.dll (API version 3944462).
LogModuleManager: Display: Found up-to-date module file ../../../Engine/Plugins/Runtime/ImmediatePhysics/Binaries/Win64/UE4Editor-ImmediatePhysicsEditor.dll (API version 3944462).
LogModuleManager: Display: Found up-to-date module file ../../../Engine/Plugins/Runtime/LocationServicesBPLibrary/Binaries/Win64/UE4Editor-LocationServicesBPLibrary.dll (API version 3944462).
LogModuleManager: Display: Found up-to-date module file ../../../Engine/Plugins/Runtime/MobilePatchingUtils/Binaries/Win64/UE4Editor-MobilePatchingUtils.dll (API version 3944462).
LogModuleManager: Display: Found up-to-date module file ../../../Engine/Plugins/Runtime/Oculus/OculusVR/Binaries/Win64/UE4Editor-OculusHMD.dll (API version 3944462).
LogModuleManager: Display: Found up-to-date module file ../../../Engine/Plugins/Runtime/Oculus/OculusVR/Binaries/Win64/UE4Editor-OculusInput.dll (API version 3944462).
LogModuleManager: Display: Found up-to-date module file ../../../Engine/Plugins/Runtime/Oculus/OculusVR/Binaries/Win64/UE4Editor-OculusEditor.dll (API version 3944462).
LogModuleManager: Display: Found up-to-date module file ../../../Engine/Plugins/Runtime/PhysXVehicles/Binaries/Win64/UE4Editor-PhysXVehicles.dll (API version 3944462).
LogModuleManager: Display: Found up-to-date module file ../../../Engine/Plugins/Runtime/PhysXVehicles/Binaries/Win64/UE4Editor-PhysXVehiclesEditor.dll (API version 3944462).
LogModuleManager: Display: Found up-to-date module file ../../../Engine/Plugins/Runtime/RuntimePhysXCooking/Binaries/Win64/UE4Editor-RuntimePhysXCooking.dll (API version 3944462).
LogModuleManager: Display: Found up-to-date module file ../../../Engine/Plugins/Runtime/Steam/SteamVR/Binaries/Win64/UE4Editor-SteamVR.dll (API version 3944462).
LogModuleManager: Display: Found up-to-date module file ../../../Engine/Plugins/Runtime/Steam/SteamVR/Binaries/Win64/UE4Editor-SteamVRController.dll (API version 3944462).
LogModuleManager: Display: Found up-to-date module file ../../../Engine/Plugins/Runtime/WindowsMoviePlayer/Binaries/Win64/UE4Editor-WindowsMoviePlayer.dll (API version 3944462).
LogPluginManager: Mounting plugin Paper2D
LogPluginManager: Mounting plugin LiveLink
LogPluginManager: Mounting plugin LightPropagationVolume
LogPluginManager: Mounting plugin CLionSourceCodeAccess
LogPluginManager: Mounting plugin CodeLiteSourceCodeAccess
LogPluginManager: Mounting plugin GitSourceControl
LogPluginManager: Mounting plugin KDevelopSourceCodeAccess
LogPluginManager: Mounting plugin NullSourceCodeAccess
LogPluginManager: Mounting plugin PerforceSourceControl
LogPluginManager: Mounting plugin SubversionSourceControl
LogPluginManager: Mounting plugin UObjectPlugin
LogPluginManager: Mounting plugin VisualStudioCodeSourceCodeAccess
LogPluginManager: Mounting plugin VisualStudioSourceCodeAccess
LogPluginManager: Mounting plugin XCodeSourceCodeAccess
LogPluginManager: Mounting plugin AssetManagerEditor
LogPluginManager: Mounting plugin CryptoKeys
LogPluginManager: Mounting plugin DataValidation
LogPluginManager: Mounting plugin FacialAnimation
LogPluginManager: Mounting plugin GameplayTagsEditor
LogPluginManager: Mounting plugin MobileLauncherProfileWizard
LogPluginManager: Mounting plugin PluginBrowser
LogPluginManager: Mounting plugin SpeedTreeImporter
LogPluginManager: Mounting plugin DatasmithContent
LogPluginManager: Mounting plugin AlembicImporter
LogPluginManager: Mounting plugin CharacterAI
LogPluginManager: Mounting plugin HTML5Networking
LogPluginManager: Mounting plugin AndroidMedia
LogPluginManager: Mounting plugin AvfMedia
LogPluginManager: Mounting plugin ImgMedia
LogPluginManager: Mounting plugin LinearTimecode
LogPluginManager: Mounting plugin MediaCompositing
LogPluginManager: Mounting plugin MediaPlayerEditor
LogPluginManager: Mounting plugin WmfMedia
LogPluginManager: Mounting plugin TcpMessaging
LogPluginManager: Mounting plugin UdpMessaging
LogPluginManager: Mounting plugin ActorSequence
LogPluginManager: Mounting plugin LevelSequenceEditor
LogPluginManager: Mounting plugin MatineeToLevelSequence
LogPluginManager: Mounting plugin NetcodeUnitTest
LogPluginManager: Mounting plugin NUTUnrealEngine4
LogPluginManager: Mounting plugin OnlineSubsystemGooglePlay
LogPluginManager: Mounting plugin OnlineSubsystemIOS
LogPluginManager: Mounting plugin OnlineSubsystem
LogPluginManager: Mounting plugin OnlineSubsystemNull
LogPluginManager: Mounting plugin OnlineSubsystemUtils
LogPluginManager: Mounting plugin AndroidDeviceProfileSelector
LogPluginManager: Mounting plugin AndroidMoviePlayer
LogPluginManager: Mounting plugin AndroidPermission
LogPluginManager: Mounting plugin AppleARKit
LogPluginManager: Mounting plugin AppleMoviePlayer
LogPluginManager: Mounting plugin ArchVisCharacter
LogPluginManager: Mounting plugin AudioCapture
LogPluginManager: Mounting plugin CableComponent
LogPluginManager: Mounting plugin CustomMeshComponent
LogPluginManager: Mounting plugin ExampleDeviceProfileSelector
LogPluginManager: Mounting plugin GoogleCloudMessaging
LogPluginManager: Mounting plugin HoudiniEngine
LogPluginManager: Mounting plugin ImmediatePhysics
LogPluginManager: Mounting plugin IOSDeviceProfileSelector
LogPluginManager: Mounting plugin LinuxDeviceProfileSelector
LogPluginManager: Mounting plugin LocationServicesBPLibrary
LogPluginManager: Mounting plugin MobilePatchingUtils
LogPluginManager: Mounting plugin OculusVR
LogPluginManager: Plugin shader directory ../../../Engine/Plugins/Runtime/Oculus/OculusVR/Shaders found
LogPluginManager: Mapping shader source directory ../../../Engine/Plugins/Runtime/Oculus/OculusVR/Shaders to virtual directory /Plugin/OculusVR
LogPluginManager: Mounting plugin PhysXVehicles
LogPluginManager: Mounting plugin ProceduralMeshComponent
LogPluginManager: Mounting plugin RuntimePhysXCooking
LogPluginManager: Mounting plugin SteamVR
LogPluginManager: Mounting plugin WindowsMoviePlayer
LogStreaming: Display: Took  1.465s to configure plugins.
LogInit: Using libcurl 7.47.1
LogInit:  - built for x86_64-pc-win32
LogInit:  - supports SSL with OpenSSL/1.0.2g
LogInit:  - supports HTTP deflate (compression) using libz 1.2.8
LogInit:  - other features:
LogInit:      CURL_VERSION_SSL
LogInit:      CURL_VERSION_LIBZ
LogInit:      CURL_VERSION_IPV6
LogInit:      CURL_VERSION_ASYNCHDNS
LogInit:      CURL_VERSION_LARGEFILE
LogInit:      CURL_VERSION_IDN
LogInit:  CurlRequestOptions (configurable via config and command line):
LogInit:  - bVerifyPeer = false  - Libcurl will NOT verify peer certificate
LogInit:  - bUseHttpProxy = false  - Libcurl will NOT use HTTP proxy
LogInit:  - bDontReuseConnections = false  - Libcurl will reuse connections
LogInit:  - CertBundlePath = nullptr  - Libcurl will use whatever was configured at build time.
LogInit:  - MaxHostConnections = 16  - Libcurl will limit the number of connections to a host
LogInit:  - LocalHostAddr = Default
LogInit: WinSock: version 1.1 (2.2), MaxSocks=32767, MaxUdp=65467
LogInit: WinSock: I am CTA-1B03-28 (147.197.216.140:0)
LogInit: Build: ++UE4+Release-4.19-CL-4033788
LogInit: Engine Version: 4.19.2-4033788+++UE4+Release-4.19
LogInit: Compatible Engine Version: 4.19.0-3944462+++UE4+Release-4.19
LogInit: Net CL: 3944462
LogDevObjectVersion: Number of dev versions registered: 18
LogDevObjectVersion:   Dev-Blueprints (B0D832E4-1F89-4F0D-ACCF-7EB736FD4AA2): 10
LogDevObjectVersion:   Dev-Build (E1C64328-A22C-4D53-A36C-8E866417BD8C): 0
LogDevObjectVersion:   Dev-Core (375EC13C-06E4-48FB-B500-84F0262A717E): 2
LogDevObjectVersion:   Dev-Editor (E4B068ED-F494-42E9-A231-DA0B2E46BB41): 23
LogDevObjectVersion:   Dev-Framework (CFFC743F-43B0-4480-9391-14DF171D2073): 33
LogDevObjectVersion:   Dev-Mobile (B02B49B5-BB20-44E9-A304-32B752E40360): 2
LogDevObjectVersion:   Dev-Networking (A4E4105C-59A1-49B5-A7C5-40C4547EDFEE): 0
LogDevObjectVersion:   Dev-Online (39C831C9-5AE6-47DC-9A44-9C173E1C8E7C): 0
LogDevObjectVersion:   Dev-Physics (78F01B33-EBEA-4F98-B9B4-84EACCB95AA2): 0
LogDevObjectVersion:   Dev-Platform (6631380F-2D4D-43E0-8009-CF276956A95A): 0
LogDevObjectVersion:   Dev-Rendering (12F88B9F-8875-4AFC-A67C-D90C383ABD29): 25
LogDevObjectVersion:   Dev-Sequencer (7B5AE74C-D270-4C10-A958-57980B212A5A): 6
LogDevObjectVersion:   Dev-VR (D7296918-1DD6-4BDD-9DE2-64A83CC13884): 1
LogDevObjectVersion:   Dev-LoadTimes (C2A15278-BFE7-4AFE-6C17-90FF531DF755): 1
LogDevObjectVersion:   Private-Geometry (6EACA3D4-40EC-4CC1-B786-8BED09428FC5): 2
LogDevObjectVersion:   Dev-AnimPhys (29E575DD-E0A3-4627-9D10-D276232CDCEA): 16
LogDevObjectVersion:   Dev-ReflectionCapture (6B266CEC-1EC7-4B8F-A30B-E4D90942FC07): 1
LogDevObjectVersion:   Dev-Automation (0DF73D61-A23F-47EA-B727-89E90C41499A): 1
LogInit: Compiled (64-bit): Apr 27 2018 02:06:57
LogInit: Compiled with Visual C++: 19.00.24215.01
LogInit: Build Configuration: Development
LogInit: Branch Name: ++UE4+Release-4.19
LogInit: Command Line: -EpicPortal  -epicusername="Zarzebeu" -epicuserid=40f9c7f63b994bc29462f24cf3ddb4e5 -epiclocale=en-GB
LogInit: Base Directory: C:/Program Files/Epic Games/UE_4.19/Engine/Binaries/Win64/
LogInit: Installed Engine Build: 1
LogStreaming: Display: Took  0.003s to delete old logs.
LogInit: Presizing for max 8388607 objects, including 0 objects not considered by GC, pre-allocating 0 bytes for permanent pool.
LogInit: Object subsystem initialized
[2019.01.26-18.48.39:089][  0]LogInit: Selected Device Profile: [Windows]
[2019.01.26-18.48.39:089][  0]LogInit: Applying CVar settings loaded from the selected device profile: [Windows]
[2019.01.26-18.48.39:099][  0]LogInit: Computer: CTA-1B03-28
[2019.01.26-18.48.39:099][  0]LogInit: User: bc18aav
[2019.01.26-18.48.39:099][  0]LogInit: CPU Page size=4096, Cores=4
[2019.01.26-18.48.39:099][  0]LogInit: High frequency timer resolution =3.515625 MHz
[2019.01.26-18.48.39:099][  0]LogMemory: Memory total: Physical=15.9GB (16GB approx)
[2019.01.26-18.48.39:099][  0]LogMemory: Platform Memory Stats for Windows
[2019.01.26-18.48.39:099][  0]LogMemory: Process Physical Memory: 274.84 MB used, 274.84 MB peak
[2019.01.26-18.48.39:099][  0]LogMemory: Process Virtual Memory: 264.64 MB used, 264.64 MB peak
[2019.01.26-18.48.39:099][  0]LogMemory: Physical Memory: 8850.62 MB used,  7388.39 MB free, 16239.01 MB total
[2019.01.26-18.48.39:099][  0]LogMemory: Virtual Memory: 4791.92 MB used,  7388.39 MB free, 134217728.00 MB total
[2019.01.26-18.48.39:118][  0]LogInit: Using OS detected language (en-GB).
[2019.01.26-18.48.39:118][  0]LogInit: Using OS detected locale (en-GB).
[2019.01.26-18.48.39:122][  0]LogTextLocalizationManager: No specific localization for 'en-GB' exists, so the 'en' localization will be used.
[2019.01.26-18.48.39:540][  0]LogStreaming: Display: Took  0.422s to EndInitTextLocalization.
[2019.01.26-18.48.39:540][  0]LogInit: Setting process to per monitor DPI aware
[2019.01.26-18.48.39:584][  0]LogSlate: New Slate User Created.  User Index 0, Is Virtual User: 0
[2019.01.26-18.48.39:584][  0]LogSlate: Slate User Registered.  User Index 0, Is Virtual User: 0
[2019.01.26-18.48.39:816][  0]LogD3D11RHI: D3D11 adapters:
[2019.01.26-18.48.39:851][  0]LogD3D11RHI:    0. 'NVIDIA GeForce GTX 1050 Ti' (Feature Level 11_0)
[2019.01.26-18.48.39:851][  0]LogD3D11RHI:       4059/0/8119 MB DedicatedVideo/DedicatedSystem/SharedSystem, Outputs:1, VendorId:0x10de
[2019.01.26-18.48.39:863][  0]LogD3D11RHI:    1. 'Intel(R) HD Graphics 630' (Feature Level 11_0)
[2019.01.26-18.48.39:863][  0]LogD3D11RHI:       128/0/8119 MB DedicatedVideo/DedicatedSystem/SharedSystem, Outputs:1, VendorId:0x8086
[2019.01.26-18.48.39:866][  0]LogD3D11RHI:    2. 'Microsoft Basic Render Driver' (Feature Level 11_0)
[2019.01.26-18.48.39:866][  0]LogD3D11RHI:       0/0/8119 MB DedicatedVideo/DedicatedSystem/SharedSystem, Outputs:0, VendorId:0x1414
[2019.01.26-18.48.39:866][  0]LogD3D11RHI: Chosen D3D11 Adapter: 0
[2019.01.26-18.48.39:881][  0]LogD3D11RHI: Creating new Direct3DDevice
[2019.01.26-18.48.39:881][  0]LogD3D11RHI:     GPU DeviceId: 0x1c82 (for the marketing name, search the web for "GPU Device Id")
[2019.01.26-18.48.39:881][  0]LogWindows: EnumDisplayDevices:
[2019.01.26-18.48.39:881][  0]LogWindows:    0. 'NVIDIA GeForce GTX 1050 Ti' (P:1 D:1)
[2019.01.26-18.48.39:882][  0]LogWindows:    1. 'NVIDIA GeForce GTX 1050 Ti' (P:0 D:0)
[2019.01.26-18.48.39:882][  0]LogWindows:    2. 'NVIDIA GeForce GTX 1050 Ti' (P:0 D:0)
[2019.01.26-18.48.39:882][  0]LogWindows:    3. 'NVIDIA GeForce GTX 1050 Ti' (P:0 D:0)
[2019.01.26-18.48.39:882][  0]LogWindows:    4. 'Intel(R) HD Graphics 630' (P:0 D:1)
[2019.01.26-18.48.39:882][  0]LogWindows:    5. 'Intel(R) HD Graphics 630' (P:0 D:0)
[2019.01.26-18.48.39:883][  0]LogWindows:    6. 'Intel(R) HD Graphics 630' (P:0 D:0)
[2019.01.26-18.48.39:883][  0]LogWindows: DebugString: GetVideoDriverDetailsInvalid PrimaryIsNotTheChoosenAdapter GetVideoDriverDetailsInvalid PrimaryIsNotTheChoosenAdapter GetVideoDriverDetailsInvalid PrimaryIsNotTheChoosenAdapter GetVideoDriverDetailsInvalid PrimaryIsNotTheChoosenAdapter GetVideoDriverDetailsInvalid PrimaryIsNotTheChoosenAdapter GetVideoDriverDetailsInvalid PrimaryIsNotTheChoosenAdapter GetVideoDriverDetailsInvalid PrimaryIsNotTheChoosenAdapter FoundDriverCount:0 
[2019.01.26-18.48.39:883][  0]LogD3D11RHI:     Adapter Name: NVIDIA GeForce GTX 1050 Ti
[2019.01.26-18.48.39:883][  0]LogD3D11RHI:   Driver Version: Unknown (internal:Unknown, unified:Unknown)
[2019.01.26-18.48.39:883][  0]LogD3D11RHI:      Driver Date: Unknown
[2019.01.26-18.48.39:883][  0]LogRHI: Texture pool is 2841 MB (70% of 4059 MB)
[2019.01.26-18.48.39:907][  0]LogD3D11RHI: [Aftermath] Aftermath enabled but failed to initialize
[2019.01.26-18.48.39:907][  0]LogD3D11RHI: [Aftermath] Aftermath enabled and primed
[2019.01.26-18.48.39:907][  0]LogD3D11RHI: Async texture creation enabled
[2019.01.26-18.48.39:918][  0]LogD3D11RHI: GPU Timing Frequency: 1000.000000 (Debug: 2 1)
[2019.01.26-18.48.39:968][  0]LogShaderCompilers: Guid format shader working directory is -8 characters bigger than the processId version (../../../../../../Users/bc18aav/Desktop/BirdsOfAFeather/Intermediate/Shaders/WorkingDirectory/16704/).
[2019.01.26-18.48.39:968][  0]LogShaderCompilers: Cleaned the shader compiler working directory 'C:/Users/bc18aav/AppData/Local/Temp/UnrealShaderWorkingDir/AC9F382F4B4D61C42B9C6F9DFC52CE71/'.
[2019.01.26-18.48.40:209][  0]LogTemp: Display: Loaded TP AllDesktopTargetPlatform
[2019.01.26-18.48.40:221][  0]LogTemp: Display: Loaded TP MacClientTargetPlatform
[2019.01.26-18.48.40:236][  0]LogTemp: Display: Loaded TP MacNoEditorTargetPlatform
[2019.01.26-18.48.40:251][  0]LogTemp: Display: Loaded TP MacServerTargetPlatform
[2019.01.26-18.48.40:267][  0]LogTemp: Display: Loaded TP MacTargetPlatform
[2019.01.26-18.48.40:279][  0]LogTemp: Display: Loaded TP WindowsClientTargetPlatform
[2019.01.26-18.48.40:291][  0]LogTemp: Display: Loaded TP WindowsNoEditorTargetPlatform
[2019.01.26-18.48.40:305][  0]LogTemp: Display: Loaded TP WindowsServerTargetPlatform
[2019.01.26-18.48.40:311][  0]LogTemp: Display: Loaded TP WindowsTargetPlatform
[2019.01.26-18.48.40:321][  0]LogTemp: Display: Loaded TP Android_ASTCTargetPlatform
[2019.01.26-18.48.40:333][  0]LogTemp: Display: Loaded TP Android_ATCTargetPlatform
[2019.01.26-18.48.40:343][  0]LogTemp: Display: Loaded TP Android_DXTTargetPlatform
[2019.01.26-18.48.40:353][  0]LogTemp: Display: Loaded TP Android_ETC1aTargetPlatform
[2019.01.26-18.48.40:366][  0]LogTemp: Display: Loaded TP Android_ETC1TargetPlatform
[2019.01.26-18.48.40:376][  0]LogTemp: Display: Loaded TP Android_ETC2TargetPlatform
[2019.01.26-18.48.40:399][  0]LogTemp: Display: Loaded TP Android_MultiTargetPlatform
[2019.01.26-18.48.40:399][  0]LogTemp: Display: Loaded TP Android_PVRTCTargetPlatform
[2019.01.26-18.48.40:409][  0]LogTemp: Display: Loaded TP AndroidTargetPlatform
[2019.01.26-18.48.40:411][  0]LogTemp: Display: Loaded TP HTML5TargetPlatform
[2019.01.26-18.48.40:448][  0]LogTemp: Display: Loaded TP IOSTargetPlatform
[2019.01.26-18.48.40:459][  0]LogTemp: Display: Loaded TP TVOSTargetPlatform
[2019.01.26-18.48.40:473][  0]LogTemp: Display: Loaded TP LinuxClientTargetPlatform
[2019.01.26-18.48.40:483][  0]LogTemp: Display: Loaded TP LinuxNoEditorTargetPlatform
[2019.01.26-18.48.40:494][  0]LogTemp: Display: Loaded TP LinuxServerTargetPlatform
[2019.01.26-18.48.40:507][  0]LogTemp: Display: Loaded TP LinuxTargetPlatform
[2019.01.26-18.48.40:508][  0]LogTargetPlatformManager: Display: Building Assets For Windows
[2019.01.26-18.48.40:647][  0]LogXGEController: Cannot use XGE Controller as Incredibuild is not installed on this machine.
[2019.01.26-18.48.40:647][  0]LogShaderCompilers: Cannot use XGE Shader Compiler as Incredibuild is not installed on this machine.
[2019.01.26-18.48.40:647][  0]LogShaderCompilers: Display: Using Local Shader Compiler.
[2019.01.26-18.48.41:374][  0]LogDerivedDataCache: Display: Max Cache Size: 512 MB
[2019.01.26-18.48.41:452][  0]LogDerivedDataCache: Loaded boot cache 0.08s 74MB C:/Users/bc18aav/AppData/Local/UnrealEngine/4.19/DerivedDataCache/Boot.ddc.
[2019.01.26-18.48.41:452][  0]LogDerivedDataCache: Display: Loaded Boot cache: C:/Users/bc18aav/AppData/Local/UnrealEngine/4.19/DerivedDataCache/Boot.ddc
[2019.01.26-18.48.41:452][  0]LogDerivedDataCache: FDerivedDataBackendGraph:  Pak pak cache file ../../../../../../Users/bc18aav/Desktop/BirdsOfAFeather/DerivedDataCache/DDC.ddp not found, will not use a pak cache.
[2019.01.26-18.48.41:452][  0]LogDerivedDataCache: Unable to find inner node Pak for hierarchical cache Hierarchy.
[2019.01.26-18.48.41:452][  0]LogDerivedDataCache: FDerivedDataBackendGraph:  CompressedPak pak cache file ../../../../../../Users/bc18aav/Desktop/BirdsOfAFeather/DerivedDataCache/Compressed.ddp not found, will not use a pak cache.
[2019.01.26-18.48.41:452][  0]LogDerivedDataCache: Unable to find inner node CompressedPak for hierarchical cache Hierarchy.
[2019.01.26-18.48.41:466][  0]LogDerivedDataCache: Display: Pak cache opened for reading ../../../Engine/DerivedDataCache/Compressed.ddp.
[2019.01.26-18.48.41:479][  0]LogDerivedDataCache: Using Local data cache path C:/Users/bc18aav/AppData/Local/UnrealEngine/Common/DerivedDataCache: Writable
[2019.01.26-18.48.41:479][  0]LogDerivedDataCache: Shared data cache path not found in *engine.ini, will not use an Shared cache.
[2019.01.26-18.48.41:479][  0]LogDerivedDataCache: Unable to find inner node Shared for hierarchical cache Hierarchy.
[2019.01.26-18.48.41:490][  0]LogMaterial: Verifying Global Shaders for PCD3D_SM5
[2019.01.26-18.48.41:490][  0]LogSlate: Using Freetype 2.6.0
[2019.01.26-18.48.41:490][  0]LogSlate: SlateFontCache - WITH_FREETYPE: 1, WITH_HARFBUZZ: 1
[2019.01.26-18.48.41:491][  0]LogSlate: SlateFontCache - WITH_FREETYPE: 1, WITH_HARFBUZZ: 1
[2019.01.26-18.48.41:633][  0]LogAssetRegistry: FAssetRegistry took 0.0256 seconds to start up
[2019.01.26-18.48.41:970][  0]LogInit: Selected Device Profile: [Windows]
[2019.01.26-18.48.42:138][  0]LogSimplygon: Simplygon DLL not present - disabling.
[2019.01.26-18.48.42:141][  0]LogMeshReduction: Using SimplygonSwarm for distributed automatic mesh merging
[2019.01.26-18.48.42:141][  0]LogMeshReduction: Using QuadricMeshReduction for automatic static mesh reduction
[2019.01.26-18.48.42:141][  0]LogMeshReduction: No automatic skeletal mesh reduction module available
[2019.01.26-18.48.42:141][  0]LogMeshReduction: No automatic mesh merging module available
[2019.01.26-18.48.42:141][  0]LogMeshMerging: No automatic mesh merging module available
[2019.01.26-18.48.42:181][  0]LogNetVersion: BirdsOfAFeather , NetCL: 3944462, EngineNetVer: 2, GameNetVer: 0 (Checksum: 2130924952)
[2019.01.26-18.48.42:657][  0]LogPackageLocalizationCache: Processed 10 localized package path(s) for 2 prioritized culture(s) in 0.095017 seconds
[2019.01.26-18.48.42:667][  0]LogUObjectArray: 36728 objects as part of root set at end of initial load.
[2019.01.26-18.48.42:667][  0]LogUObjectAllocator: 7314304 out of 0 bytes used by permanent object pool.
[2019.01.26-18.48.42:667][  0]LogUObjectArray: CloseDisregardForGC: 0/0 objects in disregard for GC pool
[2019.01.26-18.48.44:460][  0]LogTcpMessaging: Initializing TcpMessaging bridge
[2019.01.26-18.48.44:499][  0]LogUdpMessaging: Initializing bridge on interface 0.0.0.0:0 to multicast group 230.0.0.1:6666.
[2019.01.26-18.48.44:969][  0]SourceControl: Source control is disabled
[2019.01.26-18.48.44:969][  0]SourceControl: Source control is disabled
[2019.01.26-18.48.44:994][  0]SourceControl: Source control is disabled
[2019.01.26-18.48.45:022][  0]SourceControl: Source control is disabled
[2019.01.26-18.48.45:636][  0]LogAndroidPermission: UAndroidPermissionCallbackProxy::GetInstance
[2019.01.26-18.48.45:819][  0]LogHoudiniEngine: Starting the Houdini Engine module.
[2019.01.26-18.48.45:820][  0]LogHoudiniEngine: Loaded libHAPIL.dll from HFS environment path C:/PROGRA~1/SIDEEF~1/HOUDIN~1.439/bin
[2019.01.26-18.48.45:821][  0]LogLinker: Warning: Asset '../../Plugins/Runtime/HoudiniEngine/Content/houdini_logo.uasset' has been saved with empty engine version. The asset will be loaded but may be incompatible.
[2019.01.26-18.48.45:823][  0]LogLinker: Warning: Asset '../../Plugins/Runtime/HoudiniEngine/Content/houdini_default_material.uasset' has been saved with empty engine version. The asset will be loaded but may be incompatible.
[2019.01.26-18.48.45:827][  0]LogLinker: Warning: Asset '../../Plugins/Runtime/HoudiniEngine/Content/houdini_bgeo_import.uasset' has been saved with empty engine version. The asset will be loaded but may be incompatible.
[2019.01.26-18.48.47:228][  0]LogHoudiniEngine: Successfully intialized the Houdini Engine API module.
[2019.01.26-18.48.47:293][  0]LogOcInput: OculusInput pre-init called
[2019.01.26-18.48.47:428][  0]LogEngine: Initializing Engine...
[2019.01.26-18.48.47:431][  0]LogHMD: Failed to initialize OpenVR with code 110
[2019.01.26-18.48.47:433][  0]LogStats: UGameplayTagsManager::ConstructGameplayTagTree: Construct from data asset -  0.000 s
[2019.01.26-18.48.47:433][  0]LogStats: UGameplayTagsManager::ConstructGameplayTagTree: GameplayTagTreeChangedEvent.Broadcast -  0.000 s
[2019.01.26-18.48.47:705][  0]LogAIModule: Creating AISystem for world Untitled
[2019.01.26-18.48.47:792][  0]LogInit: XAudio2 using 'Speakers (Realtek High Definition Audio)' : 2 channels at 48 kHz using 32 bits per sample (channel mask 0x3)
[2019.01.26-18.48.47:814][  0]LogInit: FAudioDevice initialized.
[2019.01.26-18.48.47:909][  0]LogDerivedDataCache: Saved boot cache 0.09s 74MB C:/Users/bc18aav/AppData/Local/UnrealEngine/4.19/DerivedDataCache/Boot.ddc.
[2019.01.26-18.48.47:926][  0]LogInit: Texture streaming: Enabled
[2019.01.26-18.48.47:950][  0]LogEngineSessionManager: EngineSessionManager initialized
[2019.01.26-18.48.47:972][  0]LogInit: Transaction tracking system initialized
[2019.01.26-18.48.48:008][  0]BlueprintLog: New page: Editor Load
[2019.01.26-18.48.48:118][  0]LocalizationService: Localization service is disabled
[2019.01.26-18.48.48:248][  0]LogConsoleResponse: Display: 
[2019.01.26-18.48.48:414][  0]LogAutoReimportManager: Warning: Unable to watch directory ../../../../../../Users/bc18aav/Desktop/BirdsOfAFeather/Content/ as it will conflict with another watching ../../../../../../Users/bc18aav/Desktop/BirdsOfAFeather/Content/.
[2019.01.26-18.48.48:426][  0]LogCook: Display: Max memory allowance for cook 16384mb min free memory 0mb
[2019.01.26-18.48.48:426][  0]LogCook: Display: Mobile HDR setting 1
[2019.01.26-18.48.48:426][  0]LogGameplayTags: Display: UGameplayTagsManager::DoneAddingNativeTags. DelegateIsBound: 0
[2019.01.26-18.48.48:426][  0]LogStats: UGameplayTagsManager::ConstructGameplayTagTree: Construct from data asset -  0.000 s
[2019.01.26-18.48.48:426][  0]LogStats: UGameplayTagsManager::ConstructGameplayTagTree: GameplayTagTreeChangedEvent.Broadcast -  0.000 s
[2019.01.26-18.48.48:441][  0]LogFileCache: Scanning file cache for directory 'C:/Users/bc18aav/Desktop/BirdsOfAFeather/Content/' took 0.02s
[2019.01.26-18.48.48:911][  0]LogHoudiniEngineEditor: Starting the Houdini Engine Editor module.
[2019.01.26-18.48.48:976][  0]SourceControl: Source control is disabled
[2019.01.26-18.48.48:976][  0]Cmd: MAP LOAD FILE="../../../Engine/Content/Maps/Templates/Template_Default.umap" TEMPLATE=1 SHOWPROGRESS=1 FEATURELEVEL=3
[2019.01.26-18.48.48:976][  0]LightingResults: New page: Lighting Build
[2019.01.26-18.48.48:979][  0]MapCheck: New page: Map Check
[2019.01.26-18.48.48:979][  0]LightingResults: New page: Lighting Build
[2019.01.26-18.48.49:176][  0]LogAIModule: Creating AISystem for world Untitled_1
[2019.01.26-18.48.49:183][  0]LogEditorServer: Finished looking for orphan Actors (0.000 secs)
[2019.01.26-18.48.49:197][  0]Cmd: MAP CHECKDEP NOCLEARLOG
[2019.01.26-18.48.49:274][  0]MapCheck: Map check complete: 0 Error(s), 0 Warning(s), took 77.406ms to complete.
[2019.01.26-18.48.49:274][  0]LogFileHelpers: Loading map 'Template_Default' took 0.299
[2019.01.26-18.48.49:446][  0]LogCollectionManager: Loaded 0 collections in 0.002105 seconds
[2019.01.26-18.48.49:497][  0]LogFileCache: Scanning file cache for directory 'C:/Users/bc18aav/Desktop/BirdsOfAFeather/Saved/Collections/' took 0.01s
[2019.01.26-18.48.49:498][  0]LogFileCache: Scanning file cache for directory 'C:/Users/bc18aav/Desktop/BirdsOfAFeather/Content/Developers/bc18aav/Collections/' took 0.01s
[2019.01.26-18.48.49:498][  0]LogFileCache: Scanning file cache for directory 'C:/Users/bc18aav/Desktop/BirdsOfAFeather/Content/Collections/' took 0.01s
[2019.01.26-18.48.49:498][  0]LogCollectionManager: Rebuilt the GUID cache for 0 collections in 0.000001 seconds
[2019.01.26-18.48.49:508][  0]LogContentBrowser: Native class hierarchy populated in 0.0104 seconds. Added 2486 classes and 565 folders.
[2019.01.26-18.48.49:517][  0]LogContentBrowser: Native class hierarchy updated for 'WidgetCarousel' in 0.0004 seconds. Added 0 classes and 0 folders.
[2019.01.26-18.48.49:582][  0]LogContentBrowser: Native class hierarchy updated for 'AddContentDialog' in 0.0004 seconds. Added 0 classes and 0 folders.
[2019.01.26-18.48.49:589][  0]LogContentBrowser: Native class hierarchy updated for 'SceneOutliner' in 0.0004 seconds. Added 1 classes and 2 folders.
[2019.01.26-18.48.49:613][  0]LogSlate: Took 0.000473 seconds to synchronously load lazily loaded font '../../../Engine/Content/Slate/Fonts/Roboto-Regular.ttf' (155K)
[2019.01.26-18.48.49:616][  0]LogSlate: Took 0.000572 seconds to synchronously load lazily loaded font '../../../Engine/Content/Slate/Fonts/Roboto-Bold.ttf' (160K)
[2019.01.26-18.48.49:625][  0]LogSlate: Took 0.000626 seconds to synchronously load lazily loaded font '../../../Engine/Content/Editor/Slate/Fonts/FontAwesome.ttf' (139K)
[2019.01.26-18.48.49:740][  0]LogRenderer: Reallocating scene render targets to support 1208x576 Format 10 NumSamples 1 (Frame:1).
[2019.01.26-18.48.49:946][  0]LogSlate: FSceneViewport::OnFocusLost() reason 2
[2019.01.26-18.48.49:970][  0]LogSlate: Window 'Tutorials' being destroyed
[2019.01.26-18.48.50:005][  0]LogContentBrowser: Native class hierarchy updated for 'HierarchicalLODOutliner' in 0.0002 seconds. Added 0 classes and 0 folders.
[2019.01.26-18.48.50:005][  0]LogLoad: (Engine Initialization) Total time: 14.13 seconds
[2019.01.26-18.48.50:005][  0]LogLoad: (Engine Initialization) Total Blueprint compile time: 0.00 seconds
[2019.01.26-18.48.50:016][  0]LogWindowsTextInputMethodSystem: Display: IME system now deactivated.
[2019.01.26-18.48.50:052][  0]LogContentStreaming: Texture pool size now 1000 MB
[2019.01.26-18.48.50:103][  0]LogSlate: Took 0.000172 seconds to synchronously load lazily loaded font '../../../Engine/Content/Slate/Fonts/Roboto-Light.ttf' (167K)
[2019.01.26-18.48.50:126][  1]LogAssetRegistry: Asset discovery search completed in 8.5152 seconds
[2019.01.26-18.48.50:128][  1]LogCollectionManager: Rebuilt the object cache for 0 collections in 0.000000 seconds (found 0 objects)
[2019.01.26-18.48.50:128][  1]LogCollectionManager: Fixed up redirectors for 0 collections in 0.000050 seconds (updated 0 objects)
[2019.01.26-18.48.55:117][553]LogFileCache: Retrieving MD5 hashes for directory 'C:/Users/bc18aav/Desktop/BirdsOfAFeather/Content/' took 5.09s
[2019.01.26-18.48.58:835][972]LogSlate: FSceneViewport::OnFocusLost() reason 0
[2019.01.26-18.49.01:627][252]LogSlate: Took 0.000210 seconds to synchronously load lazily loaded font '../../../Engine/Content/Slate/Fonts/Roboto-Light.ttf' (167K)
[2019.01.26-18.49.01:671][252]LogUObjectGlobals: Created PersistentFrame Addr=0x0000029d5a42c800, Size=1232, Default__BP_Bird_C Function /Game/Character_BPs/BP_Bird.BP_Bird_C:ExecuteUbergraph_BP_Bird
[2019.01.26-18.49.01:694][252]LogUObjectGlobals: Created PersistentFrame Addr=0x0000029d1b92b9c0, Size=40, Default__CreditsHUD_C Function /Game/Hud/CreditsHUD.CreditsHUD_C:ExecuteUbergraph_CreditsHUD
[2019.01.26-18.49.01:694][252]LogUObjectGlobals: Created PersistentFrame Addr=0x0000029d1b8e27f0, Size=72, Default__MainMenuHUD_C Function /Game/Hud/MainMenuHUD.MainMenuHUD_C:ExecuteUbergraph_MainMenuHUD
[2019.01.26-18.49.01:735][252]LogUObjectGlobals: Destroyed PersistentFrame Addr=0x0000029d1b92b9c0, Size=40
[2019.01.26-18.49.01:735][252]LogUObjectGlobals: Created PersistentFrame Addr=0x0000029d5c116cc8, Size=40, Default__CreditsHUD_C Function /Engine/Transient.REINST_CreditsHUD_C_1:ExecuteUbergraph_CreditsHUD
[2019.01.26-18.49.01:736][252]LogUObjectGlobals: Destroyed PersistentFrame Addr=0x0000029d1b8e27f0, Size=72
[2019.01.26-18.49.01:736][252]LogUObjectGlobals: Created PersistentFrame Addr=0x0000029d00da4950, Size=72, Default__MainMenuHUD_C Function /Engine/Transient.REINST_MainMenuHUD_C_2:ExecuteUbergraph_MainMenuHUD
[2019.01.26-18.49.01:737][252]LogUObjectGlobals: Destroyed PersistentFrame Addr=0x0000029d5a42c800, Size=1232
[2019.01.26-18.49.01:737][252]LogUObjectGlobals: Created PersistentFrame Addr=0x0000029d00e2a400, Size=1232, Default__BP_Bird_C Function /Engine/Transient.REINST_BP_Bird_C_5:ExecuteUbergraph_BP_Bird
[2019.01.26-18.49.01:755][252]LogUObjectGlobals: Created PersistentFrame Addr=0x0000029d5c117d80, Size=40, Default__CreditsHUD_C Function /Game/Hud/CreditsHUD.CreditsHUD_C:ExecuteUbergraph_CreditsHUD
[2019.01.26-18.49.01:756][252]LogUObjectGlobals: Created PersistentFrame Addr=0x0000029d00e346d0, Size=72, Default__MainMenuHUD_C Function /Game/Hud/MainMenuHUD.MainMenuHUD_C:ExecuteUbergraph_MainMenuHUD
[2019.01.26-18.49.01:761][252]LogUObjectGlobals: Created PersistentFrame Addr=0x0000029d00f62b00, Size=1232, Default__BP_Bird_C Function /Game/Character_BPs/BP_Bird.BP_Bird_C:ExecuteUbergraph_BP_Bird
[2019.01.26-18.49.01:803][252]LogUObjectGlobals: Created PersistentFrame Addr=0x0000029d00f6f120, Size=200, Default__BP_Thorn_C Function /Game/Prop_BPs/BP_Thorn.BP_Thorn_C:ExecuteUbergraph_BP_Thorn
[2019.01.26-18.49.01:805][252]LogUObjectGlobals: Destroyed PersistentFrame Addr=0x0000029d00f6f120, Size=200
[2019.01.26-18.49.01:805][252]LogUObjectGlobals: Created PersistentFrame Addr=0x0000029d00f6f120, Size=200, Default__BP_Thorn_C Function /Engine/Transient.REINST_BP_Thorn_C_12:ExecuteUbergraph_BP_Thorn
[2019.01.26-18.49.01:806][252]LogUObjectGlobals: Created PersistentFrame Addr=0x0000029d00f6dde0, Size=200, Default__BP_Thorn_C Function /Game/Prop_BPs/BP_Thorn.BP_Thorn_C:ExecuteUbergraph_BP_Thorn
[2019.01.26-18.49.02:015][252]LogAIModule: Creating AISystem for world Level2_V2
[2019.01.26-18.49.02:119][252]LogUObjectGlobals: Destroyed PersistentFrame Addr=0x0000029d00da4950, Size=72
[2019.01.26-18.49.02:119][252]LogUObjectGlobals: Destroyed PersistentFrame Addr=0x0000029d5c116cc8, Size=40
[2019.01.26-18.49.02:119][252]LogUObjectGlobals: Destroyed PersistentFrame Addr=0x0000029d00e2a400, Size=1232
[2019.01.26-18.49.02:119][252]LogUObjectGlobals: Destroyed PersistentFrame Addr=0x0000029d00f6f120, Size=200
[2019.01.26-18.49.02:122][252]Cmd: MAP LOAD FILE="../../../../../../Users/bc18aav/Desktop/BirdsOfAFeather/Content/Maps/Level2_V2.umap" TEMPLATE=0 SHOWPROGRESS=1 FEATURELEVEL=3
[2019.01.26-18.49.02:122][252]LightingResults: New page: Lighting Build
[2019.01.26-18.49.02:122][252]LoadErrors: New page: Loading map: Level2_V2.umap
[2019.01.26-18.49.02:123][252]MapCheck: New page: Map Check
[2019.01.26-18.49.02:123][252]LightingResults: New page: Lighting Build
[2019.01.26-18.49.02:285][252]LogEditorServer: Finished looking for orphan Actors (0.000 secs)
[2019.01.26-18.49.02:327][252]Cmd: MAP CHECKDEP NOCLEARLOG
[2019.01.26-18.49.02:414][252]MapCheck: Map check complete: 0 Error(s), 0 Warning(s), took 87.029ms to complete.
[2019.01.26-18.49.02:414][252]LogFileHelpers: Loading map 'Level2_V2' took 0.293
[2019.01.26-18.49.08:921][676]LogAIModule: Creating AISystem for world Level2_V3
[2019.01.26-18.49.13:674][776]Cmd: OBJ SAVEPACKAGE PACKAGE="/Game/Maps/Level2_V3" FILE="../../../../../../Users/bc18aav/Desktop/BirdsOfAFeather/Content/Maps/Level2_V3.umap" SILENT=true AUTOSAVING=false KEEPDIRTY=false
[2019.01.26-18.49.14:338][776]LogSavePackage: Save=476.28ms
[2019.01.26-18.49.14:338][776]LogSavePackage: Moving '../../../../../../Users/bc18aav/Desktop/BirdsOfAFeather/Saved/Level2_V345E71D1349E9752DAD867DB47DE01425.tmp' to '../../../../../../Users/bc18aav/Desktop/BirdsOfAFeather/Content/Maps/Level2_V3.umap'
[2019.01.26-18.49.14:341][776]LogSavePackage: Display: Finished SavePackage ../../../../../../Users/bc18aav/Desktop/BirdsOfAFeather/Content/Maps/Level2_V3.umap
[2019.01.26-18.49.14:416][776]LogFileHelpers: Saving map 'Level2_V3' took 0.831
[2019.01.26-18.49.15:078][794]LogSlate: Window 'BirdsOfAFeather - Unreal Editor' being destroyed
[2019.01.26-18.49.15:079][794]LogWindowsTextInputMethodSystem: Display: IME system now deactivated.
[2019.01.26-18.49.15:283][795]Cmd: QUIT_EDITOR
[2019.01.26-18.49.15:326][795]LogSlate: Slate User Destroyed.  User Index 0, Is Virtual User: 0
[2019.01.26-18.49.15:327][795]LogExit: Preparing to exit.
[2019.01.26-18.49.15:591][795]LogDirectoryWatcher: A directory notification for 'C:/Users/bc18aav/Desktop/BirdsOfAFeather/Content/' was aborted.
[2019.01.26-18.49.15:707][795]LogExit: Editor shut down
[2019.01.26-18.49.15:710][795]LogExit: Transaction tracking system shut down
[2019.01.26-18.49.15:712][795]LogUObjectGlobals: Destroyed PersistentFrame Addr=0x0000029d5c117d80, Size=40
[2019.01.26-18.49.15:713][795]LogUObjectGlobals: Destroyed PersistentFrame Addr=0x0000029d00e346d0, Size=72
[2019.01.26-18.49.15:713][795]LogUObjectGlobals: Destroyed PersistentFrame Addr=0x0000029d00f62b00, Size=1232
[2019.01.26-18.49.15:713][795]LogUObjectGlobals: Destroyed PersistentFrame Addr=0x0000029d00f6dde0, Size=200
[2019.01.26-18.49.15:858][795]LogDirectoryWatcher: A directory notification for '../../../Engine/Content/' was aborted.
[2019.01.26-18.49.15:858][795]LogDirectoryWatcher: A directory notification for '../../../../../../Users/bc18aav/Desktop/BirdsOfAFeather/Content/' was aborted.
[2019.01.26-18.49.15:858][795]LogDirectoryWatcher: A directory notification for '../../Plugins/2D/Paper2D/Content/' was aborted.
[2019.01.26-18.49.15:858][795]LogDirectoryWatcher: A directory notification for '../../Plugins/Enterprise/DatasmithContent/Content/' was aborted.
[2019.01.26-18.49.15:858][795]LogDirectoryWatcher: A directory notification for '../../Plugins/Media/MediaCompositing/Content/' was aborted.
[2019.01.26-18.49.15:859][795]LogDirectoryWatcher: A directory notification for '../../Plugins/Runtime/AppleARKit/Content/' was aborted.
[2019.01.26-18.49.15:859][795]LogDirectoryWatcher: A directory notification for '../../Plugins/Runtime/HoudiniEngine/Content/' was aborted.
[2019.01.26-18.49.15:859][795]LogDirectoryWatcher: A directory notification for '../../Plugins/Runtime/Oculus/OculusVR/Content/' was aborted.
[2019.01.26-18.49.15:859][795]LogDirectoryWatcher: A directory notification for '../../Plugins/Runtime/Steam/SteamVR/Content/' was aborted.
[2019.01.26-18.49.15:940][795]LogExit: Object subsystem successfully closed.
[2019.01.26-18.49.16:097][795]LogShaderCompilers: Display: Shaders left to compile 0
[2019.01.26-18.49.16:132][795]LogD3D11RHI: Shutdown
[2019.01.26-18.49.16:132][795]LogD3D11RHI: CleanupD3DDevice
[2019.01.26-18.49.16:191][795]LogD3D11RHI: ~FD3D11DynamicRHI
[2019.01.26-18.49.16:222][795]LogModuleManager: Shutting down and abandoning module HierarchicalLODOutliner (580)
[2019.01.26-18.49.16:222][795]LogModuleManager: Shutting down and abandoning module SceneOutliner (578)
[2019.01.26-18.49.16:222][795]LogModuleManager: Shutting down and abandoning module AddContentDialog (576)
[2019.01.26-18.49.16:222][795]LogDirectoryWatcher: A directory notification for 'C:/Program Files/Epic Games/UE_4.19/FeaturePacks/' was aborted.
[2019.01.26-18.49.16:223][795]LogModuleManager: Shutting down and abandoning module WidgetCarousel (575)
[2019.01.26-18.49.16:223][795]LogModuleManager: Shutting down and abandoning module EditorWidgets (572)
[2019.01.26-18.49.16:223][795]LogModuleManager: Shutting down and abandoning module CollectionManager (570)
[2019.01.26-18.49.16:223][795]LogDirectoryWatcher: A directory notification for 'C:/Users/bc18aav/Desktop/BirdsOfAFeather/Content/Collections/' was aborted.
[2019.01.26-18.49.16:223][795]LogDirectoryWatcher: A directory notification for 'C:/Users/bc18aav/Desktop/BirdsOfAFeather/Content/Developers/bc18aav/Collections/' was aborted.
[2019.01.26-18.49.16:223][795]LogDirectoryWatcher: A directory notification for 'C:/Users/bc18aav/Desktop/BirdsOfAFeather/Saved/Collections/' was aborted.
[2019.01.26-18.49.16:223][795]LogModuleManager: Shutting down and abandoning module HierarchicalLODUtilities (568)
[2019.01.26-18.49.16:223][795]LogModuleManager: Shutting down and abandoning module StatsViewer (566)
[2019.01.26-18.49.16:223][795]LogModuleManager: Shutting down and abandoning module FoliageEdit (564)
[2019.01.26-18.49.16:223][795]LogModuleManager: Shutting down and abandoning module LandscapeEditor (562)
[2019.01.26-18.49.16:223][795]LogModuleManager: Shutting down and abandoning module MeshPaintMode (560)
[2019.01.26-18.49.16:223][795]LogModuleManager: Shutting down and abandoning module SceneDepthPickerMode (558)
[2019.01.26-18.49.16:223][795]LogModuleManager: Shutting down and abandoning module ActorPickerMode (556)
[2019.01.26-18.49.16:223][795]LogModuleManager: Shutting down and abandoning module GeometryMode (554)
[2019.01.26-18.49.16:223][795]LogModuleManager: Shutting down and abandoning module TextureAlignMode (552)
[2019.01.26-18.49.16:223][795]LogModuleManager: Shutting down and abandoning module BspMode (550)
[2019.01.26-18.49.16:223][795]LogModuleManager: Shutting down and abandoning module PIEPreviewDeviceProfileSelector (548)
[2019.01.26-18.49.16:223][795]LogModuleManager: Shutting down and abandoning module HardwareSurvey (546)
[2019.01.26-18.49.16:223][795]LogModuleManager: Shutting down and abandoning module SequenceRecorderSections (544)
[2019.01.26-18.49.16:223][795]LogModuleManager: Shutting down and abandoning module AutomationWorker (542)
[2019.01.26-18.49.16:223][795]LogModuleManager: Shutting down and abandoning module HoudiniEngineEditor (540)
[2019.01.26-18.49.16:223][795]LogHoudiniEngineEditor: Shutting down the Houdini Engine Editor module.
[2019.01.26-18.49.16:223][795]LogModuleManager: Shutting down and abandoning module AudioCaptureEditor (538)
[2019.01.26-18.49.16:223][795]LogModuleManager: Shutting down and abandoning module SequenceRecorder (537)
[2019.01.26-18.49.16:223][795]LogModuleManager: Shutting down and abandoning module MatineeToLevelSequence (534)
[2019.01.26-18.49.16:223][795]LogModuleManager: Shutting down and abandoning module LevelSequenceEditor (532)
[2019.01.26-18.49.16:223][795]LogModuleManager: Shutting down and abandoning module PlacementMode (531)
[2019.01.26-18.49.16:223][795]LogModuleManager: Shutting down and abandoning module MaterialEditor (530)
[2019.01.26-18.49.16:224][795]LogModuleManager: Shutting down and abandoning module WmfMediaFactory (526)
[2019.01.26-18.49.16:224][795]LogModuleManager: Shutting down and abandoning module WmfMediaEditor (524)
[2019.01.26-18.49.16:224][795]LogModuleManager: Shutting down and abandoning module MediaPlayerEditor (522)
[2019.01.26-18.49.16:224][795]LogModuleManager: Shutting down and abandoning module OpenExrWrapper (520)
[2019.01.26-18.49.16:224][795]LogModuleManager: Shutting down and abandoning module ImgMediaFactory (518)
[2019.01.26-18.49.16:224][795]LogModuleManager: Shutting down and abandoning module ImgMediaEditor (516)
[2019.01.26-18.49.16:224][795]LogModuleManager: Shutting down and abandoning module AvfMediaFactory (514)
[2019.01.26-18.49.16:224][795]LogModuleManager: Shutting down and abandoning module AvfMediaEditor (512)
[2019.01.26-18.49.16:224][795]LogModuleManager: Shutting down and abandoning module AndroidMediaFactory (510)
[2019.01.26-18.49.16:224][795]LogModuleManager: Shutting down and abandoning module AndroidMediaEditor (508)
[2019.01.26-18.49.16:224][795]LogModuleManager: Shutting down and abandoning module CharacterAI (506)
[2019.01.26-18.49.16:224][795]LogModuleManager: Shutting down and abandoning module SmartSnapping (504)
[2019.01.26-18.49.16:224][795]LogModuleManager: Shutting down and abandoning module SessionServices (502)
[2019.01.26-18.49.16:224][795]LogModuleManager: Shutting down and abandoning module ViewportSnapping (500)
[2019.01.26-18.49.16:224][795]LogModuleManager: Shutting down and abandoning module ViewportInteraction (498)
[2019.01.26-18.49.16:224][795]LogModuleManager: Shutting down and abandoning module ClothPainter (496)
[2019.01.26-18.49.16:224][795]LogModuleManager: Shutting down and abandoning module SkeletalMeshEditor (495)
[2019.01.26-18.49.16:224][795]LogModuleManager: Shutting down and abandoning module LogVisualizer (492)
[2019.01.26-18.49.16:224][795]LogModuleManager: Shutting down and abandoning module IntroTutorials (490)
[2019.01.26-18.49.16:224][795]LogModuleManager: Shutting down and abandoning module GameProjectGeneration (489)
[2019.01.26-18.49.16:224][795]LogModuleManager: Shutting down and abandoning module IOSPlatformEditor (486)
[2019.01.26-18.49.16:224][795]LogModuleManager: Shutting down and abandoning module HTML5PlatformEditor (484)
[2019.01.26-18.49.16:224][795]LogModuleManager: Shutting down and abandoning module AndroidPlatformEditor (482)
[2019.01.26-18.49.16:224][795]LogModuleManager: Shutting down and abandoning module AndroidDeviceDetection (481)
[2019.01.26-18.49.17:217][795]LogModuleManager: Shutting down and abandoning module WindowsPlatformEditor (478)
[2019.01.26-18.49.17:217][795]LogModuleManager: Shutting down and abandoning module IOSRuntimeSettings (476)
[2019.01.26-18.49.17:217][795]LogModuleManager: Shutting down and abandoning module AndroidRuntimeSettings (474)
[2019.01.26-18.49.17:217][795]LogModuleManager: Shutting down and abandoning module InputBindingEditor (472)
[2019.01.26-18.49.17:217][795]LogModuleManager: Shutting down and abandoning module MergeActors (470)
[2019.01.26-18.49.17:217][795]LogModuleManager: Shutting down and abandoning module LocalizationDashboard (468)
[2019.01.26-18.49.17:217][795]LogModuleManager: Shutting down and abandoning module LocalizationService (467)
[2019.01.26-18.49.17:218][795]LogModuleManager: Shutting down and abandoning module HardwareTargeting (464)
[2019.01.26-18.49.17:218][795]LogModuleManager: Shutting down and abandoning module DeviceProfileEditor (462)
[2019.01.26-18.49.17:218][795]LogModuleManager: Shutting down and abandoning module UndoHistory (460)
[2019.01.26-18.49.17:218][795]LogModuleManager: Shutting down and abandoning module XmlParser (458)
[2019.01.26-18.49.17:218][795]LogModuleManager: Shutting down and abandoning module Blutility (456)
[2019.01.26-18.49.17:218][795]LogModuleManager: Shutting down and abandoning module ProjectSettingsViewer (454)
[2019.01.26-18.49.17:218][795]LogModuleManager: Shutting down and abandoning module ProjectTargetPlatformEditor (453)
[2019.01.26-18.49.17:218][795]LogModuleManager: Shutting down and abandoning module EditorSettingsViewer (450)
[2019.01.26-18.49.17:218][795]LogModuleManager: Shutting down and abandoning module SettingsEditor (448)
[2019.01.26-18.49.17:218][795]LogModuleManager: Shutting down and abandoning module ProjectLauncher (446)
[2019.01.26-18.49.17:218][795]LogModuleManager: Shutting down and abandoning module SessionFrontend (444)
[2019.01.26-18.49.17:218][795]LogModuleManager: Shutting down and abandoning module ProfilerClient (442)
[2019.01.26-18.49.17:218][795]LogModuleManager: Shutting down and abandoning module DeviceManager (440)
[2019.01.26-18.49.17:218][795]LogModuleManager: Shutting down and abandoning module TargetDeviceServices (439)
[2019.01.26-18.49.17:284][795]LogModuleManager: Shutting down and abandoning module AutomationController (436)
[2019.01.26-18.49.17:284][795]LogModuleManager: Shutting down and abandoning module AutomationWindow (434)
[2019.01.26-18.49.17:284][795]LogModuleManager: Shutting down and abandoning module Layers (432)
[2019.01.26-18.49.17:284][795]LogModuleManager: Shutting down and abandoning module ComponentVisualizers (430)
[2019.01.26-18.49.17:284][795]LogModuleManager: Shutting down and abandoning module DetailCustomizations (428)
[2019.01.26-18.49.17:284][795]LogModuleManager: Shutting down and abandoning module PackagesDialog (426)
[2019.01.26-18.49.17:284][795]LogModuleManager: Shutting down and abandoning module Persona (424)
[2019.01.26-18.49.17:284][795]LogModuleManager: Shutting down and abandoning module AdvancedPreviewScene (423)
[2019.01.26-18.49.17:284][795]LogModuleManager: Shutting down and abandoning module AnimGraph (421)
[2019.01.26-18.49.17:284][795]LogModuleManager: Shutting down and abandoning module Kismet (418)
[2019.01.26-18.49.17:285][795]LogModuleManager: Shutting down and abandoning module GraphEditor (416)
[2019.01.26-18.49.17:285][795]LogModuleManager: Shutting down and abandoning module ClassViewer (414)
[2019.01.26-18.49.17:285][795]LogModuleManager: Shutting down and abandoning module Toolbox (412)
[2019.01.26-18.49.17:285][795]LogModuleManager: Shutting down and abandoning module ModuleUI (410)
[2019.01.26-18.49.17:285][795]LogModuleManager: Shutting down and abandoning module MovieSceneTools (408)
[2019.01.26-18.49.17:285][795]LogModuleManager: Shutting down and abandoning module OutputLog (406)
[2019.01.26-18.49.17:285][795]LogModuleManager: Shutting down and abandoning module GammaUI (404)
[2019.01.26-18.49.17:285][795]LogModuleManager: Shutting down and abandoning module Documentation (402)
[2019.01.26-18.49.17:285][795]LogModuleManager: Shutting down and abandoning module MovieSceneTracks (400)
[2019.01.26-18.49.17:285][795]LogModuleManager: Shutting down and abandoning module MovieScene (398)
[2019.01.26-18.49.17:285][795]LogModuleManager: Shutting down and abandoning module StreamingPauseRendering (396)
[2019.01.26-18.49.17:285][795]LogModuleManager: Shutting down and abandoning module LauncherPlatform (394)
[2019.01.26-18.49.17:286][795]LogModuleManager: Shutting down and abandoning module AnalyticsET (392)
[2019.01.26-18.49.17:286][795]LogModuleManager: Shutting down and abandoning module PortalServices (390)
[2019.01.26-18.49.17:286][795]LogModuleManager: Shutting down and abandoning module PortalRpc (388)
[2019.01.26-18.49.17:286][795]LogModuleManager: Shutting down and abandoning module MessagingRpc (386)
[2019.01.26-18.49.17:286][795]LogModuleManager: Shutting down and abandoning module AIModule (384)
[2019.01.26-18.49.17:286][795]LogModuleManager: Shutting down and abandoning module GameplayDebugger (383)
[2019.01.26-18.49.17:286][795]LogModuleManager: Shutting down and abandoning module AITestSuite (381)
[2019.01.26-18.49.17:286][795]LogModuleManager: Shutting down and abandoning module DesktopPlatform (378)
[2019.01.26-18.49.17:286][795]LogModuleManager: Shutting down and abandoning module ProfilerService (376)
[2019.01.26-18.49.17:432][795]LogModuleManager: Shutting down and abandoning module TaskGraph (374)
[2019.01.26-18.49.17:432][795]LogModuleManager: Shutting down and abandoning module SteamVRController (372)
[2019.01.26-18.49.17:432][795]LogModuleManager: Shutting down and abandoning module ProceduralMeshComponentEditor (370)
[2019.01.26-18.49.17:432][795]LogModuleManager: Shutting down and abandoning module ProceduralMeshComponent (368)
[2019.01.26-18.49.17:432][795]LogModuleManager: Shutting down and abandoning module OculusInput (366)
[2019.01.26-18.49.17:432][795]LogModuleManager: Shutting down and abandoning module MobilePatchingUtils (364)
[2019.01.26-18.49.17:432][795]LogModuleManager: Shutting down and abandoning module HoudiniEngineRuntime (362)
[2019.01.26-18.49.17:432][795]LogHoudiniEngine: Shutting down the Houdini Engine module.
[2019.01.26-18.49.17:436][795]LogModuleManager: Shutting down and abandoning module CustomMeshComponent (360)
[2019.01.26-18.49.17:436][795]LogModuleManager: Shutting down and abandoning module CableComponent (358)
[2019.01.26-18.49.17:436][795]LogModuleManager: Shutting down and abandoning module AudioCapture (356)
[2019.01.26-18.49.17:436][795]LogModuleManager: Shutting down and abandoning module ArchVisCharacter (354)
[2019.01.26-18.49.17:436][795]LogModuleManager: Shutting down and abandoning module AndroidPermission (352)
[2019.01.26-18.49.17:436][795]LogModuleManager: Shutting down and abandoning module NUTUnrealEngine4 (348)
[2019.01.26-18.49.17:436][795]LogModuleManager: Shutting down and abandoning module NetcodeUnitTest (346)
[2019.01.26-18.49.17:436][795]LogModuleManager: Shutting down and abandoning module MediaCompositingEditor (344)
[2019.01.26-18.49.17:436][795]LogModuleManager: Shutting down and abandoning module MediaCompositing (342)
[2019.01.26-18.49.17:436][795]LogModuleManager: Shutting down and abandoning module LinearTimecode (340)
[2019.01.26-18.49.17:436][795]LogModuleManager: Shutting down and abandoning module ImgMedia (338)
[2019.01.26-18.49.17:440][795]LogModuleManager: Shutting down and abandoning module HTML5Networking (336)
[2019.01.26-18.49.17:440][795]LogModuleManager: Shutting down and abandoning module AlembicImporter (334)
[2019.01.26-18.49.17:440][795]LogModuleManager: Shutting down and abandoning module AlembicLibrary (333)
[2019.01.26-18.49.17:440][795]LogModuleManager: Shutting down and abandoning module GeometryCache (332)
[2019.01.26-18.49.17:440][795]LogModuleManager: Shutting down and abandoning module GeometryCacheEd (331)
[2019.01.26-18.49.17:440][795]LogModuleManager: Shutting down and abandoning module DatasmithContent (326)
[2019.01.26-18.49.17:440][795]LogModuleManager: Shutting down and abandoning module SpeedTreeImporter (324)
[2019.01.26-18.49.17:440][795]LogModuleManager: Shutting down and abandoning module PluginBrowser (322)
[2019.01.26-18.49.17:440][795]LogModuleManager: Shutting down and abandoning module MobileLauncherProfileWizard (320)
[2019.01.26-18.49.17:440][795]LogModuleManager: Shutting down and abandoning module CryptoKeysOpenSSL (318)
[2019.01.26-18.49.17:440][795]LogModuleManager: Shutting down and abandoning module CryptoKeys (316)
[2019.01.26-18.49.17:440][795]LogModuleManager: Shutting down and abandoning module VisualStudioSourceCodeAccess (314)
[2019.01.26-18.49.17:440][795]LogModuleManager: Shutting down and abandoning module VisualStudioCodeSourceCodeAccess (312)
[2019.01.26-18.49.17:441][795]LogModuleManager: Shutting down and abandoning module UObjectPlugin (310)
[2019.01.26-18.49.17:441][795]LogModuleManager: Shutting down and abandoning module SubversionSourceControl (308)
[2019.01.26-18.49.17:441][795]LogModuleManager: Shutting down and abandoning module PerforceSourceControl (306)
[2019.01.26-18.49.17:441][795]LogModuleManager: Shutting down and abandoning module GitSourceControl (304)
[2019.01.26-18.49.17:441][795]LogModuleManager: Shutting down and abandoning module SourceControl (303)
[2019.01.26-18.49.17:441][795]LogModuleManager: Shutting down and abandoning module CLionSourceCodeAccess (300)
[2019.01.26-18.49.17:441][795]LogModuleManager: Shutting down and abandoning module LightPropagationVolumeEditor (298)
[2019.01.26-18.49.17:441][795]LogModuleManager: Shutting down and abandoning module PaperTiledImporter (296)
[2019.01.26-18.49.17:441][795]LogModuleManager: Shutting down and abandoning module PaperSpriteSheetImporter (294)
[2019.01.26-18.49.17:441][795]LogModuleManager: Shutting down and abandoning module Paper2DEditor (292)
[2019.01.26-18.49.17:441][795]LogModuleManager: Shutting down and abandoning module MeshPaint (291)
[2019.01.26-18.49.17:441][795]LogModuleManager: Shutting down and abandoning module RuntimePhysXCooking (288)
[2019.01.26-18.49.17:441][795]LogModuleManager: Shutting down and abandoning module PhysXVehiclesEditor (286)
[2019.01.26-18.49.17:441][795]LogModuleManager: Shutting down and abandoning module PhysXVehicles (284)
[2019.01.26-18.49.17:441][795]LogModuleManager: Shutting down and abandoning module OculusEditor (282)
[2019.01.26-18.49.17:441][795]LogModuleManager: Shutting down and abandoning module LocationServicesBPLibrary (280)
[2019.01.26-18.49.17:441][795]LogModuleManager: Shutting down and abandoning module ImmediatePhysicsEditor (278)
[2019.01.26-18.49.17:441][795]LogModuleManager: Shutting down and abandoning module ImmediatePhysics (276)
[2019.01.26-18.49.17:441][795]LogModuleManager: Shutting down and abandoning module ActorSequence (274)
[2019.01.26-18.49.17:441][795]LogModuleManager: Shutting down and abandoning module UdpMessaging (272)
[2019.01.26-18.49.17:542][795]LogModuleManager: Shutting down and abandoning module TcpMessaging (270)
[2019.01.26-18.49.17:642][795]LogModuleManager: Shutting down and abandoning module GameplayTagsEditor (268)
[2019.01.26-18.49.17:642][795]LogModuleManager: Shutting down and abandoning module FacialAnimationEditor (266)
[2019.01.26-18.49.17:642][795]LogModuleManager: Shutting down and abandoning module FacialAnimation (264)
[2019.01.26-18.49.17:642][795]LogModuleManager: Shutting down and abandoning module DataValidation (262)
[2019.01.26-18.49.17:642][795]LogModuleManager: Shutting down and abandoning module AssetManagerEditor (260)
[2019.01.26-18.49.17:643][795]LogModuleManager: Shutting down and abandoning module LevelEditor (259)
[2019.01.26-18.49.17:645][795]LogModuleManager: Shutting down and abandoning module PixelInspectorModule (258)
[2019.01.26-18.49.17:645][795]LogModuleManager: Shutting down and abandoning module CommonMenuExtensions (256)
[2019.01.26-18.49.17:645][795]LogModuleManager: Shutting down and abandoning module MainFrame (254)
[2019.01.26-18.49.17:646][795]LogModuleManager: Shutting down and abandoning module HotReload (253)
[2019.01.26-18.49.17:647][795]LogModuleManager: Shutting down and abandoning module ContentBrowser (249)
[2019.01.26-18.49.17:650][795]LogModuleManager: Shutting down and abandoning module TreeMap (247)
[2019.01.26-18.49.17:650][795]LogModuleManager: Shutting down and abandoning module LightPropagationVolumeRuntime (244)
[2019.01.26-18.49.17:650][795]LogModuleManager: Shutting down and abandoning module LiveLinkEditor (242)
[2019.01.26-18.49.17:651][795]LogModuleManager: Shutting down and abandoning module LiveLink (240)
[2019.01.26-18.49.18:121][795]LogModuleManager: Shutting down and abandoning module Paper2D (238)
[2019.01.26-18.49.18:121][795]LogModuleManager: Shutting down and abandoning module WindowsMoviePlayer (236)
[2019.01.26-18.49.18:121][795]LogModuleManager: Shutting down and abandoning module WmfMedia (234)
[2019.01.26-18.49.18:124][795]LogModuleManager: Shutting down and abandoning module Media (233)
[2019.01.26-18.49.18:131][795]LogModuleManager: Shutting down and abandoning module PacketHandler (230)
[2019.01.26-18.49.18:132][795]LogModuleManager: Shutting down and abandoning module ClothingSystemEditor (228)
[2019.01.26-18.49.18:132][795]LogModuleManager: Shutting down and abandoning module ClothingSystemRuntime (226)
[2019.01.26-18.49.18:132][795]LogModuleManager: Shutting down and abandoning module MediaAssets (224)
[2019.01.26-18.49.18:132][795]LogModuleManager: Shutting down and abandoning module Overlay (222)
[2019.01.26-18.49.18:132][795]LogModuleManager: Shutting down and abandoning module OverlayEditor (221)
[2019.01.26-18.49.18:132][795]LogModuleManager: Shutting down and abandoning module VREditor (218)
[2019.01.26-18.49.18:132][795]LogModuleManager: Shutting down and abandoning module StringTableEditor (216)
[2019.01.26-18.49.18:132][795]LogModuleManager: Shutting down and abandoning module GameplayTasksEditor (214)
[2019.01.26-18.49.18:132][795]LogModuleManager: Shutting down and abandoning module BehaviorTreeEditor (212)
[2019.01.26-18.49.18:132][795]LogModuleManager: Shutting down and abandoning module FunctionalTesting (210)
[2019.01.26-18.49.18:132][795]LogModuleManager: Shutting down and abandoning module CollisionAnalyzer (208)
[2019.01.26-18.49.18:132][795]LogModuleManager: Shutting down and abandoning module WorkspaceMenuStructure (207)
[2019.01.26-18.49.18:133][795]LogModuleManager: Shutting down and abandoning module UMG (204)
[2019.01.26-18.49.18:133][795]LogModuleManager: Shutting down and abandoning module UMGEditor (203)
[2019.01.26-18.49.18:133][795]LogModuleManager: Shutting down and abandoning module Sequencer (202)
[2019.01.26-18.49.18:133][795]LogModuleManager: Shutting down and abandoning module MessageLog (199)
[2019.01.26-18.49.18:133][795]LogModuleManager: Shutting down and abandoning module SlateReflector (194)
[2019.01.26-18.49.18:133][795]LogModuleManager: Shutting down and abandoning module Slate (192)
[2019.01.26-18.49.18:133][795]LogModuleManager: Shutting down and abandoning module EditorStyle (190)
[2019.01.26-18.49.18:135][795]LogModuleManager: Shutting down and abandoning module MRMesh (188)
[2019.01.26-18.49.18:135][795]LogModuleManager: Shutting down and abandoning module SourceCodeAccess (186)
[2019.01.26-18.49.18:135][795]LogModuleManager: Shutting down and abandoning module HeadMountedDisplay (184)
[2019.01.26-18.49.18:135][795]LogModuleManager: Shutting down and abandoning module XAudio2 (182)
[2019.01.26-18.49.18:135][795]LogModuleManager: Shutting down and abandoning module Networking (180)
[2019.01.26-18.49.18:135][795]LogModuleManager: Shutting down and abandoning module Core (178)
[2019.01.26-18.49.18:135][795]LogModuleManager: Shutting down and abandoning module LevelSequence (176)
[2019.01.26-18.49.18:135][795]LogModuleManager: Shutting down and abandoning module KismetCompiler (174)
[2019.01.26-18.49.18:135][795]LogModuleManager: Shutting down and abandoning module MeshUtilities (172)
[2019.01.26-18.49.18:135][795]LogModuleManager: Shutting down and abandoning module MeshMergeUtilities (171)
[2019.01.26-18.49.18:135][795]LogModuleManager: Shutting down and abandoning module MeshReductionInterface (170)
[2019.01.26-18.49.18:135][795]LogModuleManager: Shutting down and abandoning module SimplygonSwarm (169)
[2019.01.26-18.49.18:135][795]LogModuleManager: Shutting down and abandoning module SimplygonMeshReduction (167)
[2019.01.26-18.49.18:136][795]LogModuleManager: Shutting down and abandoning module QuadricMeshReduction (165)
[2019.01.26-18.49.18:136][795]LogModuleManager: Shutting down and abandoning module MaterialBaking (161)
[2019.01.26-18.49.18:136][795]LogModuleManager: Shutting down and abandoning module DirectoryWatcher (157)
[2019.01.26-18.49.18:136][795]LogModuleManager: Shutting down and abandoning module DerivedDataCache (154)
[2019.01.26-18.49.18:515][795]LogDerivedDataCache: Shutdown
[2019.01.26-18.49.18:515][795]LogModuleManager: Shutting down and abandoning module XGEController (152)
[2019.01.26-18.49.18:515][795]LogModuleManager: Shutting down and abandoning module TargetPlatform (150)
[2019.01.26-18.49.18:515][795]LogModuleManager: Shutting down and abandoning module VulkanShaderFormat (149)
[2019.01.26-18.49.18:516][795]LogModuleManager: Shutting down and abandoning module ShaderFormatVectorVM (147)
[2019.01.26-18.49.18:516][795]LogModuleManager: Shutting down and abandoning module ShaderFormatOpenGL (145)
[2019.01.26-18.49.18:516][795]LogModuleManager: Shutting down and abandoning module ShaderFormatD3D (143)
[2019.01.26-18.49.18:516][795]LogModuleManager: Shutting down and abandoning module MetalShaderFormat (141)
[2019.01.26-18.49.18:516][795]LogModuleManager: Shutting down and abandoning module TextureFormatUncompressed (139)
[2019.01.26-18.49.18:516][795]LogModuleManager: Shutting down and abandoning module TextureFormatPVR (137)
[2019.01.26-18.49.18:516][795]LogModuleManager: Shutting down and abandoning module TextureFormatDXT (135)
[2019.01.26-18.49.18:516][795]LogModuleManager: Shutting down and abandoning module TextureFormatIntelISPCTexComp (133)
[2019.01.26-18.49.18:517][795]LogModuleManager: Shutting down and abandoning module TextureFormatASTC (131)
[2019.01.26-18.49.18:517][795]LogModuleManager: Shutting down and abandoning module ImageWrapper (130)
[2019.01.26-18.49.18:517][795]LogModuleManager: Shutting down and abandoning module TextureFormatAndroid (127)
[2019.01.26-18.49.18:517][795]LogModuleManager: Shutting down and abandoning module AudioFormatOpus (125)
[2019.01.26-18.49.18:517][795]LogModuleManager: Shutting down and abandoning module AudioFormatOgg (123)
[2019.01.26-18.49.18:517][795]LogModuleManager: Shutting down and abandoning module AudioFormatADPCM (121)
[2019.01.26-18.49.18:517][795]LogModuleManager: Shutting down and abandoning module LinuxTargetPlatform (119)
[2019.01.26-18.49.18:517][795]LogModuleManager: Shutting down and abandoning module LinuxServerTargetPlatform (117)
[2019.01.26-18.49.18:517][795]LogModuleManager: Shutting down and abandoning module LinuxNoEditorTargetPlatform (115)
[2019.01.26-18.49.18:517][795]LogModuleManager: Shutting down and abandoning module LinuxClientTargetPlatform (113)
[2019.01.26-18.49.18:517][795]LogModuleManager: Shutting down and abandoning module TVOSTargetPlatform (111)
[2019.01.26-18.49.18:517][795]LogModuleManager: Shutting down and abandoning module Messaging (109)
[2019.01.26-18.49.18:518][795]LogModuleManager: Shutting down and abandoning module IOSTargetPlatform (107)
[2019.01.26-18.49.18:518][795]LogModuleManager: Shutting down and abandoning module HTML5TargetPlatform (105)
[2019.01.26-18.49.18:518][795]LogModuleManager: Shutting down and abandoning module AndroidTargetPlatform (103)
[2019.01.26-18.49.18:518][795]LogModuleManager: Shutting down and abandoning module Android_PVRTCTargetPlatform (101)
[2019.01.26-18.49.18:518][795]LogModuleManager: Shutting down and abandoning module Android_MultiTargetPlatform (99)
[2019.01.26-18.49.18:518][795]LogModuleManager: Shutting down and abandoning module Android_ETC2TargetPlatform (97)
[2019.01.26-18.49.18:518][795]LogModuleManager: Shutting down and abandoning module Android_ETC1TargetPlatform (95)
[2019.01.26-18.49.18:518][795]LogModuleManager: Shutting down and abandoning module Android_ETC1aTargetPlatform (93)
[2019.01.26-18.49.18:518][795]LogModuleManager: Shutting down and abandoning module Android_DXTTargetPlatform (91)
[2019.01.26-18.49.18:518][795]LogModuleManager: Shutting down and abandoning module Android_ATCTargetPlatform (89)
[2019.01.26-18.49.18:518][795]LogModuleManager: Shutting down and abandoning module Android_ASTCTargetPlatform (87)
[2019.01.26-18.49.18:518][795]LogModuleManager: Shutting down and abandoning module WindowsTargetPlatform (85)
[2019.01.26-18.49.18:518][795]LogModuleManager: Shutting down and abandoning module WindowsServerTargetPlatform (83)
[2019.01.26-18.49.18:518][795]LogModuleManager: Shutting down and abandoning module WindowsNoEditorTargetPlatform (81)
[2019.01.26-18.49.18:518][795]LogModuleManager: Shutting down and abandoning module WindowsClientTargetPlatform (79)
[2019.01.26-18.49.18:518][795]LogModuleManager: Shutting down and abandoning module MacTargetPlatform (77)
[2019.01.26-18.49.18:518][795]LogModuleManager: Shutting down and abandoning module MacServerTargetPlatform (75)
[2019.01.26-18.49.18:519][795]LogModuleManager: Shutting down and abandoning module MacNoEditorTargetPlatform (73)
[2019.01.26-18.49.18:519][795]LogModuleManager: Shutting down and abandoning module MacClientTargetPlatform (71)
[2019.01.26-18.49.18:519][795]LogModuleManager: Shutting down and abandoning module AllDesktopTargetPlatform (69)
[2019.01.26-18.49.18:519][795]LogModuleManager: Shutting down and abandoning module InputCore (66)
[2019.01.26-18.49.18:519][795]LogModuleManager: Shutting down and abandoning module Settings (64)
[2019.01.26-18.49.18:519][795]LogModuleManager: Shutting down and abandoning module PhysXCooking (62)
[2019.01.26-18.49.18:519][795]LogModuleManager: Shutting down and abandoning module SteamVR (60)
[2019.01.26-18.49.18:519][795]LogModuleManager: Shutting down and abandoning module OculusHMD (58)
[2019.01.26-18.49.18:519][795]LogModuleManager: Shutting down and abandoning module ExampleDeviceProfileSelector (56)
[2019.01.26-18.49.18:519][795]LogModuleManager: Shutting down and abandoning module AppleARKit (54)
[2019.01.26-18.49.18:519][795]LogModuleManager: Shutting down and abandoning module AugmentedReality (51)
[2019.01.26-18.49.18:519][795]LogModuleManager: Shutting down and abandoning module OnlineBlueprintSupport (48)
[2019.01.26-18.49.18:519][795]LogModuleManager: Shutting down and abandoning module OnlineSubsystem (44)
[2019.01.26-18.49.18:520][795]LogModuleManager: Shutting down and abandoning module XMPP (43)
[2019.01.26-18.49.18:520][795]LogModuleManager: Shutting down and abandoning module HTTP (41)
[2019.01.26-18.49.18:520][795]LogHttp: Display: Http module shutting down, but needs to wait on 1 outstanding Http requests:
[2019.01.26-18.49.18:520][795]LogHttp: Display: 	verb=[POST] url=[https://datarouter.ol.epicgames.com/datarouter/api/v1/public/data?SessionID=%7BF8B63C0A-4A40-07F9-94FC-DBAFC22B6738%7D&AppID=UEEditor.Rocket.Release&AppVersion=4.19.2-4033788%2B%2B%2BUE4%2BRelease-4.19&UserID=de0b08774bb61937359962aa3052dc7a%7C40f9c7f63b994bc29462f24cf3ddb4e5%7C58d71922-4dd3-4719-adfe-5a12f3fb137c&AppEnvironment=datacollector-binary&UploadType=eteventstream] status=Processing
[2019.01.26-18.49.18:546][795]LogModuleManager: Shutting down and abandoning module SSL (40)
[2019.01.26-18.49.18:548][795]LogModuleManager: Shutting down and abandoning module AnimationModifiers (36)
[2019.01.26-18.49.18:549][795]LogModuleManager: Shutting down and abandoning module PropertyEditor (35)
[2019.01.26-18.49.18:549][795]LogModuleManager: Shutting down and abandoning module AudioEditor (32)
[2019.01.26-18.49.18:549][795]LogModuleManager: Shutting down and abandoning module TextureCompressor (30)
[2019.01.26-18.49.18:550][795]LogModuleManager: Shutting down and abandoning module ShaderCore (28)
[2019.01.26-18.49.18:550][795]LogModuleManager: Shutting down and abandoning module Landscape (26)
[2019.01.26-18.49.18:550][795]LogModuleManager: Shutting down and abandoning module SlateRHIRenderer (24)
[2019.01.26-18.49.18:552][795]LogModuleManager: Shutting down and abandoning module OpenGLDrv (22)
[2019.01.26-18.49.18:552][795]LogModuleManager: Shutting down and abandoning module D3D11RHI (20)
[2019.01.26-18.49.18:552][795]LogModuleManager: Shutting down and abandoning module AnimGraphRuntime (18)
[2019.01.26-18.49.18:552][795]LogModuleManager: Shutting down and abandoning module Renderer (16)
[2019.01.26-18.49.18:552][795]LogModuleManager: Shutting down and abandoning module Engine (14)
[2019.01.26-18.49.18:552][795]LogModuleManager: Shutting down and abandoning module CoreUObject (12)
[2019.01.26-18.49.18:552][795]LogModuleManager: Shutting down and abandoning module NetworkFile (10)
[2019.01.26-18.49.18:552][795]LogModuleManager: Shutting down and abandoning module CookedIterativeFile (8)
[2019.01.26-18.49.18:552][795]LogModuleManager: Shutting down and abandoning module StreamingFile (6)
[2019.01.26-18.49.18:552][795]LogModuleManager: Shutting down and abandoning module SandboxFile (4)
[2019.01.26-18.49.18:552][795]LogModuleManager: Shutting down and abandoning module PakFile (2)
[2019.01.26-18.49.18:590][795]LogExit: Exiting.
[2019.01.26-18.49.18:618][795]Log file closed, 01/26/19 18:49:18
