Log file open, 01/27/19 15:44:52
LogWindows: Failed to load 'aqProf.dll' (GetLastError=126)
LogWindows: File 'aqProf.dll' does not exist
LogWindows: Failed to load 'VtuneApi.dll' (GetLastError=126)
LogWindows: File 'VtuneApi.dll' does not exist
LogWindows: Failed to load 'VtuneApi32e.dll' (GetLastError=126)
LogWindows: File 'VtuneApi32e.dll' does not exist
LogInit: Display: Running engine for game: BirdsOfAFeather
LogPlatformFile: Not using cached read wrapper
LogInit: Display: RandInit(-1537535104) SRandInit(-1537535104).
LogInit: Read version file with build ID '3944462'
LogInit: Overriding engine version to CL 4033788, compatible CL 3944462
LogInit: Registered custom module enumerator with build ID '3944462'
LogTaskGraph: Started task graph with 5 named threads and 23 total threads with 3 sets of task threads.
LogStats: Stats thread started at 0.402198
LogD3D11RHI: Aftermath initialized
LogICUInternationalization: Display: ICU TimeZone Detection - Raw Offset: +0:00, Platform Override: ''
LogPluginManager: Display: Disabled plugin 'HoudiniEngine', continuing.
LogModuleManager: Display: Found up-to-date module file ../../../Engine/Plugins/2D/Paper2D/Binaries/Win64/UE4Editor-Paper2D.dll (API version 3944462).
LogModuleManager: Display: Found up-to-date module file ../../../Engine/Plugins/2D/Paper2D/Binaries/Win64/UE4Editor-Paper2DEditor.dll (API version 3944462).
LogModuleManager: Display: Found up-to-date module file ../../../Engine/Plugins/2D/Paper2D/Binaries/Win64/UE4Editor-PaperSpriteSheetImporter.dll (API version 3944462).
LogModuleManager: Display: Found up-to-date module file ../../../Engine/Plugins/2D/Paper2D/Binaries/Win64/UE4Editor-PaperTiledImporter.dll (API version 3944462).
LogModuleManager: Display: Found up-to-date module file ../../../Engine/Plugins/2D/Paper2D/Binaries/Win64/UE4Editor-SmartSnapping.dll (API version 3944462).
LogModuleManager: Display: Found up-to-date module file ../../../Engine/Plugins/Blendables/LightPropagationVolume/Binaries/Win64/UE4Editor-LightPropagationVolumeRuntime.dll (API version 3944462).
LogModuleManager: Display: Found up-to-date module file ../../../Engine/Plugins/Blendables/LightPropagationVolume/Binaries/Win64/UE4Editor-LightPropagationVolumeEditor.dll (API version 3944462).
LogModuleManager: Display: Found up-to-date module file ../../../Engine/Plugins/Developer/CLionSourceCodeAccess/Binaries/Win64/UE4Editor-CLionSourceCodeAccess.dll (API version 3944462).
LogModuleManager: Display: Found up-to-date module file ../../../Engine/Plugins/Developer/GitSourceControl/Binaries/Win64/UE4Editor-GitSourceControl.dll (API version 3944462).
LogModuleManager: Display: Found up-to-date module file ../../../Engine/Plugins/Developer/PerforceSourceControl/Binaries/Win64/UE4Editor-PerforceSourceControl.dll (API version 3944462).
LogModuleManager: Display: Found up-to-date module file ../../../Engine/Plugins/Developer/SubversionSourceControl/Binaries/Win64/UE4Editor-SubversionSourceControl.dll (API version 3944462).
LogModuleManager: Display: Found up-to-date module file ../../../Engine/Plugins/Developer/UObjectPlugin/Binaries/Win64/UE4Editor-UObjectPlugin.dll (API version 3944462).
LogModuleManager: Display: Found up-to-date module file ../../../Engine/Plugins/Developer/VisualStudioCodeSourceCodeAccess/Binaries/Win64/UE4Editor-VisualStudioCodeSourceCodeAccess.dll (API version 3944462).
LogModuleManager: Display: Found up-to-date module file ../../../Engine/Plugins/Developer/VisualStudioSourceCodeAccess/Binaries/Win64/UE4Editor-VisualStudioSourceCodeAccess.dll (API version 3944462).
LogModuleManager: Display: Found up-to-date module file ../../../Engine/Plugins/Editor/AssetManagerEditor/Binaries/Win64/UE4Editor-AssetManagerEditor.dll (API version 3944462).
LogModuleManager: Display: Found up-to-date module file ../../../Engine/Plugins/Editor/CryptoKeys/Binaries/Win64/UE4Editor-CryptoKeys.dll (API version 3944462).
LogModuleManager: Display: Found up-to-date module file ../../../Engine/Plugins/Editor/CryptoKeys/Binaries/Win64/UE4Editor-CryptoKeysOpenSSL.dll (API version 3944462).
LogModuleManager: Display: Found up-to-date module file ../../../Engine/Plugins/Editor/DataValidation/Binaries/Win64/UE4Editor-DataValidation.dll (API version 3944462).
LogModuleManager: Display: Found up-to-date module file ../../../Engine/Plugins/Editor/FacialAnimation/Binaries/Win64/UE4Editor-FacialAnimation.dll (API version 3944462).
LogModuleManager: Display: Found up-to-date module file ../../../Engine/Plugins/Editor/FacialAnimation/Binaries/Win64/UE4Editor-FacialAnimationEditor.dll (API version 3944462).
LogModuleManager: Display: Found up-to-date module file ../../../Engine/Plugins/Editor/GameplayTagsEditor/Binaries/Win64/UE4Editor-GameplayTagsEditor.dll (API version 3944462).
LogModuleManager: Display: Found up-to-date module file ../../../Engine/Plugins/Editor/MobileLauncherProfileWizard/Binaries/Win64/UE4Editor-MobileLauncherProfileWizard.dll (API version 3944462).
LogModuleManager: Display: Found up-to-date module file ../../../Engine/Plugins/Editor/PluginBrowser/Binaries/Win64/UE4Editor-PluginBrowser.dll (API version 3944462).
LogModuleManager: Display: Found up-to-date module file ../../../Engine/Plugins/Editor/SpeedTreeImporter/Binaries/Win64/UE4Editor-SpeedTreeImporter.dll (API version 3944462).
LogModuleManager: Display: Found up-to-date module file ../../../Engine/Plugins/Enterprise/DatasmithContent/Binaries/Win64/UE4Editor-DatasmithContent.dll (API version 3944462).
LogModuleManager: Display: Found up-to-date module file ../../../Engine/Plugins/Experimental/AlembicImporter/Binaries/Win64/UE4Editor-AlembicImporter.dll (API version 3944462).
LogModuleManager: Display: Found up-to-date module file ../../../Engine/Plugins/Experimental/AlembicImporter/Binaries/Win64/UE4Editor-AlembicLibrary.dll (API version 3944462).
LogModuleManager: Display: Found up-to-date module file ../../../Engine/Plugins/Experimental/CharacterAI/Binaries/Win64/UE4Editor-CharacterAI.dll (API version 3944462).
LogModuleManager: Display: Found up-to-date module file ../../../Engine/Plugins/Experimental/HTML5Networking/Binaries/Win64/UE4Editor-HTML5Networking.dll (API version 3944462).
LogModuleManager: Display: Found up-to-date module file ../../../Engine/Plugins/Media/AndroidMedia/Binaries/Win64/UE4Editor-AndroidMediaEditor.dll (API version 3944462).
LogModuleManager: Display: Found up-to-date module file ../../../Engine/Plugins/Media/AndroidMedia/Binaries/Win64/UE4Editor-AndroidMediaFactory.dll (API version 3944462).
LogModuleManager: Display: Found up-to-date module file ../../../Engine/Plugins/Media/AvfMedia/Binaries/Win64/UE4Editor-AvfMediaEditor.dll (API version 3944462).
LogModuleManager: Display: Found up-to-date module file ../../../Engine/Plugins/Media/AvfMedia/Binaries/Win64/UE4Editor-AvfMediaFactory.dll (API version 3944462).
LogModuleManager: Display: Found up-to-date module file ../../../Engine/Plugins/Media/AvfMedia/Binaries/Win64/UE4Editor-AvfMediaFactory.dll (API version 3944462).
LogModuleManager: Display: Found up-to-date module file ../../../Engine/Plugins/Media/ImgMedia/Binaries/Win64/UE4Editor-ImgMedia.dll (API version 3944462).
LogModuleManager: Display: Found up-to-date module file ../../../Engine/Plugins/Media/ImgMedia/Binaries/Win64/UE4Editor-ImgMediaEditor.dll (API version 3944462).
LogModuleManager: Display: Found up-to-date module file ../../../Engine/Plugins/Media/ImgMedia/Binaries/Win64/UE4Editor-ImgMediaFactory.dll (API version 3944462).
LogModuleManager: Display: Found up-to-date module file ../../../Engine/Plugins/Media/ImgMedia/Binaries/Win64/UE4Editor-ImgMediaFactory.dll (API version 3944462).
LogModuleManager: Display: Found up-to-date module file ../../../Engine/Plugins/Media/ImgMedia/Binaries/Win64/UE4Editor-OpenExrWrapper.dll (API version 3944462).
LogModuleManager: Display: Found up-to-date module file ../../../Engine/Plugins/Media/LinearTimecode/Binaries/Win64/UE4Editor-LinearTimecode.dll (API version 3944462).
LogModuleManager: Display: Found up-to-date module file ../../../Engine/Plugins/Media/MediaCompositing/Binaries/Win64/UE4Editor-MediaCompositing.dll (API version 3944462).
LogModuleManager: Display: Found up-to-date module file ../../../Engine/Plugins/Media/MediaCompositing/Binaries/Win64/UE4Editor-MediaCompositingEditor.dll (API version 3944462).
LogModuleManager: Display: Found up-to-date module file ../../../Engine/Plugins/Media/MediaPlayerEditor/Binaries/Win64/UE4Editor-MediaPlayerEditor.dll (API version 3944462).
LogModuleManager: Display: Found up-to-date module file ../../../Engine/Plugins/Media/WmfMedia/Binaries/Win64/UE4Editor-WmfMedia.dll (API version 3944462).
LogModuleManager: Display: Found up-to-date module file ../../../Engine/Plugins/Media/WmfMedia/Binaries/Win64/UE4Editor-WmfMediaEditor.dll (API version 3944462).
LogModuleManager: Display: Found up-to-date module file ../../../Engine/Plugins/Media/WmfMedia/Binaries/Win64/UE4Editor-WmfMediaFactory.dll (API version 3944462).
LogModuleManager: Display: Found up-to-date module file ../../../Engine/Plugins/Media/WmfMedia/Binaries/Win64/UE4Editor-WmfMediaFactory.dll (API version 3944462).
LogModuleManager: Display: Found up-to-date module file ../../../Engine/Plugins/Messaging/TcpMessaging/Binaries/Win64/UE4Editor-TcpMessaging.dll (API version 3944462).
LogModuleManager: Display: Found up-to-date module file ../../../Engine/Plugins/Messaging/UdpMessaging/Binaries/Win64/UE4Editor-UdpMessaging.dll (API version 3944462).
LogModuleManager: Display: Found up-to-date module file ../../../Engine/Plugins/MovieScene/ActorSequence/Binaries/Win64/UE4Editor-ActorSequence.dll (API version 3944462).
LogModuleManager: Display: Found up-to-date module file ../../../Engine/Plugins/MovieScene/LevelSequenceEditor/Binaries/Win64/UE4Editor-LevelSequenceEditor.dll (API version 3944462).
LogModuleManager: Display: Found up-to-date module file ../../../Engine/Plugins/MovieScene/MatineeToLevelSequence/Binaries/Win64/UE4Editor-MatineeToLevelSequence.dll (API version 3944462).
LogModuleManager: Display: Found up-to-date module file ../../../Engine/Plugins/NetcodeUnitTest/NetcodeUnitTest/Binaries/Win64/UE4Editor-NetcodeUnitTest.dll (API version 3944462).
LogModuleManager: Display: Found up-to-date module file ../../../Engine/Plugins/NetcodeUnitTest/NUTUnrealEngine4/Binaries/Win64/UE4Editor-NUTUnrealEngine4.dll (API version 3944462).
LogModuleManager: Display: Found up-to-date module file ../../../Engine/Plugins/Online/OnlineSubsystem/Binaries/Win64/UE4Editor-OnlineSubsystem.dll (API version 3944462).
LogModuleManager: Display: Found up-to-date module file ../../../Engine/Plugins/Runtime/AndroidPermission/Binaries/Win64/UE4Editor-AndroidPermission.dll (API version 3944462).
LogModuleManager: Display: Found up-to-date module file ../../../Engine/Plugins/Online/OnlineSubsystemNull/Binaries/Win64/UE4Editor-OnlineSubsystemNull.dll (API version 3944462).
LogModuleManager: Display: Found up-to-date module file ../../../Engine/Plugins/Online/OnlineSubsystemUtils/Binaries/Win64/UE4Editor-OnlineSubsystemUtils.dll (API version 3944462).
LogModuleManager: Display: Found up-to-date module file ../../../Engine/Plugins/Online/OnlineSubsystemUtils/Binaries/Win64/UE4Editor-OnlineBlueprintSupport.dll (API version 3944462).
LogModuleManager: Display: Found up-to-date module file ../../../Engine/Plugins/Runtime/AndroidDeviceProfileSelector/Binaries/Win64/UE4Editor-AndroidDeviceProfileSelector.dll (API version 3944462).
LogModuleManager: Display: Found up-to-date module file ../../../Engine/Plugins/Runtime/AppleARKit/Binaries/Win64/UE4Editor-AppleARKit.dll (API version 3944462).
LogModuleManager: Display: Found up-to-date module file ../../../Engine/Plugins/Runtime/ProceduralMeshComponent/Binaries/Win64/UE4Editor-ProceduralMeshComponent.dll (API version 3944462).
LogModuleManager: Display: Found up-to-date module file ../../../Engine/Plugins/Runtime/ProceduralMeshComponent/Binaries/Win64/UE4Editor-ProceduralMeshComponentEditor.dll (API version 3944462).
LogModuleManager: Display: Found up-to-date module file ../../../Engine/Plugins/Animation/LiveLink/Binaries/Win64/UE4Editor-LiveLink.dll (API version 3944462).
LogModuleManager: Display: Found up-to-date module file ../../../Engine/Plugins/Animation/LiveLink/Binaries/Win64/UE4Editor-LiveLinkEditor.dll (API version 3944462).
LogModuleManager: Display: Found up-to-date module file ../../../Engine/Plugins/Runtime/ArchVisCharacter/Binaries/Win64/UE4Editor-ArchVisCharacter.dll (API version 3944462).
LogModuleManager: Display: Found up-to-date module file ../../../Engine/Plugins/Runtime/AudioCapture/Binaries/Win64/UE4Editor-AudioCapture.dll (API version 3944462).
LogModuleManager: Display: Found up-to-date module file ../../../Engine/Plugins/Runtime/AudioCapture/Binaries/Win64/UE4Editor-AudioCaptureEditor.dll (API version 3944462).
LogModuleManager: Display: Found up-to-date module file ../../../Engine/Plugins/Runtime/CableComponent/Binaries/Win64/UE4Editor-CableComponent.dll (API version 3944462).
LogModuleManager: Display: Found up-to-date module file ../../../Engine/Plugins/Runtime/CustomMeshComponent/Binaries/Win64/UE4Editor-CustomMeshComponent.dll (API version 3944462).
LogModuleManager: Display: Found up-to-date module file ../../../Engine/Plugins/Runtime/ExampleDeviceProfileSelector/Binaries/Win64/UE4Editor-ExampleDeviceProfileSelector.dll (API version 3944462).
LogModuleManager: Display: Found up-to-date module file ../../../Engine/Plugins/Runtime/ImmediatePhysics/Binaries/Win64/UE4Editor-ImmediatePhysics.dll (API version 3944462).
LogModuleManager: Display: Found up-to-date module file ../../../Engine/Plugins/Runtime/ImmediatePhysics/Binaries/Win64/UE4Editor-ImmediatePhysicsEditor.dll (API version 3944462).
LogModuleManager: Display: Found up-to-date module file ../../../Engine/Plugins/Runtime/LocationServicesBPLibrary/Binaries/Win64/UE4Editor-LocationServicesBPLibrary.dll (API version 3944462).
LogModuleManager: Display: Found up-to-date module file ../../../Engine/Plugins/Runtime/MobilePatchingUtils/Binaries/Win64/UE4Editor-MobilePatchingUtils.dll (API version 3944462).
LogModuleManager: Display: Found up-to-date module file ../../../Engine/Plugins/Runtime/Oculus/OculusVR/Binaries/Win64/UE4Editor-OculusHMD.dll (API version 3944462).
LogModuleManager: Display: Found up-to-date module file ../../../Engine/Plugins/Runtime/Oculus/OculusVR/Binaries/Win64/UE4Editor-OculusInput.dll (API version 3944462).
LogModuleManager: Display: Found up-to-date module file ../../../Engine/Plugins/Runtime/Oculus/OculusVR/Binaries/Win64/UE4Editor-OculusEditor.dll (API version 3944462).
LogModuleManager: Display: Found up-to-date module file ../../../Engine/Plugins/Runtime/PhysXVehicles/Binaries/Win64/UE4Editor-PhysXVehicles.dll (API version 3944462).
LogModuleManager: Display: Found up-to-date module file ../../../Engine/Plugins/Runtime/PhysXVehicles/Binaries/Win64/UE4Editor-PhysXVehiclesEditor.dll (API version 3944462).
LogModuleManager: Display: Found up-to-date module file ../../../Engine/Plugins/Runtime/RuntimePhysXCooking/Binaries/Win64/UE4Editor-RuntimePhysXCooking.dll (API version 3944462).
LogModuleManager: Display: Found up-to-date module file ../../../Engine/Plugins/Runtime/Steam/SteamVR/Binaries/Win64/UE4Editor-SteamVR.dll (API version 3944462).
LogModuleManager: Display: Found up-to-date module file ../../../Engine/Plugins/Runtime/Steam/SteamVR/Binaries/Win64/UE4Editor-SteamVRController.dll (API version 3944462).
LogModuleManager: Display: Found up-to-date module file ../../../Engine/Plugins/Runtime/WindowsMoviePlayer/Binaries/Win64/UE4Editor-WindowsMoviePlayer.dll (API version 3944462).
LogModuleManager: Display: Found up-to-date module file ../../../../../mando/Documents/Github/Plugins/Wwise/Binaries/Win64/UE4Editor-AkAudio.dll (API version 3944462).
LogModuleManager: Display: Found up-to-date module file ../../../../../mando/Documents/Github/Plugins/Wwise/Binaries/Win64/UE4Editor-AudiokineticTools.dll (API version 3944462).
LogPluginManager: Mounting plugin Paper2D
LogPluginManager: Mounting plugin LiveLink
LogPluginManager: Mounting plugin LightPropagationVolume
LogPluginManager: Mounting plugin CLionSourceCodeAccess
LogPluginManager: Mounting plugin CodeLiteSourceCodeAccess
LogPluginManager: Mounting plugin GitSourceControl
LogPluginManager: Mounting plugin KDevelopSourceCodeAccess
LogPluginManager: Mounting plugin NullSourceCodeAccess
LogPluginManager: Mounting plugin PerforceSourceControl
LogPluginManager: Mounting plugin SubversionSourceControl
LogPluginManager: Mounting plugin UObjectPlugin
LogPluginManager: Mounting plugin VisualStudioCodeSourceCodeAccess
LogPluginManager: Mounting plugin VisualStudioSourceCodeAccess
LogPluginManager: Mounting plugin XCodeSourceCodeAccess
LogPluginManager: Mounting plugin AssetManagerEditor
LogPluginManager: Mounting plugin CryptoKeys
LogPluginManager: Mounting plugin DataValidation
LogPluginManager: Mounting plugin FacialAnimation
LogPluginManager: Mounting plugin GameplayTagsEditor
LogPluginManager: Mounting plugin MobileLauncherProfileWizard
LogPluginManager: Mounting plugin PluginBrowser
LogPluginManager: Mounting plugin SpeedTreeImporter
LogPluginManager: Mounting plugin DatasmithContent
LogPluginManager: Mounting plugin AlembicImporter
LogPluginManager: Mounting plugin CharacterAI
LogPluginManager: Mounting plugin HTML5Networking
LogPluginManager: Mounting plugin AndroidMedia
LogPluginManager: Mounting plugin AvfMedia
LogPluginManager: Mounting plugin ImgMedia
LogPluginManager: Mounting plugin LinearTimecode
LogPluginManager: Mounting plugin MediaCompositing
LogPluginManager: Mounting plugin MediaPlayerEditor
LogPluginManager: Mounting plugin WmfMedia
LogPluginManager: Mounting plugin TcpMessaging
LogPluginManager: Mounting plugin UdpMessaging
LogPluginManager: Mounting plugin ActorSequence
LogPluginManager: Mounting plugin LevelSequenceEditor
LogPluginManager: Mounting plugin MatineeToLevelSequence
LogPluginManager: Mounting plugin NetcodeUnitTest
LogPluginManager: Mounting plugin NUTUnrealEngine4
LogPluginManager: Mounting plugin OnlineSubsystemGooglePlay
LogPluginManager: Mounting plugin OnlineSubsystemIOS
LogPluginManager: Mounting plugin OnlineSubsystem
LogPluginManager: Mounting plugin OnlineSubsystemNull
LogPluginManager: Mounting plugin OnlineSubsystemUtils
LogPluginManager: Mounting plugin AndroidDeviceProfileSelector
LogPluginManager: Mounting plugin AndroidMoviePlayer
LogPluginManager: Mounting plugin AndroidPermission
LogPluginManager: Mounting plugin AppleARKit
LogPluginManager: Mounting plugin AppleMoviePlayer
LogPluginManager: Mounting plugin ArchVisCharacter
LogPluginManager: Mounting plugin AudioCapture
LogPluginManager: Mounting plugin CableComponent
LogPluginManager: Mounting plugin CustomMeshComponent
LogPluginManager: Mounting plugin ExampleDeviceProfileSelector
LogPluginManager: Mounting plugin GoogleCloudMessaging
LogPluginManager: Mounting plugin ImmediatePhysics
LogPluginManager: Mounting plugin IOSDeviceProfileSelector
LogPluginManager: Mounting plugin LinuxDeviceProfileSelector
LogPluginManager: Mounting plugin LocationServicesBPLibrary
LogPluginManager: Mounting plugin MobilePatchingUtils
LogPluginManager: Mounting plugin OculusVR
LogPluginManager: Plugin shader directory ../../../Engine/Plugins/Runtime/Oculus/OculusVR/Shaders found
LogPluginManager: Mapping shader source directory ../../../Engine/Plugins/Runtime/Oculus/OculusVR/Shaders to virtual directory /Plugin/OculusVR
LogPluginManager: Mounting plugin PhysXVehicles
LogPluginManager: Mounting plugin ProceduralMeshComponent
LogPluginManager: Mounting plugin RuntimePhysXCooking
LogPluginManager: Mounting plugin SteamVR
LogPluginManager: Mounting plugin WindowsMoviePlayer
LogPluginManager: Mounting plugin Wwise
LogStreaming: Display: Took  6.044s to configure plugins.
LogInit: Using libcurl 7.47.1
LogInit:  - built for x86_64-pc-win32
LogInit:  - supports SSL with OpenSSL/1.0.2g
LogInit:  - supports HTTP deflate (compression) using libz 1.2.8
LogInit:  - other features:
LogInit:      CURL_VERSION_SSL
LogInit:      CURL_VERSION_LIBZ
LogInit:      CURL_VERSION_IPV6
LogInit:      CURL_VERSION_ASYNCHDNS
LogInit:      CURL_VERSION_LARGEFILE
LogInit:      CURL_VERSION_IDN
LogInit:  CurlRequestOptions (configurable via config and command line):
LogInit:  - bVerifyPeer = false  - Libcurl will NOT verify peer certificate
LogInit:  - bUseHttpProxy = false  - Libcurl will NOT use HTTP proxy
LogInit:  - bDontReuseConnections = false  - Libcurl will reuse connections
LogInit:  - CertBundlePath = nullptr  - Libcurl will use whatever was configured at build time.
LogInit:  - MaxHostConnections = 16  - Libcurl will limit the number of connections to a host
LogInit:  - LocalHostAddr = Default
LogInit: WinSock: version 1.1 (2.2), MaxSocks=32767, MaxUdp=65467
LogInit: WinSock: I am WINTER (10.2.8.162:0)
LogInit: Build: ++UE4+Release-4.19-CL-4033788
LogInit: Engine Version: 4.19.2-4033788+++UE4+Release-4.19
LogInit: Compatible Engine Version: 4.19.0-3944462+++UE4+Release-4.19
LogInit: Net CL: 3944462
LogDevObjectVersion: Number of dev versions registered: 18
LogDevObjectVersion:   Dev-Blueprints (B0D832E4-1F89-4F0D-ACCF-7EB736FD4AA2): 10
LogDevObjectVersion:   Dev-Build (E1C64328-A22C-4D53-A36C-8E866417BD8C): 0
LogDevObjectVersion:   Dev-Core (375EC13C-06E4-48FB-B500-84F0262A717E): 2
LogDevObjectVersion:   Dev-Editor (E4B068ED-F494-42E9-A231-DA0B2E46BB41): 23
LogDevObjectVersion:   Dev-Framework (CFFC743F-43B0-4480-9391-14DF171D2073): 33
LogDevObjectVersion:   Dev-Mobile (B02B49B5-BB20-44E9-A304-32B752E40360): 2
LogDevObjectVersion:   Dev-Networking (A4E4105C-59A1-49B5-A7C5-40C4547EDFEE): 0
LogDevObjectVersion:   Dev-Online (39C831C9-5AE6-47DC-9A44-9C173E1C8E7C): 0
LogDevObjectVersion:   Dev-Physics (78F01B33-EBEA-4F98-B9B4-84EACCB95AA2): 0
LogDevObjectVersion:   Dev-Platform (6631380F-2D4D-43E0-8009-CF276956A95A): 0
LogDevObjectVersion:   Dev-Rendering (12F88B9F-8875-4AFC-A67C-D90C383ABD29): 25
LogDevObjectVersion:   Dev-Sequencer (7B5AE74C-D270-4C10-A958-57980B212A5A): 6
LogDevObjectVersion:   Dev-VR (D7296918-1DD6-4BDD-9DE2-64A83CC13884): 1
LogDevObjectVersion:   Dev-LoadTimes (C2A15278-BFE7-4AFE-6C17-90FF531DF755): 1
LogDevObjectVersion:   Private-Geometry (6EACA3D4-40EC-4CC1-B786-8BED09428FC5): 2
LogDevObjectVersion:   Dev-AnimPhys (29E575DD-E0A3-4627-9D10-D276232CDCEA): 16
LogDevObjectVersion:   Dev-ReflectionCapture (6B266CEC-1EC7-4B8F-A30B-E4D90942FC07): 1
LogDevObjectVersion:   Dev-Automation (0DF73D61-A23F-47EA-B727-89E90C41499A): 1
LogInit: Compiled (64-bit): Apr 27 2018 02:06:57
LogInit: Compiled with Visual C++: 19.00.24215.01
LogInit: Build Configuration: Development
LogInit: Branch Name: ++UE4+Release-4.19
LogInit: Command Line:  
LogInit: Base Directory: E:/EpicGames/UE_4.19/Engine/Binaries/Win64/
LogInit: Installed Engine Build: 1
LogStreaming: Display: Took  0.006s to delete old logs.
LogInit: Presizing for max 8388607 objects, including 0 objects not considered by GC, pre-allocating 0 bytes for permanent pool.
LogInit: Object subsystem initialized
[2019.01.27-15.44.58:303][  0]LogInit: Selected Device Profile: [Windows]
[2019.01.27-15.44.58:303][  0]LogInit: Applying CVar settings loaded from the selected device profile: [Windows]
[2019.01.27-15.44.58:381][  0]LogInit: Computer: WINTER
[2019.01.27-15.44.58:381][  0]LogInit: User: mando
[2019.01.27-15.44.58:381][  0]LogInit: CPU Page size=4096, Cores=4
[2019.01.27-15.44.58:381][  0]LogInit: High frequency timer resolution =2.742183 MHz
[2019.01.27-15.44.58:382][  0]LogMemory: Memory total: Physical=11.9GB (12GB approx)
[2019.01.27-15.44.58:382][  0]LogMemory: Platform Memory Stats for Windows
[2019.01.27-15.44.58:382][  0]LogMemory: Process Physical Memory: 278.73 MB used, 278.73 MB peak
[2019.01.27-15.44.58:382][  0]LogMemory: Process Virtual Memory: 265.39 MB used, 265.39 MB peak
[2019.01.27-15.44.58:382][  0]LogMemory: Physical Memory: 5599.63 MB used,  6573.60 MB free, 12173.22 MB total
[2019.01.27-15.44.58:382][  0]LogMemory: Virtual Memory: 4839.77 MB used,  6573.60 MB free, 134217728.00 MB total
[2019.01.27-15.44.58:700][  0]LogInit: Using OS detected language (en-US).
[2019.01.27-15.44.58:700][  0]LogInit: Using OS detected locale (en-US).
[2019.01.27-15.44.58:916][  0]LogTextLocalizationManager: No specific localization for 'en-US' exists, so the 'en' localization will be used.
[2019.01.27-15.45.00:010][  0]LogStreaming: Display: Took  1.310s to EndInitTextLocalization.
[2019.01.27-15.45.00:010][  0]LogInit: Setting process to per monitor DPI aware
[2019.01.27-15.45.01:517][  0]LogSlate: New Slate User Created.  User Index 0, Is Virtual User: 0
[2019.01.27-15.45.01:517][  0]LogSlate: Slate User Registered.  User Index 0, Is Virtual User: 0
[2019.01.27-15.45.05:182][  0]LogD3D11RHI: D3D11 adapters:
[2019.01.27-15.45.06:268][  0]LogD3D11RHI:    0. 'NVIDIA GeForce GTX 1050 Ti' (Feature Level 11_0)
[2019.01.27-15.45.06:268][  0]LogD3D11RHI:       4018/0/6086 MB DedicatedVideo/DedicatedSystem/SharedSystem, Outputs:1, VendorId:0x10de
[2019.01.27-15.45.06:279][  0]LogD3D11RHI:    1. 'Intel(R) HD Graphics 630' (Feature Level 11_0)
[2019.01.27-15.45.06:279][  0]LogD3D11RHI:       128/0/6086 MB DedicatedVideo/DedicatedSystem/SharedSystem, Outputs:0, VendorId:0x8086
[2019.01.27-15.45.06:281][  0]LogD3D11RHI:    2. 'Microsoft Basic Render Driver' (Feature Level 11_0)
[2019.01.27-15.45.06:281][  0]LogD3D11RHI:       0/0/6086 MB DedicatedVideo/DedicatedSystem/SharedSystem, Outputs:0, VendorId:0x1414
[2019.01.27-15.45.06:281][  0]LogD3D11RHI: Chosen D3D11 Adapter: 0
[2019.01.27-15.45.06:307][  0]LogD3D11RHI: Creating new Direct3DDevice
[2019.01.27-15.45.06:307][  0]LogD3D11RHI:     GPU DeviceId: 0x1c8c (for the marketing name, search the web for "GPU Device Id")
[2019.01.27-15.45.06:307][  0]LogWindows: EnumDisplayDevices:
[2019.01.27-15.45.06:308][  0]LogWindows:    0. 'Intel(R) HD Graphics 630' (P:1 D:1)
[2019.01.27-15.45.06:308][  0]LogWindows:    1. 'Intel(R) HD Graphics 630' (P:0 D:0)
[2019.01.27-15.45.06:308][  0]LogWindows:    2. 'Intel(R) HD Graphics 630' (P:0 D:0)
[2019.01.27-15.45.06:308][  0]LogWindows:    3. 'NVIDIA GeForce GTX 1050 Ti' (P:0 D:0)
[2019.01.27-15.45.06:308][  0]LogWindows: DebugString: GetVideoDriverDetailsInvalid PrimaryIsNotTheChoosenAdapter GetVideoDriverDetailsInvalid PrimaryIsNotTheChoosenAdapter GetVideoDriverDetailsInvalid PrimaryIsNotTheChoosenAdapter GetVideoDriverDetailsInvalid PrimaryIsNotTheChoosenAdapter FoundDriverCount:0 
[2019.01.27-15.45.06:308][  0]LogD3D11RHI:     Adapter Name: NVIDIA GeForce GTX 1050 Ti
[2019.01.27-15.45.06:308][  0]LogD3D11RHI:   Driver Version: Unknown (internal:Unknown, unified:Unknown)
[2019.01.27-15.45.06:308][  0]LogD3D11RHI:      Driver Date: Unknown
[2019.01.27-15.45.06:308][  0]LogRHI: Texture pool is 2812 MB (70% of 4018 MB)
[2019.01.27-15.45.06:349][  0]LogD3D11RHI: [Aftermath] Aftermath enabled and primed
[2019.01.27-15.45.06:349][  0]LogD3D11RHI: [Aftermath] Aftermath enabled and primed
[2019.01.27-15.45.06:349][  0]LogD3D11RHI: Async texture creation enabled
[2019.01.27-15.45.06:369][  0]LogD3D11RHI: GPU Timing Frequency: 1000.000000 (Debug: 2 2)
[2019.01.27-15.45.06:370][  0]LogShaderCompilers: Guid format shader working directory is 9 characters bigger than the processId version (../../../../../mando/Documents/Github/Intermediate/Shaders/WorkingDirectory/2960/).
[2019.01.27-15.45.06:370][  0]LogShaderCompilers: Cleaned the shader compiler working directory 'C:/Users/mando/AppData/Local/Temp/UnrealShaderWorkingDir/CA6DAAF8427320A5BCF73295EB00C33A/'.
[2019.01.27-15.45.07:297][  0]LogTemp: Display: Loaded TP AllDesktopTargetPlatform
[2019.01.27-15.45.07:332][  0]LogTemp: Display: Loaded TP MacClientTargetPlatform
[2019.01.27-15.45.07:367][  0]LogTemp: Display: Loaded TP MacNoEditorTargetPlatform
[2019.01.27-15.45.07:398][  0]LogTemp: Display: Loaded TP MacServerTargetPlatform
[2019.01.27-15.45.07:430][  0]LogTemp: Display: Loaded TP MacTargetPlatform
[2019.01.27-15.45.07:447][  0]LogTemp: Display: Loaded TP WindowsClientTargetPlatform
[2019.01.27-15.45.07:470][  0]LogTemp: Display: Loaded TP WindowsNoEditorTargetPlatform
[2019.01.27-15.45.07:487][  0]LogTemp: Display: Loaded TP WindowsServerTargetPlatform
[2019.01.27-15.45.07:495][  0]LogTemp: Display: Loaded TP WindowsTargetPlatform
[2019.01.27-15.45.07:524][  0]LogTemp: Display: Loaded TP Android_ASTCTargetPlatform
[2019.01.27-15.45.07:541][  0]LogTemp: Display: Loaded TP Android_ATCTargetPlatform
[2019.01.27-15.45.07:558][  0]LogTemp: Display: Loaded TP Android_DXTTargetPlatform
[2019.01.27-15.45.07:574][  0]LogTemp: Display: Loaded TP Android_ETC1aTargetPlatform
[2019.01.27-15.45.07:593][  0]LogTemp: Display: Loaded TP Android_ETC1TargetPlatform
[2019.01.27-15.45.07:910][  0]LogTemp: Display: Loaded TP Android_ETC2TargetPlatform
[2019.01.27-15.45.08:029][  0]LogTemp: Display: Loaded TP Android_MultiTargetPlatform
[2019.01.27-15.45.08:029][  0]LogTemp: Display: Loaded TP Android_PVRTCTargetPlatform
[2019.01.27-15.45.08:096][  0]LogTemp: Display: Loaded TP AndroidTargetPlatform
[2019.01.27-15.45.08:100][  0]LogTemp: Display: Loaded TP HTML5TargetPlatform
[2019.01.27-15.45.08:219][  0]LogTemp: Display: Loaded TP IOSTargetPlatform
[2019.01.27-15.45.08:264][  0]LogTemp: Display: Loaded TP TVOSTargetPlatform
[2019.01.27-15.45.08:316][  0]LogTemp: Display: Loaded TP LinuxClientTargetPlatform
[2019.01.27-15.45.08:362][  0]LogTemp: Display: Loaded TP LinuxNoEditorTargetPlatform
[2019.01.27-15.45.08:409][  0]LogTemp: Display: Loaded TP LinuxServerTargetPlatform
[2019.01.27-15.45.08:433][  0]LogTemp: Display: Loaded TP LinuxTargetPlatform
[2019.01.27-15.45.08:433][  0]LogTargetPlatformManager: Display: Building Assets For Windows
[2019.01.27-15.45.09:356][  0]LogXGEController: Cleaning working directory: C:/Users/mando/AppData/Local/Temp/UnrealXGEWorkingDir/
[2019.01.27-15.45.09:356][  0]LogXGEController: Cannot use XGE Controller as Incredibuild is not installed on this machine.
[2019.01.27-15.45.09:357][  0]LogShaderCompilers: Cannot use XGE Shader Compiler as Incredibuild is not installed on this machine.
[2019.01.27-15.45.09:357][  0]LogShaderCompilers: Display: Using Local Shader Compiler.
[2019.01.27-15.45.12:612][  0]LogDerivedDataCache: Display: Max Cache Size: 512 MB
[2019.01.27-15.45.12:956][  0]LogDerivedDataCache: Loaded boot cache 0.34s 74MB C:/Users/mando/AppData/Local/UnrealEngine/4.19/DerivedDataCache/Boot.ddc.
[2019.01.27-15.45.12:956][  0]LogDerivedDataCache: Display: Loaded Boot cache: C:/Users/mando/AppData/Local/UnrealEngine/4.19/DerivedDataCache/Boot.ddc
[2019.01.27-15.45.12:956][  0]LogDerivedDataCache: FDerivedDataBackendGraph:  Pak pak cache file ../../../../../mando/Documents/Github/DerivedDataCache/DDC.ddp not found, will not use a pak cache.
[2019.01.27-15.45.12:956][  0]LogDerivedDataCache: Unable to find inner node Pak for hierarchical cache Hierarchy.
[2019.01.27-15.45.12:956][  0]LogDerivedDataCache: FDerivedDataBackendGraph:  CompressedPak pak cache file ../../../../../mando/Documents/Github/DerivedDataCache/Compressed.ddp not found, will not use a pak cache.
[2019.01.27-15.45.12:956][  0]LogDerivedDataCache: Unable to find inner node CompressedPak for hierarchical cache Hierarchy.
[2019.01.27-15.45.13:033][  0]LogDerivedDataCache: Display: Pak cache opened for reading ../../../Engine/DerivedDataCache/Compressed.ddp.
[2019.01.27-15.45.13:046][  0]LogDerivedDataCache: Using Local data cache path C:/Users/mando/AppData/Local/UnrealEngine/Common/DerivedDataCache: Writable
[2019.01.27-15.45.13:046][  0]LogDerivedDataCache: Shared data cache path not found in *engine.ini, will not use an Shared cache.
[2019.01.27-15.45.13:046][  0]LogDerivedDataCache: Unable to find inner node Shared for hierarchical cache Hierarchy.
[2019.01.27-15.45.13:070][  0]LogMaterial: Verifying Global Shaders for PCD3D_SM5
[2019.01.27-15.45.13:071][  0]LogSlate: Using Freetype 2.6.0
[2019.01.27-15.45.13:145][  0]LogSlate: SlateFontCache - WITH_FREETYPE: 1, WITH_HARFBUZZ: 1
[2019.01.27-15.45.13:145][  0]LogSlate: SlateFontCache - WITH_FREETYPE: 1, WITH_HARFBUZZ: 1
[2019.01.27-15.45.19:222][  0]LogAssetRegistry: FAssetRegistry took 0.0270 seconds to start up
[2019.01.27-15.45.20:977][  0]LogInit: Selected Device Profile: [Windows]
[2019.01.27-15.45.21:644][  0]LogSimplygon: Simplygon DLL not present - disabling.
[2019.01.27-15.45.21:690][  0]LogMeshReduction: Using SimplygonSwarm for distributed automatic mesh merging
[2019.01.27-15.45.21:690][  0]LogMeshReduction: Using QuadricMeshReduction for automatic static mesh reduction
[2019.01.27-15.45.21:690][  0]LogMeshReduction: No automatic skeletal mesh reduction module available
[2019.01.27-15.45.21:690][  0]LogMeshReduction: No automatic mesh merging module available
[2019.01.27-15.45.21:690][  0]LogMeshMerging: No automatic mesh merging module available
[2019.01.27-15.45.21:851][  0]LogNetVersion: BirdsOfAFeather , NetCL: 3944462, EngineNetVer: 2, GameNetVer: 0 (Checksum: 2130924952)
[2019.01.27-15.45.23:050][  0]LogPackageLocalizationCache: Processed 10 localized package path(s) for 2 prioritized culture(s) in 0.123879 seconds
[2019.01.27-15.45.23:057][  0]LogUObjectArray: 36728 objects as part of root set at end of initial load.
[2019.01.27-15.45.23:057][  0]LogUObjectAllocator: 7314304 out of 0 bytes used by permanent object pool.
[2019.01.27-15.45.23:057][  0]LogUObjectArray: CloseDisregardForGC: 0/0 objects in disregard for GC pool
[2019.01.27-15.45.40:337][  0]LogTcpMessaging: Initializing TcpMessaging bridge
[2019.01.27-15.45.40:392][  0]LogUdpMessaging: Initializing bridge on interface 0.0.0.0:0 to multicast group 230.0.0.1:6666.
[2019.01.27-15.45.40:915][  0]LogAkAudio: Wwise(R) SDK Version 2018.1.4 Build 6807. Copyright (c) 2006-2018 Audiokinetic Inc.
[2019.01.27-15.45.40:952][  0]LogInit: Audiokinetic Audio Device setting bank directory to ../../../../../mando/Documents/Github/Content/WwiseAudio/Windows/.
[2019.01.27-15.45.40:955][  0]LogInit: Audiokinetic Audio Device initialized.
[2019.01.27-15.45.41:573][  0]SourceControl: Source control is disabled
[2019.01.27-15.45.41:573][  0]SourceControl: Source control is disabled
[2019.01.27-15.45.41:632][  0]SourceControl: Source control is disabled
[2019.01.27-15.45.41:674][  0]SourceControl: Source control is disabled
[2019.01.27-15.45.42:763][  0]LogAndroidPermission: UAndroidPermissionCallbackProxy::GetInstance
[2019.01.27-15.45.43:161][  0]LogAkAudio: Audio thread resumed, audio restarts.
[2019.01.27-15.45.43:161][  0]LogOcInput: OculusInput pre-init called
[2019.01.27-15.45.43:540][  0]LogEngine: Initializing Engine...
[2019.01.27-15.45.43:541][  0]LogHMD: Failed to initialize OpenVR with code 110
[2019.01.27-15.45.43:542][  0]LogStats: UGameplayTagsManager::ConstructGameplayTagTree: Construct from data asset -  0.000 s
[2019.01.27-15.45.43:542][  0]LogStats: UGameplayTagsManager::ConstructGameplayTagTree: GameplayTagTreeChangedEvent.Broadcast -  0.000 s
[2019.01.27-15.45.43:878][  0]LogAIModule: Creating AISystem for world Untitled
[2019.01.27-15.45.43:896][  0]LogInit: XAudio2 using 'Headphones (BAL-M40x Stereo)' : 2 channels at 44.1 kHz using 16 bits per sample (channel mask 0x3)
[2019.01.27-15.45.43:907][  0]LogInit: FAudioDevice initialized.
[2019.01.27-15.45.43:976][  0]LogDerivedDataCache: Saved boot cache 0.07s 74MB C:/Users/mando/AppData/Local/UnrealEngine/4.19/DerivedDataCache/Boot.ddc.
[2019.01.27-15.45.43:992][  0]LogInit: Texture streaming: Enabled
[2019.01.27-15.45.44:423][  0]LogEngineSessionManager: EngineSessionManager initialized
[2019.01.27-15.45.44:666][  0]LogInit: Transaction tracking system initialized
[2019.01.27-15.45.44:910][  0]BlueprintLog: New page: Editor Load
[2019.01.27-15.45.45:598][  0]LocalizationService: Localization service is disabled
[2019.01.27-15.45.46:335][  0]LogConsoleResponse: Display: 
[2019.01.27-15.45.47:045][  0]LogAutoReimportManager: Warning: Unable to watch directory ../../../../../mando/Documents/Github/Content/ as it will conflict with another watching ../../../../../mando/Documents/Github/Content/.
[2019.01.27-15.45.47:064][  0]LogCook: Display: Max memory allowance for cook 16384mb min free memory 0mb
[2019.01.27-15.45.47:065][  0]LogCook: Display: Mobile HDR setting 1
[2019.01.27-15.45.47:065][  0]LogGameplayTags: Display: UGameplayTagsManager::DoneAddingNativeTags. DelegateIsBound: 0
[2019.01.27-15.45.47:065][  0]LogStats: UGameplayTagsManager::ConstructGameplayTagTree: Construct from data asset -  0.000 s
[2019.01.27-15.45.47:065][  0]LogStats: UGameplayTagsManager::ConstructGameplayTagTree: GameplayTagTreeChangedEvent.Broadcast -  0.000 s
[2019.01.27-15.45.47:203][  0]LogFileCache: Scanning file cache for directory 'E:/mando/Documents/Github/Content/' took 0.03s
[2019.01.27-15.45.50:807][  0]SourceControl: Source control is disabled
[2019.01.27-15.45.50:808][  0]Cmd: MAP LOAD FILE="../../../Engine/Content/Maps/Templates/Template_Default.umap" TEMPLATE=1 SHOWPROGRESS=1 FEATURELEVEL=3
[2019.01.27-15.45.50:808][  0]LightingResults: New page: Lighting Build
[2019.01.27-15.45.53:760][  0]MapCheck: New page: Map Check
[2019.01.27-15.45.53:760][  0]LightingResults: New page: Lighting Build
[2019.01.27-15.45.54:195][  0]LogAIModule: Creating AISystem for world Untitled_1
[2019.01.27-15.45.54:202][  0]LogEditorServer: Finished looking for orphan Actors (0.000 secs)
[2019.01.27-15.45.54:235][  0]Cmd: MAP CHECKDEP NOCLEARLOG
[2019.01.27-15.45.54:326][  0]MapCheck: Map check complete: 0 Error(s), 0 Warning(s), took 90.94ms to complete.
[2019.01.27-15.45.54:326][  0]LogFileHelpers: Loading map 'Template_Default' took 3.519
[2019.01.27-15.45.54:994][  0]LogCollectionManager: Loaded 0 collections in 0.001484 seconds
[2019.01.27-15.45.55:055][  0]LogFileCache: Scanning file cache for directory 'E:/mando/Documents/Github/Saved/Collections/' took 0.01s
[2019.01.27-15.45.55:055][  0]LogFileCache: Scanning file cache for directory 'E:/mando/Documents/Github/Content/Developers/mando/Collections/' took 0.01s
[2019.01.27-15.45.55:055][  0]LogFileCache: Scanning file cache for directory 'E:/mando/Documents/Github/Content/Collections/' took 0.01s
[2019.01.27-15.45.55:055][  0]LogCollectionManager: Rebuilt the GUID cache for 0 collections in 0.000000 seconds
[2019.01.27-15.45.55:065][  0]LogContentBrowser: Native class hierarchy populated in 0.0106 seconds. Added 2521 classes and 568 folders.
[2019.01.27-15.45.55:109][  0]LogContentBrowser: Native class hierarchy updated for 'WidgetCarousel' in 0.0003 seconds. Added 0 classes and 0 folders.
[2019.01.27-15.45.55:856][  0]LogContentBrowser: Native class hierarchy updated for 'AddContentDialog' in 0.0005 seconds. Added 0 classes and 0 folders.
[2019.01.27-15.45.55:879][  0]LogContentBrowser: Native class hierarchy updated for 'SceneOutliner' in 0.0011 seconds. Added 1 classes and 2 folders.
[2019.01.27-15.45.55:967][  0]LogSlate: Took 0.029077 seconds to synchronously load lazily loaded font '../../../Engine/Content/Slate/Fonts/Roboto-Regular.ttf' (155K)
[2019.01.27-15.45.55:999][  0]LogSlate: Took 0.028706 seconds to synchronously load lazily loaded font '../../../Engine/Content/Slate/Fonts/Roboto-Bold.ttf' (160K)
[2019.01.27-15.45.56:042][  0]LogSlate: Took 0.036647 seconds to synchronously load lazily loaded font '../../../Engine/Content/Editor/Slate/Fonts/FontAwesome.ttf' (139K)
[2019.01.27-15.45.56:165][  0]LogRenderer: Reallocating scene render targets to support 964x460 Format 10 NumSamples 1 (Frame:1).
[2019.01.27-15.45.56:504][  0]LogContentBrowser: Native class hierarchy updated for 'HierarchicalLODOutliner' in 0.0009 seconds. Added 0 classes and 0 folders.
[2019.01.27-15.45.56:505][  0]LogLoad: (Engine Initialization) Total time: 72.87 seconds
[2019.01.27-15.45.56:505][  0]LogLoad: (Engine Initialization) Total Blueprint compile time: 0.00 seconds
[2019.01.27-15.45.56:557][  0]LogContentStreaming: Texture pool size now 1000 MB
[2019.01.27-15.45.56:748][  0]LogSlate: Took 0.000320 seconds to synchronously load lazily loaded font '../../../Engine/Content/Slate/Fonts/Roboto-Light.ttf' (167K)
[2019.01.27-15.45.57:031][  1]LogAssetRegistry: Asset discovery search completed in 37.8311 seconds
[2019.01.27-15.45.57:039][  1]LogSlate: FSceneViewport::OnFocusLost() reason 2
[2019.01.27-15.46.01:414][  1]LogSlate: Only BGRA pngs, bmps or icos are supported in by External Image Picker
[2019.01.27-15.46.01:452][  1]LogTemp: Executing iPhonePackager certificates Engine -bundlename com.YourCompany.BirdsOfAFeather
[2019.01.27-15.46.01:452][  1]LogTemp: CWD: E:\EpicGames\UE_4.19\Engine\Binaries\DotNET\IOS
[2019.01.27-15.46.01:452][  1]LogTemp: Initial Dir: E:\EpicGames\UE_4.19
[2019.01.27-15.46.01:452][  1]LogTemp: Env CWD: E:\EpicGames\UE_4.19\Engine\Binaries\DotNET\IOS
[2019.01.27-15.46.01:452][  1]LogTemp: BranchPath = WINTER/E/EpicGames/UE_4.19/Engine/Binaries --- GameBranchPath = WINTER/E/EpicGames/UE_4.19/Engine/Binaries
[2019.01.27-15.46.01:452][  1]LogSlate: Window 'Re-set Wwise Path' being destroyed
[2019.01.27-15.46.01:477][  1]LogTemp: IPP ERROR: Could not find provision directory 'C:\Users\mando\AppData\Local/Apple Computer/MobileDevice/Provisioning Profiles/'.
[2019.01.27-15.46.01:477][  1]LogCollectionManager: Rebuilt the object cache for 0 collections in 0.000001 seconds (found 0 objects)
[2019.01.27-15.46.01:477][  1]LogCollectionManager: Fixed up redirectors for 0 collections in 0.000071 seconds (updated 0 objects)
[2019.01.27-15.46.01:816][  3]LogSlate: Took 0.000341 seconds to synchronously load lazily loaded font '../../../Engine/Content/Slate/Fonts/Roboto-Light.ttf' (167K)
[2019.01.27-15.46.07:065][286]LogFileCache: Retrieving MD5 hashes for directory 'E:/mando/Documents/Github/Content/' took 10.53s
[2019.01.27-15.46.07:868][326]AssetReimport: New page: Detailed File System Changes from 3:46:07 PM
[2019.01.27-15.46.08:012][326]AssetReimport: 'E:/mando/Documents/Github/Content/Enviroment/Interactive/Lantern/lantern.png' has been created.
[2019.01.27-15.46.10:165][448]LogSlate: Window 'Message Log' being destroyed
[2019.01.27-15.46.10:178][448]LogSlate: Window 'Message Log' being destroyed
[2019.01.27-15.46.11:068][501]LogSlate: FSceneViewport::OnFocusLost() reason 0
[2019.01.27-15.46.11:186][504]AssetReimport: New page: Outstanding source content changes 3:46:11 PM
[2019.01.27-15.46.11:668][506]LogEditorFactories: Performing atomic reimport of [E:/mando/Documents/Github/Content/Enviroment/Interactive/Lantern/lantern.png]
[2019.01.27-15.46.11:670][506]LogFactory: FactoryCreateFile: Texture2D with ReimportTextureFactory (0 0 E:/mando/Documents/Github/Content/Enviroment/Interactive/Lantern/lantern.png)
[2019.01.27-15.46.11:896][506]LogEditorFactories: -- imported successfully
[2019.01.27-15.46.12:069][506]LogEditorFactories: Performing atomic reimport of [E:/mando/Documents/Github/Content/Enviroment/Interactive/Lantern/lantern.png]
[2019.01.27-15.46.12:070][506]LogFactory: FactoryCreateFile: Texture2D with ReimportTextureFactory (0 0 E:/mando/Documents/Github/Content/Enviroment/Interactive/Lantern/lantern.png)
[2019.01.27-15.46.12:168][506]LogEditorFactories: -- imported successfully
[2019.01.27-15.46.12:355][507]Cmd: OBJ SAVEPACKAGE PACKAGE="/Game/Enviroment/Interactive/Lantern/lantern" FILE="../../../../../mando/Documents/Github/Content/Enviroment/Interactive/Lantern/lantern.uasset" SILENT=true
[2019.01.27-15.46.12:500][507]LogSavePackage: Save=98.82ms
[2019.01.27-15.46.12:500][507]LogSavePackage: Moving '../../../../../mando/Documents/Github/Saved/lantern5EB8A16A4C51B52123DCB89B780DEA7C.tmp' to '../../../../../mando/Documents/Github/Content/Enviroment/Interactive/Lantern/lantern.uasset'
[2019.01.27-15.46.12:515][507]LogSavePackage: Display: Finished SavePackage ../../../../../mando/Documents/Github/Content/Enviroment/Interactive/Lantern/lantern.uasset
[2019.01.27-15.46.12:545][507]Cmd: OBJ SAVEPACKAGE PACKAGE="/Game/Enviroment/Interactive/Lantern/Lantern_Red" FILE="../../../../../mando/Documents/Github/Content/Enviroment/Interactive/Lantern/Lantern_Red.uasset" SILENT=true
[2019.01.27-15.46.12:621][507]LogSavePackage: Save=57.02ms
[2019.01.27-15.46.12:621][507]LogSavePackage: Moving '../../../../../mando/Documents/Github/Saved/Lantern_Red6A1423174D307C24F47F1AA87DF3CB7C.tmp' to '../../../../../mando/Documents/Github/Content/Enviroment/Interactive/Lantern/Lantern_Red.uasset'
[2019.01.27-15.46.12:625][507]LogSavePackage: Display: Finished SavePackage ../../../../../mando/Documents/Github/Content/Enviroment/Interactive/Lantern/Lantern_Red.uasset
[2019.01.27-15.46.13:030][531]LogSlate: FSceneViewport::OnFocusLost() reason 0
[2019.01.27-15.46.15:646][685]AssetReimport: Reimported asset lantern from E:/mando/Documents/Github/Content/Enviroment/Interactive/Lantern/lantern.png.
[2019.01.27-15.46.15:646][685]AssetReimport: Reimported asset Lantern_Red from E:/mando/Documents/Github/Content/Enviroment/Interactive/Lantern/lantern.png.
[2019.01.27-15.46.16:813][753]LogSlate: FSceneViewport::OnFocusLost() reason 0
[2019.01.27-15.46.39:178][489]LogSlate: FSceneViewport::OnFocusLost() reason 2
[2019.01.27-15.46.39:220][489]LogSlate: FSceneViewport::OnFocusLost() reason 2
[2019.01.27-15.46.41:354][609]LogSlate: FSceneViewport::OnFocusLost() reason 0
[2019.01.27-15.46.41:385][611]LogSlate: Window 'Waapi Picker' being destroyed
[2019.01.27-15.46.41:399][611]LogSlate: Window 'Waapi Picker' being destroyed
[2019.01.27-15.46.47:271][785]LogSlate: FSceneViewport::OnFocusLost() reason 0
[2019.01.27-15.46.52:248][ 77]LogAkAudio: Audio thread suspended.  Audio output will be silent.
[2019.01.27-15.46.52:248][ 77]LogInit: XAudio2 using 'Headphones (BAL-M40x Stereo)' : 2 channels at 44.1 kHz using 16 bits per sample (channel mask 0x3)
[2019.01.27-15.46.53:016][114]LogInit: XAudio2 using 'Headphones (BAL-M40x Stereo)' : 2 channels at 44.1 kHz using 16 bits per sample (channel mask 0x3)
[2019.01.27-15.46.53:043][114]LogAudio: Error: CreateMasteringVoice error: Unhandled error code -2147024875
[2019.01.27-15.46.53:043][114]LogInit: Warning: Failed to create the mastering voice for XAudio2
[2019.01.27-15.46.53:055][115]LogAudio: Warning: Current Audio Device with ID {0.0.0.00000000}.{162ad68b-087e-4b4a-8bee-412ad98b950d} was removed. Shutting down audio device.
[2019.01.27-15.46.53:090][115]LogInit: XAudio2 using 'Speaker/Headphone (Realtek High Definition Audio)' : 2 channels at 48 kHz using 32 bits per sample (channel mask 0x3)
[2019.01.27-15.46.53:564][116]LogAkAudio: Audio thread resumed, audio restarts.
[2019.01.27-15.46.53:598][118]LogAkAudio: Audio thread resumed, audio restarts.
[2019.01.27-15.47.10:153][ 83]LogSlate: Window 'Project Settings' being destroyed
[2019.01.27-15.47.10:159][ 83]LogSlate: Window 'Project Settings' being destroyed
[2019.01.27-15.47.11:568][166]LogSlate: FSceneViewport::OnFocusLost() reason 0
[2019.01.27-15.47.11:648][171]LogSlate: Window 'Wwise Picker' being destroyed
[2019.01.27-15.47.11:653][171]LogSlate: Window 'Wwise Picker' being destroyed
[2019.01.27-15.47.12:548][225]LogSlate: FSceneViewport::OnFocusLost() reason 0
[2019.01.27-15.47.13:327][255]LogAudioDerivedData: Display: Building compressed audio format OGG wave BirdJamLevel2Master...
[2019.01.27-15.47.15:512][255]LogAudioDerivedData: Updated SoundWave->RawPCMDataSize during cooking SoundWave /Game/Music/BirdJamLevel2Master.BirdJamLevel2Master.
[2019.01.27-15.47.22:799][605]LogUObjectGlobals: Created PersistentFrame Addr=0x000002c48b60b200, Size=1600, Default__BP_Bird_C Function /Game/Character_BPs/BP_Bird.BP_Bird_C:ExecuteUbergraph_BP_Bird
[2019.01.27-15.47.22:828][605]LogUObjectGlobals: Created PersistentFrame Addr=0x000002c49c245bd0, Size=20, Default__ContinueHUD_C Function /Game/Hud/ContinueHUD.ContinueHUD_C:ExecuteUbergraph_ContinueHUD
[2019.01.27-15.47.22:835][605]LogUObjectGlobals: Created PersistentFrame Addr=0x000002c4c35f7ec0, Size=72, Default__MainMenuHUD_C Function /Game/Hud/MainMenuHUD.MainMenuHUD_C:ExecuteUbergraph_MainMenuHUD
[2019.01.27-15.47.22:836][605]LogUObjectGlobals: Created PersistentFrame Addr=0x000002c4be576470, Size=56, Default__CreditsHUD_C Function /Game/Hud/CreditsHUD.CreditsHUD_C:ExecuteUbergraph_CreditsHUD
[2019.01.27-15.47.23:030][605]LogUObjectGlobals: Destroyed PersistentFrame Addr=0x000002c49c245bd0, Size=20
[2019.01.27-15.47.23:030][605]LogUObjectGlobals: Created PersistentFrame Addr=0x000002c498182278, Size=20, Default__ContinueHUD_C Function /Engine/Transient.REINST_ContinueHUD_C_1:ExecuteUbergraph_ContinueHUD
[2019.01.27-15.47.23:030][605]LogUObjectGlobals: Destroyed PersistentFrame Addr=0x000002c4be576470, Size=56
[2019.01.27-15.47.23:030][605]LogUObjectGlobals: Created PersistentFrame Addr=0x000002c499dabe40, Size=56, Default__CreditsHUD_C Function /Engine/Transient.REINST_CreditsHUD_C_2:ExecuteUbergraph_CreditsHUD
[2019.01.27-15.47.23:031][605]LogUObjectGlobals: Destroyed PersistentFrame Addr=0x000002c4c35f7ec0, Size=72
[2019.01.27-15.47.23:031][605]LogUObjectGlobals: Created PersistentFrame Addr=0x000002c49a0bca90, Size=72, Default__MainMenuHUD_C Function /Engine/Transient.REINST_MainMenuHUD_C_3:ExecuteUbergraph_MainMenuHUD
[2019.01.27-15.47.23:032][605]LogUObjectGlobals: Destroyed PersistentFrame Addr=0x000002c48b60b200, Size=1600
[2019.01.27-15.47.23:032][605]LogUObjectGlobals: Created PersistentFrame Addr=0x000002c48b5ef900, Size=1600, Default__BP_Bird_C Function /Engine/Transient.REINST_BP_Bird_C_5:ExecuteUbergraph_BP_Bird
[2019.01.27-15.47.23:052][605]LogUObjectGlobals: Created PersistentFrame Addr=0x000002c48ad7e8a8, Size=20, Default__ContinueHUD_C Function /Game/Hud/ContinueHUD.ContinueHUD_C:ExecuteUbergraph_ContinueHUD
[2019.01.27-15.47.23:053][605]LogUObjectGlobals: Created PersistentFrame Addr=0x000002c499dabb68, Size=56, Default__CreditsHUD_C Function /Game/Hud/CreditsHUD.CreditsHUD_C:ExecuteUbergraph_CreditsHUD
[2019.01.27-15.47.23:054][605]LogUObjectGlobals: Created PersistentFrame Addr=0x000002c499422660, Size=72, Default__MainMenuHUD_C Function /Game/Hud/MainMenuHUD.MainMenuHUD_C:ExecuteUbergraph_MainMenuHUD
[2019.01.27-15.47.23:059][605]LogUObjectGlobals: Created PersistentFrame Addr=0x000002c4bfafab00, Size=1600, Default__BP_Bird_C Function /Game/Character_BPs/BP_Bird.BP_Bird_C:ExecuteUbergraph_BP_Bird
[2019.01.27-15.47.23:073][605]LogUObjectGlobals: Created PersistentFrame Addr=0x000002c48ad7dd98, Size=24, Default__MenuMap_C Function /Game/Maps/MenuMap.MenuMap_C:ExecuteUbergraph_MenuMap
[2019.01.27-15.47.23:074][605]LogUObjectGlobals: Destroyed PersistentFrame Addr=0x000002c48ad7dd98, Size=24
[2019.01.27-15.47.23:074][605]LogUObjectGlobals: Created PersistentFrame Addr=0x000002c48ad7dd98, Size=24, Default__MenuMap_C Function /Engine/Transient.REINST_MenuMap_C_11:ExecuteUbergraph_MenuMap
[2019.01.27-15.47.23:075][605]LogUObjectGlobals: Created PersistentFrame Addr=0x000002c48ad7d228, Size=24, Default__MenuMap_C Function /Game/Maps/MenuMap.MenuMap_C:ExecuteUbergraph_MenuMap
[2019.01.27-15.47.23:165][605]LogTexture: Display: Building textures: glide_sprite_sheet (BGRA8, 1836X385)
[2019.01.27-15.47.24:872][605]LogTexture: Display: Building textures: FeatherPickUp (BGRA8, 4420X3940)
[2019.01.27-15.47.25:223][605]LogAIModule: Creating AISystem for world MenuMap
[2019.01.27-15.47.25:290][605]LogUObjectGlobals: Destroyed PersistentFrame Addr=0x000002c499dabe40, Size=56
[2019.01.27-15.47.25:290][605]LogUObjectGlobals: Destroyed PersistentFrame Addr=0x000002c49a0bca90, Size=72
[2019.01.27-15.47.25:290][605]LogUObjectGlobals: Destroyed PersistentFrame Addr=0x000002c498182278, Size=20
[2019.01.27-15.47.25:290][605]LogUObjectGlobals: Destroyed PersistentFrame Addr=0x000002c48b5ef900, Size=1600
[2019.01.27-15.47.25:291][605]LogUObjectGlobals: Destroyed PersistentFrame Addr=0x000002c48ad7dd98, Size=24
[2019.01.27-15.47.25:292][605]Cmd: MAP LOAD FILE="../../../../../mando/Documents/Github/Content/Maps/MenuMap.umap" TEMPLATE=0 SHOWPROGRESS=1 FEATURELEVEL=3
[2019.01.27-15.47.25:292][605]LightingResults: New page: Lighting Build
[2019.01.27-15.47.25:293][605]LoadErrors: New page: Loading map: MenuMap.umap
[2019.01.27-15.47.25:293][605]MapCheck: New page: Map Check
[2019.01.27-15.47.25:293][605]LightingResults: New page: Lighting Build
[2019.01.27-15.47.25:310][605]LogEditorServer: Finished looking for orphan Actors (0.000 secs)
[2019.01.27-15.47.25:376][605]Cmd: MAP CHECKDEP NOCLEARLOG
[2019.01.27-15.47.25:472][605]MapCheck: Map check complete: 0 Error(s), 0 Warning(s), took 94.915ms to complete.
[2019.01.27-15.47.25:472][605]LogFileHelpers: Loading map 'MenuMap' took 0.181
[2019.01.27-15.47.28:509][777]LogTemp: Repeating last play command: New Editor Window (PIE)
[2019.01.27-15.47.28:543][777]LogBlueprintUserMessages: Early PlayInEditor Detection: Level '/Game/Maps/MenuMap.MenuMap:PersistentLevel' has LevelScriptBlueprint '/Game/Maps/MenuMap.MenuMap:PersistentLevel.MenuMap' with GeneratedClass '/Game/Maps/MenuMap.MenuMap_C' with ClassGeneratedBy '/Game/Maps/MenuMap.MenuMap:PersistentLevel.MenuMap'
[2019.01.27-15.47.28:543][777]LogPlayLevel: PlayLevel: No blueprints needed recompiling
[2019.01.27-15.47.28:544][777]PIE: New page: PIE session: MenuMap (Jan 27, 2019, 3:47:28 PM)
[2019.01.27-15.47.28:544][777]LogPlayLevel: Creating play world package: /Game/Maps/UEDPIE_0_MenuMap
[2019.01.27-15.47.28:545][777]LogPlayLevel: PIE: StaticDuplicateObject took: (0.001252s)
[2019.01.27-15.47.28:546][777]LogAIModule: Creating AISystem for world MenuMap
[2019.01.27-15.47.28:546][777]LogPlayLevel: PIE: World Init took: (0.000623s)
[2019.01.27-15.47.28:546][777]LogPlayLevel: PIE: Created PIE world by copying editor world from /Game/Maps/MenuMap.MenuMap to /Game/Maps/UEDPIE_0_MenuMap.MenuMap (0.002005s)
[2019.01.27-15.47.28:565][777]LogInit: XAudio2 using 'Speaker/Headphone (Realtek High Definition Audio)' : 2 channels at 48 kHz using 32 bits per sample (channel mask 0x3)
[2019.01.27-15.47.28:581][777]LogInit: FAudioDevice initialized.
[2019.01.27-15.47.28:687][777]LogLoad: Game class is 'BOAF_C'
[2019.01.27-15.47.28:690][777]LogWorld: Bringing World /Game/Maps/UEDPIE_0_MenuMap.MenuMap up for play (max tick rate 60) at 2019.01.27-15.47.28
[2019.01.27-15.47.28:690][777]LogWorld: Bringing up level for play took: 0.000629
[2019.01.27-15.47.28:703][777]LogContentBrowser: Native class hierarchy updated for 'MovieSceneCapture' in 0.0004 seconds. Added 11 classes and 0 folders.
[2019.01.27-15.47.28:719][777]PIE: Play in editor start time for /Game/Maps/UEDPIE_0_MenuMap -0.43
[2019.01.27-15.47.28:720][777]LogBlueprintUserMessages: Late PlayInEditor Detection: Level '/Game/Maps/MenuMap.MenuMap:PersistentLevel' has LevelScriptBlueprint '/Game/Maps/MenuMap.MenuMap:PersistentLevel.MenuMap' with GeneratedClass '/Game/Maps/MenuMap.MenuMap_C' with ClassGeneratedBy '/Game/Maps/MenuMap.MenuMap:PersistentLevel.MenuMap'
[2019.01.27-15.47.28:763][777]LogRenderer: Reallocating scene render targets to support 1024x576 Format 10 NumSamples 1 (Frame:1).
[2019.01.27-15.47.30:093][854]LogSlate: FSceneViewport::OnFocusLost() reason 0
[2019.01.27-15.47.30:175][857]LogSlate: Window 'BirdsOfAFeather Game Preview Standalone (64-bit/PCD3D_SM5)' being destroyed
[2019.01.27-15.47.30:181][857]LogBlueprintUserMessages: Early EndPlayMap Detection: Level '/Game/Maps/MenuMap.MenuMap:PersistentLevel' has LevelScriptBlueprint '/Game/Maps/MenuMap.MenuMap:PersistentLevel.MenuMap' with GeneratedClass '/Game/Maps/MenuMap.MenuMap_C' with ClassGeneratedBy '/Game/Maps/MenuMap.MenuMap:PersistentLevel.MenuMap'
[2019.01.27-15.47.30:216][857]LogBlueprintUserMessages: Late EndPlayMap Detection: Level '/Game/Maps/MenuMap.MenuMap:PersistentLevel' has LevelScriptBlueprint '/Game/Maps/MenuMap.MenuMap:PersistentLevel.MenuMap' with GeneratedClass '/Game/Maps/MenuMap.MenuMap_C' with ClassGeneratedBy '/Game/Maps/MenuMap.MenuMap:PersistentLevel.MenuMap'
[2019.01.27-15.47.37:878][306]LogSlate: FSceneViewport::OnFocusLost() reason 0
[2019.01.27-15.48.16:904][566]LogAkAudio: SoundFrame successfully connected.
[2019.01.27-15.55.44:674][947]LogSlate: Window 'BirdsOfAFeather - Unreal Editor' being destroyed
[2019.01.27-15.55.44:676][947]LogWindowsTextInputMethodSystem: Display: IME system now deactivated.
[2019.01.27-15.55.44:924][948]Cmd: QUIT_EDITOR
[2019.01.27-15.55.45:453][948]LogSlate: Slate User Destroyed.  User Index 0, Is Virtual User: 0
[2019.01.27-15.55.45:453][948]LogExit: Preparing to exit.
[2019.01.27-15.55.45:727][948]LogDirectoryWatcher: A directory notification for 'E:/mando/Documents/Github/Content/' was aborted.
[2019.01.27-15.55.45:749][948]LogAkAudio: Error: Unload bank failed, requested bank was not found.
[2019.01.27-15.55.45:773][948]LogExit: Editor shut down
[2019.01.27-15.55.45:779][948]LogExit: Transaction tracking system shut down
[2019.01.27-15.55.45:799][948]LogUObjectGlobals: Destroyed PersistentFrame Addr=0x000002c48ad7e8a8, Size=20
[2019.01.27-15.55.45:799][948]LogUObjectGlobals: Destroyed PersistentFrame Addr=0x000002c499dabb68, Size=56
[2019.01.27-15.55.45:799][948]LogUObjectGlobals: Destroyed PersistentFrame Addr=0x000002c499422660, Size=72
[2019.01.27-15.55.45:799][948]LogUObjectGlobals: Destroyed PersistentFrame Addr=0x000002c4bfafab00, Size=1600
[2019.01.27-15.55.45:800][948]LogUObjectGlobals: Destroyed PersistentFrame Addr=0x000002c48ad7d228, Size=24
[2019.01.27-15.55.45:954][948]LogDirectoryWatcher: A directory notification for '../../../Engine/Content/' was aborted.
[2019.01.27-15.55.45:954][948]LogDirectoryWatcher: A directory notification for '../../../../../mando/Documents/Github/Content/' was aborted.
[2019.01.27-15.55.45:954][948]LogDirectoryWatcher: A directory notification for '../../Plugins/2D/Paper2D/Content/' was aborted.
[2019.01.27-15.55.45:954][948]LogDirectoryWatcher: A directory notification for '../../Plugins/Enterprise/DatasmithContent/Content/' was aborted.
[2019.01.27-15.55.45:954][948]LogDirectoryWatcher: A directory notification for '../../Plugins/Media/MediaCompositing/Content/' was aborted.
[2019.01.27-15.55.45:954][948]LogDirectoryWatcher: A directory notification for '../../Plugins/Runtime/AppleARKit/Content/' was aborted.
[2019.01.27-15.55.45:954][948]LogDirectoryWatcher: A directory notification for '../../Plugins/Runtime/Oculus/OculusVR/Content/' was aborted.
[2019.01.27-15.55.45:954][948]LogDirectoryWatcher: A directory notification for '../../Plugins/Runtime/Steam/SteamVR/Content/' was aborted.
[2019.01.27-15.55.45:954][948]LogDirectoryWatcher: A directory notification for '../../../../../mando/Documents/Github/Plugins/Wwise/Content/' was aborted.
[2019.01.27-15.55.46:018][948]LogExit: Object subsystem successfully closed.
[2019.01.27-15.55.46:035][948]LogShaderCompilers: Display: Shaders left to compile 0
[2019.01.27-15.55.46:038][948]LogD3D11RHI: Shutdown
[2019.01.27-15.55.46:038][948]LogD3D11RHI: CleanupD3DDevice
[2019.01.27-15.55.46:040][948]LogD3D11RHI: ~FD3D11DynamicRHI
[2019.01.27-15.55.46:056][948]LogModuleManager: Shutting down and abandoning module MovieSceneCapture (584)
[2019.01.27-15.55.46:056][948]LogModuleManager: Shutting down and abandoning module ExternalImagePicker (582)
[2019.01.27-15.55.46:056][948]LogModuleManager: Shutting down and abandoning module HierarchicalLODOutliner (580)
[2019.01.27-15.55.46:056][948]LogModuleManager: Shutting down and abandoning module SceneOutliner (578)
[2019.01.27-15.55.46:056][948]LogModuleManager: Shutting down and abandoning module AddContentDialog (576)
[2019.01.27-15.55.46:057][948]LogDirectoryWatcher: A directory notification for 'E:/EpicGames/UE_4.19/FeaturePacks/' was aborted.
[2019.01.27-15.55.46:060][948]LogModuleManager: Shutting down and abandoning module WidgetCarousel (575)
[2019.01.27-15.55.46:060][948]LogModuleManager: Shutting down and abandoning module EditorWidgets (572)
[2019.01.27-15.55.46:060][948]LogModuleManager: Shutting down and abandoning module CollectionManager (570)
[2019.01.27-15.55.46:060][948]LogDirectoryWatcher: A directory notification for 'E:/mando/Documents/Github/Content/Collections/' was aborted.
[2019.01.27-15.55.46:060][948]LogDirectoryWatcher: A directory notification for 'E:/mando/Documents/Github/Content/Developers/mando/Collections/' was aborted.
[2019.01.27-15.55.46:060][948]LogDirectoryWatcher: A directory notification for 'E:/mando/Documents/Github/Saved/Collections/' was aborted.
[2019.01.27-15.55.46:060][948]LogModuleManager: Shutting down and abandoning module HierarchicalLODUtilities (568)
[2019.01.27-15.55.46:060][948]LogModuleManager: Shutting down and abandoning module StatsViewer (566)
[2019.01.27-15.55.46:060][948]LogModuleManager: Shutting down and abandoning module FoliageEdit (564)
[2019.01.27-15.55.46:060][948]LogModuleManager: Shutting down and abandoning module LandscapeEditor (562)
[2019.01.27-15.55.46:060][948]LogModuleManager: Shutting down and abandoning module MeshPaintMode (560)
[2019.01.27-15.55.46:060][948]LogModuleManager: Shutting down and abandoning module SceneDepthPickerMode (558)
[2019.01.27-15.55.46:060][948]LogModuleManager: Shutting down and abandoning module ActorPickerMode (556)
[2019.01.27-15.55.46:060][948]LogModuleManager: Shutting down and abandoning module GeometryMode (554)
[2019.01.27-15.55.46:060][948]LogModuleManager: Shutting down and abandoning module TextureAlignMode (552)
[2019.01.27-15.55.46:060][948]LogModuleManager: Shutting down and abandoning module BspMode (550)
[2019.01.27-15.55.46:060][948]LogModuleManager: Shutting down and abandoning module PIEPreviewDeviceProfileSelector (548)
[2019.01.27-15.55.46:060][948]LogModuleManager: Shutting down and abandoning module HardwareSurvey (546)
[2019.01.27-15.55.46:060][948]LogModuleManager: Shutting down and abandoning module SequenceRecorderSections (544)
[2019.01.27-15.55.46:060][948]LogModuleManager: Shutting down and abandoning module AutomationWorker (542)
[2019.01.27-15.55.46:060][948]LogModuleManager: Shutting down and abandoning module AudioCaptureEditor (540)
[2019.01.27-15.55.46:060][948]LogModuleManager: Shutting down and abandoning module SequenceRecorder (539)
[2019.01.27-15.55.46:061][948]LogModuleManager: Shutting down and abandoning module MatineeToLevelSequence (536)
[2019.01.27-15.55.46:061][948]LogModuleManager: Shutting down and abandoning module LevelSequenceEditor (534)
[2019.01.27-15.55.46:061][948]LogModuleManager: Shutting down and abandoning module PlacementMode (533)
[2019.01.27-15.55.46:061][948]LogModuleManager: Shutting down and abandoning module MaterialEditor (532)
[2019.01.27-15.55.46:061][948]LogModuleManager: Shutting down and abandoning module WmfMediaFactory (528)
[2019.01.27-15.55.46:061][948]LogModuleManager: Shutting down and abandoning module WmfMediaEditor (526)
[2019.01.27-15.55.46:061][948]LogModuleManager: Shutting down and abandoning module MediaPlayerEditor (524)
[2019.01.27-15.55.46:061][948]LogModuleManager: Shutting down and abandoning module OpenExrWrapper (522)
[2019.01.27-15.55.46:061][948]LogModuleManager: Shutting down and abandoning module ImgMediaFactory (520)
[2019.01.27-15.55.46:061][948]LogModuleManager: Shutting down and abandoning module ImgMediaEditor (518)
[2019.01.27-15.55.46:061][948]LogModuleManager: Shutting down and abandoning module AvfMediaFactory (516)
[2019.01.27-15.55.46:061][948]LogModuleManager: Shutting down and abandoning module AvfMediaEditor (514)
[2019.01.27-15.55.46:061][948]LogModuleManager: Shutting down and abandoning module AndroidMediaFactory (512)
[2019.01.27-15.55.46:061][948]LogModuleManager: Shutting down and abandoning module AndroidMediaEditor (510)
[2019.01.27-15.55.46:061][948]LogModuleManager: Shutting down and abandoning module CharacterAI (508)
[2019.01.27-15.55.46:061][948]LogModuleManager: Shutting down and abandoning module SmartSnapping (506)
[2019.01.27-15.55.46:061][948]LogModuleManager: Shutting down and abandoning module SessionServices (504)
[2019.01.27-15.55.46:061][948]LogModuleManager: Shutting down and abandoning module ViewportSnapping (502)
[2019.01.27-15.55.46:061][948]LogModuleManager: Shutting down and abandoning module ViewportInteraction (500)
[2019.01.27-15.55.46:061][948]LogModuleManager: Shutting down and abandoning module ClothPainter (498)
[2019.01.27-15.55.46:061][948]LogModuleManager: Shutting down and abandoning module SkeletalMeshEditor (497)
[2019.01.27-15.55.46:061][948]LogModuleManager: Shutting down and abandoning module LogVisualizer (494)
[2019.01.27-15.55.46:061][948]LogModuleManager: Shutting down and abandoning module IntroTutorials (492)
[2019.01.27-15.55.46:061][948]LogModuleManager: Shutting down and abandoning module GameProjectGeneration (491)
[2019.01.27-15.55.46:061][948]LogModuleManager: Shutting down and abandoning module IOSPlatformEditor (488)
[2019.01.27-15.55.46:061][948]LogModuleManager: Shutting down and abandoning module HTML5PlatformEditor (486)
[2019.01.27-15.55.46:061][948]LogModuleManager: Shutting down and abandoning module AndroidPlatformEditor (484)
[2019.01.27-15.55.46:061][948]LogModuleManager: Shutting down and abandoning module AndroidDeviceDetection (483)
[2019.01.27-15.55.46:352][948]LogModuleManager: Shutting down and abandoning module WindowsPlatformEditor (480)
[2019.01.27-15.55.46:353][948]LogModuleManager: Shutting down and abandoning module IOSRuntimeSettings (478)
[2019.01.27-15.55.46:353][948]LogModuleManager: Shutting down and abandoning module AndroidRuntimeSettings (476)
[2019.01.27-15.55.46:353][948]LogModuleManager: Shutting down and abandoning module InputBindingEditor (474)
[2019.01.27-15.55.46:353][948]LogModuleManager: Shutting down and abandoning module MergeActors (472)
[2019.01.27-15.55.46:353][948]LogModuleManager: Shutting down and abandoning module LocalizationDashboard (470)
[2019.01.27-15.55.46:353][948]LogModuleManager: Shutting down and abandoning module LocalizationService (469)
[2019.01.27-15.55.46:353][948]LogModuleManager: Shutting down and abandoning module HardwareTargeting (466)
[2019.01.27-15.55.46:353][948]LogModuleManager: Shutting down and abandoning module DeviceProfileEditor (464)
[2019.01.27-15.55.46:353][948]LogModuleManager: Shutting down and abandoning module UndoHistory (462)
[2019.01.27-15.55.46:353][948]LogModuleManager: Shutting down and abandoning module XmlParser (460)
[2019.01.27-15.55.46:353][948]LogModuleManager: Shutting down and abandoning module Blutility (458)
[2019.01.27-15.55.46:353][948]LogModuleManager: Shutting down and abandoning module ProjectSettingsViewer (456)
[2019.01.27-15.55.46:353][948]LogModuleManager: Shutting down and abandoning module ProjectTargetPlatformEditor (455)
[2019.01.27-15.55.46:353][948]LogModuleManager: Shutting down and abandoning module EditorSettingsViewer (452)
[2019.01.27-15.55.46:354][948]LogModuleManager: Shutting down and abandoning module SettingsEditor (450)
[2019.01.27-15.55.46:354][948]LogModuleManager: Shutting down and abandoning module ProjectLauncher (448)
[2019.01.27-15.55.46:354][948]LogModuleManager: Shutting down and abandoning module SessionFrontend (446)
[2019.01.27-15.55.46:354][948]LogModuleManager: Shutting down and abandoning module ProfilerClient (444)
[2019.01.27-15.55.46:354][948]LogModuleManager: Shutting down and abandoning module DeviceManager (442)
[2019.01.27-15.55.46:354][948]LogModuleManager: Shutting down and abandoning module TargetDeviceServices (441)
[2019.01.27-15.55.46:408][948]LogModuleManager: Shutting down and abandoning module AutomationController (438)
[2019.01.27-15.55.46:408][948]LogModuleManager: Shutting down and abandoning module AutomationWindow (436)
[2019.01.27-15.55.46:408][948]LogModuleManager: Shutting down and abandoning module Layers (434)
[2019.01.27-15.55.46:408][948]LogModuleManager: Shutting down and abandoning module ComponentVisualizers (432)
[2019.01.27-15.55.46:408][948]LogModuleManager: Shutting down and abandoning module DetailCustomizations (430)
[2019.01.27-15.55.46:408][948]LogModuleManager: Shutting down and abandoning module PackagesDialog (428)
[2019.01.27-15.55.46:574][948]LogModuleManager: Shutting down and abandoning module Persona (426)
[2019.01.27-15.55.46:575][948]LogModuleManager: Shutting down and abandoning module AdvancedPreviewScene (425)
[2019.01.27-15.55.46:575][948]LogModuleManager: Shutting down and abandoning module AnimGraph (423)
[2019.01.27-15.55.46:575][948]LogModuleManager: Shutting down and abandoning module Kismet (420)
[2019.01.27-15.55.46:575][948]LogModuleManager: Shutting down and abandoning module GraphEditor (418)
[2019.01.27-15.55.46:575][948]LogModuleManager: Shutting down and abandoning module ClassViewer (416)
[2019.01.27-15.55.46:575][948]LogModuleManager: Shutting down and abandoning module Toolbox (414)
[2019.01.27-15.55.46:575][948]LogModuleManager: Shutting down and abandoning module ModuleUI (412)
[2019.01.27-15.55.46:575][948]LogModuleManager: Shutting down and abandoning module MovieSceneTools (410)
[2019.01.27-15.55.46:575][948]LogModuleManager: Shutting down and abandoning module OutputLog (408)
[2019.01.27-15.55.46:575][948]LogModuleManager: Shutting down and abandoning module GammaUI (406)
[2019.01.27-15.55.46:576][948]LogModuleManager: Shutting down and abandoning module Documentation (404)
[2019.01.27-15.55.46:576][948]LogModuleManager: Shutting down and abandoning module MovieSceneTracks (402)
[2019.01.27-15.55.46:576][948]LogModuleManager: Shutting down and abandoning module MovieScene (400)
[2019.01.27-15.55.46:576][948]LogModuleManager: Shutting down and abandoning module StreamingPauseRendering (398)
[2019.01.27-15.55.46:576][948]LogModuleManager: Shutting down and abandoning module LauncherPlatform (396)
[2019.01.27-15.55.46:576][948]LogModuleManager: Shutting down and abandoning module AnalyticsET (394)
[2019.01.27-15.55.46:576][948]LogModuleManager: Shutting down and abandoning module PortalServices (392)
[2019.01.27-15.55.46:576][948]LogModuleManager: Shutting down and abandoning module PortalRpc (390)
[2019.01.27-15.55.46:576][948]LogModuleManager: Shutting down and abandoning module MessagingRpc (388)
[2019.01.27-15.55.46:576][948]LogModuleManager: Shutting down and abandoning module AIModule (386)
[2019.01.27-15.55.46:576][948]LogModuleManager: Shutting down and abandoning module GameplayDebugger (385)
[2019.01.27-15.55.46:576][948]LogModuleManager: Shutting down and abandoning module AITestSuite (383)
[2019.01.27-15.55.46:576][948]LogModuleManager: Shutting down and abandoning module DesktopPlatform (380)
[2019.01.27-15.55.46:576][948]LogModuleManager: Shutting down and abandoning module ProfilerService (378)
[2019.01.27-15.55.46:642][948]LogModuleManager: Shutting down and abandoning module TaskGraph (376)
[2019.01.27-15.55.46:642][948]LogModuleManager: Shutting down and abandoning module AudiokineticTools (374)
[2019.01.27-15.55.46:642][948]LogDirectoryWatcher: A directory notification for '..\..\..\..\..\mando\Documents\Github\..\..\Dsktop\BirdsOfAFeather\BirdsOfAFeather' was aborted.
[2019.01.27-15.55.46:643][948]LogModuleManager: Shutting down and abandoning module SteamVRController (372)
[2019.01.27-15.55.46:643][948]LogModuleManager: Shutting down and abandoning module ProceduralMeshComponentEditor (370)
[2019.01.27-15.55.46:643][948]LogModuleManager: Shutting down and abandoning module ProceduralMeshComponent (368)
[2019.01.27-15.55.46:643][948]LogModuleManager: Shutting down and abandoning module OculusInput (366)
[2019.01.27-15.55.46:643][948]LogModuleManager: Shutting down and abandoning module MobilePatchingUtils (364)
[2019.01.27-15.55.46:643][948]LogModuleManager: Shutting down and abandoning module CustomMeshComponent (362)
[2019.01.27-15.55.46:643][948]LogModuleManager: Shutting down and abandoning module CableComponent (360)
[2019.01.27-15.55.46:643][948]LogModuleManager: Shutting down and abandoning module AudioCapture (358)
[2019.01.27-15.55.46:643][948]LogModuleManager: Shutting down and abandoning module ArchVisCharacter (356)
[2019.01.27-15.55.46:643][948]LogModuleManager: Shutting down and abandoning module AndroidPermission (354)
[2019.01.27-15.55.46:643][948]LogModuleManager: Shutting down and abandoning module NUTUnrealEngine4 (350)
[2019.01.27-15.55.46:643][948]LogModuleManager: Shutting down and abandoning module NetcodeUnitTest (348)
[2019.01.27-15.55.46:643][948]LogModuleManager: Shutting down and abandoning module MediaCompositingEditor (346)
[2019.01.27-15.55.46:643][948]LogModuleManager: Shutting down and abandoning module MediaCompositing (344)
[2019.01.27-15.55.46:643][948]LogModuleManager: Shutting down and abandoning module LinearTimecode (342)
[2019.01.27-15.55.46:643][948]LogModuleManager: Shutting down and abandoning module ImgMedia (340)
[2019.01.27-15.55.46:647][948]LogModuleManager: Shutting down and abandoning module HTML5Networking (338)
[2019.01.27-15.55.46:647][948]LogModuleManager: Shutting down and abandoning module AlembicImporter (336)
[2019.01.27-15.55.46:647][948]LogModuleManager: Shutting down and abandoning module AlembicLibrary (335)
[2019.01.27-15.55.46:647][948]LogModuleManager: Shutting down and abandoning module GeometryCache (334)
[2019.01.27-15.55.46:647][948]LogModuleManager: Shutting down and abandoning module GeometryCacheEd (333)
[2019.01.27-15.55.46:647][948]LogModuleManager: Shutting down and abandoning module DatasmithContent (328)
[2019.01.27-15.55.46:647][948]LogModuleManager: Shutting down and abandoning module SpeedTreeImporter (326)
[2019.01.27-15.55.46:647][948]LogModuleManager: Shutting down and abandoning module PluginBrowser (324)
[2019.01.27-15.55.46:647][948]LogModuleManager: Shutting down and abandoning module MobileLauncherProfileWizard (322)
[2019.01.27-15.55.46:647][948]LogModuleManager: Shutting down and abandoning module CryptoKeysOpenSSL (320)
[2019.01.27-15.55.46:647][948]LogModuleManager: Shutting down and abandoning module CryptoKeys (318)
[2019.01.27-15.55.46:647][948]LogModuleManager: Shutting down and abandoning module VisualStudioSourceCodeAccess (316)
[2019.01.27-15.55.46:647][948]LogModuleManager: Shutting down and abandoning module VisualStudioCodeSourceCodeAccess (314)
[2019.01.27-15.55.46:647][948]LogModuleManager: Shutting down and abandoning module UObjectPlugin (312)
[2019.01.27-15.55.46:647][948]LogModuleManager: Shutting down and abandoning module SubversionSourceControl (310)
[2019.01.27-15.55.46:647][948]LogModuleManager: Shutting down and abandoning module PerforceSourceControl (308)
[2019.01.27-15.55.46:647][948]LogModuleManager: Shutting down and abandoning module GitSourceControl (306)
[2019.01.27-15.55.46:647][948]LogModuleManager: Shutting down and abandoning module SourceControl (305)
[2019.01.27-15.55.46:647][948]LogModuleManager: Shutting down and abandoning module CLionSourceCodeAccess (302)
[2019.01.27-15.55.46:647][948]LogModuleManager: Shutting down and abandoning module LightPropagationVolumeEditor (300)
[2019.01.27-15.55.46:647][948]LogModuleManager: Shutting down and abandoning module PaperTiledImporter (298)
[2019.01.27-15.55.46:647][948]LogModuleManager: Shutting down and abandoning module PaperSpriteSheetImporter (296)
[2019.01.27-15.55.46:647][948]LogModuleManager: Shutting down and abandoning module Paper2DEditor (294)
[2019.01.27-15.55.46:647][948]LogModuleManager: Shutting down and abandoning module MeshPaint (293)
[2019.01.27-15.55.46:647][948]LogModuleManager: Shutting down and abandoning module AkAudio (290)
[2019.01.27-15.55.46:691][948]LogInit: Audiokinetic Audio Device terminated.
[2019.01.27-15.55.46:691][948]LogModuleManager: Shutting down and abandoning module RuntimePhysXCooking (288)
[2019.01.27-15.55.46:691][948]LogModuleManager: Shutting down and abandoning module PhysXVehiclesEditor (286)
[2019.01.27-15.55.46:691][948]LogModuleManager: Shutting down and abandoning module PhysXVehicles (284)
[2019.01.27-15.55.46:691][948]LogModuleManager: Shutting down and abandoning module OculusEditor (282)
[2019.01.27-15.55.46:691][948]LogModuleManager: Shutting down and abandoning module LocationServicesBPLibrary (280)
[2019.01.27-15.55.46:691][948]LogModuleManager: Shutting down and abandoning module ImmediatePhysicsEditor (278)
[2019.01.27-15.55.46:691][948]LogModuleManager: Shutting down and abandoning module ImmediatePhysics (276)
[2019.01.27-15.55.46:691][948]LogModuleManager: Shutting down and abandoning module ActorSequence (274)
[2019.01.27-15.55.46:691][948]LogModuleManager: Shutting down and abandoning module UdpMessaging (272)
[2019.01.27-15.55.46:793][948]LogModuleManager: Shutting down and abandoning module TcpMessaging (270)
[2019.01.27-15.55.46:893][948]LogModuleManager: Shutting down and abandoning module GameplayTagsEditor (268)
[2019.01.27-15.55.46:893][948]LogModuleManager: Shutting down and abandoning module FacialAnimationEditor (266)
[2019.01.27-15.55.46:893][948]LogModuleManager: Shutting down and abandoning module FacialAnimation (264)
[2019.01.27-15.55.46:893][948]LogModuleManager: Shutting down and abandoning module DataValidation (262)
[2019.01.27-15.55.46:893][948]LogModuleManager: Shutting down and abandoning module AssetManagerEditor (260)
[2019.01.27-15.55.46:893][948]LogModuleManager: Shutting down and abandoning module LevelEditor (259)
[2019.01.27-15.55.46:894][948]LogModuleManager: Shutting down and abandoning module PixelInspectorModule (258)
[2019.01.27-15.55.46:894][948]LogModuleManager: Shutting down and abandoning module CommonMenuExtensions (256)
[2019.01.27-15.55.46:894][948]LogModuleManager: Shutting down and abandoning module MainFrame (254)
[2019.01.27-15.55.46:894][948]LogModuleManager: Shutting down and abandoning module HotReload (253)
[2019.01.27-15.55.46:894][948]LogDirectoryWatcher: A directory notification for 'E:/mando/Documents/Github/Plugins/Wwise/Binaries/Win64' was aborted.
[2019.01.27-15.55.46:895][948]LogModuleManager: Shutting down and abandoning module ContentBrowser (249)
[2019.01.27-15.55.46:896][948]LogModuleManager: Shutting down and abandoning module TreeMap (247)
[2019.01.27-15.55.46:896][948]LogModuleManager: Shutting down and abandoning module LightPropagationVolumeRuntime (244)
[2019.01.27-15.55.46:896][948]LogModuleManager: Shutting down and abandoning module LiveLinkEditor (242)
[2019.01.27-15.55.46:896][948]LogModuleManager: Shutting down and abandoning module LiveLink (240)
[2019.01.27-15.55.47:682][948]LogModuleManager: Shutting down and abandoning module Paper2D (238)
[2019.01.27-15.55.47:682][948]LogModuleManager: Shutting down and abandoning module WindowsMoviePlayer (236)
[2019.01.27-15.55.47:682][948]LogModuleManager: Shutting down and abandoning module WmfMedia (234)
[2019.01.27-15.55.47:684][948]LogModuleManager: Shutting down and abandoning module Media (233)
[2019.01.27-15.55.47:690][948]LogModuleManager: Shutting down and abandoning module PacketHandler (230)
[2019.01.27-15.55.47:690][948]LogModuleManager: Shutting down and abandoning module ClothingSystemEditor (228)
[2019.01.27-15.55.47:690][948]LogModuleManager: Shutting down and abandoning module ClothingSystemRuntime (226)
[2019.01.27-15.55.47:690][948]LogModuleManager: Shutting down and abandoning module MediaAssets (224)
[2019.01.27-15.55.47:690][948]LogModuleManager: Shutting down and abandoning module Overlay (222)
[2019.01.27-15.55.47:690][948]LogModuleManager: Shutting down and abandoning module OverlayEditor (221)
[2019.01.27-15.55.47:690][948]LogModuleManager: Shutting down and abandoning module VREditor (218)
[2019.01.27-15.55.47:690][948]LogModuleManager: Shutting down and abandoning module StringTableEditor (216)
[2019.01.27-15.55.47:690][948]LogModuleManager: Shutting down and abandoning module GameplayTasksEditor (214)
[2019.01.27-15.55.47:690][948]LogModuleManager: Shutting down and abandoning module BehaviorTreeEditor (212)
[2019.01.27-15.55.47:690][948]LogModuleManager: Shutting down and abandoning module FunctionalTesting (210)
[2019.01.27-15.55.47:690][948]LogModuleManager: Shutting down and abandoning module CollisionAnalyzer (208)
[2019.01.27-15.55.47:690][948]LogModuleManager: Shutting down and abandoning module WorkspaceMenuStructure (207)
[2019.01.27-15.55.47:690][948]LogModuleManager: Shutting down and abandoning module UMG (204)
[2019.01.27-15.55.47:690][948]LogModuleManager: Shutting down and abandoning module UMGEditor (203)
[2019.01.27-15.55.47:691][948]LogModuleManager: Shutting down and abandoning module Sequencer (202)
[2019.01.27-15.55.47:691][948]LogModuleManager: Shutting down and abandoning module MessageLog (199)
[2019.01.27-15.55.47:691][948]LogModuleManager: Shutting down and abandoning module SlateReflector (194)
[2019.01.27-15.55.47:691][948]LogModuleManager: Shutting down and abandoning module Slate (192)
[2019.01.27-15.55.47:691][948]LogModuleManager: Shutting down and abandoning module EditorStyle (190)
[2019.01.27-15.55.47:692][948]LogModuleManager: Shutting down and abandoning module MRMesh (188)
[2019.01.27-15.55.47:692][948]LogModuleManager: Shutting down and abandoning module SourceCodeAccess (186)
[2019.01.27-15.55.47:692][948]LogModuleManager: Shutting down and abandoning module HeadMountedDisplay (184)
[2019.01.27-15.55.47:692][948]LogModuleManager: Shutting down and abandoning module XAudio2 (182)
[2019.01.27-15.55.47:692][948]LogModuleManager: Shutting down and abandoning module Networking (180)
[2019.01.27-15.55.47:692][948]LogModuleManager: Shutting down and abandoning module Core (178)
[2019.01.27-15.55.47:692][948]LogModuleManager: Shutting down and abandoning module LevelSequence (176)
[2019.01.27-15.55.47:692][948]LogModuleManager: Shutting down and abandoning module KismetCompiler (174)
[2019.01.27-15.55.47:692][948]LogModuleManager: Shutting down and abandoning module MeshUtilities (172)
[2019.01.27-15.55.47:692][948]LogModuleManager: Shutting down and abandoning module MeshMergeUtilities (171)
[2019.01.27-15.55.47:692][948]LogModuleManager: Shutting down and abandoning module MeshReductionInterface (170)
[2019.01.27-15.55.47:692][948]LogModuleManager: Shutting down and abandoning module SimplygonSwarm (169)
[2019.01.27-15.55.47:692][948]LogModuleManager: Shutting down and abandoning module SimplygonMeshReduction (167)
[2019.01.27-15.55.47:692][948]LogModuleManager: Shutting down and abandoning module QuadricMeshReduction (165)
[2019.01.27-15.55.47:692][948]LogModuleManager: Shutting down and abandoning module MaterialBaking (161)
[2019.01.27-15.55.47:693][948]LogModuleManager: Shutting down and abandoning module DirectoryWatcher (157)
[2019.01.27-15.55.47:693][948]LogModuleManager: Shutting down and abandoning module DerivedDataCache (154)
[2019.01.27-15.55.47:726][948]LogDerivedDataCache: Shutdown
[2019.01.27-15.55.47:726][948]LogModuleManager: Shutting down and abandoning module XGEController (152)
[2019.01.27-15.55.47:726][948]LogXGEController: Cleaning working directory: C:/Users/mando/AppData/Local/Temp/UnrealXGEWorkingDir/
[2019.01.27-15.55.47:726][948]LogModuleManager: Shutting down and abandoning module TargetPlatform (150)
[2019.01.27-15.55.47:726][948]LogModuleManager: Shutting down and abandoning module VulkanShaderFormat (149)
[2019.01.27-15.55.47:726][948]LogModuleManager: Shutting down and abandoning module ShaderFormatVectorVM (147)
[2019.01.27-15.55.47:726][948]LogModuleManager: Shutting down and abandoning module ShaderFormatOpenGL (145)
[2019.01.27-15.55.47:727][948]LogModuleManager: Shutting down and abandoning module ShaderFormatD3D (143)
[2019.01.27-15.55.47:727][948]LogModuleManager: Shutting down and abandoning module MetalShaderFormat (141)
[2019.01.27-15.55.47:727][948]LogModuleManager: Shutting down and abandoning module TextureFormatUncompressed (139)
[2019.01.27-15.55.47:727][948]LogModuleManager: Shutting down and abandoning module TextureFormatPVR (137)
[2019.01.27-15.55.47:727][948]LogModuleManager: Shutting down and abandoning module TextureFormatDXT (135)
[2019.01.27-15.55.47:727][948]LogModuleManager: Shutting down and abandoning module TextureFormatIntelISPCTexComp (133)
[2019.01.27-15.55.47:727][948]LogModuleManager: Shutting down and abandoning module TextureFormatASTC (131)
[2019.01.27-15.55.47:727][948]LogModuleManager: Shutting down and abandoning module ImageWrapper (130)
[2019.01.27-15.55.47:727][948]LogModuleManager: Shutting down and abandoning module TextureFormatAndroid (127)
[2019.01.27-15.55.47:727][948]LogModuleManager: Shutting down and abandoning module AudioFormatOpus (125)
[2019.01.27-15.55.47:727][948]LogModuleManager: Shutting down and abandoning module AudioFormatOgg (123)
[2019.01.27-15.55.47:727][948]LogModuleManager: Shutting down and abandoning module AudioFormatADPCM (121)
[2019.01.27-15.55.47:727][948]LogModuleManager: Shutting down and abandoning module LinuxTargetPlatform (119)
[2019.01.27-15.55.47:727][948]LogModuleManager: Shutting down and abandoning module LinuxServerTargetPlatform (117)
[2019.01.27-15.55.47:727][948]LogModuleManager: Shutting down and abandoning module LinuxNoEditorTargetPlatform (115)
[2019.01.27-15.55.47:727][948]LogModuleManager: Shutting down and abandoning module LinuxClientTargetPlatform (113)
[2019.01.27-15.55.47:727][948]LogModuleManager: Shutting down and abandoning module TVOSTargetPlatform (111)
[2019.01.27-15.55.47:727][948]LogModuleManager: Shutting down and abandoning module Messaging (109)
[2019.01.27-15.55.47:727][948]LogModuleManager: Shutting down and abandoning module IOSTargetPlatform (107)
[2019.01.27-15.55.47:727][948]LogModuleManager: Shutting down and abandoning module HTML5TargetPlatform (105)
[2019.01.27-15.55.47:727][948]LogModuleManager: Shutting down and abandoning module AndroidTargetPlatform (103)
[2019.01.27-15.55.47:727][948]LogModuleManager: Shutting down and abandoning module Android_PVRTCTargetPlatform (101)
[2019.01.27-15.55.47:727][948]LogModuleManager: Shutting down and abandoning module Android_MultiTargetPlatform (99)
[2019.01.27-15.55.47:727][948]LogModuleManager: Shutting down and abandoning module Android_ETC2TargetPlatform (97)
[2019.01.27-15.55.47:727][948]LogModuleManager: Shutting down and abandoning module Android_ETC1TargetPlatform (95)
[2019.01.27-15.55.47:727][948]LogModuleManager: Shutting down and abandoning module Android_ETC1aTargetPlatform (93)
[2019.01.27-15.55.47:727][948]LogModuleManager: Shutting down and abandoning module Android_DXTTargetPlatform (91)
[2019.01.27-15.55.47:727][948]LogModuleManager: Shutting down and abandoning module Android_ATCTargetPlatform (89)
[2019.01.27-15.55.47:727][948]LogModuleManager: Shutting down and abandoning module Android_ASTCTargetPlatform (87)
[2019.01.27-15.55.47:727][948]LogModuleManager: Shutting down and abandoning module WindowsTargetPlatform (85)
[2019.01.27-15.55.47:727][948]LogModuleManager: Shutting down and abandoning module WindowsServerTargetPlatform (83)
[2019.01.27-15.55.47:727][948]LogModuleManager: Shutting down and abandoning module WindowsNoEditorTargetPlatform (81)
[2019.01.27-15.55.47:727][948]LogModuleManager: Shutting down and abandoning module WindowsClientTargetPlatform (79)
[2019.01.27-15.55.47:727][948]LogModuleManager: Shutting down and abandoning module MacTargetPlatform (77)
[2019.01.27-15.55.47:727][948]LogModuleManager: Shutting down and abandoning module MacServerTargetPlatform (75)
[2019.01.27-15.55.47:727][948]LogModuleManager: Shutting down and abandoning module MacNoEditorTargetPlatform (73)
[2019.01.27-15.55.47:727][948]LogModuleManager: Shutting down and abandoning module MacClientTargetPlatform (71)
[2019.01.27-15.55.47:727][948]LogModuleManager: Shutting down and abandoning module AllDesktopTargetPlatform (69)
[2019.01.27-15.55.47:727][948]LogModuleManager: Shutting down and abandoning module InputCore (66)
[2019.01.27-15.55.47:727][948]LogModuleManager: Shutting down and abandoning module Settings (64)
[2019.01.27-15.55.47:727][948]LogModuleManager: Shutting down and abandoning module PhysXCooking (62)
[2019.01.27-15.55.47:727][948]LogModuleManager: Shutting down and abandoning module SteamVR (60)
[2019.01.27-15.55.47:727][948]LogModuleManager: Shutting down and abandoning module OculusHMD (58)
[2019.01.27-15.55.47:728][948]LogModuleManager: Shutting down and abandoning module ExampleDeviceProfileSelector (56)
[2019.01.27-15.55.47:728][948]LogModuleManager: Shutting down and abandoning module AppleARKit (54)
[2019.01.27-15.55.47:728][948]LogModuleManager: Shutting down and abandoning module AugmentedReality (51)
[2019.01.27-15.55.47:728][948]LogModuleManager: Shutting down and abandoning module OnlineBlueprintSupport (48)
[2019.01.27-15.55.47:728][948]LogModuleManager: Shutting down and abandoning module OnlineSubsystem (44)
[2019.01.27-15.55.47:728][948]LogModuleManager: Shutting down and abandoning module XMPP (43)
[2019.01.27-15.55.47:728][948]LogModuleManager: Shutting down and abandoning module HTTP (41)
[2019.01.27-15.55.47:728][948]LogHttp: Display: Http module shutting down, but needs to wait on 1 outstanding Http requests:
[2019.01.27-15.55.47:728][948]LogHttp: Display: 	verb=[POST] url=[https://datarouter.ol.epicgames.com/datarouter/api/v1/public/data?SessionID=%7B58B2E79F-4732-9467-BBCB-3DA6C1EB07D7%7D&AppID=UEEditor.Rocket.Release&AppVersion=4.19.2-4033788%2B%2B%2BUE4%2BRelease-4.19&UserID=084809624be007d4938af89201523a93%7Cd8ffeaabc2a448a6a6df2c13487e30d7%7C42df7454-e52a-4aef-a829-55c8f0a12c41&AppEnvironment=datacollector-binary&UploadType=eteventstream] status=Processing
[2019.01.27-15.55.47:762][948]LogModuleManager: Shutting down and abandoning module SSL (40)
[2019.01.27-15.55.47:764][948]LogModuleManager: Shutting down and abandoning module AnimationModifiers (36)
[2019.01.27-15.55.47:764][948]LogModuleManager: Shutting down and abandoning module PropertyEditor (35)
[2019.01.27-15.55.47:764][948]LogModuleManager: Shutting down and abandoning module AudioEditor (32)
[2019.01.27-15.55.47:764][948]LogModuleManager: Shutting down and abandoning module TextureCompressor (30)
[2019.01.27-15.55.47:765][948]LogModuleManager: Shutting down and abandoning module ShaderCore (28)
[2019.01.27-15.55.47:765][948]LogModuleManager: Shutting down and abandoning module Landscape (26)
[2019.01.27-15.55.47:765][948]LogModuleManager: Shutting down and abandoning module SlateRHIRenderer (24)
[2019.01.27-15.55.47:765][948]LogModuleManager: Shutting down and abandoning module OpenGLDrv (22)
[2019.01.27-15.55.47:765][948]LogModuleManager: Shutting down and abandoning module D3D11RHI (20)
[2019.01.27-15.55.47:765][948]LogModuleManager: Shutting down and abandoning module AnimGraphRuntime (18)
[2019.01.27-15.55.47:765][948]LogModuleManager: Shutting down and abandoning module Renderer (16)
[2019.01.27-15.55.47:765][948]LogModuleManager: Shutting down and abandoning module Engine (14)
[2019.01.27-15.55.47:766][948]LogModuleManager: Shutting down and abandoning module CoreUObject (12)
[2019.01.27-15.55.47:766][948]LogModuleManager: Shutting down and abandoning module NetworkFile (10)
[2019.01.27-15.55.47:766][948]LogModuleManager: Shutting down and abandoning module CookedIterativeFile (8)
[2019.01.27-15.55.47:766][948]LogModuleManager: Shutting down and abandoning module StreamingFile (6)
[2019.01.27-15.55.47:766][948]LogModuleManager: Shutting down and abandoning module SandboxFile (4)
[2019.01.27-15.55.47:766][948]LogModuleManager: Shutting down and abandoning module PakFile (2)
[2019.01.27-15.55.47:774][948]LogExit: Exiting.
[2019.01.27-15.55.47:804][948]Log file closed, 01/27/19 15:55:47
