Log file open, 01/27/19 12:57:54
LogWindows: Failed to load 'aqProf.dll' (GetLastError=126)
LogWindows: File 'aqProf.dll' does not exist
LogWindows: Failed to load 'VtuneApi.dll' (GetLastError=126)
LogWindows: File 'VtuneApi.dll' does not exist
LogWindows: Failed to load 'VtuneApi32e.dll' (GetLastError=126)
LogWindows: File 'VtuneApi32e.dll' does not exist
LogInit: Display: Running engine for game: BirdsOfAFeather
LogPlatformFile: Not using cached read wrapper
LogInit: Display: RandInit(-692421613) SRandInit(-692421612).
LogInit: Read version file with build ID '3944462'
LogInit: Overriding engine version to CL 4033788, compatible CL 3944462
LogInit: Registered custom module enumerator with build ID '3944462'
LogTaskGraph: Started task graph with 5 named threads and 23 total threads with 3 sets of task threads.
LogStats: Stats thread started at 0.277857
LogD3D11RHI: Aftermath initialized
LogICUInternationalization: Display: ICU TimeZone Detection - Raw Offset: +0:00, Platform Override: ''
LogModuleManager: Display: Found up-to-date module file ../../../Engine/Plugins/Runtime/HoudiniEngine/Binaries/Win64/UE4Editor-HoudiniEngineRuntime.dll (API version 3944462).
LogModuleManager: Display: Found up-to-date module file ../../../Engine/Plugins/Runtime/HoudiniEngine/Binaries/Win64/UE4Editor-HoudiniEngineEditor.dll (API version 3944462).
LogModuleManager: Display: Found up-to-date module file ../../../Engine/Plugins/2D/Paper2D/Binaries/Win64/UE4Editor-Paper2D.dll (API version 3944462).
LogModuleManager: Display: Found up-to-date module file ../../../Engine/Plugins/2D/Paper2D/Binaries/Win64/UE4Editor-Paper2DEditor.dll (API version 3944462).
LogModuleManager: Display: Found up-to-date module file ../../../Engine/Plugins/2D/Paper2D/Binaries/Win64/UE4Editor-PaperSpriteSheetImporter.dll (API version 3944462).
LogModuleManager: Display: Found up-to-date module file ../../../Engine/Plugins/2D/Paper2D/Binaries/Win64/UE4Editor-PaperTiledImporter.dll (API version 3944462).
LogModuleManager: Display: Found up-to-date module file ../../../Engine/Plugins/2D/Paper2D/Binaries/Win64/UE4Editor-SmartSnapping.dll (API version 3944462).
LogModuleManager: Display: Found up-to-date module file ../../../Engine/Plugins/Blendables/LightPropagationVolume/Binaries/Win64/UE4Editor-LightPropagationVolumeRuntime.dll (API version 3944462).
LogModuleManager: Display: Found up-to-date module file ../../../Engine/Plugins/Blendables/LightPropagationVolume/Binaries/Win64/UE4Editor-LightPropagationVolumeEditor.dll (API version 3944462).
LogModuleManager: Display: Found up-to-date module file ../../../Engine/Plugins/Developer/CLionSourceCodeAccess/Binaries/Win64/UE4Editor-CLionSourceCodeAccess.dll (API version 3944462).
LogModuleManager: Display: Found up-to-date module file ../../../Engine/Plugins/Developer/GitSourceControl/Binaries/Win64/UE4Editor-GitSourceControl.dll (API version 3944462).
LogModuleManager: Display: Found up-to-date module file ../../../Engine/Plugins/Developer/PerforceSourceControl/Binaries/Win64/UE4Editor-PerforceSourceControl.dll (API version 3944462).
LogModuleManager: Display: Found up-to-date module file ../../../Engine/Plugins/Developer/SubversionSourceControl/Binaries/Win64/UE4Editor-SubversionSourceControl.dll (API version 3944462).
LogModuleManager: Display: Found up-to-date module file ../../../Engine/Plugins/Developer/UObjectPlugin/Binaries/Win64/UE4Editor-UObjectPlugin.dll (API version 3944462).
LogModuleManager: Display: Found up-to-date module file ../../../Engine/Plugins/Developer/VisualStudioCodeSourceCodeAccess/Binaries/Win64/UE4Editor-VisualStudioCodeSourceCodeAccess.dll (API version 3944462).
LogModuleManager: Display: Found up-to-date module file ../../../Engine/Plugins/Developer/VisualStudioSourceCodeAccess/Binaries/Win64/UE4Editor-VisualStudioSourceCodeAccess.dll (API version 3944462).
LogModuleManager: Display: Found up-to-date module file ../../../Engine/Plugins/Editor/AssetManagerEditor/Binaries/Win64/UE4Editor-AssetManagerEditor.dll (API version 3944462).
LogModuleManager: Display: Found up-to-date module file ../../../Engine/Plugins/Editor/CryptoKeys/Binaries/Win64/UE4Editor-CryptoKeys.dll (API version 3944462).
LogModuleManager: Display: Found up-to-date module file ../../../Engine/Plugins/Editor/CryptoKeys/Binaries/Win64/UE4Editor-CryptoKeysOpenSSL.dll (API version 3944462).
LogModuleManager: Display: Found up-to-date module file ../../../Engine/Plugins/Editor/DataValidation/Binaries/Win64/UE4Editor-DataValidation.dll (API version 3944462).
LogModuleManager: Display: Found up-to-date module file ../../../Engine/Plugins/Editor/FacialAnimation/Binaries/Win64/UE4Editor-FacialAnimation.dll (API version 3944462).
LogModuleManager: Display: Found up-to-date module file ../../../Engine/Plugins/Editor/FacialAnimation/Binaries/Win64/UE4Editor-FacialAnimationEditor.dll (API version 3944462).
LogModuleManager: Display: Found up-to-date module file ../../../Engine/Plugins/Editor/GameplayTagsEditor/Binaries/Win64/UE4Editor-GameplayTagsEditor.dll (API version 3944462).
LogModuleManager: Display: Found up-to-date module file ../../../Engine/Plugins/Editor/MobileLauncherProfileWizard/Binaries/Win64/UE4Editor-MobileLauncherProfileWizard.dll (API version 3944462).
LogModuleManager: Display: Found up-to-date module file ../../../Engine/Plugins/Editor/PluginBrowser/Binaries/Win64/UE4Editor-PluginBrowser.dll (API version 3944462).
LogModuleManager: Display: Found up-to-date module file ../../../Engine/Plugins/Editor/SpeedTreeImporter/Binaries/Win64/UE4Editor-SpeedTreeImporter.dll (API version 3944462).
LogModuleManager: Display: Found up-to-date module file ../../../Engine/Plugins/Enterprise/DatasmithContent/Binaries/Win64/UE4Editor-DatasmithContent.dll (API version 3944462).
LogModuleManager: Display: Found up-to-date module file ../../../Engine/Plugins/Experimental/AlembicImporter/Binaries/Win64/UE4Editor-AlembicImporter.dll (API version 3944462).
LogModuleManager: Display: Found up-to-date module file ../../../Engine/Plugins/Experimental/AlembicImporter/Binaries/Win64/UE4Editor-AlembicLibrary.dll (API version 3944462).
LogModuleManager: Display: Found up-to-date module file ../../../Engine/Plugins/Experimental/CharacterAI/Binaries/Win64/UE4Editor-CharacterAI.dll (API version 3944462).
LogModuleManager: Display: Found up-to-date module file ../../../Engine/Plugins/Experimental/HTML5Networking/Binaries/Win64/UE4Editor-HTML5Networking.dll (API version 3944462).
LogModuleManager: Display: Found up-to-date module file ../../../Engine/Plugins/Media/AndroidMedia/Binaries/Win64/UE4Editor-AndroidMediaEditor.dll (API version 3944462).
LogModuleManager: Display: Found up-to-date module file ../../../Engine/Plugins/Media/AndroidMedia/Binaries/Win64/UE4Editor-AndroidMediaFactory.dll (API version 3944462).
LogModuleManager: Display: Found up-to-date module file ../../../Engine/Plugins/Media/AvfMedia/Binaries/Win64/UE4Editor-AvfMediaEditor.dll (API version 3944462).
LogModuleManager: Display: Found up-to-date module file ../../../Engine/Plugins/Media/AvfMedia/Binaries/Win64/UE4Editor-AvfMediaFactory.dll (API version 3944462).
LogModuleManager: Display: Found up-to-date module file ../../../Engine/Plugins/Media/AvfMedia/Binaries/Win64/UE4Editor-AvfMediaFactory.dll (API version 3944462).
LogModuleManager: Display: Found up-to-date module file ../../../Engine/Plugins/Media/ImgMedia/Binaries/Win64/UE4Editor-ImgMedia.dll (API version 3944462).
LogModuleManager: Display: Found up-to-date module file ../../../Engine/Plugins/Media/ImgMedia/Binaries/Win64/UE4Editor-ImgMediaEditor.dll (API version 3944462).
LogModuleManager: Display: Found up-to-date module file ../../../Engine/Plugins/Media/ImgMedia/Binaries/Win64/UE4Editor-ImgMediaFactory.dll (API version 3944462).
LogModuleManager: Display: Found up-to-date module file ../../../Engine/Plugins/Media/ImgMedia/Binaries/Win64/UE4Editor-ImgMediaFactory.dll (API version 3944462).
LogModuleManager: Display: Found up-to-date module file ../../../Engine/Plugins/Media/ImgMedia/Binaries/Win64/UE4Editor-OpenExrWrapper.dll (API version 3944462).
LogModuleManager: Display: Found up-to-date module file ../../../Engine/Plugins/Media/LinearTimecode/Binaries/Win64/UE4Editor-LinearTimecode.dll (API version 3944462).
LogModuleManager: Display: Found up-to-date module file ../../../Engine/Plugins/Media/MediaCompositing/Binaries/Win64/UE4Editor-MediaCompositing.dll (API version 3944462).
LogModuleManager: Display: Found up-to-date module file ../../../Engine/Plugins/Media/MediaCompositing/Binaries/Win64/UE4Editor-MediaCompositingEditor.dll (API version 3944462).
LogModuleManager: Display: Found up-to-date module file ../../../Engine/Plugins/Media/MediaPlayerEditor/Binaries/Win64/UE4Editor-MediaPlayerEditor.dll (API version 3944462).
LogModuleManager: Display: Found up-to-date module file ../../../Engine/Plugins/Media/WmfMedia/Binaries/Win64/UE4Editor-WmfMedia.dll (API version 3944462).
LogModuleManager: Display: Found up-to-date module file ../../../Engine/Plugins/Media/WmfMedia/Binaries/Win64/UE4Editor-WmfMediaEditor.dll (API version 3944462).
LogModuleManager: Display: Found up-to-date module file ../../../Engine/Plugins/Media/WmfMedia/Binaries/Win64/UE4Editor-WmfMediaFactory.dll (API version 3944462).
LogModuleManager: Display: Found up-to-date module file ../../../Engine/Plugins/Media/WmfMedia/Binaries/Win64/UE4Editor-WmfMediaFactory.dll (API version 3944462).
LogModuleManager: Display: Found up-to-date module file ../../../Engine/Plugins/Messaging/TcpMessaging/Binaries/Win64/UE4Editor-TcpMessaging.dll (API version 3944462).
LogModuleManager: Display: Found up-to-date module file ../../../Engine/Plugins/Messaging/UdpMessaging/Binaries/Win64/UE4Editor-UdpMessaging.dll (API version 3944462).
LogModuleManager: Display: Found up-to-date module file ../../../Engine/Plugins/MovieScene/ActorSequence/Binaries/Win64/UE4Editor-ActorSequence.dll (API version 3944462).
LogModuleManager: Display: Found up-to-date module file ../../../Engine/Plugins/MovieScene/LevelSequenceEditor/Binaries/Win64/UE4Editor-LevelSequenceEditor.dll (API version 3944462).
LogModuleManager: Display: Found up-to-date module file ../../../Engine/Plugins/MovieScene/MatineeToLevelSequence/Binaries/Win64/UE4Editor-MatineeToLevelSequence.dll (API version 3944462).
LogModuleManager: Display: Found up-to-date module file ../../../Engine/Plugins/NetcodeUnitTest/NetcodeUnitTest/Binaries/Win64/UE4Editor-NetcodeUnitTest.dll (API version 3944462).
LogModuleManager: Display: Found up-to-date module file ../../../Engine/Plugins/NetcodeUnitTest/NUTUnrealEngine4/Binaries/Win64/UE4Editor-NUTUnrealEngine4.dll (API version 3944462).
LogModuleManager: Display: Found up-to-date module file ../../../Engine/Plugins/Online/OnlineSubsystem/Binaries/Win64/UE4Editor-OnlineSubsystem.dll (API version 3944462).
LogModuleManager: Display: Found up-to-date module file ../../../Engine/Plugins/Runtime/AndroidPermission/Binaries/Win64/UE4Editor-AndroidPermission.dll (API version 3944462).
LogModuleManager: Display: Found up-to-date module file ../../../Engine/Plugins/Online/OnlineSubsystemNull/Binaries/Win64/UE4Editor-OnlineSubsystemNull.dll (API version 3944462).
LogModuleManager: Display: Found up-to-date module file ../../../Engine/Plugins/Online/OnlineSubsystemUtils/Binaries/Win64/UE4Editor-OnlineSubsystemUtils.dll (API version 3944462).
LogModuleManager: Display: Found up-to-date module file ../../../Engine/Plugins/Online/OnlineSubsystemUtils/Binaries/Win64/UE4Editor-OnlineBlueprintSupport.dll (API version 3944462).
LogModuleManager: Display: Found up-to-date module file ../../../Engine/Plugins/Runtime/AndroidDeviceProfileSelector/Binaries/Win64/UE4Editor-AndroidDeviceProfileSelector.dll (API version 3944462).
LogModuleManager: Display: Found up-to-date module file ../../../Engine/Plugins/Runtime/AppleARKit/Binaries/Win64/UE4Editor-AppleARKit.dll (API version 3944462).
LogModuleManager: Display: Found up-to-date module file ../../../Engine/Plugins/Runtime/ProceduralMeshComponent/Binaries/Win64/UE4Editor-ProceduralMeshComponent.dll (API version 3944462).
LogModuleManager: Display: Found up-to-date module file ../../../Engine/Plugins/Runtime/ProceduralMeshComponent/Binaries/Win64/UE4Editor-ProceduralMeshComponentEditor.dll (API version 3944462).
LogModuleManager: Display: Found up-to-date module file ../../../Engine/Plugins/Animation/LiveLink/Binaries/Win64/UE4Editor-LiveLink.dll (API version 3944462).
LogModuleManager: Display: Found up-to-date module file ../../../Engine/Plugins/Animation/LiveLink/Binaries/Win64/UE4Editor-LiveLinkEditor.dll (API version 3944462).
LogModuleManager: Display: Found up-to-date module file ../../../Engine/Plugins/Runtime/ArchVisCharacter/Binaries/Win64/UE4Editor-ArchVisCharacter.dll (API version 3944462).
LogModuleManager: Display: Found up-to-date module file ../../../Engine/Plugins/Runtime/AudioCapture/Binaries/Win64/UE4Editor-AudioCapture.dll (API version 3944462).
LogModuleManager: Display: Found up-to-date module file ../../../Engine/Plugins/Runtime/AudioCapture/Binaries/Win64/UE4Editor-AudioCaptureEditor.dll (API version 3944462).
LogModuleManager: Display: Found up-to-date module file ../../../Engine/Plugins/Runtime/CableComponent/Binaries/Win64/UE4Editor-CableComponent.dll (API version 3944462).
LogModuleManager: Display: Found up-to-date module file ../../../Engine/Plugins/Runtime/CustomMeshComponent/Binaries/Win64/UE4Editor-CustomMeshComponent.dll (API version 3944462).
LogModuleManager: Display: Found up-to-date module file ../../../Engine/Plugins/Runtime/ExampleDeviceProfileSelector/Binaries/Win64/UE4Editor-ExampleDeviceProfileSelector.dll (API version 3944462).
LogModuleManager: Display: Found up-to-date module file ../../../Engine/Plugins/Runtime/ImmediatePhysics/Binaries/Win64/UE4Editor-ImmediatePhysics.dll (API version 3944462).
LogModuleManager: Display: Found up-to-date module file ../../../Engine/Plugins/Runtime/ImmediatePhysics/Binaries/Win64/UE4Editor-ImmediatePhysicsEditor.dll (API version 3944462).
LogModuleManager: Display: Found up-to-date module file ../../../Engine/Plugins/Runtime/LocationServicesBPLibrary/Binaries/Win64/UE4Editor-LocationServicesBPLibrary.dll (API version 3944462).
LogModuleManager: Display: Found up-to-date module file ../../../Engine/Plugins/Runtime/MobilePatchingUtils/Binaries/Win64/UE4Editor-MobilePatchingUtils.dll (API version 3944462).
LogModuleManager: Display: Found up-to-date module file ../../../Engine/Plugins/Runtime/Oculus/OculusVR/Binaries/Win64/UE4Editor-OculusHMD.dll (API version 3944462).
LogModuleManager: Display: Found up-to-date module file ../../../Engine/Plugins/Runtime/Oculus/OculusVR/Binaries/Win64/UE4Editor-OculusInput.dll (API version 3944462).
LogModuleManager: Display: Found up-to-date module file ../../../Engine/Plugins/Runtime/Oculus/OculusVR/Binaries/Win64/UE4Editor-OculusEditor.dll (API version 3944462).
LogModuleManager: Display: Found up-to-date module file ../../../Engine/Plugins/Runtime/PhysXVehicles/Binaries/Win64/UE4Editor-PhysXVehicles.dll (API version 3944462).
LogModuleManager: Display: Found up-to-date module file ../../../Engine/Plugins/Runtime/PhysXVehicles/Binaries/Win64/UE4Editor-PhysXVehiclesEditor.dll (API version 3944462).
LogModuleManager: Display: Found up-to-date module file ../../../Engine/Plugins/Runtime/RuntimePhysXCooking/Binaries/Win64/UE4Editor-RuntimePhysXCooking.dll (API version 3944462).
LogModuleManager: Display: Found up-to-date module file ../../../Engine/Plugins/Runtime/Steam/SteamVR/Binaries/Win64/UE4Editor-SteamVR.dll (API version 3944462).
LogModuleManager: Display: Found up-to-date module file ../../../Engine/Plugins/Runtime/Steam/SteamVR/Binaries/Win64/UE4Editor-SteamVRController.dll (API version 3944462).
LogModuleManager: Display: Found up-to-date module file ../../../Engine/Plugins/Runtime/WindowsMoviePlayer/Binaries/Win64/UE4Editor-WindowsMoviePlayer.dll (API version 3944462).
LogModuleManager: Display: Found up-to-date module file ../../../../../../Users/bc18aav/Desktop/BirdsOfAFeather/Plugins/Wwise/Binaries/Win64/UE4Editor-AkAudio.dll (API version 3944462).
LogModuleManager: Display: Found up-to-date module file ../../../../../../Users/bc18aav/Desktop/BirdsOfAFeather/Plugins/Wwise/Binaries/Win64/UE4Editor-AudiokineticTools.dll (API version 3944462).
LogPluginManager: Mounting plugin Paper2D
LogPluginManager: Mounting plugin LiveLink
LogPluginManager: Mounting plugin LightPropagationVolume
LogPluginManager: Mounting plugin CLionSourceCodeAccess
LogPluginManager: Mounting plugin CodeLiteSourceCodeAccess
LogPluginManager: Mounting plugin GitSourceControl
LogPluginManager: Mounting plugin KDevelopSourceCodeAccess
LogPluginManager: Mounting plugin NullSourceCodeAccess
LogPluginManager: Mounting plugin PerforceSourceControl
LogPluginManager: Mounting plugin SubversionSourceControl
LogPluginManager: Mounting plugin UObjectPlugin
LogPluginManager: Mounting plugin VisualStudioCodeSourceCodeAccess
LogPluginManager: Mounting plugin VisualStudioSourceCodeAccess
LogPluginManager: Mounting plugin XCodeSourceCodeAccess
LogPluginManager: Mounting plugin AssetManagerEditor
LogPluginManager: Mounting plugin CryptoKeys
LogPluginManager: Mounting plugin DataValidation
LogPluginManager: Mounting plugin FacialAnimation
LogPluginManager: Mounting plugin GameplayTagsEditor
LogPluginManager: Mounting plugin MobileLauncherProfileWizard
LogPluginManager: Mounting plugin PluginBrowser
LogPluginManager: Mounting plugin SpeedTreeImporter
LogPluginManager: Mounting plugin DatasmithContent
LogPluginManager: Mounting plugin AlembicImporter
LogPluginManager: Mounting plugin CharacterAI
LogPluginManager: Mounting plugin HTML5Networking
LogPluginManager: Mounting plugin AndroidMedia
LogPluginManager: Mounting plugin AvfMedia
LogPluginManager: Mounting plugin ImgMedia
LogPluginManager: Mounting plugin LinearTimecode
LogPluginManager: Mounting plugin MediaCompositing
LogPluginManager: Mounting plugin MediaPlayerEditor
LogPluginManager: Mounting plugin WmfMedia
LogPluginManager: Mounting plugin TcpMessaging
LogPluginManager: Mounting plugin UdpMessaging
LogPluginManager: Mounting plugin ActorSequence
LogPluginManager: Mounting plugin LevelSequenceEditor
LogPluginManager: Mounting plugin MatineeToLevelSequence
LogPluginManager: Mounting plugin NetcodeUnitTest
LogPluginManager: Mounting plugin NUTUnrealEngine4
LogPluginManager: Mounting plugin OnlineSubsystemGooglePlay
LogPluginManager: Mounting plugin OnlineSubsystemIOS
LogPluginManager: Mounting plugin OnlineSubsystem
LogPluginManager: Mounting plugin OnlineSubsystemNull
LogPluginManager: Mounting plugin OnlineSubsystemUtils
LogPluginManager: Mounting plugin AndroidDeviceProfileSelector
LogPluginManager: Mounting plugin AndroidMoviePlayer
LogPluginManager: Mounting plugin AndroidPermission
LogPluginManager: Mounting plugin AppleARKit
LogPluginManager: Mounting plugin AppleMoviePlayer
LogPluginManager: Mounting plugin ArchVisCharacter
LogPluginManager: Mounting plugin AudioCapture
LogPluginManager: Mounting plugin CableComponent
LogPluginManager: Mounting plugin CustomMeshComponent
LogPluginManager: Mounting plugin ExampleDeviceProfileSelector
LogPluginManager: Mounting plugin GoogleCloudMessaging
LogPluginManager: Mounting plugin HoudiniEngine
LogPluginManager: Mounting plugin ImmediatePhysics
LogPluginManager: Mounting plugin IOSDeviceProfileSelector
LogPluginManager: Mounting plugin LinuxDeviceProfileSelector
LogPluginManager: Mounting plugin LocationServicesBPLibrary
LogPluginManager: Mounting plugin MobilePatchingUtils
LogPluginManager: Mounting plugin OculusVR
LogPluginManager: Plugin shader directory ../../../Engine/Plugins/Runtime/Oculus/OculusVR/Shaders found
LogPluginManager: Mapping shader source directory ../../../Engine/Plugins/Runtime/Oculus/OculusVR/Shaders to virtual directory /Plugin/OculusVR
LogPluginManager: Mounting plugin PhysXVehicles
LogPluginManager: Mounting plugin ProceduralMeshComponent
LogPluginManager: Mounting plugin RuntimePhysXCooking
LogPluginManager: Mounting plugin SteamVR
LogPluginManager: Mounting plugin WindowsMoviePlayer
LogPluginManager: Mounting plugin Wwise
LogStreaming: Display: Took  1.420s to configure plugins.
LogInit: Using libcurl 7.47.1
LogInit:  - built for x86_64-pc-win32
LogInit:  - supports SSL with OpenSSL/1.0.2g
LogInit:  - supports HTTP deflate (compression) using libz 1.2.8
LogInit:  - other features:
LogInit:      CURL_VERSION_SSL
LogInit:      CURL_VERSION_LIBZ
LogInit:      CURL_VERSION_IPV6
LogInit:      CURL_VERSION_ASYNCHDNS
LogInit:      CURL_VERSION_LARGEFILE
LogInit:      CURL_VERSION_IDN
LogInit:  CurlRequestOptions (configurable via config and command line):
LogInit:  - bVerifyPeer = false  - Libcurl will NOT verify peer certificate
LogInit:  - bUseHttpProxy = false  - Libcurl will NOT use HTTP proxy
LogInit:  - bDontReuseConnections = false  - Libcurl will reuse connections
LogInit:  - CertBundlePath = nullptr  - Libcurl will use whatever was configured at build time.
LogInit:  - MaxHostConnections = 16  - Libcurl will limit the number of connections to a host
LogInit:  - LocalHostAddr = Default
LogInit: WinSock: version 1.1 (2.2), MaxSocks=32767, MaxUdp=65467
LogInit: WinSock: I am CTA-1B03-28 (147.197.216.140:0)
LogInit: Build: ++UE4+Release-4.19-CL-4033788
LogInit: Engine Version: 4.19.2-4033788+++UE4+Release-4.19
LogInit: Compatible Engine Version: 4.19.0-3944462+++UE4+Release-4.19
LogInit: Net CL: 3944462
LogDevObjectVersion: Number of dev versions registered: 18
LogDevObjectVersion:   Dev-Blueprints (B0D832E4-1F89-4F0D-ACCF-7EB736FD4AA2): 10
LogDevObjectVersion:   Dev-Build (E1C64328-A22C-4D53-A36C-8E866417BD8C): 0
LogDevObjectVersion:   Dev-Core (375EC13C-06E4-48FB-B500-84F0262A717E): 2
LogDevObjectVersion:   Dev-Editor (E4B068ED-F494-42E9-A231-DA0B2E46BB41): 23
LogDevObjectVersion:   Dev-Framework (CFFC743F-43B0-4480-9391-14DF171D2073): 33
LogDevObjectVersion:   Dev-Mobile (B02B49B5-BB20-44E9-A304-32B752E40360): 2
LogDevObjectVersion:   Dev-Networking (A4E4105C-59A1-49B5-A7C5-40C4547EDFEE): 0
LogDevObjectVersion:   Dev-Online (39C831C9-5AE6-47DC-9A44-9C173E1C8E7C): 0
LogDevObjectVersion:   Dev-Physics (78F01B33-EBEA-4F98-B9B4-84EACCB95AA2): 0
LogDevObjectVersion:   Dev-Platform (6631380F-2D4D-43E0-8009-CF276956A95A): 0
LogDevObjectVersion:   Dev-Rendering (12F88B9F-8875-4AFC-A67C-D90C383ABD29): 25
LogDevObjectVersion:   Dev-Sequencer (7B5AE74C-D270-4C10-A958-57980B212A5A): 6
LogDevObjectVersion:   Dev-VR (D7296918-1DD6-4BDD-9DE2-64A83CC13884): 1
LogDevObjectVersion:   Dev-LoadTimes (C2A15278-BFE7-4AFE-6C17-90FF531DF755): 1
LogDevObjectVersion:   Private-Geometry (6EACA3D4-40EC-4CC1-B786-8BED09428FC5): 2
LogDevObjectVersion:   Dev-AnimPhys (29E575DD-E0A3-4627-9D10-D276232CDCEA): 16
LogDevObjectVersion:   Dev-ReflectionCapture (6B266CEC-1EC7-4B8F-A30B-E4D90942FC07): 1
LogDevObjectVersion:   Dev-Automation (0DF73D61-A23F-47EA-B727-89E90C41499A): 1
LogInit: Compiled (64-bit): Apr 27 2018 02:06:57
LogInit: Compiled with Visual C++: 19.00.24215.01
LogInit: Build Configuration: Development
LogInit: Branch Name: ++UE4+Release-4.19
LogInit: Command Line: -EpicPortal  -epicusername="Zarzebeu" -epicuserid=40f9c7f63b994bc29462f24cf3ddb4e5 -epiclocale=en-GB
LogInit: Base Directory: C:/Program Files/Epic Games/UE_4.19/Engine/Binaries/Win64/
LogInit: Installed Engine Build: 1
LogStreaming: Display: Took  0.005s to delete old logs.
LogInit: Presizing for max 8388607 objects, including 0 objects not considered by GC, pre-allocating 0 bytes for permanent pool.
LogInit: Object subsystem initialized
[2019.01.27-12.57.56:513][  0]LogInit: Selected Device Profile: [Windows]
[2019.01.27-12.57.56:513][  0]LogInit: Applying CVar settings loaded from the selected device profile: [Windows]
[2019.01.27-12.57.56:535][  0]LogInit: Computer: CTA-1B03-28
[2019.01.27-12.57.56:535][  0]LogInit: User: bc18aav
[2019.01.27-12.57.56:536][  0]LogInit: CPU Page size=4096, Cores=4
[2019.01.27-12.57.56:536][  0]LogInit: High frequency timer resolution =3.515624 MHz
[2019.01.27-12.57.56:537][  0]LogMemory: Memory total: Physical=15.9GB (16GB approx)
[2019.01.27-12.57.56:537][  0]LogMemory: Platform Memory Stats for Windows
[2019.01.27-12.57.56:537][  0]LogMemory: Process Physical Memory: 276.48 MB used, 276.48 MB peak
[2019.01.27-12.57.56:537][  0]LogMemory: Process Virtual Memory: 265.89 MB used, 265.89 MB peak
[2019.01.27-12.57.56:537][  0]LogMemory: Physical Memory: 6215.42 MB used,  10023.59 MB free, 16239.01 MB total
[2019.01.27-12.57.56:537][  0]LogMemory: Virtual Memory: 4792.98 MB used,  10023.59 MB free, 134217728.00 MB total
[2019.01.27-12.57.56:582][  0]LogInit: Using OS detected language (en-GB).
[2019.01.27-12.57.56:582][  0]LogInit: Using OS detected locale (en-GB).
[2019.01.27-12.57.56:586][  0]LogTextLocalizationManager: No specific localization for 'en-GB' exists, so the 'en' localization will be used.
[2019.01.27-12.57.56:957][  0]LogStreaming: Display: Took  0.374s to EndInitTextLocalization.
[2019.01.27-12.57.56:957][  0]LogInit: Setting process to per monitor DPI aware
[2019.01.27-12.57.56:998][  0]LogSlate: New Slate User Created.  User Index 0, Is Virtual User: 0
[2019.01.27-12.57.56:998][  0]LogSlate: Slate User Registered.  User Index 0, Is Virtual User: 0
[2019.01.27-12.57.57:218][  0]LogD3D11RHI: D3D11 adapters:
[2019.01.27-12.57.57:247][  0]LogD3D11RHI:    0. 'NVIDIA GeForce GTX 1050 Ti' (Feature Level 11_0)
[2019.01.27-12.57.57:247][  0]LogD3D11RHI:       4059/0/8119 MB DedicatedVideo/DedicatedSystem/SharedSystem, Outputs:1, VendorId:0x10de
[2019.01.27-12.57.57:255][  0]LogD3D11RHI:    1. 'Intel(R) HD Graphics 630' (Feature Level 11_0)
[2019.01.27-12.57.57:255][  0]LogD3D11RHI:       128/0/8119 MB DedicatedVideo/DedicatedSystem/SharedSystem, Outputs:1, VendorId:0x8086
[2019.01.27-12.57.57:257][  0]LogD3D11RHI:    2. 'Microsoft Basic Render Driver' (Feature Level 11_0)
[2019.01.27-12.57.57:257][  0]LogD3D11RHI:       0/0/8119 MB DedicatedVideo/DedicatedSystem/SharedSystem, Outputs:0, VendorId:0x1414
[2019.01.27-12.57.57:257][  0]LogD3D11RHI: Chosen D3D11 Adapter: 0
[2019.01.27-12.57.57:263][  0]LogD3D11RHI: Creating new Direct3DDevice
[2019.01.27-12.57.57:263][  0]LogD3D11RHI:     GPU DeviceId: 0x1c82 (for the marketing name, search the web for "GPU Device Id")
[2019.01.27-12.57.57:263][  0]LogWindows: EnumDisplayDevices:
[2019.01.27-12.57.57:263][  0]LogWindows:    0. 'NVIDIA GeForce GTX 1050 Ti' (P:1 D:1)
[2019.01.27-12.57.57:264][  0]LogWindows:    1. 'NVIDIA GeForce GTX 1050 Ti' (P:0 D:0)
[2019.01.27-12.57.57:264][  0]LogWindows:    2. 'NVIDIA GeForce GTX 1050 Ti' (P:0 D:0)
[2019.01.27-12.57.57:264][  0]LogWindows:    3. 'NVIDIA GeForce GTX 1050 Ti' (P:0 D:0)
[2019.01.27-12.57.57:264][  0]LogWindows:    4. 'Intel(R) HD Graphics 630' (P:0 D:1)
[2019.01.27-12.57.57:264][  0]LogWindows:    5. 'Intel(R) HD Graphics 630' (P:0 D:0)
[2019.01.27-12.57.57:265][  0]LogWindows:    6. 'Intel(R) HD Graphics 630' (P:0 D:0)
[2019.01.27-12.57.57:265][  0]LogWindows: DebugString: GetVideoDriverDetailsInvalid PrimaryIsNotTheChoosenAdapter GetVideoDriverDetailsInvalid PrimaryIsNotTheChoosenAdapter GetVideoDriverDetailsInvalid PrimaryIsNotTheChoosenAdapter GetVideoDriverDetailsInvalid PrimaryIsNotTheChoosenAdapter GetVideoDriverDetailsInvalid PrimaryIsNotTheChoosenAdapter GetVideoDriverDetailsInvalid PrimaryIsNotTheChoosenAdapter GetVideoDriverDetailsInvalid PrimaryIsNotTheChoosenAdapter FoundDriverCount:0 
[2019.01.27-12.57.57:265][  0]LogD3D11RHI:     Adapter Name: NVIDIA GeForce GTX 1050 Ti
[2019.01.27-12.57.57:265][  0]LogD3D11RHI:   Driver Version: Unknown (internal:Unknown, unified:Unknown)
[2019.01.27-12.57.57:265][  0]LogD3D11RHI:      Driver Date: Unknown
[2019.01.27-12.57.57:265][  0]LogRHI: Texture pool is 2841 MB (70% of 4059 MB)
[2019.01.27-12.57.57:281][  0]LogD3D11RHI: [Aftermath] Aftermath enabled but failed to initialize
[2019.01.27-12.57.57:281][  0]LogD3D11RHI: [Aftermath] Aftermath enabled and primed
[2019.01.27-12.57.57:281][  0]LogD3D11RHI: Async texture creation enabled
[2019.01.27-12.57.57:291][  0]LogD3D11RHI: GPU Timing Frequency: 1000.000000 (Debug: 2 1)
[2019.01.27-12.57.57:340][  0]LogShaderCompilers: Guid format shader working directory is -8 characters bigger than the processId version (../../../../../../Users/bc18aav/Desktop/BirdsOfAFeather/Intermediate/Shaders/WorkingDirectory/11160/).
[2019.01.27-12.57.57:340][  0]LogShaderCompilers: Cleaned the shader compiler working directory 'C:/Users/bc18aav/AppData/Local/Temp/UnrealShaderWorkingDir/04EC96F54228AF308D38C7ACE44C30F2/'.
[2019.01.27-12.57.57:557][  0]LogTemp: Display: Loaded TP AllDesktopTargetPlatform
[2019.01.27-12.57.57:570][  0]LogTemp: Display: Loaded TP MacClientTargetPlatform
[2019.01.27-12.57.57:584][  0]LogTemp: Display: Loaded TP MacNoEditorTargetPlatform
[2019.01.27-12.57.57:596][  0]LogTemp: Display: Loaded TP MacServerTargetPlatform
[2019.01.27-12.57.57:609][  0]LogTemp: Display: Loaded TP MacTargetPlatform
[2019.01.27-12.57.57:623][  0]LogTemp: Display: Loaded TP WindowsClientTargetPlatform
[2019.01.27-12.57.57:636][  0]LogTemp: Display: Loaded TP WindowsNoEditorTargetPlatform
[2019.01.27-12.57.57:649][  0]LogTemp: Display: Loaded TP WindowsServerTargetPlatform
[2019.01.27-12.57.57:654][  0]LogTemp: Display: Loaded TP WindowsTargetPlatform
[2019.01.27-12.57.57:666][  0]LogTemp: Display: Loaded TP Android_ASTCTargetPlatform
[2019.01.27-12.57.57:676][  0]LogTemp: Display: Loaded TP Android_ATCTargetPlatform
[2019.01.27-12.57.57:687][  0]LogTemp: Display: Loaded TP Android_DXTTargetPlatform
[2019.01.27-12.57.57:697][  0]LogTemp: Display: Loaded TP Android_ETC1aTargetPlatform
[2019.01.27-12.57.57:708][  0]LogTemp: Display: Loaded TP Android_ETC1TargetPlatform
[2019.01.27-12.57.57:719][  0]LogTemp: Display: Loaded TP Android_ETC2TargetPlatform
[2019.01.27-12.57.57:740][  0]LogTemp: Display: Loaded TP Android_MultiTargetPlatform
[2019.01.27-12.57.57:740][  0]LogTemp: Display: Loaded TP Android_PVRTCTargetPlatform
[2019.01.27-12.57.57:752][  0]LogTemp: Display: Loaded TP AndroidTargetPlatform
[2019.01.27-12.57.57:753][  0]LogTemp: Display: Loaded TP HTML5TargetPlatform
[2019.01.27-12.57.57:801][  0]LogTemp: Display: Loaded TP IOSTargetPlatform
[2019.01.27-12.57.57:812][  0]LogTemp: Display: Loaded TP TVOSTargetPlatform
[2019.01.27-12.57.57:832][  0]LogTemp: Display: Loaded TP LinuxClientTargetPlatform
[2019.01.27-12.57.57:847][  0]LogTemp: Display: Loaded TP LinuxNoEditorTargetPlatform
[2019.01.27-12.57.57:857][  0]LogTemp: Display: Loaded TP LinuxServerTargetPlatform
[2019.01.27-12.57.57:873][  0]LogTemp: Display: Loaded TP LinuxTargetPlatform
[2019.01.27-12.57.57:873][  0]LogTargetPlatformManager: Display: Building Assets For Windows
[2019.01.27-12.57.58:001][  0]LogXGEController: Cannot use XGE Controller as Incredibuild is not installed on this machine.
[2019.01.27-12.57.58:001][  0]LogShaderCompilers: Cannot use XGE Shader Compiler as Incredibuild is not installed on this machine.
[2019.01.27-12.57.58:001][  0]LogShaderCompilers: Display: Using Local Shader Compiler.
[2019.01.27-12.57.58:730][  0]LogDerivedDataCache: Display: Max Cache Size: 512 MB
[2019.01.27-12.57.58:804][  0]LogDerivedDataCache: Loaded boot cache 0.07s 75MB C:/Users/bc18aav/AppData/Local/UnrealEngine/4.19/DerivedDataCache/Boot.ddc.
[2019.01.27-12.57.58:804][  0]LogDerivedDataCache: Display: Loaded Boot cache: C:/Users/bc18aav/AppData/Local/UnrealEngine/4.19/DerivedDataCache/Boot.ddc
[2019.01.27-12.57.58:804][  0]LogDerivedDataCache: FDerivedDataBackendGraph:  Pak pak cache file ../../../../../../Users/bc18aav/Desktop/BirdsOfAFeather/DerivedDataCache/DDC.ddp not found, will not use a pak cache.
[2019.01.27-12.57.58:804][  0]LogDerivedDataCache: Unable to find inner node Pak for hierarchical cache Hierarchy.
[2019.01.27-12.57.58:804][  0]LogDerivedDataCache: FDerivedDataBackendGraph:  CompressedPak pak cache file ../../../../../../Users/bc18aav/Desktop/BirdsOfAFeather/DerivedDataCache/Compressed.ddp not found, will not use a pak cache.
[2019.01.27-12.57.58:804][  0]LogDerivedDataCache: Unable to find inner node CompressedPak for hierarchical cache Hierarchy.
[2019.01.27-12.57.58:818][  0]LogDerivedDataCache: Display: Pak cache opened for reading ../../../Engine/DerivedDataCache/Compressed.ddp.
[2019.01.27-12.57.58:830][  0]LogDerivedDataCache: Using Local data cache path C:/Users/bc18aav/AppData/Local/UnrealEngine/Common/DerivedDataCache: Writable
[2019.01.27-12.57.58:830][  0]LogDerivedDataCache: Shared data cache path not found in *engine.ini, will not use an Shared cache.
[2019.01.27-12.57.58:830][  0]LogDerivedDataCache: Unable to find inner node Shared for hierarchical cache Hierarchy.
[2019.01.27-12.57.58:839][  0]LogMaterial: Verifying Global Shaders for PCD3D_SM5
[2019.01.27-12.57.58:840][  0]LogSlate: Using Freetype 2.6.0
[2019.01.27-12.57.58:840][  0]LogSlate: SlateFontCache - WITH_FREETYPE: 1, WITH_HARFBUZZ: 1
[2019.01.27-12.57.58:840][  0]LogSlate: SlateFontCache - WITH_FREETYPE: 1, WITH_HARFBUZZ: 1
[2019.01.27-12.57.58:978][  0]LogAssetRegistry: FAssetRegistry took 0.0255 seconds to start up
[2019.01.27-12.57.59:262][  0]LogInit: Selected Device Profile: [Windows]
[2019.01.27-12.57.59:422][  0]LogSimplygon: Simplygon DLL not present - disabling.
[2019.01.27-12.57.59:426][  0]LogMeshReduction: Using SimplygonSwarm for distributed automatic mesh merging
[2019.01.27-12.57.59:426][  0]LogMeshReduction: Using QuadricMeshReduction for automatic static mesh reduction
[2019.01.27-12.57.59:426][  0]LogMeshReduction: No automatic skeletal mesh reduction module available
[2019.01.27-12.57.59:426][  0]LogMeshReduction: No automatic mesh merging module available
[2019.01.27-12.57.59:426][  0]LogMeshMerging: No automatic mesh merging module available
[2019.01.27-12.57.59:465][  0]LogNetVersion: BirdsOfAFeather , NetCL: 3944462, EngineNetVer: 2, GameNetVer: 0 (Checksum: 2130924952)
[2019.01.27-12.57.59:961][  0]LogPackageLocalizationCache: Processed 11 localized package path(s) for 2 prioritized culture(s) in 0.118966 seconds
[2019.01.27-12.57.59:967][  0]LogUObjectArray: 36728 objects as part of root set at end of initial load.
[2019.01.27-12.57.59:967][  0]LogUObjectAllocator: 7314312 out of 0 bytes used by permanent object pool.
[2019.01.27-12.57.59:967][  0]LogUObjectArray: CloseDisregardForGC: 0/0 objects in disregard for GC pool
[2019.01.27-12.58.01:612][  0]LogTcpMessaging: Initializing TcpMessaging bridge
[2019.01.27-12.58.01:660][  0]LogUdpMessaging: Initializing bridge on interface 0.0.0.0:0 to multicast group 230.0.0.1:6666.
[2019.01.27-12.58.01:979][  0]LogAkAudio: Wwise(R) SDK Version 2018.1.4 Build 6807. Copyright (c) 2006-2018 Audiokinetic Inc.
[2019.01.27-12.58.02:005][  0]LogInit: Audiokinetic Audio Device setting bank directory to ../../../../../../Users/bc18aav/Desktop/BirdsOfAFeather/Content/WwiseAudio/Windows/.
[2019.01.27-12.58.02:007][  0]LogInit: Audiokinetic Audio Device initialized.
[2019.01.27-12.58.02:174][  0]SourceControl: Source control is disabled
[2019.01.27-12.58.02:174][  0]SourceControl: Source control is disabled
[2019.01.27-12.58.02:196][  0]SourceControl: Source control is disabled
[2019.01.27-12.58.02:218][  0]SourceControl: Source control is disabled
[2019.01.27-12.58.02:772][  0]LogAndroidPermission: UAndroidPermissionCallbackProxy::GetInstance
[2019.01.27-12.58.02:917][  0]LogHoudiniEngine: Starting the Houdini Engine module.
[2019.01.27-12.58.02:917][  0]LogHoudiniEngine: Loaded libHAPIL.dll from HFS environment path C:/PROGRA~1/SIDEEF~1/HOUDIN~1.439/bin
[2019.01.27-12.58.02:918][  0]LogLinker: Warning: Asset '../../Plugins/Runtime/HoudiniEngine/Content/houdini_logo.uasset' has been saved with empty engine version. The asset will be loaded but may be incompatible.
[2019.01.27-12.58.02:920][  0]LogLinker: Warning: Asset '../../Plugins/Runtime/HoudiniEngine/Content/houdini_default_material.uasset' has been saved with empty engine version. The asset will be loaded but may be incompatible.
[2019.01.27-12.58.02:925][  0]LogLinker: Warning: Asset '../../Plugins/Runtime/HoudiniEngine/Content/houdini_bgeo_import.uasset' has been saved with empty engine version. The asset will be loaded but may be incompatible.
[2019.01.27-12.58.04:123][  0]LogHoudiniEngine: Successfully intialized the Houdini Engine API module.
[2019.01.27-12.58.04:186][  0]LogOcInput: OculusInput pre-init called
[2019.01.27-12.58.04:340][  0]LogEngine: Initializing Engine...
[2019.01.27-12.58.04:342][  0]LogHMD: Failed to initialize OpenVR with code 110
[2019.01.27-12.58.04:344][  0]LogStats: UGameplayTagsManager::ConstructGameplayTagTree: Construct from data asset -  0.000 s
[2019.01.27-12.58.04:344][  0]LogStats: UGameplayTagsManager::ConstructGameplayTagTree: GameplayTagTreeChangedEvent.Broadcast -  0.000 s
[2019.01.27-12.58.04:579][  0]LogAIModule: Creating AISystem for world Untitled
[2019.01.27-12.58.04:590][  0]LogInit: XAudio2 using 'Speakers (Realtek High Definition Audio)' : 2 channels at 48 kHz using 32 bits per sample (channel mask 0x3)
[2019.01.27-12.58.04:614][  0]LogInit: FAudioDevice initialized.
[2019.01.27-12.58.04:696][  0]LogDerivedDataCache: Saved boot cache 0.08s 75MB C:/Users/bc18aav/AppData/Local/UnrealEngine/4.19/DerivedDataCache/Boot.ddc.
[2019.01.27-12.58.04:721][  0]LogInit: Texture streaming: Enabled
[2019.01.27-12.58.04:742][  0]LogEngineSessionManager: EngineSessionManager initialized
[2019.01.27-12.58.04:756][  0]LogInit: Transaction tracking system initialized
[2019.01.27-12.58.04:787][  0]BlueprintLog: New page: Editor Load
[2019.01.27-12.58.04:890][  0]LocalizationService: Localization service is disabled
[2019.01.27-12.58.05:008][  0]LogConsoleResponse: Display: 
[2019.01.27-12.58.05:146][  0]LogAutoReimportManager: Warning: Unable to watch directory ../../../../../../Users/bc18aav/Desktop/BirdsOfAFeather/Content/ as it will conflict with another watching ../../../../../../Users/bc18aav/Desktop/BirdsOfAFeather/Content/.
[2019.01.27-12.58.05:165][  0]LogCook: Display: Max memory allowance for cook 16384mb min free memory 0mb
[2019.01.27-12.58.05:165][  0]LogCook: Display: Mobile HDR setting 1
[2019.01.27-12.58.05:165][  0]LogGameplayTags: Display: UGameplayTagsManager::DoneAddingNativeTags. DelegateIsBound: 0
[2019.01.27-12.58.05:165][  0]LogStats: UGameplayTagsManager::ConstructGameplayTagTree: Construct from data asset -  0.000 s
[2019.01.27-12.58.05:165][  0]LogStats: UGameplayTagsManager::ConstructGameplayTagTree: GameplayTagTreeChangedEvent.Broadcast -  0.000 s
[2019.01.27-12.58.05:205][  0]LogFileCache: Scanning file cache for directory 'C:/Users/bc18aav/Desktop/BirdsOfAFeather/Content/' took 0.03s
[2019.01.27-12.58.05:613][  0]LogHoudiniEngineEditor: Starting the Houdini Engine Editor module.
[2019.01.27-12.58.05:670][  0]SourceControl: Source control is disabled
[2019.01.27-12.58.05:670][  0]Cmd: MAP LOAD FILE="../../../Engine/Content/Maps/Templates/Template_Default.umap" TEMPLATE=1 SHOWPROGRESS=1 FEATURELEVEL=3
[2019.01.27-12.58.05:670][  0]LightingResults: New page: Lighting Build
[2019.01.27-12.58.05:674][  0]MapCheck: New page: Map Check
[2019.01.27-12.58.05:674][  0]LightingResults: New page: Lighting Build
[2019.01.27-12.58.05:850][  0]LogAIModule: Creating AISystem for world Untitled_1
[2019.01.27-12.58.05:858][  0]LogEditorServer: Finished looking for orphan Actors (0.000 secs)
[2019.01.27-12.58.05:871][  0]Cmd: MAP CHECKDEP NOCLEARLOG
[2019.01.27-12.58.05:943][  0]MapCheck: Map check complete: 0 Error(s), 0 Warning(s), took 71.186ms to complete.
[2019.01.27-12.58.05:943][  0]LogFileHelpers: Loading map 'Template_Default' took 0.273
[2019.01.27-12.58.06:089][  0]LogCollectionManager: Loaded 0 collections in 0.002344 seconds
[2019.01.27-12.58.06:134][  0]LogFileCache: Scanning file cache for directory 'C:/Users/bc18aav/Desktop/BirdsOfAFeather/Saved/Collections/' took 0.01s
[2019.01.27-12.58.06:134][  0]LogFileCache: Scanning file cache for directory 'C:/Users/bc18aav/Desktop/BirdsOfAFeather/Content/Developers/bc18aav/Collections/' took 0.01s
[2019.01.27-12.58.06:134][  0]LogFileCache: Scanning file cache for directory 'C:/Users/bc18aav/Desktop/BirdsOfAFeather/Content/Collections/' took 0.01s
[2019.01.27-12.58.06:134][  0]LogCollectionManager: Rebuilt the GUID cache for 0 collections in 0.000001 seconds
[2019.01.27-12.58.06:144][  0]LogContentBrowser: Native class hierarchy populated in 0.0103 seconds. Added 2555 classes and 575 folders.
[2019.01.27-12.58.06:151][  0]LogContentBrowser: Native class hierarchy updated for 'WidgetCarousel' in 0.0002 seconds. Added 0 classes and 0 folders.
[2019.01.27-12.58.06:209][  0]LogContentBrowser: Native class hierarchy updated for 'AddContentDialog' in 0.0002 seconds. Added 0 classes and 0 folders.
[2019.01.27-12.58.06:215][  0]LogContentBrowser: Native class hierarchy updated for 'SceneOutliner' in 0.0003 seconds. Added 1 classes and 2 folders.
[2019.01.27-12.58.07:244][  0]LogSlate: Only BGRA pngs, bmps or icos are supported in by External Image Picker
[2019.01.27-12.58.07:281][  0]LogSlate: Took 0.000279 seconds to synchronously load lazily loaded font '../../../Engine/Content/Slate/Fonts/Roboto-Regular.ttf' (155K)
[2019.01.27-12.58.07:284][  0]LogSlate: Took 0.000477 seconds to synchronously load lazily loaded font '../../../Engine/Content/Slate/Fonts/Roboto-Bold.ttf' (160K)
[2019.01.27-12.58.07:293][  0]LogTemp: Executing iPhonePackager certificates Engine -bundlename com.YourCompany.BirdsOfAFeather
[2019.01.27-12.58.07:293][  0]LogTemp: CWD: C:\Program Files\Epic Games\UE_4.19\Engine\Binaries\DotNET\IOS
[2019.01.27-12.58.07:293][  0]LogTemp: Initial Dir: C:\Program Files\Epic Games\UE_4.19
[2019.01.27-12.58.07:293][  0]LogTemp: Env CWD: C:\Program Files\Epic Games\UE_4.19\Engine\Binaries\DotNET\IOS
[2019.01.27-12.58.07:293][  0]LogSlate: Took 0.000456 seconds to synchronously load lazily loaded font '../../../Engine/Content/Editor/Slate/Fonts/FontAwesome.ttf' (139K)
[2019.01.27-12.58.07:395][  0]LogTemp: BranchPath = CTA-1B03-28/C/Program Files/Epic Games/UE_4.19/Engine/Binaries --- GameBranchPath = CTA-1B03-28/C/Program Files/Epic Games/UE_4.19/Engine/Binaries
[2019.01.27-12.58.07:395][  0]LogTemp: IPP ERROR: Could not find provision directory 'C:\Users\bc18aav\AppData\Local/Apple Computer/MobileDevice/Provisioning Profiles/'.
[2019.01.27-12.58.07:395][  0]LogRenderer: Reallocating scene render targets to support 1208x576 Format 10 NumSamples 1 (Frame:1).
[2019.01.27-12.58.07:584][  0]LogSlate: FSceneViewport::OnFocusLost() reason 2
[2019.01.27-12.58.07:599][  0]LogSlate: Window 'Tutorials' being destroyed
[2019.01.27-12.58.07:634][  0]LogContentBrowser: Native class hierarchy updated for 'HierarchicalLODOutliner' in 0.0002 seconds. Added 0 classes and 0 folders.
[2019.01.27-12.58.07:635][  0]LogLoad: (Engine Initialization) Total time: 14.18 seconds
[2019.01.27-12.58.07:635][  0]LogLoad: (Engine Initialization) Total Blueprint compile time: 0.00 seconds
[2019.01.27-12.58.07:644][  0]LogWindowsTextInputMethodSystem: Display: IME system now deactivated.
[2019.01.27-12.58.07:688][  0]LogContentStreaming: Texture pool size now 1000 MB
[2019.01.27-12.58.07:733][  0]LogSlate: Took 0.000172 seconds to synchronously load lazily loaded font '../../../Engine/Content/Slate/Fonts/Roboto-Light.ttf' (167K)
[2019.01.27-12.58.07:825][  1]LogAssetRegistry: Asset discovery search completed in 8.8690 seconds
[2019.01.27-12.58.07:834][  1]LogSlate: FSceneViewport::OnFocusLost() reason 2
[2019.01.27-12.58.13:758][  1]LogSlate: Window 'Re-set Wwise Path' being destroyed
[2019.01.27-12.58.13:771][  1]LogCollectionManager: Rebuilt the object cache for 0 collections in 0.000000 seconds (found 0 objects)
[2019.01.27-12.58.13:772][  1]LogCollectionManager: Fixed up redirectors for 0 collections in 0.000092 seconds (updated 0 objects)
[2019.01.27-12.58.13:894][  2]LogFileCache: Retrieving MD5 hashes for directory 'C:/Users/bc18aav/Desktop/BirdsOfAFeather/Content/' took 6.24s
[2019.01.27-12.58.13:998][  3]LogSlate: Took 0.000179 seconds to synchronously load lazily loaded font '../../../Engine/Content/Slate/Fonts/Roboto-Light.ttf' (167K)
[2019.01.27-12.58.14:750][ 64]LogSlate: FSceneViewport::OnFocusLost() reason 0
[2019.01.27-12.58.15:703][159]LogSlate: FSceneViewport::OnFocusLost() reason 0
[2019.01.27-12.58.20:037][618]LogUObjectGlobals: Created PersistentFrame Addr=0x000002c102332b00, Size=1432, Default__BP_Bird_C Function /Game/Character_BPs/BP_Bird.BP_Bird_C:ExecuteUbergraph_BP_Bird
[2019.01.27-12.58.20:056][618]LogUObjectGlobals: Created PersistentFrame Addr=0x000002c132afc358, Size=20, Default__ContinueHUD_C Function /Game/Hud/ContinueHUD.ContinueHUD_C:ExecuteUbergraph_ContinueHUD
[2019.01.27-12.58.20:065][618]LogUObjectGlobals: Created PersistentFrame Addr=0x000002c1530fc090, Size=56, Default__CreditsHUD_C Function /Game/Hud/CreditsHUD.CreditsHUD_C:ExecuteUbergraph_CreditsHUD
[2019.01.27-12.58.20:065][618]LogUObjectGlobals: Created PersistentFrame Addr=0x000002c1593d7290, Size=72, Default__MainMenuHUD_C Function /Game/Hud/MainMenuHUD.MainMenuHUD_C:ExecuteUbergraph_MainMenuHUD
[2019.01.27-12.58.20:161][618]LogUObjectGlobals: Destroyed PersistentFrame Addr=0x000002c132afc358, Size=20
[2019.01.27-12.58.20:161][618]LogUObjectGlobals: Created PersistentFrame Addr=0x000002c13a0923e0, Size=20, Default__ContinueHUD_C Function /Engine/Transient.REINST_ContinueHUD_C_1:ExecuteUbergraph_ContinueHUD
[2019.01.27-12.58.20:161][618]LogUObjectGlobals: Destroyed PersistentFrame Addr=0x000002c1530fc090, Size=56
[2019.01.27-12.58.20:161][618]LogUObjectGlobals: Created PersistentFrame Addr=0x000002c1530fc090, Size=56, Default__CreditsHUD_C Function /Engine/Transient.REINST_CreditsHUD_C_2:ExecuteUbergraph_CreditsHUD
[2019.01.27-12.58.20:162][618]LogUObjectGlobals: Destroyed PersistentFrame Addr=0x000002c1593d7290, Size=72
[2019.01.27-12.58.20:162][618]LogUObjectGlobals: Created PersistentFrame Addr=0x000002c139c35940, Size=72, Default__MainMenuHUD_C Function /Engine/Transient.REINST_MainMenuHUD_C_3:ExecuteUbergraph_MainMenuHUD
[2019.01.27-12.58.20:162][618]LogUObjectGlobals: Destroyed PersistentFrame Addr=0x000002c102332b00, Size=1432
[2019.01.27-12.58.20:162][618]LogUObjectGlobals: Created PersistentFrame Addr=0x000002c139ade400, Size=1432, Default__BP_Bird_C Function /Engine/Transient.REINST_BP_Bird_C_5:ExecuteUbergraph_BP_Bird
[2019.01.27-12.58.20:182][618]LogUObjectGlobals: Created PersistentFrame Addr=0x000002c15970faa8, Size=20, Default__ContinueHUD_C Function /Game/Hud/ContinueHUD.ContinueHUD_C:ExecuteUbergraph_ContinueHUD
[2019.01.27-12.58.20:183][618]LogUObjectGlobals: Created PersistentFrame Addr=0x000002c1530fe710, Size=56, Default__CreditsHUD_C Function /Game/Hud/CreditsHUD.CreditsHUD_C:ExecuteUbergraph_CreditsHUD
[2019.01.27-12.58.20:184][618]LogUObjectGlobals: Created PersistentFrame Addr=0x000002c1596a7970, Size=72, Default__MainMenuHUD_C Function /Game/Hud/MainMenuHUD.MainMenuHUD_C:ExecuteUbergraph_MainMenuHUD
[2019.01.27-12.58.20:189][618]LogUObjectGlobals: Created PersistentFrame Addr=0x000002c1596a8100, Size=1432, Default__BP_Bird_C Function /Game/Character_BPs/BP_Bird.BP_Bird_C:ExecuteUbergraph_BP_Bird
[2019.01.27-12.58.20:208][618]LogUObjectGlobals: Created PersistentFrame Addr=0x000002c159633200, Size=800, Default__BP_Gale_C Function /Game/Prop_BPs/BP_Gale.BP_Gale_C:ExecuteUbergraph_BP_Gale
[2019.01.27-12.58.20:212][618]LogUObjectGlobals: Destroyed PersistentFrame Addr=0x000002c159633200, Size=800
[2019.01.27-12.58.20:212][618]LogUObjectGlobals: Created PersistentFrame Addr=0x000002c159633200, Size=800, Default__BP_Gale_C Function /Engine/Transient.REINST_BP_Gale_C_11:ExecuteUbergraph_BP_Gale
[2019.01.27-12.58.20:216][618]LogUObjectGlobals: Created PersistentFrame Addr=0x000002c159631d00, Size=800, Default__BP_Gale_C Function /Game/Prop_BPs/BP_Gale.BP_Gale_C:ExecuteUbergraph_BP_Gale
[2019.01.27-12.58.20:227][618]LogUObjectGlobals: Created PersistentFrame Addr=0x000002c15968da00, Size=248, Default__BP_BLank_C Function /Game/Prop_BPs/BP_BLank.BP_BLank_C:ExecuteUbergraph_BP_BLank
[2019.01.27-12.58.20:231][618]LogUObjectGlobals: Destroyed PersistentFrame Addr=0x000002c15968da00, Size=248
[2019.01.27-12.58.20:231][618]LogUObjectGlobals: Created PersistentFrame Addr=0x000002c15968da00, Size=248, Default__BP_BLank_C Function /Engine/Transient.REINST_BP_BLank_C_13:ExecuteUbergraph_BP_BLank
[2019.01.27-12.58.20:235][618]LogUObjectGlobals: Created PersistentFrame Addr=0x000002c159662000, Size=248, Default__BP_BLank_C Function /Game/Prop_BPs/BP_BLank.BP_BLank_C:ExecuteUbergraph_BP_BLank
[2019.01.27-12.58.20:243][618]LogUObjectGlobals: Created PersistentFrame Addr=0x000002c159680fe0, Size=224, Default__BP_Clouds_C Function /Game/Prop_BPs/BP_Clouds.BP_Clouds_C:ExecuteUbergraph_BP_Clouds
[2019.01.27-12.58.20:247][618]LogUObjectGlobals: Destroyed PersistentFrame Addr=0x000002c159680fe0, Size=224
[2019.01.27-12.58.20:247][618]LogUObjectGlobals: Created PersistentFrame Addr=0x000002c159607ba0, Size=224, Default__BP_Clouds_C Function /Engine/Transient.REINST_BP_Clouds_C_15:ExecuteUbergraph_BP_Clouds
[2019.01.27-12.58.20:250][618]LogUObjectGlobals: Created PersistentFrame Addr=0x000002c1596066a0, Size=224, Default__BP_Clouds_C Function /Game/Prop_BPs/BP_Clouds.BP_Clouds_C:ExecuteUbergraph_BP_Clouds
[2019.01.27-12.58.20:257][618]LogUObjectGlobals: Created PersistentFrame Addr=0x000002c13a0ae780, Size=880, Default__BP_FlyingHazard_C Function /Game/Prop_BPs/BP_FlyingHazard.BP_FlyingHazard_C:ExecuteUbergraph_BP_FlyingHazard
[2019.01.27-12.58.20:262][618]LogUObjectGlobals: Destroyed PersistentFrame Addr=0x000002c13a0ae780, Size=880
[2019.01.27-12.58.20:262][618]LogUObjectGlobals: Created PersistentFrame Addr=0x000002c13a0ae780, Size=880, Default__BP_FlyingHazard_C Function /Engine/Transient.REINST_BP_FlyingHazard_C_17:ExecuteUbergraph_BP_FlyingHazard
[2019.01.27-12.58.20:266][618]LogUObjectGlobals: Created PersistentFrame Addr=0x000002c13a0ad980, Size=880, Default__BP_FlyingHazard_C Function /Game/Prop_BPs/BP_FlyingHazard.BP_FlyingHazard_C:ExecuteUbergraph_BP_FlyingHazard
[2019.01.27-12.58.20:272][618]LogUObjectGlobals: Created PersistentFrame Addr=0x000002c15960a800, Size=912, Default__BP_MovingClouds_C Function /Game/Prop_BPs/BP_MovingClouds.BP_MovingClouds_C:ExecuteUbergraph_BP_MovingClouds
[2019.01.27-12.58.20:279][618]LogUObjectGlobals: Destroyed PersistentFrame Addr=0x000002c15960a800, Size=912
[2019.01.27-12.58.20:279][618]LogUObjectGlobals: Created PersistentFrame Addr=0x000002c15960a800, Size=912, Default__BP_MovingClouds_C Function /Engine/Transient.REINST_BP_MovingClouds_C_19:ExecuteUbergraph_BP_MovingClouds
[2019.01.27-12.58.20:285][618]LogUObjectGlobals: Created PersistentFrame Addr=0x000002c159608c00, Size=912, Default__BP_MovingClouds_C Function /Game/Prop_BPs/BP_MovingClouds.BP_MovingClouds_C:ExecuteUbergraph_BP_MovingClouds
[2019.01.27-12.58.20:310][618]LogUObjectGlobals: Created PersistentFrame Addr=0x000002c1722aab60, Size=40, Default__Level3_V1_C Function /Game/Maps/Level3_V1.Level3_V1_C:ExecuteUbergraph_Level3_V1
[2019.01.27-12.58.20:312][618]LogUObjectGlobals: Destroyed PersistentFrame Addr=0x000002c1722aab60, Size=40
[2019.01.27-12.58.20:312][618]LogUObjectGlobals: Created PersistentFrame Addr=0x000002c1722aab60, Size=40, Default__Level3_V1_C Function /Engine/Transient.REINST_Level3_V1_C_21:ExecuteUbergraph_Level3_V1
[2019.01.27-12.58.20:313][618]LogUObjectGlobals: Created PersistentFrame Addr=0x000002c1722aad90, Size=40, Default__Level3_V1_C Function /Game/Maps/Level3_V1.Level3_V1_C:ExecuteUbergraph_Level3_V1
[2019.01.27-12.58.21:121][618]LogMaterial: Missing cached shader map for material InvisibleWuwu, compiling. 
[2019.01.27-12.58.21:122][618]LogMaterial: Warning: C:\Users\bc18aav\Desktop\BirdsOfAFeather\Content\Prop_BPs\InvisibleWuwu.uasset: Failed to compile Material for platform PCD3D_SM5, Default Material will be used in game.
[2019.01.27-12.58.21:122][618]LogMaterial: 	Material using the DeferredDecal domain need to use the BlendModel Translucent (this saves performance)
[2019.01.27-12.58.21:126][618]LogAIModule: Creating AISystem for world Level3_V1
[2019.01.27-12.58.26:761][202]LogUObjectGlobals: Created PersistentFrame Addr=0x000002c182279088, Size=4, Default__SKEL_Level3_V3_C Function /Game/Maps/Level3_V3.SKEL_Level3_V3_C:ExecuteUbergraph_Level3_V3
[2019.01.27-12.58.26:762][202]LogUObjectGlobals: Destroyed PersistentFrame Addr=0x000002c182279088, Size=4
[2019.01.27-12.58.26:762][202]LogUObjectGlobals: Created PersistentFrame Addr=0x000002c182279088, Size=4, Default__SKEL_Level3_V3_C Function /Engine/Transient.REINST_SKEL_Level3_V3_C_24:ExecuteUbergraph_Level3_V3
[2019.01.27-12.58.26:762][202]LogUObjectGlobals: Created PersistentFrame Addr=0x000002c182278fd0, Size=4, Default__SKEL_Level3_V3_C Function /Game/Maps/Level3_V3.SKEL_Level3_V3_C:ExecuteUbergraph_Level3_V3
[2019.01.27-12.58.26:764][202]LogUObjectGlobals: Created PersistentFrame Addr=0x000002c1823385b8, Size=40, Default__Level3_V3_C Function /Game/Maps/Level3_V3.Level3_V3_C:ExecuteUbergraph_Level3_V3
[2019.01.27-12.58.26:768][202]LogUObjectGlobals: Destroyed PersistentFrame Addr=0x000002c182278fd0, Size=4
[2019.01.27-12.58.26:768][202]LogUObjectGlobals: Created PersistentFrame Addr=0x000002c182278fd0, Size=4, Default__SKEL_Level3_V3_C Function /Engine/Transient.REINST_SKEL_Level3_V3_C_27:ExecuteUbergraph_Level3_V3
[2019.01.27-12.58.26:771][202]LogUObjectGlobals: Destroyed PersistentFrame Addr=0x000002c1823385b8, Size=40
[2019.01.27-12.58.26:771][202]LogUObjectGlobals: Created PersistentFrame Addr=0x000002c1823385b8, Size=40, Default__Level3_V3_C Function /Engine/Transient.REINST_Level3_V3_C_29:ExecuteUbergraph_Level3_V3
[2019.01.27-12.58.26:773][202]LogUObjectGlobals: Created PersistentFrame Addr=0x000002c182338248, Size=40, Default__Level3_V3_C Function /Game/Maps/Level3_V3.Level3_V3_C:ExecuteUbergraph_Level3_V3
[2019.01.27-12.58.26:781][202]LogAIModule: Creating AISystem for world Level3_V3
[2019.01.27-12.58.30:674][620]LogUObjectGlobals: Destroyed PersistentFrame Addr=0x000002c139c35940, Size=72
[2019.01.27-12.58.30:674][620]LogUObjectGlobals: Destroyed PersistentFrame Addr=0x000002c1530fc090, Size=56
[2019.01.27-12.58.30:674][620]LogUObjectGlobals: Destroyed PersistentFrame Addr=0x000002c13a0923e0, Size=20
[2019.01.27-12.58.30:675][620]LogUObjectGlobals: Destroyed PersistentFrame Addr=0x000002c139ade400, Size=1432
[2019.01.27-12.58.30:675][620]LogUObjectGlobals: Destroyed PersistentFrame Addr=0x000002c159633200, Size=800
[2019.01.27-12.58.30:675][620]LogUObjectGlobals: Destroyed PersistentFrame Addr=0x000002c15968da00, Size=248
[2019.01.27-12.58.30:675][620]LogUObjectGlobals: Destroyed PersistentFrame Addr=0x000002c159607ba0, Size=224
[2019.01.27-12.58.30:675][620]LogUObjectGlobals: Destroyed PersistentFrame Addr=0x000002c13a0ae780, Size=880
[2019.01.27-12.58.30:675][620]LogUObjectGlobals: Destroyed PersistentFrame Addr=0x000002c15960a800, Size=912
[2019.01.27-12.58.30:675][620]LogUObjectGlobals: Destroyed PersistentFrame Addr=0x000002c1722aab60, Size=40
[2019.01.27-12.58.30:675][620]LogUObjectGlobals: Destroyed PersistentFrame Addr=0x000002c182279088, Size=4
[2019.01.27-12.58.30:675][620]LogUObjectGlobals: Destroyed PersistentFrame Addr=0x000002c182278fd0, Size=4
[2019.01.27-12.58.30:675][620]LogUObjectGlobals: Destroyed PersistentFrame Addr=0x000002c1823385b8, Size=40
[2019.01.27-12.58.31:705][620]LogSlate: Window 'Save Content' being destroyed
[2019.01.27-12.58.31:814][620]Cmd: OBJ SAVEPACKAGE PACKAGE="/Game/Maps/Level3_V3" FILE="../../../../../../Users/bc18aav/Desktop/BirdsOfAFeather/Content/Maps/Level3_V3.umap" SILENT=true AUTOSAVING=false KEEPDIRTY=false
[2019.01.27-12.58.31:842][620]LogUObjectGlobals: Destroyed PersistentFrame Addr=0x000002c182338248, Size=40
[2019.01.27-12.58.31:842][620]LogUObjectGlobals: Created PersistentFrame Addr=0x000002c1722a9198, Size=40, Default__Level3_V3_C Function /Engine/Transient.REINST_Level3_V3_C_33:ExecuteUbergraph_Level3_V3
[2019.01.27-12.58.31:844][620]LogUObjectGlobals: Created PersistentFrame Addr=0x000002c1722a8680, Size=40, Default__Level3_V3_C Function /Game/Maps/Level3_V3.Level3_V3_C:ExecuteUbergraph_Level3_V3
[2019.01.27-12.58.31:956][620]LogSavePackage: Save=120.96ms
[2019.01.27-12.58.31:956][620]LogSavePackage: Moving '../../../../../../Users/bc18aav/Desktop/BirdsOfAFeather/Saved/Level3_V31F2B6E854F66E54248FFB4B5CB8C60C7.tmp' to '../../../../../../Users/bc18aav/Desktop/BirdsOfAFeather/Content/Maps/Level3_V3.umap'
[2019.01.27-12.58.31:958][620]LogSavePackage: Display: Finished SavePackage ../../../../../../Users/bc18aav/Desktop/BirdsOfAFeather/Content/Maps/Level3_V3.umap
[2019.01.27-12.58.31:964][620]LogFileHelpers: Saving map 'Level3_V3' took 0.237
[2019.01.27-12.58.32:072][620]LogSlate: Window 'Project Settings' being destroyed
[2019.01.27-12.58.32:096][620]LogSlate: Window 'BirdsOfAFeather - Unreal Editor' being destroyed
[2019.01.27-12.58.32:096][620]LogWindowsTextInputMethodSystem: Display: IME system now deactivated.
[2019.01.27-12.58.32:307][621]Cmd: QUIT_EDITOR
[2019.01.27-12.58.32:331][621]LogSlate: Slate User Destroyed.  User Index 0, Is Virtual User: 0
[2019.01.27-12.58.32:331][621]LogExit: Preparing to exit.
[2019.01.27-12.58.32:763][621]LogDirectoryWatcher: A directory notification for 'C:/Users/bc18aav/Desktop/BirdsOfAFeather/Content/' was aborted.
[2019.01.27-12.58.32:846][621]LogExit: Editor shut down
[2019.01.27-12.58.32:849][621]LogExit: Transaction tracking system shut down
[2019.01.27-12.58.32:859][621]LogUObjectGlobals: Destroyed PersistentFrame Addr=0x000002c15970faa8, Size=20
[2019.01.27-12.58.32:859][621]LogUObjectGlobals: Destroyed PersistentFrame Addr=0x000002c1530fe710, Size=56
[2019.01.27-12.58.32:859][621]LogUObjectGlobals: Destroyed PersistentFrame Addr=0x000002c1596a7970, Size=72
[2019.01.27-12.58.32:859][621]LogUObjectGlobals: Destroyed PersistentFrame Addr=0x000002c1596a8100, Size=1432
[2019.01.27-12.58.32:859][621]LogUObjectGlobals: Destroyed PersistentFrame Addr=0x000002c159631d00, Size=800
[2019.01.27-12.58.32:859][621]LogUObjectGlobals: Destroyed PersistentFrame Addr=0x000002c159662000, Size=248
[2019.01.27-12.58.32:864][621]LogUObjectGlobals: Destroyed PersistentFrame Addr=0x000002c1596066a0, Size=224
[2019.01.27-12.58.32:864][621]LogUObjectGlobals: Destroyed PersistentFrame Addr=0x000002c13a0ad980, Size=880
[2019.01.27-12.58.32:864][621]LogUObjectGlobals: Destroyed PersistentFrame Addr=0x000002c159608c00, Size=912
[2019.01.27-12.58.32:886][621]LogUObjectGlobals: Destroyed PersistentFrame Addr=0x000002c1722aad90, Size=40
[2019.01.27-12.58.32:887][621]LogUObjectGlobals: Destroyed PersistentFrame Addr=0x000002c1722a8680, Size=40
[2019.01.27-12.58.32:887][621]LogUObjectGlobals: Destroyed PersistentFrame Addr=0x000002c1722a9198, Size=40
[2019.01.27-12.58.33:142][621]LogDirectoryWatcher: A directory notification for '../../../Engine/Content/' was aborted.
[2019.01.27-12.58.33:142][621]LogDirectoryWatcher: A directory notification for '../../../../../../Users/bc18aav/Desktop/BirdsOfAFeather/Content/' was aborted.
[2019.01.27-12.58.33:142][621]LogDirectoryWatcher: A directory notification for '../../Plugins/2D/Paper2D/Content/' was aborted.
[2019.01.27-12.58.33:142][621]LogDirectoryWatcher: A directory notification for '../../Plugins/Enterprise/DatasmithContent/Content/' was aborted.
[2019.01.27-12.58.33:142][621]LogDirectoryWatcher: A directory notification for '../../Plugins/Media/MediaCompositing/Content/' was aborted.
[2019.01.27-12.58.33:142][621]LogDirectoryWatcher: A directory notification for '../../Plugins/Runtime/AppleARKit/Content/' was aborted.
[2019.01.27-12.58.33:142][621]LogDirectoryWatcher: A directory notification for '../../Plugins/Runtime/HoudiniEngine/Content/' was aborted.
[2019.01.27-12.58.33:142][621]LogDirectoryWatcher: A directory notification for '../../Plugins/Runtime/Oculus/OculusVR/Content/' was aborted.
[2019.01.27-12.58.33:142][621]LogDirectoryWatcher: A directory notification for '../../Plugins/Runtime/Steam/SteamVR/Content/' was aborted.
[2019.01.27-12.58.33:142][621]LogDirectoryWatcher: A directory notification for '../../../../../../Users/bc18aav/Desktop/BirdsOfAFeather/Plugins/Wwise/Content/' was aborted.
[2019.01.27-12.58.33:192][621]LogExit: Object subsystem successfully closed.
[2019.01.27-12.58.33:269][621]LogShaderCompilers: Display: Shaders left to compile 0
[2019.01.27-12.58.33:272][621]LogD3D11RHI: Shutdown
[2019.01.27-12.58.33:272][621]LogD3D11RHI: CleanupD3DDevice
[2019.01.27-12.58.33:305][621]LogD3D11RHI: ~FD3D11DynamicRHI
[2019.01.27-12.58.33:431][621]LogModuleManager: Shutting down and abandoning module HierarchicalLODOutliner (586)
[2019.01.27-12.58.33:431][621]LogModuleManager: Shutting down and abandoning module ExternalImagePicker (584)
[2019.01.27-12.58.33:431][621]LogModuleManager: Shutting down and abandoning module SceneOutliner (582)
[2019.01.27-12.58.33:431][621]LogModuleManager: Shutting down and abandoning module AddContentDialog (580)
[2019.01.27-12.58.33:431][621]LogDirectoryWatcher: A directory notification for 'C:/Program Files/Epic Games/UE_4.19/FeaturePacks/' was aborted.
[2019.01.27-12.58.33:431][621]LogModuleManager: Shutting down and abandoning module WidgetCarousel (579)
[2019.01.27-12.58.33:431][621]LogModuleManager: Shutting down and abandoning module EditorWidgets (576)
[2019.01.27-12.58.33:431][621]LogModuleManager: Shutting down and abandoning module CollectionManager (574)
[2019.01.27-12.58.33:431][621]LogDirectoryWatcher: A directory notification for 'C:/Users/bc18aav/Desktop/BirdsOfAFeather/Content/Collections/' was aborted.
[2019.01.27-12.58.33:431][621]LogDirectoryWatcher: A directory notification for 'C:/Users/bc18aav/Desktop/BirdsOfAFeather/Content/Developers/bc18aav/Collections/' was aborted.
[2019.01.27-12.58.33:431][621]LogDirectoryWatcher: A directory notification for 'C:/Users/bc18aav/Desktop/BirdsOfAFeather/Saved/Collections/' was aborted.
[2019.01.27-12.58.33:431][621]LogModuleManager: Shutting down and abandoning module HierarchicalLODUtilities (572)
[2019.01.27-12.58.33:431][621]LogModuleManager: Shutting down and abandoning module StatsViewer (570)
[2019.01.27-12.58.33:432][621]LogModuleManager: Shutting down and abandoning module FoliageEdit (568)
[2019.01.27-12.58.33:432][621]LogModuleManager: Shutting down and abandoning module LandscapeEditor (566)
[2019.01.27-12.58.33:432][621]LogModuleManager: Shutting down and abandoning module MeshPaintMode (564)
[2019.01.27-12.58.33:432][621]LogModuleManager: Shutting down and abandoning module SceneDepthPickerMode (562)
[2019.01.27-12.58.33:432][621]LogModuleManager: Shutting down and abandoning module ActorPickerMode (560)
[2019.01.27-12.58.33:432][621]LogModuleManager: Shutting down and abandoning module GeometryMode (558)
[2019.01.27-12.58.33:432][621]LogModuleManager: Shutting down and abandoning module TextureAlignMode (556)
[2019.01.27-12.58.33:432][621]LogModuleManager: Shutting down and abandoning module BspMode (554)
[2019.01.27-12.58.33:432][621]LogModuleManager: Shutting down and abandoning module PIEPreviewDeviceProfileSelector (552)
[2019.01.27-12.58.33:432][621]LogModuleManager: Shutting down and abandoning module HardwareSurvey (550)
[2019.01.27-12.58.33:432][621]LogModuleManager: Shutting down and abandoning module SequenceRecorderSections (548)
[2019.01.27-12.58.33:432][621]LogModuleManager: Shutting down and abandoning module AutomationWorker (546)
[2019.01.27-12.58.33:432][621]LogModuleManager: Shutting down and abandoning module HoudiniEngineEditor (544)
[2019.01.27-12.58.33:432][621]LogHoudiniEngineEditor: Shutting down the Houdini Engine Editor module.
[2019.01.27-12.58.33:432][621]LogModuleManager: Shutting down and abandoning module AudioCaptureEditor (542)
[2019.01.27-12.58.33:432][621]LogModuleManager: Shutting down and abandoning module SequenceRecorder (541)
[2019.01.27-12.58.33:432][621]LogModuleManager: Shutting down and abandoning module MatineeToLevelSequence (538)
[2019.01.27-12.58.33:432][621]LogModuleManager: Shutting down and abandoning module LevelSequenceEditor (536)
[2019.01.27-12.58.33:432][621]LogModuleManager: Shutting down and abandoning module PlacementMode (535)
[2019.01.27-12.58.33:432][621]LogModuleManager: Shutting down and abandoning module MaterialEditor (534)
[2019.01.27-12.58.33:432][621]LogModuleManager: Shutting down and abandoning module WmfMediaFactory (530)
[2019.01.27-12.58.33:432][621]LogModuleManager: Shutting down and abandoning module WmfMediaEditor (528)
[2019.01.27-12.58.33:432][621]LogModuleManager: Shutting down and abandoning module MediaPlayerEditor (526)
[2019.01.27-12.58.33:432][621]LogModuleManager: Shutting down and abandoning module OpenExrWrapper (524)
[2019.01.27-12.58.33:432][621]LogModuleManager: Shutting down and abandoning module ImgMediaFactory (522)
[2019.01.27-12.58.33:432][621]LogModuleManager: Shutting down and abandoning module ImgMediaEditor (520)
[2019.01.27-12.58.33:432][621]LogModuleManager: Shutting down and abandoning module AvfMediaFactory (518)
[2019.01.27-12.58.33:432][621]LogModuleManager: Shutting down and abandoning module AvfMediaEditor (516)
[2019.01.27-12.58.33:432][621]LogModuleManager: Shutting down and abandoning module AndroidMediaFactory (514)
[2019.01.27-12.58.33:432][621]LogModuleManager: Shutting down and abandoning module AndroidMediaEditor (512)
[2019.01.27-12.58.33:432][621]LogModuleManager: Shutting down and abandoning module CharacterAI (510)
[2019.01.27-12.58.33:432][621]LogModuleManager: Shutting down and abandoning module SmartSnapping (508)
[2019.01.27-12.58.33:432][621]LogModuleManager: Shutting down and abandoning module SessionServices (506)
[2019.01.27-12.58.33:432][621]LogModuleManager: Shutting down and abandoning module ViewportSnapping (504)
[2019.01.27-12.58.33:432][621]LogModuleManager: Shutting down and abandoning module ViewportInteraction (502)
[2019.01.27-12.58.33:432][621]LogModuleManager: Shutting down and abandoning module ClothPainter (500)
[2019.01.27-12.58.33:432][621]LogModuleManager: Shutting down and abandoning module SkeletalMeshEditor (499)
[2019.01.27-12.58.33:432][621]LogModuleManager: Shutting down and abandoning module LogVisualizer (496)
[2019.01.27-12.58.33:432][621]LogModuleManager: Shutting down and abandoning module IntroTutorials (494)
[2019.01.27-12.58.33:433][621]LogModuleManager: Shutting down and abandoning module GameProjectGeneration (493)
[2019.01.27-12.58.33:433][621]LogModuleManager: Shutting down and abandoning module IOSPlatformEditor (490)
[2019.01.27-12.58.33:433][621]LogModuleManager: Shutting down and abandoning module HTML5PlatformEditor (488)
[2019.01.27-12.58.33:433][621]LogModuleManager: Shutting down and abandoning module AndroidPlatformEditor (486)
[2019.01.27-12.58.33:433][621]LogModuleManager: Shutting down and abandoning module AndroidDeviceDetection (485)
[2019.01.27-12.58.33:980][621]LogModuleManager: Shutting down and abandoning module WindowsPlatformEditor (482)
[2019.01.27-12.58.33:980][621]LogModuleManager: Shutting down and abandoning module IOSRuntimeSettings (480)
[2019.01.27-12.58.33:980][621]LogModuleManager: Shutting down and abandoning module AndroidRuntimeSettings (478)
[2019.01.27-12.58.33:980][621]LogModuleManager: Shutting down and abandoning module InputBindingEditor (476)
[2019.01.27-12.58.33:980][621]LogModuleManager: Shutting down and abandoning module MergeActors (474)
[2019.01.27-12.58.33:981][621]LogModuleManager: Shutting down and abandoning module LocalizationDashboard (472)
[2019.01.27-12.58.33:981][621]LogModuleManager: Shutting down and abandoning module LocalizationService (471)
[2019.01.27-12.58.33:981][621]LogModuleManager: Shutting down and abandoning module HardwareTargeting (468)
[2019.01.27-12.58.33:981][621]LogModuleManager: Shutting down and abandoning module DeviceProfileEditor (466)
[2019.01.27-12.58.33:981][621]LogModuleManager: Shutting down and abandoning module UndoHistory (464)
[2019.01.27-12.58.33:981][621]LogModuleManager: Shutting down and abandoning module XmlParser (462)
[2019.01.27-12.58.33:981][621]LogModuleManager: Shutting down and abandoning module Blutility (460)
[2019.01.27-12.58.33:981][621]LogModuleManager: Shutting down and abandoning module ProjectSettingsViewer (458)
[2019.01.27-12.58.33:981][621]LogModuleManager: Shutting down and abandoning module ProjectTargetPlatformEditor (457)
[2019.01.27-12.58.33:981][621]LogModuleManager: Shutting down and abandoning module EditorSettingsViewer (454)
[2019.01.27-12.58.33:981][621]LogModuleManager: Shutting down and abandoning module SettingsEditor (452)
[2019.01.27-12.58.33:981][621]LogModuleManager: Shutting down and abandoning module ProjectLauncher (450)
[2019.01.27-12.58.33:981][621]LogModuleManager: Shutting down and abandoning module SessionFrontend (448)
[2019.01.27-12.58.33:981][621]LogModuleManager: Shutting down and abandoning module ProfilerClient (446)
[2019.01.27-12.58.33:981][621]LogModuleManager: Shutting down and abandoning module DeviceManager (444)
[2019.01.27-12.58.33:981][621]LogModuleManager: Shutting down and abandoning module TargetDeviceServices (443)
[2019.01.27-12.58.34:047][621]LogModuleManager: Shutting down and abandoning module AutomationController (440)
[2019.01.27-12.58.34:047][621]LogModuleManager: Shutting down and abandoning module AutomationWindow (438)
[2019.01.27-12.58.34:047][621]LogModuleManager: Shutting down and abandoning module Layers (436)
[2019.01.27-12.58.34:047][621]LogModuleManager: Shutting down and abandoning module ComponentVisualizers (434)
[2019.01.27-12.58.34:047][621]LogModuleManager: Shutting down and abandoning module DetailCustomizations (432)
[2019.01.27-12.58.34:047][621]LogModuleManager: Shutting down and abandoning module PackagesDialog (430)
[2019.01.27-12.58.34:047][621]LogModuleManager: Shutting down and abandoning module Persona (428)
[2019.01.27-12.58.34:047][621]LogModuleManager: Shutting down and abandoning module AdvancedPreviewScene (427)
[2019.01.27-12.58.34:047][621]LogModuleManager: Shutting down and abandoning module AnimGraph (425)
[2019.01.27-12.58.34:047][621]LogModuleManager: Shutting down and abandoning module Kismet (422)
[2019.01.27-12.58.34:048][621]LogModuleManager: Shutting down and abandoning module GraphEditor (420)
[2019.01.27-12.58.34:048][621]LogModuleManager: Shutting down and abandoning module ClassViewer (418)
[2019.01.27-12.58.34:048][621]LogModuleManager: Shutting down and abandoning module Toolbox (416)
[2019.01.27-12.58.34:048][621]LogModuleManager: Shutting down and abandoning module ModuleUI (414)
[2019.01.27-12.58.34:048][621]LogModuleManager: Shutting down and abandoning module MovieSceneTools (412)
[2019.01.27-12.58.34:048][621]LogModuleManager: Shutting down and abandoning module OutputLog (410)
[2019.01.27-12.58.34:048][621]LogModuleManager: Shutting down and abandoning module GammaUI (408)
[2019.01.27-12.58.34:048][621]LogModuleManager: Shutting down and abandoning module Documentation (406)
[2019.01.27-12.58.34:048][621]LogModuleManager: Shutting down and abandoning module MovieSceneTracks (404)
[2019.01.27-12.58.34:048][621]LogModuleManager: Shutting down and abandoning module MovieScene (402)
[2019.01.27-12.58.34:048][621]LogModuleManager: Shutting down and abandoning module StreamingPauseRendering (400)
[2019.01.27-12.58.34:048][621]LogModuleManager: Shutting down and abandoning module LauncherPlatform (398)
[2019.01.27-12.58.34:048][621]LogModuleManager: Shutting down and abandoning module AnalyticsET (396)
[2019.01.27-12.58.34:048][621]LogModuleManager: Shutting down and abandoning module PortalServices (394)
[2019.01.27-12.58.34:048][621]LogModuleManager: Shutting down and abandoning module PortalRpc (392)
[2019.01.27-12.58.34:048][621]LogModuleManager: Shutting down and abandoning module MessagingRpc (390)
[2019.01.27-12.58.34:048][621]LogModuleManager: Shutting down and abandoning module AIModule (388)
[2019.01.27-12.58.34:048][621]LogModuleManager: Shutting down and abandoning module GameplayDebugger (387)
[2019.01.27-12.58.34:049][621]LogModuleManager: Shutting down and abandoning module AITestSuite (385)
[2019.01.27-12.58.34:049][621]LogModuleManager: Shutting down and abandoning module DesktopPlatform (382)
[2019.01.27-12.58.34:049][621]LogModuleManager: Shutting down and abandoning module ProfilerService (380)
[2019.01.27-12.58.34:104][621]LogModuleManager: Shutting down and abandoning module TaskGraph (378)
[2019.01.27-12.58.34:104][621]LogModuleManager: Shutting down and abandoning module AudiokineticTools (376)
[2019.01.27-12.58.34:104][621]LogModuleManager: Shutting down and abandoning module SteamVRController (374)
[2019.01.27-12.58.34:104][621]LogModuleManager: Shutting down and abandoning module ProceduralMeshComponentEditor (372)
[2019.01.27-12.58.34:104][621]LogModuleManager: Shutting down and abandoning module ProceduralMeshComponent (370)
[2019.01.27-12.58.34:104][621]LogModuleManager: Shutting down and abandoning module OculusInput (368)
[2019.01.27-12.58.34:104][621]LogModuleManager: Shutting down and abandoning module MobilePatchingUtils (366)
[2019.01.27-12.58.34:104][621]LogModuleManager: Shutting down and abandoning module HoudiniEngineRuntime (364)
[2019.01.27-12.58.34:104][621]LogHoudiniEngine: Shutting down the Houdini Engine module.
[2019.01.27-12.58.34:107][621]LogModuleManager: Shutting down and abandoning module CustomMeshComponent (362)
[2019.01.27-12.58.34:107][621]LogModuleManager: Shutting down and abandoning module CableComponent (360)
[2019.01.27-12.58.34:107][621]LogModuleManager: Shutting down and abandoning module AudioCapture (358)
[2019.01.27-12.58.34:107][621]LogModuleManager: Shutting down and abandoning module ArchVisCharacter (356)
[2019.01.27-12.58.34:107][621]LogModuleManager: Shutting down and abandoning module AndroidPermission (354)
[2019.01.27-12.58.34:107][621]LogModuleManager: Shutting down and abandoning module NUTUnrealEngine4 (350)
[2019.01.27-12.58.34:107][621]LogModuleManager: Shutting down and abandoning module NetcodeUnitTest (348)
[2019.01.27-12.58.34:107][621]LogModuleManager: Shutting down and abandoning module MediaCompositingEditor (346)
[2019.01.27-12.58.34:107][621]LogModuleManager: Shutting down and abandoning module MediaCompositing (344)
[2019.01.27-12.58.34:107][621]LogModuleManager: Shutting down and abandoning module LinearTimecode (342)
[2019.01.27-12.58.34:107][621]LogModuleManager: Shutting down and abandoning module ImgMedia (340)
[2019.01.27-12.58.34:111][621]LogModuleManager: Shutting down and abandoning module HTML5Networking (338)
[2019.01.27-12.58.34:111][621]LogModuleManager: Shutting down and abandoning module AlembicImporter (336)
[2019.01.27-12.58.34:111][621]LogModuleManager: Shutting down and abandoning module AlembicLibrary (335)
[2019.01.27-12.58.34:111][621]LogModuleManager: Shutting down and abandoning module GeometryCache (334)
[2019.01.27-12.58.34:111][621]LogModuleManager: Shutting down and abandoning module GeometryCacheEd (333)
[2019.01.27-12.58.34:111][621]LogModuleManager: Shutting down and abandoning module DatasmithContent (328)
[2019.01.27-12.58.34:111][621]LogModuleManager: Shutting down and abandoning module SpeedTreeImporter (326)
[2019.01.27-12.58.34:111][621]LogModuleManager: Shutting down and abandoning module PluginBrowser (324)
[2019.01.27-12.58.34:111][621]LogModuleManager: Shutting down and abandoning module MobileLauncherProfileWizard (322)
[2019.01.27-12.58.34:111][621]LogModuleManager: Shutting down and abandoning module CryptoKeysOpenSSL (320)
[2019.01.27-12.58.34:111][621]LogModuleManager: Shutting down and abandoning module CryptoKeys (318)
[2019.01.27-12.58.34:111][621]LogModuleManager: Shutting down and abandoning module VisualStudioSourceCodeAccess (316)
[2019.01.27-12.58.34:111][621]LogModuleManager: Shutting down and abandoning module VisualStudioCodeSourceCodeAccess (314)
[2019.01.27-12.58.34:112][621]LogModuleManager: Shutting down and abandoning module UObjectPlugin (312)
[2019.01.27-12.58.34:112][621]LogModuleManager: Shutting down and abandoning module SubversionSourceControl (310)
[2019.01.27-12.58.34:112][621]LogModuleManager: Shutting down and abandoning module PerforceSourceControl (308)
[2019.01.27-12.58.34:112][621]LogModuleManager: Shutting down and abandoning module GitSourceControl (306)
[2019.01.27-12.58.34:112][621]LogModuleManager: Shutting down and abandoning module SourceControl (305)
[2019.01.27-12.58.34:112][621]LogModuleManager: Shutting down and abandoning module CLionSourceCodeAccess (302)
[2019.01.27-12.58.34:112][621]LogModuleManager: Shutting down and abandoning module LightPropagationVolumeEditor (300)
[2019.01.27-12.58.34:112][621]LogModuleManager: Shutting down and abandoning module PaperTiledImporter (298)
[2019.01.27-12.58.34:112][621]LogModuleManager: Shutting down and abandoning module PaperSpriteSheetImporter (296)
[2019.01.27-12.58.34:112][621]LogModuleManager: Shutting down and abandoning module Paper2DEditor (294)
[2019.01.27-12.58.34:112][621]LogModuleManager: Shutting down and abandoning module MeshPaint (293)
[2019.01.27-12.58.34:112][621]LogModuleManager: Shutting down and abandoning module AkAudio (290)
[2019.01.27-12.58.34:157][621]LogInit: Audiokinetic Audio Device terminated.
[2019.01.27-12.58.34:157][621]LogModuleManager: Shutting down and abandoning module RuntimePhysXCooking (288)
[2019.01.27-12.58.34:157][621]LogModuleManager: Shutting down and abandoning module PhysXVehiclesEditor (286)
[2019.01.27-12.58.34:157][621]LogModuleManager: Shutting down and abandoning module PhysXVehicles (284)
[2019.01.27-12.58.34:157][621]LogModuleManager: Shutting down and abandoning module OculusEditor (282)
[2019.01.27-12.58.34:157][621]LogModuleManager: Shutting down and abandoning module LocationServicesBPLibrary (280)
[2019.01.27-12.58.34:157][621]LogModuleManager: Shutting down and abandoning module ImmediatePhysicsEditor (278)
[2019.01.27-12.58.34:157][621]LogModuleManager: Shutting down and abandoning module ImmediatePhysics (276)
[2019.01.27-12.58.34:157][621]LogModuleManager: Shutting down and abandoning module ActorSequence (274)
[2019.01.27-12.58.34:157][621]LogModuleManager: Shutting down and abandoning module UdpMessaging (272)
[2019.01.27-12.58.34:258][621]LogModuleManager: Shutting down and abandoning module TcpMessaging (270)
[2019.01.27-12.58.34:359][621]LogModuleManager: Shutting down and abandoning module GameplayTagsEditor (268)
[2019.01.27-12.58.34:359][621]LogModuleManager: Shutting down and abandoning module FacialAnimationEditor (266)
[2019.01.27-12.58.34:359][621]LogModuleManager: Shutting down and abandoning module FacialAnimation (264)
[2019.01.27-12.58.34:359][621]LogModuleManager: Shutting down and abandoning module DataValidation (262)
[2019.01.27-12.58.34:359][621]LogModuleManager: Shutting down and abandoning module AssetManagerEditor (260)
[2019.01.27-12.58.34:359][621]LogModuleManager: Shutting down and abandoning module LevelEditor (259)
[2019.01.27-12.58.34:360][621]LogModuleManager: Shutting down and abandoning module PixelInspectorModule (258)
[2019.01.27-12.58.34:360][621]LogModuleManager: Shutting down and abandoning module CommonMenuExtensions (256)
[2019.01.27-12.58.34:360][621]LogModuleManager: Shutting down and abandoning module MainFrame (254)
[2019.01.27-12.58.34:360][621]LogModuleManager: Shutting down and abandoning module HotReload (253)
[2019.01.27-12.58.34:360][621]LogDirectoryWatcher: A directory notification for 'C:/Users/bc18aav/Desktop/BirdsOfAFeather/Plugins/Wwise/Binaries/Win64' was aborted.
[2019.01.27-12.58.34:360][621]LogModuleManager: Shutting down and abandoning module ContentBrowser (249)
[2019.01.27-12.58.34:362][621]LogModuleManager: Shutting down and abandoning module TreeMap (247)
[2019.01.27-12.58.34:362][621]LogModuleManager: Shutting down and abandoning module LightPropagationVolumeRuntime (244)
[2019.01.27-12.58.34:362][621]LogModuleManager: Shutting down and abandoning module LiveLinkEditor (242)
[2019.01.27-12.58.34:362][621]LogModuleManager: Shutting down and abandoning module LiveLink (240)
[2019.01.27-12.58.35:292][621]LogModuleManager: Shutting down and abandoning module Paper2D (238)
[2019.01.27-12.58.35:292][621]LogModuleManager: Shutting down and abandoning module WindowsMoviePlayer (236)
[2019.01.27-12.58.35:292][621]LogModuleManager: Shutting down and abandoning module WmfMedia (234)
[2019.01.27-12.58.35:294][621]LogModuleManager: Shutting down and abandoning module Media (233)
[2019.01.27-12.58.35:301][621]LogModuleManager: Shutting down and abandoning module PacketHandler (230)
[2019.01.27-12.58.35:301][621]LogModuleManager: Shutting down and abandoning module ClothingSystemEditor (228)
[2019.01.27-12.58.35:301][621]LogModuleManager: Shutting down and abandoning module ClothingSystemRuntime (226)
[2019.01.27-12.58.35:301][621]LogModuleManager: Shutting down and abandoning module MediaAssets (224)
[2019.01.27-12.58.35:301][621]LogModuleManager: Shutting down and abandoning module Overlay (222)
[2019.01.27-12.58.35:301][621]LogModuleManager: Shutting down and abandoning module OverlayEditor (221)
[2019.01.27-12.58.35:301][621]LogModuleManager: Shutting down and abandoning module VREditor (218)
[2019.01.27-12.58.35:302][621]LogModuleManager: Shutting down and abandoning module StringTableEditor (216)
[2019.01.27-12.58.35:302][621]LogModuleManager: Shutting down and abandoning module GameplayTasksEditor (214)
[2019.01.27-12.58.35:302][621]LogModuleManager: Shutting down and abandoning module BehaviorTreeEditor (212)
[2019.01.27-12.58.35:302][621]LogModuleManager: Shutting down and abandoning module FunctionalTesting (210)
[2019.01.27-12.58.35:302][621]LogModuleManager: Shutting down and abandoning module CollisionAnalyzer (208)
[2019.01.27-12.58.35:302][621]LogModuleManager: Shutting down and abandoning module WorkspaceMenuStructure (207)
[2019.01.27-12.58.35:302][621]LogModuleManager: Shutting down and abandoning module UMG (204)
[2019.01.27-12.58.35:302][621]LogModuleManager: Shutting down and abandoning module UMGEditor (203)
[2019.01.27-12.58.35:302][621]LogModuleManager: Shutting down and abandoning module Sequencer (202)
[2019.01.27-12.58.35:302][621]LogModuleManager: Shutting down and abandoning module MessageLog (199)
[2019.01.27-12.58.35:302][621]LogModuleManager: Shutting down and abandoning module SlateReflector (194)
[2019.01.27-12.58.35:302][621]LogModuleManager: Shutting down and abandoning module Slate (192)
[2019.01.27-12.58.35:302][621]LogModuleManager: Shutting down and abandoning module EditorStyle (190)
[2019.01.27-12.58.35:305][621]LogModuleManager: Shutting down and abandoning module MRMesh (188)
[2019.01.27-12.58.35:305][621]LogModuleManager: Shutting down and abandoning module SourceCodeAccess (186)
[2019.01.27-12.58.35:305][621]LogModuleManager: Shutting down and abandoning module HeadMountedDisplay (184)
[2019.01.27-12.58.35:305][621]LogModuleManager: Shutting down and abandoning module XAudio2 (182)
[2019.01.27-12.58.35:305][621]LogModuleManager: Shutting down and abandoning module Networking (180)
[2019.01.27-12.58.35:305][621]LogModuleManager: Shutting down and abandoning module Core (178)
[2019.01.27-12.58.35:305][621]LogModuleManager: Shutting down and abandoning module LevelSequence (176)
[2019.01.27-12.58.35:305][621]LogModuleManager: Shutting down and abandoning module KismetCompiler (174)
[2019.01.27-12.58.35:305][621]LogModuleManager: Shutting down and abandoning module MeshUtilities (172)
[2019.01.27-12.58.35:305][621]LogModuleManager: Shutting down and abandoning module MeshMergeUtilities (171)
[2019.01.27-12.58.35:305][621]LogModuleManager: Shutting down and abandoning module MeshReductionInterface (170)
[2019.01.27-12.58.35:305][621]LogModuleManager: Shutting down and abandoning module SimplygonSwarm (169)
[2019.01.27-12.58.35:305][621]LogModuleManager: Shutting down and abandoning module SimplygonMeshReduction (167)
[2019.01.27-12.58.35:305][621]LogModuleManager: Shutting down and abandoning module QuadricMeshReduction (165)
[2019.01.27-12.58.35:305][621]LogModuleManager: Shutting down and abandoning module MaterialBaking (161)
[2019.01.27-12.58.35:305][621]LogModuleManager: Shutting down and abandoning module DirectoryWatcher (157)
[2019.01.27-12.58.35:306][621]LogModuleManager: Shutting down and abandoning module DerivedDataCache (154)
[2019.01.27-12.58.35:360][621]LogDerivedDataCache: Shutdown
[2019.01.27-12.58.35:360][621]LogModuleManager: Shutting down and abandoning module XGEController (152)
[2019.01.27-12.58.35:360][621]LogModuleManager: Shutting down and abandoning module TargetPlatform (150)
[2019.01.27-12.58.35:360][621]LogModuleManager: Shutting down and abandoning module VulkanShaderFormat (149)
[2019.01.27-12.58.35:360][621]LogModuleManager: Shutting down and abandoning module ShaderFormatVectorVM (147)
[2019.01.27-12.58.35:360][621]LogModuleManager: Shutting down and abandoning module ShaderFormatOpenGL (145)
[2019.01.27-12.58.35:360][621]LogModuleManager: Shutting down and abandoning module ShaderFormatD3D (143)
[2019.01.27-12.58.35:360][621]LogModuleManager: Shutting down and abandoning module MetalShaderFormat (141)
[2019.01.27-12.58.35:360][621]LogModuleManager: Shutting down and abandoning module TextureFormatUncompressed (139)
[2019.01.27-12.58.35:360][621]LogModuleManager: Shutting down and abandoning module TextureFormatPVR (137)
[2019.01.27-12.58.35:360][621]LogModuleManager: Shutting down and abandoning module TextureFormatDXT (135)
[2019.01.27-12.58.35:360][621]LogModuleManager: Shutting down and abandoning module TextureFormatIntelISPCTexComp (133)
[2019.01.27-12.58.35:360][621]LogModuleManager: Shutting down and abandoning module TextureFormatASTC (131)
[2019.01.27-12.58.35:360][621]LogModuleManager: Shutting down and abandoning module ImageWrapper (130)
[2019.01.27-12.58.35:360][621]LogModuleManager: Shutting down and abandoning module TextureFormatAndroid (127)
[2019.01.27-12.58.35:360][621]LogModuleManager: Shutting down and abandoning module AudioFormatOpus (125)
[2019.01.27-12.58.35:360][621]LogModuleManager: Shutting down and abandoning module AudioFormatOgg (123)
[2019.01.27-12.58.35:360][621]LogModuleManager: Shutting down and abandoning module AudioFormatADPCM (121)
[2019.01.27-12.58.35:360][621]LogModuleManager: Shutting down and abandoning module LinuxTargetPlatform (119)
[2019.01.27-12.58.35:360][621]LogModuleManager: Shutting down and abandoning module LinuxServerTargetPlatform (117)
[2019.01.27-12.58.35:360][621]LogModuleManager: Shutting down and abandoning module LinuxNoEditorTargetPlatform (115)
[2019.01.27-12.58.35:360][621]LogModuleManager: Shutting down and abandoning module LinuxClientTargetPlatform (113)
[2019.01.27-12.58.35:360][621]LogModuleManager: Shutting down and abandoning module TVOSTargetPlatform (111)
[2019.01.27-12.58.35:360][621]LogModuleManager: Shutting down and abandoning module Messaging (109)
[2019.01.27-12.58.35:360][621]LogModuleManager: Shutting down and abandoning module IOSTargetPlatform (107)
[2019.01.27-12.58.35:360][621]LogModuleManager: Shutting down and abandoning module HTML5TargetPlatform (105)
[2019.01.27-12.58.35:360][621]LogModuleManager: Shutting down and abandoning module AndroidTargetPlatform (103)
[2019.01.27-12.58.35:360][621]LogModuleManager: Shutting down and abandoning module Android_PVRTCTargetPlatform (101)
[2019.01.27-12.58.35:360][621]LogModuleManager: Shutting down and abandoning module Android_MultiTargetPlatform (99)
[2019.01.27-12.58.35:360][621]LogModuleManager: Shutting down and abandoning module Android_ETC2TargetPlatform (97)
[2019.01.27-12.58.35:360][621]LogModuleManager: Shutting down and abandoning module Android_ETC1TargetPlatform (95)
[2019.01.27-12.58.35:360][621]LogModuleManager: Shutting down and abandoning module Android_ETC1aTargetPlatform (93)
[2019.01.27-12.58.35:360][621]LogModuleManager: Shutting down and abandoning module Android_DXTTargetPlatform (91)
[2019.01.27-12.58.35:361][621]LogModuleManager: Shutting down and abandoning module Android_ATCTargetPlatform (89)
[2019.01.27-12.58.35:361][621]LogModuleManager: Shutting down and abandoning module Android_ASTCTargetPlatform (87)
[2019.01.27-12.58.35:361][621]LogModuleManager: Shutting down and abandoning module WindowsTargetPlatform (85)
[2019.01.27-12.58.35:361][621]LogModuleManager: Shutting down and abandoning module WindowsServerTargetPlatform (83)
[2019.01.27-12.58.35:361][621]LogModuleManager: Shutting down and abandoning module WindowsNoEditorTargetPlatform (81)
[2019.01.27-12.58.35:361][621]LogModuleManager: Shutting down and abandoning module WindowsClientTargetPlatform (79)
[2019.01.27-12.58.35:361][621]LogModuleManager: Shutting down and abandoning module MacTargetPlatform (77)
[2019.01.27-12.58.35:361][621]LogModuleManager: Shutting down and abandoning module MacServerTargetPlatform (75)
[2019.01.27-12.58.35:361][621]LogModuleManager: Shutting down and abandoning module MacNoEditorTargetPlatform (73)
[2019.01.27-12.58.35:361][621]LogModuleManager: Shutting down and abandoning module MacClientTargetPlatform (71)
[2019.01.27-12.58.35:361][621]LogModuleManager: Shutting down and abandoning module AllDesktopTargetPlatform (69)
[2019.01.27-12.58.35:361][621]LogModuleManager: Shutting down and abandoning module InputCore (66)
[2019.01.27-12.58.35:361][621]LogModuleManager: Shutting down and abandoning module Settings (64)
[2019.01.27-12.58.35:361][621]LogModuleManager: Shutting down and abandoning module PhysXCooking (62)
[2019.01.27-12.58.35:361][621]LogModuleManager: Shutting down and abandoning module SteamVR (60)
[2019.01.27-12.58.35:361][621]LogModuleManager: Shutting down and abandoning module OculusHMD (58)
[2019.01.27-12.58.35:361][621]LogModuleManager: Shutting down and abandoning module ExampleDeviceProfileSelector (56)
[2019.01.27-12.58.35:361][621]LogModuleManager: Shutting down and abandoning module AppleARKit (54)
[2019.01.27-12.58.35:361][621]LogModuleManager: Shutting down and abandoning module AugmentedReality (51)
[2019.01.27-12.58.35:361][621]LogModuleManager: Shutting down and abandoning module OnlineBlueprintSupport (48)
[2019.01.27-12.58.35:361][621]LogModuleManager: Shutting down and abandoning module OnlineSubsystem (44)
[2019.01.27-12.58.35:361][621]LogModuleManager: Shutting down and abandoning module XMPP (43)
[2019.01.27-12.58.35:361][621]LogModuleManager: Shutting down and abandoning module HTTP (41)
[2019.01.27-12.58.35:361][621]LogHttp: Display: Http module shutting down, but needs to wait on 1 outstanding Http requests:
[2019.01.27-12.58.35:361][621]LogHttp: Display: 	verb=[POST] url=[https://datarouter.ol.epicgames.com/datarouter/api/v1/public/data?SessionID=%7B65671E48-4C08-EEFD-BD36-CFA55CA03460%7D&AppID=UEEditor.Rocket.Release&AppVersion=4.19.2-4033788%2B%2B%2BUE4%2BRelease-4.19&UserID=e9924cfd417a5d013a6b1487e4f0e0ea%7C40f9c7f63b994bc29462f24cf3ddb4e5%7C58d71922-4dd3-4719-adfe-5a12f3fb137c&AppEnvironment=datacollector-binary&UploadType=eteventstream] status=Processing
[2019.01.27-12.58.35:386][621]LogModuleManager: Shutting down and abandoning module SSL (40)
[2019.01.27-12.58.35:390][621]LogModuleManager: Shutting down and abandoning module AnimationModifiers (36)
[2019.01.27-12.58.35:391][621]LogModuleManager: Shutting down and abandoning module PropertyEditor (35)
[2019.01.27-12.58.35:391][621]LogModuleManager: Shutting down and abandoning module AudioEditor (32)
[2019.01.27-12.58.35:391][621]LogModuleManager: Shutting down and abandoning module TextureCompressor (30)
[2019.01.27-12.58.35:391][621]LogModuleManager: Shutting down and abandoning module ShaderCore (28)
[2019.01.27-12.58.35:391][621]LogModuleManager: Shutting down and abandoning module Landscape (26)
[2019.01.27-12.58.35:391][621]LogModuleManager: Shutting down and abandoning module SlateRHIRenderer (24)
[2019.01.27-12.58.35:393][621]LogModuleManager: Shutting down and abandoning module OpenGLDrv (22)
[2019.01.27-12.58.35:393][621]LogModuleManager: Shutting down and abandoning module D3D11RHI (20)
[2019.01.27-12.58.35:393][621]LogModuleManager: Shutting down and abandoning module AnimGraphRuntime (18)
[2019.01.27-12.58.35:393][621]LogModuleManager: Shutting down and abandoning module Renderer (16)
[2019.01.27-12.58.35:393][621]LogModuleManager: Shutting down and abandoning module Engine (14)
[2019.01.27-12.58.35:393][621]LogModuleManager: Shutting down and abandoning module CoreUObject (12)
[2019.01.27-12.58.35:393][621]LogModuleManager: Shutting down and abandoning module NetworkFile (10)
[2019.01.27-12.58.35:393][621]LogModuleManager: Shutting down and abandoning module CookedIterativeFile (8)
[2019.01.27-12.58.35:393][621]LogModuleManager: Shutting down and abandoning module StreamingFile (6)
[2019.01.27-12.58.35:394][621]LogModuleManager: Shutting down and abandoning module SandboxFile (4)
[2019.01.27-12.58.35:394][621]LogModuleManager: Shutting down and abandoning module PakFile (2)
[2019.01.27-12.58.35:415][621]LogExit: Exiting.
[2019.01.27-12.58.35:443][621]Log file closed, 01/27/19 12:58:35
