Log file open, 01/26/19 02:39:52
LogWindows: Failed to load 'aqProf.dll' (GetLastError=126)
LogWindows: File 'aqProf.dll' does not exist
LogWindows: Failed to load 'VtuneApi.dll' (GetLastError=126)
LogWindows: File 'VtuneApi.dll' does not exist
LogWindows: Failed to load 'VtuneApi32e.dll' (GetLastError=126)
LogWindows: File 'VtuneApi32e.dll' does not exist
LogInit: Display: Running engine for game: BirdsOfAFeather
LogPlatformFile: Not using cached read wrapper
LogInit: Display: RandInit(-1137508513) SRandInit(-1137508513).
LogInit: Read version file with build ID '3944462'
LogInit: Overriding engine version to CL 4033788, compatible CL 3944462
LogInit: Registered custom module enumerator with build ID '3944462'
LogTaskGraph: Started task graph with 5 named threads and 23 total threads with 3 sets of task threads.
LogStats: Stats thread started at 0.304396
LogD3D11RHI: Aftermath initialized
LogICUInternationalization: Display: ICU TimeZone Detection - Raw Offset: +0:00, Platform Override: ''
LogModuleManager: Display: Found up-to-date module file ../../../Engine/Plugins/Runtime/HoudiniEngine/Binaries/Win64/UE4Editor-HoudiniEngineRuntime.dll (API version 3944462).
LogModuleManager: Display: Found up-to-date module file ../../../Engine/Plugins/Runtime/HoudiniEngine/Binaries/Win64/UE4Editor-HoudiniEngineEditor.dll (API version 3944462).
LogModuleManager: Display: Found up-to-date module file ../../../Engine/Plugins/2D/Paper2D/Binaries/Win64/UE4Editor-Paper2D.dll (API version 3944462).
LogModuleManager: Display: Found up-to-date module file ../../../Engine/Plugins/2D/Paper2D/Binaries/Win64/UE4Editor-Paper2DEditor.dll (API version 3944462).
LogModuleManager: Display: Found up-to-date module file ../../../Engine/Plugins/2D/Paper2D/Binaries/Win64/UE4Editor-PaperSpriteSheetImporter.dll (API version 3944462).
LogModuleManager: Display: Found up-to-date module file ../../../Engine/Plugins/2D/Paper2D/Binaries/Win64/UE4Editor-PaperTiledImporter.dll (API version 3944462).
LogModuleManager: Display: Found up-to-date module file ../../../Engine/Plugins/2D/Paper2D/Binaries/Win64/UE4Editor-SmartSnapping.dll (API version 3944462).
LogModuleManager: Display: Found up-to-date module file ../../../Engine/Plugins/Blendables/LightPropagationVolume/Binaries/Win64/UE4Editor-LightPropagationVolumeRuntime.dll (API version 3944462).
LogModuleManager: Display: Found up-to-date module file ../../../Engine/Plugins/Blendables/LightPropagationVolume/Binaries/Win64/UE4Editor-LightPropagationVolumeEditor.dll (API version 3944462).
LogModuleManager: Display: Found up-to-date module file ../../../Engine/Plugins/Developer/CLionSourceCodeAccess/Binaries/Win64/UE4Editor-CLionSourceCodeAccess.dll (API version 3944462).
LogModuleManager: Display: Found up-to-date module file ../../../Engine/Plugins/Developer/GitSourceControl/Binaries/Win64/UE4Editor-GitSourceControl.dll (API version 3944462).
LogModuleManager: Display: Found up-to-date module file ../../../Engine/Plugins/Developer/PerforceSourceControl/Binaries/Win64/UE4Editor-PerforceSourceControl.dll (API version 3944462).
LogModuleManager: Display: Found up-to-date module file ../../../Engine/Plugins/Developer/SubversionSourceControl/Binaries/Win64/UE4Editor-SubversionSourceControl.dll (API version 3944462).
LogModuleManager: Display: Found up-to-date module file ../../../Engine/Plugins/Developer/UObjectPlugin/Binaries/Win64/UE4Editor-UObjectPlugin.dll (API version 3944462).
LogModuleManager: Display: Found up-to-date module file ../../../Engine/Plugins/Developer/VisualStudioCodeSourceCodeAccess/Binaries/Win64/UE4Editor-VisualStudioCodeSourceCodeAccess.dll (API version 3944462).
LogModuleManager: Display: Found up-to-date module file ../../../Engine/Plugins/Developer/VisualStudioSourceCodeAccess/Binaries/Win64/UE4Editor-VisualStudioSourceCodeAccess.dll (API version 3944462).
LogModuleManager: Display: Found up-to-date module file ../../../Engine/Plugins/Editor/AssetManagerEditor/Binaries/Win64/UE4Editor-AssetManagerEditor.dll (API version 3944462).
LogModuleManager: Display: Found up-to-date module file ../../../Engine/Plugins/Editor/CryptoKeys/Binaries/Win64/UE4Editor-CryptoKeys.dll (API version 3944462).
LogModuleManager: Display: Found up-to-date module file ../../../Engine/Plugins/Editor/CryptoKeys/Binaries/Win64/UE4Editor-CryptoKeysOpenSSL.dll (API version 3944462).
LogModuleManager: Display: Found up-to-date module file ../../../Engine/Plugins/Editor/DataValidation/Binaries/Win64/UE4Editor-DataValidation.dll (API version 3944462).
LogModuleManager: Display: Found up-to-date module file ../../../Engine/Plugins/Editor/FacialAnimation/Binaries/Win64/UE4Editor-FacialAnimation.dll (API version 3944462).
LogModuleManager: Display: Found up-to-date module file ../../../Engine/Plugins/Editor/FacialAnimation/Binaries/Win64/UE4Editor-FacialAnimationEditor.dll (API version 3944462).
LogModuleManager: Display: Found up-to-date module file ../../../Engine/Plugins/Editor/GameplayTagsEditor/Binaries/Win64/UE4Editor-GameplayTagsEditor.dll (API version 3944462).
LogModuleManager: Display: Found up-to-date module file ../../../Engine/Plugins/Editor/MobileLauncherProfileWizard/Binaries/Win64/UE4Editor-MobileLauncherProfileWizard.dll (API version 3944462).
LogModuleManager: Display: Found up-to-date module file ../../../Engine/Plugins/Editor/PluginBrowser/Binaries/Win64/UE4Editor-PluginBrowser.dll (API version 3944462).
LogModuleManager: Display: Found up-to-date module file ../../../Engine/Plugins/Editor/SpeedTreeImporter/Binaries/Win64/UE4Editor-SpeedTreeImporter.dll (API version 3944462).
LogModuleManager: Display: Found up-to-date module file ../../../Engine/Plugins/Enterprise/DatasmithContent/Binaries/Win64/UE4Editor-DatasmithContent.dll (API version 3944462).
LogModuleManager: Display: Found up-to-date module file ../../../Engine/Plugins/Experimental/AlembicImporter/Binaries/Win64/UE4Editor-AlembicImporter.dll (API version 3944462).
LogModuleManager: Display: Found up-to-date module file ../../../Engine/Plugins/Experimental/AlembicImporter/Binaries/Win64/UE4Editor-AlembicLibrary.dll (API version 3944462).
LogModuleManager: Display: Found up-to-date module file ../../../Engine/Plugins/Experimental/CharacterAI/Binaries/Win64/UE4Editor-CharacterAI.dll (API version 3944462).
LogModuleManager: Display: Found up-to-date module file ../../../Engine/Plugins/Experimental/HTML5Networking/Binaries/Win64/UE4Editor-HTML5Networking.dll (API version 3944462).
LogModuleManager: Display: Found up-to-date module file ../../../Engine/Plugins/Media/AndroidMedia/Binaries/Win64/UE4Editor-AndroidMediaEditor.dll (API version 3944462).
LogModuleManager: Display: Found up-to-date module file ../../../Engine/Plugins/Media/AndroidMedia/Binaries/Win64/UE4Editor-AndroidMediaFactory.dll (API version 3944462).
LogModuleManager: Display: Found up-to-date module file ../../../Engine/Plugins/Media/AvfMedia/Binaries/Win64/UE4Editor-AvfMediaEditor.dll (API version 3944462).
LogModuleManager: Display: Found up-to-date module file ../../../Engine/Plugins/Media/AvfMedia/Binaries/Win64/UE4Editor-AvfMediaFactory.dll (API version 3944462).
LogModuleManager: Display: Found up-to-date module file ../../../Engine/Plugins/Media/AvfMedia/Binaries/Win64/UE4Editor-AvfMediaFactory.dll (API version 3944462).
LogModuleManager: Display: Found up-to-date module file ../../../Engine/Plugins/Media/ImgMedia/Binaries/Win64/UE4Editor-ImgMedia.dll (API version 3944462).
LogModuleManager: Display: Found up-to-date module file ../../../Engine/Plugins/Media/ImgMedia/Binaries/Win64/UE4Editor-ImgMediaEditor.dll (API version 3944462).
LogModuleManager: Display: Found up-to-date module file ../../../Engine/Plugins/Media/ImgMedia/Binaries/Win64/UE4Editor-ImgMediaFactory.dll (API version 3944462).
LogModuleManager: Display: Found up-to-date module file ../../../Engine/Plugins/Media/ImgMedia/Binaries/Win64/UE4Editor-ImgMediaFactory.dll (API version 3944462).
LogModuleManager: Display: Found up-to-date module file ../../../Engine/Plugins/Media/ImgMedia/Binaries/Win64/UE4Editor-OpenExrWrapper.dll (API version 3944462).
LogModuleManager: Display: Found up-to-date module file ../../../Engine/Plugins/Media/LinearTimecode/Binaries/Win64/UE4Editor-LinearTimecode.dll (API version 3944462).
LogModuleManager: Display: Found up-to-date module file ../../../Engine/Plugins/Media/MediaCompositing/Binaries/Win64/UE4Editor-MediaCompositing.dll (API version 3944462).
LogModuleManager: Display: Found up-to-date module file ../../../Engine/Plugins/Media/MediaCompositing/Binaries/Win64/UE4Editor-MediaCompositingEditor.dll (API version 3944462).
LogModuleManager: Display: Found up-to-date module file ../../../Engine/Plugins/Media/MediaPlayerEditor/Binaries/Win64/UE4Editor-MediaPlayerEditor.dll (API version 3944462).
LogModuleManager: Display: Found up-to-date module file ../../../Engine/Plugins/Media/WmfMedia/Binaries/Win64/UE4Editor-WmfMedia.dll (API version 3944462).
LogModuleManager: Display: Found up-to-date module file ../../../Engine/Plugins/Media/WmfMedia/Binaries/Win64/UE4Editor-WmfMediaEditor.dll (API version 3944462).
LogModuleManager: Display: Found up-to-date module file ../../../Engine/Plugins/Media/WmfMedia/Binaries/Win64/UE4Editor-WmfMediaFactory.dll (API version 3944462).
LogModuleManager: Display: Found up-to-date module file ../../../Engine/Plugins/Media/WmfMedia/Binaries/Win64/UE4Editor-WmfMediaFactory.dll (API version 3944462).
LogModuleManager: Display: Found up-to-date module file ../../../Engine/Plugins/Messaging/TcpMessaging/Binaries/Win64/UE4Editor-TcpMessaging.dll (API version 3944462).
LogModuleManager: Display: Found up-to-date module file ../../../Engine/Plugins/Messaging/UdpMessaging/Binaries/Win64/UE4Editor-UdpMessaging.dll (API version 3944462).
LogModuleManager: Display: Found up-to-date module file ../../../Engine/Plugins/MovieScene/ActorSequence/Binaries/Win64/UE4Editor-ActorSequence.dll (API version 3944462).
LogModuleManager: Display: Found up-to-date module file ../../../Engine/Plugins/MovieScene/LevelSequenceEditor/Binaries/Win64/UE4Editor-LevelSequenceEditor.dll (API version 3944462).
LogModuleManager: Display: Found up-to-date module file ../../../Engine/Plugins/MovieScene/MatineeToLevelSequence/Binaries/Win64/UE4Editor-MatineeToLevelSequence.dll (API version 3944462).
LogModuleManager: Display: Found up-to-date module file ../../../Engine/Plugins/NetcodeUnitTest/NetcodeUnitTest/Binaries/Win64/UE4Editor-NetcodeUnitTest.dll (API version 3944462).
LogModuleManager: Display: Found up-to-date module file ../../../Engine/Plugins/NetcodeUnitTest/NUTUnrealEngine4/Binaries/Win64/UE4Editor-NUTUnrealEngine4.dll (API version 3944462).
LogModuleManager: Display: Found up-to-date module file ../../../Engine/Plugins/Online/OnlineSubsystem/Binaries/Win64/UE4Editor-OnlineSubsystem.dll (API version 3944462).
LogModuleManager: Display: Found up-to-date module file ../../../Engine/Plugins/Runtime/AndroidPermission/Binaries/Win64/UE4Editor-AndroidPermission.dll (API version 3944462).
LogModuleManager: Display: Found up-to-date module file ../../../Engine/Plugins/Online/OnlineSubsystemNull/Binaries/Win64/UE4Editor-OnlineSubsystemNull.dll (API version 3944462).
LogModuleManager: Display: Found up-to-date module file ../../../Engine/Plugins/Online/OnlineSubsystemUtils/Binaries/Win64/UE4Editor-OnlineSubsystemUtils.dll (API version 3944462).
LogModuleManager: Display: Found up-to-date module file ../../../Engine/Plugins/Online/OnlineSubsystemUtils/Binaries/Win64/UE4Editor-OnlineBlueprintSupport.dll (API version 3944462).
LogModuleManager: Display: Found up-to-date module file ../../../Engine/Plugins/Runtime/AndroidDeviceProfileSelector/Binaries/Win64/UE4Editor-AndroidDeviceProfileSelector.dll (API version 3944462).
LogModuleManager: Display: Found up-to-date module file ../../../Engine/Plugins/Runtime/AppleARKit/Binaries/Win64/UE4Editor-AppleARKit.dll (API version 3944462).
LogModuleManager: Display: Found up-to-date module file ../../../Engine/Plugins/Runtime/ProceduralMeshComponent/Binaries/Win64/UE4Editor-ProceduralMeshComponent.dll (API version 3944462).
LogModuleManager: Display: Found up-to-date module file ../../../Engine/Plugins/Runtime/ProceduralMeshComponent/Binaries/Win64/UE4Editor-ProceduralMeshComponentEditor.dll (API version 3944462).
LogModuleManager: Display: Found up-to-date module file ../../../Engine/Plugins/Animation/LiveLink/Binaries/Win64/UE4Editor-LiveLink.dll (API version 3944462).
LogModuleManager: Display: Found up-to-date module file ../../../Engine/Plugins/Animation/LiveLink/Binaries/Win64/UE4Editor-LiveLinkEditor.dll (API version 3944462).
LogModuleManager: Display: Found up-to-date module file ../../../Engine/Plugins/Runtime/ArchVisCharacter/Binaries/Win64/UE4Editor-ArchVisCharacter.dll (API version 3944462).
LogModuleManager: Display: Found up-to-date module file ../../../Engine/Plugins/Runtime/AudioCapture/Binaries/Win64/UE4Editor-AudioCapture.dll (API version 3944462).
LogModuleManager: Display: Found up-to-date module file ../../../Engine/Plugins/Runtime/AudioCapture/Binaries/Win64/UE4Editor-AudioCaptureEditor.dll (API version 3944462).
LogModuleManager: Display: Found up-to-date module file ../../../Engine/Plugins/Runtime/CableComponent/Binaries/Win64/UE4Editor-CableComponent.dll (API version 3944462).
LogModuleManager: Display: Found up-to-date module file ../../../Engine/Plugins/Runtime/CustomMeshComponent/Binaries/Win64/UE4Editor-CustomMeshComponent.dll (API version 3944462).
LogModuleManager: Display: Found up-to-date module file ../../../Engine/Plugins/Runtime/ExampleDeviceProfileSelector/Binaries/Win64/UE4Editor-ExampleDeviceProfileSelector.dll (API version 3944462).
LogModuleManager: Display: Found up-to-date module file ../../../Engine/Plugins/Runtime/ImmediatePhysics/Binaries/Win64/UE4Editor-ImmediatePhysics.dll (API version 3944462).
LogModuleManager: Display: Found up-to-date module file ../../../Engine/Plugins/Runtime/ImmediatePhysics/Binaries/Win64/UE4Editor-ImmediatePhysicsEditor.dll (API version 3944462).
LogModuleManager: Display: Found up-to-date module file ../../../Engine/Plugins/Runtime/LocationServicesBPLibrary/Binaries/Win64/UE4Editor-LocationServicesBPLibrary.dll (API version 3944462).
LogModuleManager: Display: Found up-to-date module file ../../../Engine/Plugins/Runtime/MobilePatchingUtils/Binaries/Win64/UE4Editor-MobilePatchingUtils.dll (API version 3944462).
LogModuleManager: Display: Found up-to-date module file ../../../Engine/Plugins/Runtime/Oculus/OculusVR/Binaries/Win64/UE4Editor-OculusHMD.dll (API version 3944462).
LogModuleManager: Display: Found up-to-date module file ../../../Engine/Plugins/Runtime/Oculus/OculusVR/Binaries/Win64/UE4Editor-OculusInput.dll (API version 3944462).
LogModuleManager: Display: Found up-to-date module file ../../../Engine/Plugins/Runtime/Oculus/OculusVR/Binaries/Win64/UE4Editor-OculusEditor.dll (API version 3944462).
LogModuleManager: Display: Found up-to-date module file ../../../Engine/Plugins/Runtime/PhysXVehicles/Binaries/Win64/UE4Editor-PhysXVehicles.dll (API version 3944462).
LogModuleManager: Display: Found up-to-date module file ../../../Engine/Plugins/Runtime/PhysXVehicles/Binaries/Win64/UE4Editor-PhysXVehiclesEditor.dll (API version 3944462).
LogModuleManager: Display: Found up-to-date module file ../../../Engine/Plugins/Runtime/RuntimePhysXCooking/Binaries/Win64/UE4Editor-RuntimePhysXCooking.dll (API version 3944462).
LogModuleManager: Display: Found up-to-date module file ../../../Engine/Plugins/Runtime/Steam/SteamVR/Binaries/Win64/UE4Editor-SteamVR.dll (API version 3944462).
LogModuleManager: Display: Found up-to-date module file ../../../Engine/Plugins/Runtime/Steam/SteamVR/Binaries/Win64/UE4Editor-SteamVRController.dll (API version 3944462).
LogModuleManager: Display: Found up-to-date module file ../../../Engine/Plugins/Runtime/WindowsMoviePlayer/Binaries/Win64/UE4Editor-WindowsMoviePlayer.dll (API version 3944462).
LogPluginManager: Mounting plugin Paper2D
LogPluginManager: Mounting plugin LiveLink
LogPluginManager: Mounting plugin LightPropagationVolume
LogPluginManager: Mounting plugin CLionSourceCodeAccess
LogPluginManager: Mounting plugin CodeLiteSourceCodeAccess
LogPluginManager: Mounting plugin GitSourceControl
LogPluginManager: Mounting plugin KDevelopSourceCodeAccess
LogPluginManager: Mounting plugin NullSourceCodeAccess
LogPluginManager: Mounting plugin PerforceSourceControl
LogPluginManager: Mounting plugin SubversionSourceControl
LogPluginManager: Mounting plugin UObjectPlugin
LogPluginManager: Mounting plugin VisualStudioCodeSourceCodeAccess
LogPluginManager: Mounting plugin VisualStudioSourceCodeAccess
LogPluginManager: Mounting plugin XCodeSourceCodeAccess
LogPluginManager: Mounting plugin AssetManagerEditor
LogPluginManager: Mounting plugin CryptoKeys
LogPluginManager: Mounting plugin DataValidation
LogPluginManager: Mounting plugin FacialAnimation
LogPluginManager: Mounting plugin GameplayTagsEditor
LogPluginManager: Mounting plugin MobileLauncherProfileWizard
LogPluginManager: Mounting plugin PluginBrowser
LogPluginManager: Mounting plugin SpeedTreeImporter
LogPluginManager: Mounting plugin DatasmithContent
LogPluginManager: Mounting plugin AlembicImporter
LogPluginManager: Mounting plugin CharacterAI
LogPluginManager: Mounting plugin HTML5Networking
LogPluginManager: Mounting plugin AndroidMedia
LogPluginManager: Mounting plugin AvfMedia
LogPluginManager: Mounting plugin ImgMedia
LogPluginManager: Mounting plugin LinearTimecode
LogPluginManager: Mounting plugin MediaCompositing
LogPluginManager: Mounting plugin MediaPlayerEditor
LogPluginManager: Mounting plugin WmfMedia
LogPluginManager: Mounting plugin TcpMessaging
LogPluginManager: Mounting plugin UdpMessaging
LogPluginManager: Mounting plugin ActorSequence
LogPluginManager: Mounting plugin LevelSequenceEditor
LogPluginManager: Mounting plugin MatineeToLevelSequence
LogPluginManager: Mounting plugin NetcodeUnitTest
LogPluginManager: Mounting plugin NUTUnrealEngine4
LogPluginManager: Mounting plugin OnlineSubsystemGooglePlay
LogPluginManager: Mounting plugin OnlineSubsystemIOS
LogPluginManager: Mounting plugin OnlineSubsystem
LogPluginManager: Mounting plugin OnlineSubsystemNull
LogPluginManager: Mounting plugin OnlineSubsystemUtils
LogPluginManager: Mounting plugin AndroidDeviceProfileSelector
LogPluginManager: Mounting plugin AndroidMoviePlayer
LogPluginManager: Mounting plugin AndroidPermission
LogPluginManager: Mounting plugin AppleARKit
LogPluginManager: Mounting plugin AppleMoviePlayer
LogPluginManager: Mounting plugin ArchVisCharacter
LogPluginManager: Mounting plugin AudioCapture
LogPluginManager: Mounting plugin CableComponent
LogPluginManager: Mounting plugin CustomMeshComponent
LogPluginManager: Mounting plugin ExampleDeviceProfileSelector
LogPluginManager: Mounting plugin GoogleCloudMessaging
LogPluginManager: Mounting plugin HoudiniEngine
LogPluginManager: Mounting plugin ImmediatePhysics
LogPluginManager: Mounting plugin IOSDeviceProfileSelector
LogPluginManager: Mounting plugin LinuxDeviceProfileSelector
LogPluginManager: Mounting plugin LocationServicesBPLibrary
LogPluginManager: Mounting plugin MobilePatchingUtils
LogPluginManager: Mounting plugin OculusVR
LogPluginManager: Plugin shader directory ../../../Engine/Plugins/Runtime/Oculus/OculusVR/Shaders found
LogPluginManager: Mapping shader source directory ../../../Engine/Plugins/Runtime/Oculus/OculusVR/Shaders to virtual directory /Plugin/OculusVR
LogPluginManager: Mounting plugin PhysXVehicles
LogPluginManager: Mounting plugin ProceduralMeshComponent
LogPluginManager: Mounting plugin RuntimePhysXCooking
LogPluginManager: Mounting plugin SteamVR
LogPluginManager: Mounting plugin WindowsMoviePlayer
LogStreaming: Display: Took  1.431s to configure plugins.
LogInit: Using libcurl 7.47.1
LogInit:  - built for x86_64-pc-win32
LogInit:  - supports SSL with OpenSSL/1.0.2g
LogInit:  - supports HTTP deflate (compression) using libz 1.2.8
LogInit:  - other features:
LogInit:      CURL_VERSION_SSL
LogInit:      CURL_VERSION_LIBZ
LogInit:      CURL_VERSION_IPV6
LogInit:      CURL_VERSION_ASYNCHDNS
LogInit:      CURL_VERSION_LARGEFILE
LogInit:      CURL_VERSION_IDN
LogInit:  CurlRequestOptions (configurable via config and command line):
LogInit:  - bVerifyPeer = false  - Libcurl will NOT verify peer certificate
LogInit:  - bUseHttpProxy = false  - Libcurl will NOT use HTTP proxy
LogInit:  - bDontReuseConnections = false  - Libcurl will reuse connections
LogInit:  - CertBundlePath = nullptr  - Libcurl will use whatever was configured at build time.
LogInit:  - MaxHostConnections = 16  - Libcurl will limit the number of connections to a host
LogInit:  - LocalHostAddr = Default
LogInit: WinSock: version 1.1 (2.2), MaxSocks=32767, MaxUdp=65467
LogInit: WinSock: I am CTA-1B03-28 (147.197.216.140:0)
LogInit: Build: ++UE4+Release-4.19-CL-4033788
LogInit: Engine Version: 4.19.2-4033788+++UE4+Release-4.19
LogInit: Compatible Engine Version: 4.19.0-3944462+++UE4+Release-4.19
LogInit: Net CL: 3944462
LogDevObjectVersion: Number of dev versions registered: 18
LogDevObjectVersion:   Dev-Blueprints (B0D832E4-1F89-4F0D-ACCF-7EB736FD4AA2): 10
LogDevObjectVersion:   Dev-Build (E1C64328-A22C-4D53-A36C-8E866417BD8C): 0
LogDevObjectVersion:   Dev-Core (375EC13C-06E4-48FB-B500-84F0262A717E): 2
LogDevObjectVersion:   Dev-Editor (E4B068ED-F494-42E9-A231-DA0B2E46BB41): 23
LogDevObjectVersion:   Dev-Framework (CFFC743F-43B0-4480-9391-14DF171D2073): 33
LogDevObjectVersion:   Dev-Mobile (B02B49B5-BB20-44E9-A304-32B752E40360): 2
LogDevObjectVersion:   Dev-Networking (A4E4105C-59A1-49B5-A7C5-40C4547EDFEE): 0
LogDevObjectVersion:   Dev-Online (39C831C9-5AE6-47DC-9A44-9C173E1C8E7C): 0
LogDevObjectVersion:   Dev-Physics (78F01B33-EBEA-4F98-B9B4-84EACCB95AA2): 0
LogDevObjectVersion:   Dev-Platform (6631380F-2D4D-43E0-8009-CF276956A95A): 0
LogDevObjectVersion:   Dev-Rendering (12F88B9F-8875-4AFC-A67C-D90C383ABD29): 25
LogDevObjectVersion:   Dev-Sequencer (7B5AE74C-D270-4C10-A958-57980B212A5A): 6
LogDevObjectVersion:   Dev-VR (D7296918-1DD6-4BDD-9DE2-64A83CC13884): 1
LogDevObjectVersion:   Dev-LoadTimes (C2A15278-BFE7-4AFE-6C17-90FF531DF755): 1
LogDevObjectVersion:   Private-Geometry (6EACA3D4-40EC-4CC1-B786-8BED09428FC5): 2
LogDevObjectVersion:   Dev-AnimPhys (29E575DD-E0A3-4627-9D10-D276232CDCEA): 16
LogDevObjectVersion:   Dev-ReflectionCapture (6B266CEC-1EC7-4B8F-A30B-E4D90942FC07): 1
LogDevObjectVersion:   Dev-Automation (0DF73D61-A23F-47EA-B727-89E90C41499A): 1
LogInit: Compiled (64-bit): Apr 27 2018 02:06:57
LogInit: Compiled with Visual C++: 19.00.24215.01
LogInit: Build Configuration: Development
LogInit: Branch Name: ++UE4+Release-4.19
LogInit: Command Line: -EpicPortal  -epicusername="Zarzebeu" -epicuserid=40f9c7f63b994bc29462f24cf3ddb4e5 -epiclocale=en-GB
LogInit: Base Directory: C:/Program Files/Epic Games/UE_4.19/Engine/Binaries/Win64/
LogInit: Installed Engine Build: 1
LogStreaming: Display: Took  0.000s to delete old logs.
LogInit: Presizing for max 8388607 objects, including 0 objects not considered by GC, pre-allocating 0 bytes for permanent pool.
LogInit: Object subsystem initialized
[2019.01.26-02.39.54:643][  0]LogInit: Selected Device Profile: [Windows]
[2019.01.26-02.39.54:643][  0]LogInit: Applying CVar settings loaded from the selected device profile: [Windows]
[2019.01.26-02.39.54:652][  0]LogInit: Computer: CTA-1B03-28
[2019.01.26-02.39.54:652][  0]LogInit: User: bc18aav
[2019.01.26-02.39.54:652][  0]LogInit: CPU Page size=4096, Cores=4
[2019.01.26-02.39.54:652][  0]LogInit: High frequency timer resolution =3.515630 MHz
[2019.01.26-02.39.54:652][  0]LogMemory: Memory total: Physical=15.9GB (16GB approx)
[2019.01.26-02.39.54:652][  0]LogMemory: Platform Memory Stats for Windows
[2019.01.26-02.39.54:652][  0]LogMemory: Process Physical Memory: 275.36 MB used, 275.36 MB peak
[2019.01.26-02.39.54:652][  0]LogMemory: Process Virtual Memory: 264.80 MB used, 264.80 MB peak
[2019.01.26-02.39.54:652][  0]LogMemory: Physical Memory: 11191.18 MB used,  5047.83 MB free, 16239.01 MB total
[2019.01.26-02.39.54:652][  0]LogMemory: Virtual Memory: 4791.92 MB used,  5047.83 MB free, 134217728.00 MB total
[2019.01.26-02.39.54:677][  0]LogInit: Using OS detected language (en-GB).
[2019.01.26-02.39.54:677][  0]LogInit: Using OS detected locale (en-GB).
[2019.01.26-02.39.54:682][  0]LogTextLocalizationManager: No specific localization for 'en-GB' exists, so the 'en' localization will be used.
[2019.01.26-02.39.55:090][  0]LogStreaming: Display: Took  0.413s to EndInitTextLocalization.
[2019.01.26-02.39.55:091][  0]LogInit: Setting process to per monitor DPI aware
[2019.01.26-02.39.55:125][  0]LogSlate: New Slate User Created.  User Index 0, Is Virtual User: 0
[2019.01.26-02.39.55:125][  0]LogSlate: Slate User Registered.  User Index 0, Is Virtual User: 0
[2019.01.26-02.39.55:365][  0]LogD3D11RHI: D3D11 adapters:
[2019.01.26-02.39.55:390][  0]LogD3D11RHI:    0. 'NVIDIA GeForce GTX 1050 Ti' (Feature Level 11_0)
[2019.01.26-02.39.55:390][  0]LogD3D11RHI:       4059/0/8119 MB DedicatedVideo/DedicatedSystem/SharedSystem, Outputs:1, VendorId:0x10de
[2019.01.26-02.39.55:399][  0]LogD3D11RHI:    1. 'Intel(R) HD Graphics 630' (Feature Level 11_0)
[2019.01.26-02.39.55:399][  0]LogD3D11RHI:       128/0/8119 MB DedicatedVideo/DedicatedSystem/SharedSystem, Outputs:1, VendorId:0x8086
[2019.01.26-02.39.55:400][  0]LogD3D11RHI:    2. 'Microsoft Basic Render Driver' (Feature Level 11_0)
[2019.01.26-02.39.55:401][  0]LogD3D11RHI:       0/0/8119 MB DedicatedVideo/DedicatedSystem/SharedSystem, Outputs:0, VendorId:0x1414
[2019.01.26-02.39.55:401][  0]LogD3D11RHI: Chosen D3D11 Adapter: 0
[2019.01.26-02.39.55:408][  0]LogD3D11RHI: Creating new Direct3DDevice
[2019.01.26-02.39.55:408][  0]LogD3D11RHI:     GPU DeviceId: 0x1c82 (for the marketing name, search the web for "GPU Device Id")
[2019.01.26-02.39.55:408][  0]LogWindows: EnumDisplayDevices:
[2019.01.26-02.39.55:409][  0]LogWindows:    0. 'NVIDIA GeForce GTX 1050 Ti' (P:1 D:1)
[2019.01.26-02.39.55:409][  0]LogWindows:    1. 'NVIDIA GeForce GTX 1050 Ti' (P:0 D:0)
[2019.01.26-02.39.55:409][  0]LogWindows:    2. 'NVIDIA GeForce GTX 1050 Ti' (P:0 D:0)
[2019.01.26-02.39.55:409][  0]LogWindows:    3. 'NVIDIA GeForce GTX 1050 Ti' (P:0 D:0)
[2019.01.26-02.39.55:410][  0]LogWindows:    4. 'Intel(R) HD Graphics 630' (P:0 D:1)
[2019.01.26-02.39.55:410][  0]LogWindows:    5. 'Intel(R) HD Graphics 630' (P:0 D:0)
[2019.01.26-02.39.55:410][  0]LogWindows:    6. 'Intel(R) HD Graphics 630' (P:0 D:0)
[2019.01.26-02.39.55:410][  0]LogWindows: DebugString: GetVideoDriverDetailsInvalid PrimaryIsNotTheChoosenAdapter GetVideoDriverDetailsInvalid PrimaryIsNotTheChoosenAdapter GetVideoDriverDetailsInvalid PrimaryIsNotTheChoosenAdapter GetVideoDriverDetailsInvalid PrimaryIsNotTheChoosenAdapter GetVideoDriverDetailsInvalid PrimaryIsNotTheChoosenAdapter GetVideoDriverDetailsInvalid PrimaryIsNotTheChoosenAdapter GetVideoDriverDetailsInvalid PrimaryIsNotTheChoosenAdapter FoundDriverCount:0 
[2019.01.26-02.39.55:410][  0]LogD3D11RHI:     Adapter Name: NVIDIA GeForce GTX 1050 Ti
[2019.01.26-02.39.55:410][  0]LogD3D11RHI:   Driver Version: Unknown (internal:Unknown, unified:Unknown)
[2019.01.26-02.39.55:410][  0]LogD3D11RHI:      Driver Date: Unknown
[2019.01.26-02.39.55:410][  0]LogRHI: Texture pool is 2841 MB (70% of 4059 MB)
[2019.01.26-02.39.55:430][  0]LogD3D11RHI: [Aftermath] Aftermath enabled but failed to initialize
[2019.01.26-02.39.55:430][  0]LogD3D11RHI: [Aftermath] Aftermath enabled and primed
[2019.01.26-02.39.55:430][  0]LogD3D11RHI: Async texture creation enabled
[2019.01.26-02.39.55:440][  0]LogD3D11RHI: GPU Timing Frequency: 1000.000000 (Debug: 2 1)
[2019.01.26-02.39.55:489][  0]LogShaderCompilers: Guid format shader working directory is -12 characters bigger than the processId version (../../../../../../Users/bc18aav/Desktop/GGJ/BirdsOfAFeather/Intermediate/Shaders/WorkingDirectory/21304/).
[2019.01.26-02.39.55:490][  0]LogShaderCompilers: Cleaned the shader compiler working directory 'C:/Users/bc18aav/AppData/Local/Temp/UnrealShaderWorkingDir/43ABFD5F46FD49CE1A48DC8D02F86A24/'.
[2019.01.26-02.39.55:738][  0]LogTemp: Display: Loaded TP AllDesktopTargetPlatform
[2019.01.26-02.39.55:751][  0]LogTemp: Display: Loaded TP MacClientTargetPlatform
[2019.01.26-02.39.55:765][  0]LogTemp: Display: Loaded TP MacNoEditorTargetPlatform
[2019.01.26-02.39.55:783][  0]LogTemp: Display: Loaded TP MacServerTargetPlatform
[2019.01.26-02.39.55:797][  0]LogTemp: Display: Loaded TP MacTargetPlatform
[2019.01.26-02.39.55:810][  0]LogTemp: Display: Loaded TP WindowsClientTargetPlatform
[2019.01.26-02.39.55:823][  0]LogTemp: Display: Loaded TP WindowsNoEditorTargetPlatform
[2019.01.26-02.39.55:838][  0]LogTemp: Display: Loaded TP WindowsServerTargetPlatform
[2019.01.26-02.39.55:847][  0]LogTemp: Display: Loaded TP WindowsTargetPlatform
[2019.01.26-02.39.55:859][  0]LogTemp: Display: Loaded TP Android_ASTCTargetPlatform
[2019.01.26-02.39.55:870][  0]LogTemp: Display: Loaded TP Android_ATCTargetPlatform
[2019.01.26-02.39.55:881][  0]LogTemp: Display: Loaded TP Android_DXTTargetPlatform
[2019.01.26-02.39.55:894][  0]LogTemp: Display: Loaded TP Android_ETC1aTargetPlatform
[2019.01.26-02.39.55:907][  0]LogTemp: Display: Loaded TP Android_ETC1TargetPlatform
[2019.01.26-02.39.55:917][  0]LogTemp: Display: Loaded TP Android_ETC2TargetPlatform
[2019.01.26-02.39.55:938][  0]LogTemp: Display: Loaded TP Android_MultiTargetPlatform
[2019.01.26-02.39.55:938][  0]LogTemp: Display: Loaded TP Android_PVRTCTargetPlatform
[2019.01.26-02.39.55:949][  0]LogTemp: Display: Loaded TP AndroidTargetPlatform
[2019.01.26-02.39.55:950][  0]LogTemp: Display: Loaded TP HTML5TargetPlatform
[2019.01.26-02.39.55:986][  0]LogTemp: Display: Loaded TP IOSTargetPlatform
[2019.01.26-02.39.56:001][  0]LogTemp: Display: Loaded TP TVOSTargetPlatform
[2019.01.26-02.39.56:024][  0]LogTemp: Display: Loaded TP LinuxClientTargetPlatform
[2019.01.26-02.39.56:035][  0]LogTemp: Display: Loaded TP LinuxNoEditorTargetPlatform
[2019.01.26-02.39.56:046][  0]LogTemp: Display: Loaded TP LinuxServerTargetPlatform
[2019.01.26-02.39.56:058][  0]LogTemp: Display: Loaded TP LinuxTargetPlatform
[2019.01.26-02.39.56:058][  0]LogTargetPlatformManager: Display: Building Assets For Windows
[2019.01.26-02.39.56:191][  0]LogXGEController: Cannot use XGE Controller as Incredibuild is not installed on this machine.
[2019.01.26-02.39.56:191][  0]LogShaderCompilers: Cannot use XGE Shader Compiler as Incredibuild is not installed on this machine.
[2019.01.26-02.39.56:191][  0]LogShaderCompilers: Display: Using Local Shader Compiler.
[2019.01.26-02.39.56:944][  0]LogDerivedDataCache: Display: Max Cache Size: 512 MB
[2019.01.26-02.39.57:023][  0]LogDerivedDataCache: Loaded boot cache 0.08s 74MB C:/Users/bc18aav/AppData/Local/UnrealEngine/4.19/DerivedDataCache/Boot.ddc.
[2019.01.26-02.39.57:023][  0]LogDerivedDataCache: Display: Loaded Boot cache: C:/Users/bc18aav/AppData/Local/UnrealEngine/4.19/DerivedDataCache/Boot.ddc
[2019.01.26-02.39.57:023][  0]LogDerivedDataCache: FDerivedDataBackendGraph:  Pak pak cache file ../../../../../../Users/bc18aav/Desktop/GGJ/BirdsOfAFeather/DerivedDataCache/DDC.ddp not found, will not use a pak cache.
[2019.01.26-02.39.57:023][  0]LogDerivedDataCache: Unable to find inner node Pak for hierarchical cache Hierarchy.
[2019.01.26-02.39.57:023][  0]LogDerivedDataCache: FDerivedDataBackendGraph:  CompressedPak pak cache file ../../../../../../Users/bc18aav/Desktop/GGJ/BirdsOfAFeather/DerivedDataCache/Compressed.ddp not found, will not use a pak cache.
[2019.01.26-02.39.57:023][  0]LogDerivedDataCache: Unable to find inner node CompressedPak for hierarchical cache Hierarchy.
[2019.01.26-02.39.57:036][  0]LogDerivedDataCache: Display: Pak cache opened for reading ../../../Engine/DerivedDataCache/Compressed.ddp.
[2019.01.26-02.39.57:049][  0]LogDerivedDataCache: Using Local data cache path C:/Users/bc18aav/AppData/Local/UnrealEngine/Common/DerivedDataCache: Writable
[2019.01.26-02.39.57:049][  0]LogDerivedDataCache: Shared data cache path not found in *engine.ini, will not use an Shared cache.
[2019.01.26-02.39.57:049][  0]LogDerivedDataCache: Unable to find inner node Shared for hierarchical cache Hierarchy.
[2019.01.26-02.39.57:058][  0]LogMaterial: Verifying Global Shaders for PCD3D_SM5
[2019.01.26-02.39.57:058][  0]LogSlate: Using Freetype 2.6.0
[2019.01.26-02.39.57:059][  0]LogSlate: SlateFontCache - WITH_FREETYPE: 1, WITH_HARFBUZZ: 1
[2019.01.26-02.39.57:059][  0]LogSlate: SlateFontCache - WITH_FREETYPE: 1, WITH_HARFBUZZ: 1
[2019.01.26-02.39.57:217][  0]LogAssetRegistry: FAssetRegistry took 0.0254 seconds to start up
[2019.01.26-02.39.57:496][  0]LogInit: Selected Device Profile: [Windows]
[2019.01.26-02.39.57:571][  0]LogSimplygon: Simplygon DLL not present - disabling.
[2019.01.26-02.39.57:575][  0]LogMeshReduction: Using SimplygonSwarm for distributed automatic mesh merging
[2019.01.26-02.39.57:575][  0]LogMeshReduction: Using QuadricMeshReduction for automatic static mesh reduction
[2019.01.26-02.39.57:575][  0]LogMeshReduction: No automatic skeletal mesh reduction module available
[2019.01.26-02.39.57:575][  0]LogMeshReduction: No automatic mesh merging module available
[2019.01.26-02.39.57:575][  0]LogMeshMerging: No automatic mesh merging module available
[2019.01.26-02.39.57:677][  0]LogNetVersion: BirdsOfAFeather , NetCL: 3944462, EngineNetVer: 2, GameNetVer: 0 (Checksum: 2130924952)
[2019.01.26-02.39.58:174][  0]LogPackageLocalizationCache: Processed 10 localized package path(s) for 2 prioritized culture(s) in 0.134553 seconds
[2019.01.26-02.39.58:179][  0]LogUObjectArray: 36728 objects as part of root set at end of initial load.
[2019.01.26-02.39.58:179][  0]LogUObjectAllocator: 7314312 out of 0 bytes used by permanent object pool.
[2019.01.26-02.39.58:179][  0]LogUObjectArray: CloseDisregardForGC: 0/0 objects in disregard for GC pool
[2019.01.26-02.39.59:973][  0]LogTcpMessaging: Initializing TcpMessaging bridge
[2019.01.26-02.40.00:009][  0]LogUdpMessaging: Initializing bridge on interface 0.0.0.0:0 to multicast group 230.0.0.1:6666.
[2019.01.26-02.40.00:461][  0]SourceControl: Source control is disabled
[2019.01.26-02.40.00:461][  0]SourceControl: Source control is disabled
[2019.01.26-02.40.00:483][  0]SourceControl: Source control is disabled
[2019.01.26-02.40.00:506][  0]SourceControl: Source control is disabled
[2019.01.26-02.40.01:110][  0]LogAndroidPermission: UAndroidPermissionCallbackProxy::GetInstance
[2019.01.26-02.40.01:292][  0]LogHoudiniEngine: Starting the Houdini Engine module.
[2019.01.26-02.40.01:293][  0]LogHoudiniEngine: Loaded libHAPIL.dll from HFS environment path C:/PROGRA~1/SIDEEF~1/HOUDIN~1.439/bin
[2019.01.26-02.40.01:293][  0]LogLinker: Warning: Asset '../../Plugins/Runtime/HoudiniEngine/Content/houdini_logo.uasset' has been saved with empty engine version. The asset will be loaded but may be incompatible.
[2019.01.26-02.40.01:295][  0]LogLinker: Warning: Asset '../../Plugins/Runtime/HoudiniEngine/Content/houdini_default_material.uasset' has been saved with empty engine version. The asset will be loaded but may be incompatible.
[2019.01.26-02.40.01:300][  0]LogLinker: Warning: Asset '../../Plugins/Runtime/HoudiniEngine/Content/houdini_bgeo_import.uasset' has been saved with empty engine version. The asset will be loaded but may be incompatible.
[2019.01.26-02.40.02:650][  0]LogHoudiniEngine: Successfully intialized the Houdini Engine API module.
[2019.01.26-02.40.02:716][  0]LogOcInput: OculusInput pre-init called
[2019.01.26-02.40.02:842][  0]LogEngine: Initializing Engine...
[2019.01.26-02.40.02:845][  0]LogHMD: Failed to initialize OpenVR with code 110
[2019.01.26-02.40.02:846][  0]LogStats: UGameplayTagsManager::ConstructGameplayTagTree: Construct from data asset -  0.000 s
[2019.01.26-02.40.02:846][  0]LogStats: UGameplayTagsManager::ConstructGameplayTagTree: GameplayTagTreeChangedEvent.Broadcast -  0.000 s
[2019.01.26-02.40.03:081][  0]LogAIModule: Creating AISystem for world Untitled
[2019.01.26-02.40.03:162][  0]LogInit: XAudio2 using 'Speakers (Realtek High Definition Audio)' : 2 channels at 48 kHz using 32 bits per sample (channel mask 0x3)
[2019.01.26-02.40.03:184][  0]LogInit: FAudioDevice initialized.
[2019.01.26-02.40.03:267][  0]LogDerivedDataCache: Saved boot cache 0.08s 74MB C:/Users/bc18aav/AppData/Local/UnrealEngine/4.19/DerivedDataCache/Boot.ddc.
[2019.01.26-02.40.03:286][  0]LogInit: Texture streaming: Enabled
[2019.01.26-02.40.03:309][  0]LogEngineSessionManager: EngineSessionManager initialized
[2019.01.26-02.40.03:336][  0]LogInit: Transaction tracking system initialized
[2019.01.26-02.40.03:368][  0]BlueprintLog: New page: Editor Load
[2019.01.26-02.40.03:466][  0]LocalizationService: Localization service is disabled
[2019.01.26-02.40.03:579][  0]LogConsoleResponse: Display: 
[2019.01.26-02.40.03:719][  0]LogCook: Display: Max memory allowance for cook 16384mb min free memory 0mb
[2019.01.26-02.40.03:719][  0]LogCook: Display: Mobile HDR setting 1
[2019.01.26-02.40.03:719][  0]LogGameplayTags: Display: UGameplayTagsManager::DoneAddingNativeTags. DelegateIsBound: 0
[2019.01.26-02.40.03:719][  0]LogStats: UGameplayTagsManager::ConstructGameplayTagTree: Construct from data asset -  0.000 s
[2019.01.26-02.40.03:719][  0]LogStats: UGameplayTagsManager::ConstructGameplayTagTree: GameplayTagTreeChangedEvent.Broadcast -  0.000 s
[2019.01.26-02.40.03:758][  0]LogFileCache: Scanning file cache for directory 'C:/Users/bc18aav/Desktop/GGJ/BirdsOfAFeather/Content/' took 0.02s
[2019.01.26-02.40.04:160][  0]LogHoudiniEngineEditor: Starting the Houdini Engine Editor module.
[2019.01.26-02.40.04:224][  0]SourceControl: Source control is disabled
[2019.01.26-02.40.04:338][  0]LogWindowsTextInputMethodSystem: Display: IME system now deactivated.
[2019.01.26-02.40.04:339][  0]LogSlate: Took 0.000225 seconds to synchronously load lazily loaded font '../../../Engine/Content/Slate/Fonts/Roboto-Regular.ttf' (155K)
[2019.01.26-02.40.24:453][  0]LogSlate: Window 'Restore Packages' being destroyed
[2019.01.26-02.40.24:454][  0]LogWindowsTextInputMethodSystem: Display: IME system now deactivated.
[2019.01.26-02.40.24:460][  0]LogWindowsTextInputMethodSystem: Display: IME system now deactivated.
[2019.01.26-02.40.24:470][  0]Cmd: MAP LOAD FILE="../../../Engine/Content/Maps/Templates/Template_Default.umap" TEMPLATE=1 SHOWPROGRESS=1 FEATURELEVEL=3
[2019.01.26-02.40.24:471][  0]LightingResults: New page: Lighting Build
[2019.01.26-02.40.24:476][  0]MapCheck: New page: Map Check
[2019.01.26-02.40.24:476][  0]LightingResults: New page: Lighting Build
[2019.01.26-02.40.24:806][  0]LogAIModule: Creating AISystem for world Untitled_1
[2019.01.26-02.40.24:818][  0]LogEditorServer: Finished looking for orphan Actors (0.000 secs)
[2019.01.26-02.40.24:841][  0]Cmd: MAP CHECKDEP NOCLEARLOG
[2019.01.26-02.40.24:994][  0]MapCheck: Map check complete: 0 Error(s), 0 Warning(s), took 152.627ms to complete.
[2019.01.26-02.40.24:994][  0]LogFileHelpers: Loading map 'Template_Default' took 0.524
[2019.01.26-02.40.25:132][  0]LogStats: Warning: MetaData mismatch. Did you assign a stat to two groups? New //STATGROUP_Threads//SplashScreenThread///Thread_5304_0///####STATCAT_Advanced#### old //STATGROUP_Threads//SplashScreenThread///Thread_1c2c_0///####STATCAT_Advanced####
[2019.01.26-02.40.25:132][  0]LogCollectionManager: Loaded 0 collections in 0.002796 seconds
[2019.01.26-02.40.25:179][  0]LogFileCache: Scanning file cache for directory 'C:/Users/bc18aav/Desktop/GGJ/BirdsOfAFeather/Saved/Collections/' took 0.01s
[2019.01.26-02.40.25:179][  0]LogFileCache: Scanning file cache for directory 'C:/Users/bc18aav/Desktop/GGJ/BirdsOfAFeather/Content/Developers/bc18aav/Collections/' took 0.01s
[2019.01.26-02.40.25:179][  0]LogFileCache: Scanning file cache for directory 'C:/Users/bc18aav/Desktop/GGJ/BirdsOfAFeather/Content/Collections/' took 0.01s
[2019.01.26-02.40.25:179][  0]LogCollectionManager: Rebuilt the GUID cache for 0 collections in 0.000001 seconds
[2019.01.26-02.40.25:187][  0]LogContentBrowser: Native class hierarchy populated in 0.0075 seconds. Added 2486 classes and 565 folders.
[2019.01.26-02.40.25:199][  0]LogContentBrowser: Native class hierarchy updated for 'WidgetCarousel' in 0.0002 seconds. Added 0 classes and 0 folders.
[2019.01.26-02.40.25:322][  0]LogContentBrowser: Native class hierarchy updated for 'AddContentDialog' in 0.0002 seconds. Added 0 classes and 0 folders.
[2019.01.26-02.40.25:328][  0]LogContentBrowser: Native class hierarchy updated for 'SceneOutliner' in 0.0002 seconds. Added 1 classes and 2 folders.
[2019.01.26-02.40.25:348][  0]LogSlate: Took 0.000200 seconds to synchronously load lazily loaded font '../../../Engine/Content/Slate/Fonts/Roboto-Bold.ttf' (160K)
[2019.01.26-02.40.25:355][  0]LogSlate: Took 0.001360 seconds to synchronously load lazily loaded font '../../../Engine/Content/Editor/Slate/Fonts/FontAwesome.ttf' (139K)
[2019.01.26-02.40.25:466][  0]LogRenderer: Reallocating scene render targets to support 1208x576 Format 10 NumSamples 1 (Frame:1).
[2019.01.26-02.40.25:628][  0]LogContentBrowser: Native class hierarchy updated for 'HierarchicalLODOutliner' in 0.0004 seconds. Added 0 classes and 0 folders.
[2019.01.26-02.40.25:628][  0]LogLoad: (Engine Initialization) Total time: 34.19 seconds
[2019.01.26-02.40.25:628][  0]LogLoad: (Engine Initialization) Total Blueprint compile time: 0.00 seconds
[2019.01.26-02.40.25:655][  0]LogContentStreaming: Texture pool size now 1000 MB
[2019.01.26-02.40.25:701][  1]LogAssetRegistry: Asset discovery search completed in 28.5059 seconds
[2019.01.26-02.40.25:705][  1]LogCollectionManager: Rebuilt the object cache for 0 collections in 0.000001 seconds (found 0 objects)
[2019.01.26-02.40.25:705][  1]LogCollectionManager: Fixed up redirectors for 0 collections in 0.000103 seconds (updated 0 objects)
[2019.01.26-02.40.26:662][104]LogSlate: Took 0.003515 seconds to synchronously load lazily loaded font '../../../Engine/Content/Slate/Fonts/Roboto-Light.ttf' (167K)
[2019.01.26-02.40.28:738][337]LogSlate: FSceneViewport::OnFocusLost() reason 0
[2019.01.26-02.40.28:863][351]LogSlate: Took 0.000166 seconds to synchronously load lazily loaded font '../../../Engine/Content/Slate/Fonts/Roboto-Light.ttf' (167K)
[2019.01.26-02.40.30:786][472]LogAIModule: Creating AISystem for world Level1
[2019.01.26-02.40.30:824][472]Cmd: MAP LOAD FILE="../../../../../../Users/bc18aav/Desktop/GGJ/BirdsOfAFeather/Content/Maps/Level1.umap" TEMPLATE=0 SHOWPROGRESS=1 FEATURELEVEL=3
[2019.01.26-02.40.30:824][472]LightingResults: New page: Lighting Build
[2019.01.26-02.40.30:824][472]LoadErrors: New page: Loading map: Level1.umap
[2019.01.26-02.40.30:825][472]MapCheck: New page: Map Check
[2019.01.26-02.40.30:825][472]LightingResults: New page: Lighting Build
[2019.01.26-02.40.30:857][472]LogEditorServer: Finished looking for orphan Actors (0.000 secs)
[2019.01.26-02.40.30:889][472]Cmd: MAP CHECKDEP NOCLEARLOG
[2019.01.26-02.40.30:964][472]MapCheck: Map check complete: 0 Error(s), 0 Warning(s), took 74.457ms to complete.
[2019.01.26-02.40.30:964][472]LogFileHelpers: Loading map 'Level1' took 0.141
[2019.01.26-02.40.35:765][600]LogSlate: FSceneViewport::OnFocusLost() reason 0
[2019.01.26-02.40.45:209][414]LogAIModule: Creating AISystem for world Level1_2
[2019.01.26-02.40.59:496][479]LogAIModule: Creating AISystem for world Level1_V2
[2019.01.26-02.41.09:214][702]Cmd: OBJ SAVEPACKAGE PACKAGE="/Game/Maps/Level1_V2" FILE="../../../../../../Users/bc18aav/Desktop/GGJ/BirdsOfAFeather/Content/Maps/Level1_V2.umap" SILENT=true AUTOSAVING=false KEEPDIRTY=false
[2019.01.26-02.41.09:455][702]LogSavePackage: Save=202.77ms
[2019.01.26-02.41.09:455][702]LogSavePackage: Moving '../../../../../../Users/bc18aav/Desktop/GGJ/BirdsOfAFeather/Saved/Level1_V25B30AFCE425A6CFC150CE58737BB65E6.tmp' to '../../../../../../Users/bc18aav/Desktop/GGJ/BirdsOfAFeather/Content/Maps/Level1_V2.umap'
[2019.01.26-02.41.09:457][702]LogSavePackage: Display: Finished SavePackage ../../../../../../Users/bc18aav/Desktop/GGJ/BirdsOfAFeather/Content/Maps/Level1_V2.umap
[2019.01.26-02.41.09:467][702]LogFileHelpers: Saving map 'Level1_V2' took 0.337
[2019.01.26-02.41.12:643][747]LogSlate: Window 'Save Content' being destroyed
[2019.01.26-02.41.12:753][747]Cmd: OBJ SAVEPACKAGE PACKAGE="/Game/Maps/Level1_2" FILE="../../../../../../Users/bc18aav/Desktop/GGJ/BirdsOfAFeather/Content/Maps/Level1_2.umap" SILENT=true AUTOSAVING=false KEEPDIRTY=false
[2019.01.26-02.41.12:980][747]LogSavePackage: Save=190.98ms
[2019.01.26-02.41.12:980][747]LogSavePackage: Moving '../../../../../../Users/bc18aav/Desktop/GGJ/BirdsOfAFeather/Saved/Level1_24D2D943F4A4F05DBB7ED9885A48C169C.tmp' to '../../../../../../Users/bc18aav/Desktop/GGJ/BirdsOfAFeather/Content/Maps/Level1_2.umap'
[2019.01.26-02.41.12:983][747]LogSavePackage: Display: Finished SavePackage ../../../../../../Users/bc18aav/Desktop/GGJ/BirdsOfAFeather/Content/Maps/Level1_2.umap
[2019.01.26-02.41.12:994][747]LogFileHelpers: Saving map 'Level1_2' took 0.327
[2019.01.26-02.41.13:060][747]LogSlate: Window 'BirdsOfAFeather - Unreal Editor' being destroyed
[2019.01.26-02.41.13:061][747]LogWindowsTextInputMethodSystem: Display: IME system now deactivated.
[2019.01.26-02.41.13:266][748]Cmd: QUIT_EDITOR
[2019.01.26-02.41.13:393][748]LogSlate: Slate User Destroyed.  User Index 0, Is Virtual User: 0
[2019.01.26-02.41.13:394][748]LogExit: Preparing to exit.
[2019.01.26-02.41.14:135][748]LogDirectoryWatcher: A directory notification for 'C:/Users/bc18aav/Desktop/GGJ/BirdsOfAFeather/Content/' was aborted.
[2019.01.26-02.41.14:167][748]LogExit: Editor shut down
[2019.01.26-02.41.14:170][748]LogExit: Transaction tracking system shut down
[2019.01.26-02.41.14:383][748]LogDirectoryWatcher: A directory notification for '../../../Engine/Content/' was aborted.
[2019.01.26-02.41.14:384][748]LogDirectoryWatcher: A directory notification for '../../../../../../Users/bc18aav/Desktop/GGJ/BirdsOfAFeather/Content/' was aborted.
[2019.01.26-02.41.14:384][748]LogDirectoryWatcher: A directory notification for '../../Plugins/2D/Paper2D/Content/' was aborted.
[2019.01.26-02.41.14:384][748]LogDirectoryWatcher: A directory notification for '../../Plugins/Enterprise/DatasmithContent/Content/' was aborted.
[2019.01.26-02.41.14:384][748]LogDirectoryWatcher: A directory notification for '../../Plugins/Media/MediaCompositing/Content/' was aborted.
[2019.01.26-02.41.14:384][748]LogDirectoryWatcher: A directory notification for '../../Plugins/Runtime/AppleARKit/Content/' was aborted.
[2019.01.26-02.41.14:384][748]LogDirectoryWatcher: A directory notification for '../../Plugins/Runtime/HoudiniEngine/Content/' was aborted.
[2019.01.26-02.41.14:384][748]LogDirectoryWatcher: A directory notification for '../../Plugins/Runtime/Oculus/OculusVR/Content/' was aborted.
[2019.01.26-02.41.14:384][748]LogDirectoryWatcher: A directory notification for '../../Plugins/Runtime/Steam/SteamVR/Content/' was aborted.
[2019.01.26-02.41.14:537][748]LogExit: Object subsystem successfully closed.
[2019.01.26-02.41.14:570][748]LogShaderCompilers: Display: Shaders left to compile 0
[2019.01.26-02.41.14:574][748]LogD3D11RHI: Shutdown
[2019.01.26-02.41.14:574][748]LogD3D11RHI: CleanupD3DDevice
[2019.01.26-02.41.14:577][748]LogD3D11RHI: ~FD3D11DynamicRHI
[2019.01.26-02.41.14:612][748]LogModuleManager: Shutting down and abandoning module HierarchicalLODOutliner (580)
[2019.01.26-02.41.14:612][748]LogModuleManager: Shutting down and abandoning module SceneOutliner (578)
[2019.01.26-02.41.14:612][748]LogModuleManager: Shutting down and abandoning module AddContentDialog (576)
[2019.01.26-02.41.14:612][748]LogDirectoryWatcher: A directory notification for 'C:/Program Files/Epic Games/UE_4.19/FeaturePacks/' was aborted.
[2019.01.26-02.41.14:630][748]LogModuleManager: Shutting down and abandoning module WidgetCarousel (575)
[2019.01.26-02.41.14:630][748]LogModuleManager: Shutting down and abandoning module EditorWidgets (572)
[2019.01.26-02.41.14:630][748]LogModuleManager: Shutting down and abandoning module CollectionManager (570)
[2019.01.26-02.41.14:630][748]LogDirectoryWatcher: A directory notification for 'C:/Users/bc18aav/Desktop/GGJ/BirdsOfAFeather/Content/Collections/' was aborted.
[2019.01.26-02.41.14:630][748]LogDirectoryWatcher: A directory notification for 'C:/Users/bc18aav/Desktop/GGJ/BirdsOfAFeather/Content/Developers/bc18aav/Collections/' was aborted.
[2019.01.26-02.41.14:630][748]LogDirectoryWatcher: A directory notification for 'C:/Users/bc18aav/Desktop/GGJ/BirdsOfAFeather/Saved/Collections/' was aborted.
[2019.01.26-02.41.14:630][748]LogModuleManager: Shutting down and abandoning module HierarchicalLODUtilities (568)
[2019.01.26-02.41.14:630][748]LogModuleManager: Shutting down and abandoning module StatsViewer (566)
[2019.01.26-02.41.14:630][748]LogModuleManager: Shutting down and abandoning module FoliageEdit (564)
[2019.01.26-02.41.14:630][748]LogModuleManager: Shutting down and abandoning module LandscapeEditor (562)
[2019.01.26-02.41.14:630][748]LogModuleManager: Shutting down and abandoning module MeshPaintMode (560)
[2019.01.26-02.41.14:630][748]LogModuleManager: Shutting down and abandoning module SceneDepthPickerMode (558)
[2019.01.26-02.41.14:631][748]LogModuleManager: Shutting down and abandoning module ActorPickerMode (556)
[2019.01.26-02.41.14:631][748]LogModuleManager: Shutting down and abandoning module GeometryMode (554)
[2019.01.26-02.41.14:631][748]LogModuleManager: Shutting down and abandoning module TextureAlignMode (552)
[2019.01.26-02.41.14:631][748]LogModuleManager: Shutting down and abandoning module BspMode (550)
[2019.01.26-02.41.14:631][748]LogModuleManager: Shutting down and abandoning module PIEPreviewDeviceProfileSelector (548)
[2019.01.26-02.41.14:631][748]LogModuleManager: Shutting down and abandoning module HardwareSurvey (546)
[2019.01.26-02.41.14:631][748]LogModuleManager: Shutting down and abandoning module SequenceRecorderSections (544)
[2019.01.26-02.41.14:631][748]LogModuleManager: Shutting down and abandoning module AutomationWorker (542)
[2019.01.26-02.41.14:631][748]LogModuleManager: Shutting down and abandoning module HoudiniEngineEditor (540)
[2019.01.26-02.41.14:631][748]LogHoudiniEngineEditor: Shutting down the Houdini Engine Editor module.
[2019.01.26-02.41.14:631][748]LogModuleManager: Shutting down and abandoning module AudioCaptureEditor (538)
[2019.01.26-02.41.14:631][748]LogModuleManager: Shutting down and abandoning module SequenceRecorder (537)
[2019.01.26-02.41.14:631][748]LogModuleManager: Shutting down and abandoning module MatineeToLevelSequence (534)
[2019.01.26-02.41.14:631][748]LogModuleManager: Shutting down and abandoning module LevelSequenceEditor (532)
[2019.01.26-02.41.14:631][748]LogModuleManager: Shutting down and abandoning module PlacementMode (531)
[2019.01.26-02.41.14:631][748]LogModuleManager: Shutting down and abandoning module MaterialEditor (530)
[2019.01.26-02.41.14:632][748]LogModuleManager: Shutting down and abandoning module WmfMediaFactory (526)
[2019.01.26-02.41.14:632][748]LogModuleManager: Shutting down and abandoning module WmfMediaEditor (524)
[2019.01.26-02.41.14:632][748]LogModuleManager: Shutting down and abandoning module MediaPlayerEditor (522)
[2019.01.26-02.41.14:632][748]LogModuleManager: Shutting down and abandoning module OpenExrWrapper (520)
[2019.01.26-02.41.14:632][748]LogModuleManager: Shutting down and abandoning module ImgMediaFactory (518)
[2019.01.26-02.41.14:632][748]LogModuleManager: Shutting down and abandoning module ImgMediaEditor (516)
[2019.01.26-02.41.14:632][748]LogModuleManager: Shutting down and abandoning module AvfMediaFactory (514)
[2019.01.26-02.41.14:632][748]LogModuleManager: Shutting down and abandoning module AvfMediaEditor (512)
[2019.01.26-02.41.14:632][748]LogModuleManager: Shutting down and abandoning module AndroidMediaFactory (510)
[2019.01.26-02.41.14:632][748]LogModuleManager: Shutting down and abandoning module AndroidMediaEditor (508)
[2019.01.26-02.41.14:632][748]LogModuleManager: Shutting down and abandoning module CharacterAI (506)
[2019.01.26-02.41.14:632][748]LogModuleManager: Shutting down and abandoning module SmartSnapping (504)
[2019.01.26-02.41.14:632][748]LogModuleManager: Shutting down and abandoning module SessionServices (502)
[2019.01.26-02.41.14:632][748]LogModuleManager: Shutting down and abandoning module ViewportSnapping (500)
[2019.01.26-02.41.14:632][748]LogModuleManager: Shutting down and abandoning module ViewportInteraction (498)
[2019.01.26-02.41.14:632][748]LogModuleManager: Shutting down and abandoning module ClothPainter (496)
[2019.01.26-02.41.14:632][748]LogModuleManager: Shutting down and abandoning module SkeletalMeshEditor (495)
[2019.01.26-02.41.14:632][748]LogModuleManager: Shutting down and abandoning module LogVisualizer (492)
[2019.01.26-02.41.14:632][748]LogModuleManager: Shutting down and abandoning module IntroTutorials (490)
[2019.01.26-02.41.14:633][748]LogModuleManager: Shutting down and abandoning module GameProjectGeneration (489)
[2019.01.26-02.41.14:633][748]LogModuleManager: Shutting down and abandoning module IOSPlatformEditor (486)
[2019.01.26-02.41.14:633][748]LogModuleManager: Shutting down and abandoning module HTML5PlatformEditor (484)
[2019.01.26-02.41.14:633][748]LogModuleManager: Shutting down and abandoning module AndroidPlatformEditor (482)
[2019.01.26-02.41.14:633][748]LogModuleManager: Shutting down and abandoning module AndroidDeviceDetection (481)
[2019.01.26-02.41.15:572][748]LogModuleManager: Shutting down and abandoning module WindowsPlatformEditor (478)
[2019.01.26-02.41.15:572][748]LogModuleManager: Shutting down and abandoning module IOSRuntimeSettings (476)
[2019.01.26-02.41.15:572][748]LogModuleManager: Shutting down and abandoning module AndroidRuntimeSettings (474)
[2019.01.26-02.41.15:572][748]LogModuleManager: Shutting down and abandoning module InputBindingEditor (472)
[2019.01.26-02.41.15:572][748]LogModuleManager: Shutting down and abandoning module MergeActors (470)
[2019.01.26-02.41.15:573][748]LogModuleManager: Shutting down and abandoning module LocalizationDashboard (468)
[2019.01.26-02.41.15:573][748]LogModuleManager: Shutting down and abandoning module LocalizationService (467)
[2019.01.26-02.41.15:573][748]LogModuleManager: Shutting down and abandoning module HardwareTargeting (464)
[2019.01.26-02.41.15:573][748]LogModuleManager: Shutting down and abandoning module DeviceProfileEditor (462)
[2019.01.26-02.41.15:573][748]LogModuleManager: Shutting down and abandoning module UndoHistory (460)
[2019.01.26-02.41.15:573][748]LogModuleManager: Shutting down and abandoning module XmlParser (458)
[2019.01.26-02.41.15:573][748]LogModuleManager: Shutting down and abandoning module Blutility (456)
[2019.01.26-02.41.15:573][748]LogModuleManager: Shutting down and abandoning module ProjectSettingsViewer (454)
[2019.01.26-02.41.15:573][748]LogModuleManager: Shutting down and abandoning module ProjectTargetPlatformEditor (453)
[2019.01.26-02.41.15:573][748]LogModuleManager: Shutting down and abandoning module EditorSettingsViewer (450)
[2019.01.26-02.41.15:573][748]LogModuleManager: Shutting down and abandoning module SettingsEditor (448)
[2019.01.26-02.41.15:573][748]LogModuleManager: Shutting down and abandoning module ProjectLauncher (446)
[2019.01.26-02.41.15:573][748]LogModuleManager: Shutting down and abandoning module SessionFrontend (444)
[2019.01.26-02.41.15:573][748]LogModuleManager: Shutting down and abandoning module ProfilerClient (442)
[2019.01.26-02.41.15:573][748]LogModuleManager: Shutting down and abandoning module DeviceManager (440)
[2019.01.26-02.41.15:573][748]LogModuleManager: Shutting down and abandoning module TargetDeviceServices (439)
[2019.01.26-02.41.15:639][748]LogModuleManager: Shutting down and abandoning module AutomationController (436)
[2019.01.26-02.41.15:639][748]LogModuleManager: Shutting down and abandoning module AutomationWindow (434)
[2019.01.26-02.41.15:639][748]LogModuleManager: Shutting down and abandoning module Layers (432)
[2019.01.26-02.41.15:639][748]LogModuleManager: Shutting down and abandoning module ComponentVisualizers (430)
[2019.01.26-02.41.15:639][748]LogModuleManager: Shutting down and abandoning module DetailCustomizations (428)
[2019.01.26-02.41.15:639][748]LogModuleManager: Shutting down and abandoning module PackagesDialog (426)
[2019.01.26-02.41.15:639][748]LogModuleManager: Shutting down and abandoning module Persona (424)
[2019.01.26-02.41.15:639][748]LogModuleManager: Shutting down and abandoning module AdvancedPreviewScene (423)
[2019.01.26-02.41.15:639][748]LogModuleManager: Shutting down and abandoning module AnimGraph (421)
[2019.01.26-02.41.15:639][748]LogModuleManager: Shutting down and abandoning module Kismet (418)
[2019.01.26-02.41.15:640][748]LogModuleManager: Shutting down and abandoning module GraphEditor (416)
[2019.01.26-02.41.15:640][748]LogModuleManager: Shutting down and abandoning module ClassViewer (414)
[2019.01.26-02.41.15:640][748]LogModuleManager: Shutting down and abandoning module Toolbox (412)
[2019.01.26-02.41.15:640][748]LogModuleManager: Shutting down and abandoning module ModuleUI (410)
[2019.01.26-02.41.15:640][748]LogModuleManager: Shutting down and abandoning module MovieSceneTools (408)
[2019.01.26-02.41.15:640][748]LogModuleManager: Shutting down and abandoning module OutputLog (406)
[2019.01.26-02.41.15:640][748]LogModuleManager: Shutting down and abandoning module GammaUI (404)
[2019.01.26-02.41.15:640][748]LogModuleManager: Shutting down and abandoning module Documentation (402)
[2019.01.26-02.41.15:641][748]LogModuleManager: Shutting down and abandoning module MovieSceneTracks (400)
[2019.01.26-02.41.15:641][748]LogModuleManager: Shutting down and abandoning module MovieScene (398)
[2019.01.26-02.41.15:641][748]LogModuleManager: Shutting down and abandoning module StreamingPauseRendering (396)
[2019.01.26-02.41.15:641][748]LogModuleManager: Shutting down and abandoning module LauncherPlatform (394)
[2019.01.26-02.41.15:641][748]LogModuleManager: Shutting down and abandoning module AnalyticsET (392)
[2019.01.26-02.41.15:641][748]LogModuleManager: Shutting down and abandoning module PortalServices (390)
[2019.01.26-02.41.15:641][748]LogModuleManager: Shutting down and abandoning module PortalRpc (388)
[2019.01.26-02.41.15:641][748]LogModuleManager: Shutting down and abandoning module MessagingRpc (386)
[2019.01.26-02.41.15:641][748]LogModuleManager: Shutting down and abandoning module AIModule (384)
[2019.01.26-02.41.15:641][748]LogModuleManager: Shutting down and abandoning module GameplayDebugger (383)
[2019.01.26-02.41.15:641][748]LogModuleManager: Shutting down and abandoning module AITestSuite (381)
[2019.01.26-02.41.15:641][748]LogModuleManager: Shutting down and abandoning module DesktopPlatform (378)
[2019.01.26-02.41.15:641][748]LogModuleManager: Shutting down and abandoning module ProfilerService (376)
[2019.01.26-02.41.15:683][748]LogModuleManager: Shutting down and abandoning module TaskGraph (374)
[2019.01.26-02.41.15:683][748]LogModuleManager: Shutting down and abandoning module SteamVRController (372)
[2019.01.26-02.41.15:683][748]LogModuleManager: Shutting down and abandoning module ProceduralMeshComponentEditor (370)
[2019.01.26-02.41.15:683][748]LogModuleManager: Shutting down and abandoning module ProceduralMeshComponent (368)
[2019.01.26-02.41.15:683][748]LogModuleManager: Shutting down and abandoning module OculusInput (366)
[2019.01.26-02.41.15:683][748]LogModuleManager: Shutting down and abandoning module MobilePatchingUtils (364)
[2019.01.26-02.41.15:683][748]LogModuleManager: Shutting down and abandoning module HoudiniEngineRuntime (362)
[2019.01.26-02.41.15:684][748]LogHoudiniEngine: Shutting down the Houdini Engine module.
[2019.01.26-02.41.15:686][748]LogModuleManager: Shutting down and abandoning module CustomMeshComponent (360)
[2019.01.26-02.41.15:686][748]LogModuleManager: Shutting down and abandoning module CableComponent (358)
[2019.01.26-02.41.15:686][748]LogModuleManager: Shutting down and abandoning module AudioCapture (356)
[2019.01.26-02.41.15:686][748]LogModuleManager: Shutting down and abandoning module ArchVisCharacter (354)
[2019.01.26-02.41.15:686][748]LogModuleManager: Shutting down and abandoning module AndroidPermission (352)
[2019.01.26-02.41.15:686][748]LogModuleManager: Shutting down and abandoning module NUTUnrealEngine4 (348)
[2019.01.26-02.41.15:686][748]LogModuleManager: Shutting down and abandoning module NetcodeUnitTest (346)
[2019.01.26-02.41.15:686][748]LogModuleManager: Shutting down and abandoning module MediaCompositingEditor (344)
[2019.01.26-02.41.15:686][748]LogModuleManager: Shutting down and abandoning module MediaCompositing (342)
[2019.01.26-02.41.15:686][748]LogModuleManager: Shutting down and abandoning module LinearTimecode (340)
[2019.01.26-02.41.15:686][748]LogModuleManager: Shutting down and abandoning module ImgMedia (338)
[2019.01.26-02.41.15:690][748]LogModuleManager: Shutting down and abandoning module HTML5Networking (336)
[2019.01.26-02.41.15:690][748]LogModuleManager: Shutting down and abandoning module AlembicImporter (334)
[2019.01.26-02.41.15:690][748]LogModuleManager: Shutting down and abandoning module AlembicLibrary (333)
[2019.01.26-02.41.15:690][748]LogModuleManager: Shutting down and abandoning module GeometryCache (332)
[2019.01.26-02.41.15:690][748]LogModuleManager: Shutting down and abandoning module GeometryCacheEd (331)
[2019.01.26-02.41.15:690][748]LogModuleManager: Shutting down and abandoning module DatasmithContent (326)
[2019.01.26-02.41.15:690][748]LogModuleManager: Shutting down and abandoning module SpeedTreeImporter (324)
[2019.01.26-02.41.15:690][748]LogModuleManager: Shutting down and abandoning module PluginBrowser (322)
[2019.01.26-02.41.15:690][748]LogModuleManager: Shutting down and abandoning module MobileLauncherProfileWizard (320)
[2019.01.26-02.41.15:690][748]LogModuleManager: Shutting down and abandoning module CryptoKeysOpenSSL (318)
[2019.01.26-02.41.15:690][748]LogModuleManager: Shutting down and abandoning module CryptoKeys (316)
[2019.01.26-02.41.15:690][748]LogModuleManager: Shutting down and abandoning module VisualStudioSourceCodeAccess (314)
[2019.01.26-02.41.15:690][748]LogModuleManager: Shutting down and abandoning module VisualStudioCodeSourceCodeAccess (312)
[2019.01.26-02.41.15:690][748]LogModuleManager: Shutting down and abandoning module UObjectPlugin (310)
[2019.01.26-02.41.15:690][748]LogModuleManager: Shutting down and abandoning module SubversionSourceControl (308)
[2019.01.26-02.41.15:690][748]LogModuleManager: Shutting down and abandoning module PerforceSourceControl (306)
[2019.01.26-02.41.15:690][748]LogModuleManager: Shutting down and abandoning module GitSourceControl (304)
[2019.01.26-02.41.15:690][748]LogModuleManager: Shutting down and abandoning module SourceControl (303)
[2019.01.26-02.41.15:690][748]LogModuleManager: Shutting down and abandoning module CLionSourceCodeAccess (300)
[2019.01.26-02.41.15:690][748]LogModuleManager: Shutting down and abandoning module LightPropagationVolumeEditor (298)
[2019.01.26-02.41.15:690][748]LogModuleManager: Shutting down and abandoning module PaperTiledImporter (296)
[2019.01.26-02.41.15:690][748]LogModuleManager: Shutting down and abandoning module PaperSpriteSheetImporter (294)
[2019.01.26-02.41.15:690][748]LogModuleManager: Shutting down and abandoning module Paper2DEditor (292)
[2019.01.26-02.41.15:690][748]LogModuleManager: Shutting down and abandoning module MeshPaint (291)
[2019.01.26-02.41.15:690][748]LogModuleManager: Shutting down and abandoning module RuntimePhysXCooking (288)
[2019.01.26-02.41.15:690][748]LogModuleManager: Shutting down and abandoning module PhysXVehiclesEditor (286)
[2019.01.26-02.41.15:690][748]LogModuleManager: Shutting down and abandoning module PhysXVehicles (284)
[2019.01.26-02.41.15:690][748]LogModuleManager: Shutting down and abandoning module OculusEditor (282)
[2019.01.26-02.41.15:690][748]LogModuleManager: Shutting down and abandoning module LocationServicesBPLibrary (280)
[2019.01.26-02.41.15:690][748]LogModuleManager: Shutting down and abandoning module ImmediatePhysicsEditor (278)
[2019.01.26-02.41.15:690][748]LogModuleManager: Shutting down and abandoning module ImmediatePhysics (276)
[2019.01.26-02.41.15:690][748]LogModuleManager: Shutting down and abandoning module ActorSequence (274)
[2019.01.26-02.41.15:690][748]LogModuleManager: Shutting down and abandoning module UdpMessaging (272)
[2019.01.26-02.41.15:792][748]LogModuleManager: Shutting down and abandoning module TcpMessaging (270)
[2019.01.26-02.41.15:893][748]LogModuleManager: Shutting down and abandoning module GameplayTagsEditor (268)
[2019.01.26-02.41.15:893][748]LogModuleManager: Shutting down and abandoning module FacialAnimationEditor (266)
[2019.01.26-02.41.15:893][748]LogModuleManager: Shutting down and abandoning module FacialAnimation (264)
[2019.01.26-02.41.15:893][748]LogModuleManager: Shutting down and abandoning module DataValidation (262)
[2019.01.26-02.41.15:893][748]LogModuleManager: Shutting down and abandoning module AssetManagerEditor (260)
[2019.01.26-02.41.15:893][748]LogModuleManager: Shutting down and abandoning module LevelEditor (259)
[2019.01.26-02.41.15:893][748]LogModuleManager: Shutting down and abandoning module PixelInspectorModule (258)
[2019.01.26-02.41.15:893][748]LogModuleManager: Shutting down and abandoning module CommonMenuExtensions (256)
[2019.01.26-02.41.15:894][748]LogModuleManager: Shutting down and abandoning module MainFrame (254)
[2019.01.26-02.41.15:894][748]LogModuleManager: Shutting down and abandoning module HotReload (253)
[2019.01.26-02.41.15:894][748]LogModuleManager: Shutting down and abandoning module ContentBrowser (249)
[2019.01.26-02.41.15:895][748]LogModuleManager: Shutting down and abandoning module TreeMap (247)
[2019.01.26-02.41.15:895][748]LogModuleManager: Shutting down and abandoning module LightPropagationVolumeRuntime (244)
[2019.01.26-02.41.15:895][748]LogModuleManager: Shutting down and abandoning module LiveLinkEditor (242)
[2019.01.26-02.41.15:895][748]LogModuleManager: Shutting down and abandoning module LiveLink (240)
[2019.01.26-02.41.16:692][748]LogModuleManager: Shutting down and abandoning module Paper2D (238)
[2019.01.26-02.41.16:692][748]LogModuleManager: Shutting down and abandoning module WindowsMoviePlayer (236)
[2019.01.26-02.41.16:692][748]LogModuleManager: Shutting down and abandoning module WmfMedia (234)
[2019.01.26-02.41.16:694][748]LogModuleManager: Shutting down and abandoning module Media (233)
[2019.01.26-02.41.16:700][748]LogModuleManager: Shutting down and abandoning module PacketHandler (230)
[2019.01.26-02.41.16:701][748]LogModuleManager: Shutting down and abandoning module ClothingSystemEditor (228)
[2019.01.26-02.41.16:701][748]LogModuleManager: Shutting down and abandoning module ClothingSystemRuntime (226)
[2019.01.26-02.41.16:701][748]LogModuleManager: Shutting down and abandoning module MediaAssets (224)
[2019.01.26-02.41.16:701][748]LogModuleManager: Shutting down and abandoning module Overlay (222)
[2019.01.26-02.41.16:701][748]LogModuleManager: Shutting down and abandoning module OverlayEditor (221)
[2019.01.26-02.41.16:701][748]LogModuleManager: Shutting down and abandoning module VREditor (218)
[2019.01.26-02.41.16:701][748]LogModuleManager: Shutting down and abandoning module StringTableEditor (216)
[2019.01.26-02.41.16:701][748]LogModuleManager: Shutting down and abandoning module GameplayTasksEditor (214)
[2019.01.26-02.41.16:701][748]LogModuleManager: Shutting down and abandoning module BehaviorTreeEditor (212)
[2019.01.26-02.41.16:701][748]LogModuleManager: Shutting down and abandoning module FunctionalTesting (210)
[2019.01.26-02.41.16:701][748]LogModuleManager: Shutting down and abandoning module CollisionAnalyzer (208)
[2019.01.26-02.41.16:701][748]LogModuleManager: Shutting down and abandoning module WorkspaceMenuStructure (207)
[2019.01.26-02.41.16:701][748]LogModuleManager: Shutting down and abandoning module UMG (204)
[2019.01.26-02.41.16:701][748]LogModuleManager: Shutting down and abandoning module UMGEditor (203)
[2019.01.26-02.41.16:701][748]LogModuleManager: Shutting down and abandoning module Sequencer (202)
[2019.01.26-02.41.16:701][748]LogModuleManager: Shutting down and abandoning module MessageLog (199)
[2019.01.26-02.41.16:701][748]LogModuleManager: Shutting down and abandoning module SlateReflector (194)
[2019.01.26-02.41.16:701][748]LogModuleManager: Shutting down and abandoning module Slate (192)
[2019.01.26-02.41.16:701][748]LogModuleManager: Shutting down and abandoning module EditorStyle (190)
[2019.01.26-02.41.16:702][748]LogModuleManager: Shutting down and abandoning module MRMesh (188)
[2019.01.26-02.41.16:702][748]LogModuleManager: Shutting down and abandoning module SourceCodeAccess (186)
[2019.01.26-02.41.16:702][748]LogModuleManager: Shutting down and abandoning module HeadMountedDisplay (184)
[2019.01.26-02.41.16:702][748]LogModuleManager: Shutting down and abandoning module XAudio2 (182)
[2019.01.26-02.41.16:702][748]LogModuleManager: Shutting down and abandoning module Networking (180)
[2019.01.26-02.41.16:702][748]LogModuleManager: Shutting down and abandoning module Core (178)
[2019.01.26-02.41.16:702][748]LogModuleManager: Shutting down and abandoning module LevelSequence (176)
[2019.01.26-02.41.16:702][748]LogModuleManager: Shutting down and abandoning module KismetCompiler (174)
[2019.01.26-02.41.16:702][748]LogModuleManager: Shutting down and abandoning module MeshUtilities (172)
[2019.01.26-02.41.16:702][748]LogModuleManager: Shutting down and abandoning module MeshMergeUtilities (171)
[2019.01.26-02.41.16:702][748]LogModuleManager: Shutting down and abandoning module MeshReductionInterface (170)
[2019.01.26-02.41.16:703][748]LogModuleManager: Shutting down and abandoning module SimplygonSwarm (169)
[2019.01.26-02.41.16:703][748]LogModuleManager: Shutting down and abandoning module SimplygonMeshReduction (167)
[2019.01.26-02.41.16:703][748]LogModuleManager: Shutting down and abandoning module QuadricMeshReduction (165)
[2019.01.26-02.41.16:703][748]LogModuleManager: Shutting down and abandoning module MaterialBaking (161)
[2019.01.26-02.41.16:703][748]LogModuleManager: Shutting down and abandoning module DirectoryWatcher (157)
[2019.01.26-02.41.16:703][748]LogModuleManager: Shutting down and abandoning module DerivedDataCache (154)
[2019.01.26-02.41.17:129][748]LogDerivedDataCache: Shutdown
[2019.01.26-02.41.17:129][748]LogModuleManager: Shutting down and abandoning module XGEController (152)
[2019.01.26-02.41.17:129][748]LogModuleManager: Shutting down and abandoning module TargetPlatform (150)
[2019.01.26-02.41.17:129][748]LogModuleManager: Shutting down and abandoning module VulkanShaderFormat (149)
[2019.01.26-02.41.17:129][748]LogModuleManager: Shutting down and abandoning module ShaderFormatVectorVM (147)
[2019.01.26-02.41.17:129][748]LogModuleManager: Shutting down and abandoning module ShaderFormatOpenGL (145)
[2019.01.26-02.41.17:129][748]LogModuleManager: Shutting down and abandoning module ShaderFormatD3D (143)
[2019.01.26-02.41.17:129][748]LogModuleManager: Shutting down and abandoning module MetalShaderFormat (141)
[2019.01.26-02.41.17:129][748]LogModuleManager: Shutting down and abandoning module TextureFormatUncompressed (139)
[2019.01.26-02.41.17:129][748]LogModuleManager: Shutting down and abandoning module TextureFormatPVR (137)
[2019.01.26-02.41.17:129][748]LogModuleManager: Shutting down and abandoning module TextureFormatDXT (135)
[2019.01.26-02.41.17:129][748]LogModuleManager: Shutting down and abandoning module TextureFormatIntelISPCTexComp (133)
[2019.01.26-02.41.17:130][748]LogModuleManager: Shutting down and abandoning module TextureFormatASTC (131)
[2019.01.26-02.41.17:130][748]LogModuleManager: Shutting down and abandoning module ImageWrapper (130)
[2019.01.26-02.41.17:130][748]LogModuleManager: Shutting down and abandoning module TextureFormatAndroid (127)
[2019.01.26-02.41.17:130][748]LogModuleManager: Shutting down and abandoning module AudioFormatOpus (125)
[2019.01.26-02.41.17:130][748]LogModuleManager: Shutting down and abandoning module AudioFormatOgg (123)
[2019.01.26-02.41.17:130][748]LogModuleManager: Shutting down and abandoning module AudioFormatADPCM (121)
[2019.01.26-02.41.17:130][748]LogModuleManager: Shutting down and abandoning module LinuxTargetPlatform (119)
[2019.01.26-02.41.17:130][748]LogModuleManager: Shutting down and abandoning module LinuxServerTargetPlatform (117)
[2019.01.26-02.41.17:130][748]LogModuleManager: Shutting down and abandoning module LinuxNoEditorTargetPlatform (115)
[2019.01.26-02.41.17:130][748]LogModuleManager: Shutting down and abandoning module LinuxClientTargetPlatform (113)
[2019.01.26-02.41.17:130][748]LogModuleManager: Shutting down and abandoning module TVOSTargetPlatform (111)
[2019.01.26-02.41.17:130][748]LogModuleManager: Shutting down and abandoning module Messaging (109)
[2019.01.26-02.41.17:130][748]LogModuleManager: Shutting down and abandoning module IOSTargetPlatform (107)
[2019.01.26-02.41.17:130][748]LogModuleManager: Shutting down and abandoning module HTML5TargetPlatform (105)
[2019.01.26-02.41.17:130][748]LogModuleManager: Shutting down and abandoning module AndroidTargetPlatform (103)
[2019.01.26-02.41.17:130][748]LogModuleManager: Shutting down and abandoning module Android_PVRTCTargetPlatform (101)
[2019.01.26-02.41.17:130][748]LogModuleManager: Shutting down and abandoning module Android_MultiTargetPlatform (99)
[2019.01.26-02.41.17:130][748]LogModuleManager: Shutting down and abandoning module Android_ETC2TargetPlatform (97)
[2019.01.26-02.41.17:130][748]LogModuleManager: Shutting down and abandoning module Android_ETC1TargetPlatform (95)
[2019.01.26-02.41.17:130][748]LogModuleManager: Shutting down and abandoning module Android_ETC1aTargetPlatform (93)
[2019.01.26-02.41.17:130][748]LogModuleManager: Shutting down and abandoning module Android_DXTTargetPlatform (91)
[2019.01.26-02.41.17:130][748]LogModuleManager: Shutting down and abandoning module Android_ATCTargetPlatform (89)
[2019.01.26-02.41.17:130][748]LogModuleManager: Shutting down and abandoning module Android_ASTCTargetPlatform (87)
[2019.01.26-02.41.17:131][748]LogModuleManager: Shutting down and abandoning module WindowsTargetPlatform (85)
[2019.01.26-02.41.17:131][748]LogModuleManager: Shutting down and abandoning module WindowsServerTargetPlatform (83)
[2019.01.26-02.41.17:131][748]LogModuleManager: Shutting down and abandoning module WindowsNoEditorTargetPlatform (81)
[2019.01.26-02.41.17:131][748]LogModuleManager: Shutting down and abandoning module WindowsClientTargetPlatform (79)
[2019.01.26-02.41.17:131][748]LogModuleManager: Shutting down and abandoning module MacTargetPlatform (77)
[2019.01.26-02.41.17:131][748]LogModuleManager: Shutting down and abandoning module MacServerTargetPlatform (75)
[2019.01.26-02.41.17:131][748]LogModuleManager: Shutting down and abandoning module MacNoEditorTargetPlatform (73)
[2019.01.26-02.41.17:131][748]LogModuleManager: Shutting down and abandoning module MacClientTargetPlatform (71)
[2019.01.26-02.41.17:131][748]LogModuleManager: Shutting down and abandoning module AllDesktopTargetPlatform (69)
[2019.01.26-02.41.17:131][748]LogModuleManager: Shutting down and abandoning module InputCore (66)
[2019.01.26-02.41.17:131][748]LogModuleManager: Shutting down and abandoning module Settings (64)
[2019.01.26-02.41.17:131][748]LogModuleManager: Shutting down and abandoning module PhysXCooking (62)
[2019.01.26-02.41.17:131][748]LogModuleManager: Shutting down and abandoning module SteamVR (60)
[2019.01.26-02.41.17:131][748]LogModuleManager: Shutting down and abandoning module OculusHMD (58)
[2019.01.26-02.41.17:131][748]LogModuleManager: Shutting down and abandoning module ExampleDeviceProfileSelector (56)
[2019.01.26-02.41.17:131][748]LogModuleManager: Shutting down and abandoning module AppleARKit (54)
[2019.01.26-02.41.17:131][748]LogModuleManager: Shutting down and abandoning module AugmentedReality (51)
[2019.01.26-02.41.17:131][748]LogModuleManager: Shutting down and abandoning module OnlineBlueprintSupport (48)
[2019.01.26-02.41.17:131][748]LogModuleManager: Shutting down and abandoning module OnlineSubsystem (44)
[2019.01.26-02.41.17:131][748]LogModuleManager: Shutting down and abandoning module XMPP (43)
[2019.01.26-02.41.17:132][748]LogModuleManager: Shutting down and abandoning module HTTP (41)
[2019.01.26-02.41.17:132][748]LogHttp: Display: Http module shutting down, but needs to wait on 1 outstanding Http requests:
[2019.01.26-02.41.17:132][748]LogHttp: Display: 	verb=[POST] url=[https://datarouter.ol.epicgames.com/datarouter/api/v1/public/data?SessionID=%7BA6385297-4D73-E612-3BC2-81AD0F32761D%7D&AppID=UEEditor.Rocket.Release&AppVersion=4.19.2-4033788%2B%2B%2BUE4%2BRelease-4.19&UserID=79578d3243546d8068c2b3aa852ad473%7C40f9c7f63b994bc29462f24cf3ddb4e5%7C58d71922-4dd3-4719-adfe-5a12f3fb137c&AppEnvironment=datacollector-binary&UploadType=eteventstream] status=Processing
[2019.01.26-02.41.17:146][748]LogModuleManager: Shutting down and abandoning module SSL (40)
[2019.01.26-02.41.17:147][748]LogModuleManager: Shutting down and abandoning module AnimationModifiers (36)
[2019.01.26-02.41.17:148][748]LogModuleManager: Shutting down and abandoning module PropertyEditor (35)
[2019.01.26-02.41.17:148][748]LogModuleManager: Shutting down and abandoning module AudioEditor (32)
[2019.01.26-02.41.17:148][748]LogModuleManager: Shutting down and abandoning module TextureCompressor (30)
[2019.01.26-02.41.17:148][748]LogModuleManager: Shutting down and abandoning module ShaderCore (28)
[2019.01.26-02.41.17:148][748]LogModuleManager: Shutting down and abandoning module Landscape (26)
[2019.01.26-02.41.17:148][748]LogModuleManager: Shutting down and abandoning module SlateRHIRenderer (24)
[2019.01.26-02.41.17:149][748]LogModuleManager: Shutting down and abandoning module OpenGLDrv (22)
[2019.01.26-02.41.17:149][748]LogModuleManager: Shutting down and abandoning module D3D11RHI (20)
[2019.01.26-02.41.17:149][748]LogModuleManager: Shutting down and abandoning module AnimGraphRuntime (18)
[2019.01.26-02.41.17:149][748]LogModuleManager: Shutting down and abandoning module Renderer (16)
[2019.01.26-02.41.17:149][748]LogModuleManager: Shutting down and abandoning module Engine (14)
[2019.01.26-02.41.17:149][748]LogModuleManager: Shutting down and abandoning module CoreUObject (12)
[2019.01.26-02.41.17:149][748]LogModuleManager: Shutting down and abandoning module NetworkFile (10)
[2019.01.26-02.41.17:149][748]LogModuleManager: Shutting down and abandoning module CookedIterativeFile (8)
[2019.01.26-02.41.17:149][748]LogModuleManager: Shutting down and abandoning module StreamingFile (6)
[2019.01.26-02.41.17:150][748]LogModuleManager: Shutting down and abandoning module SandboxFile (4)
[2019.01.26-02.41.17:150][748]LogModuleManager: Shutting down and abandoning module PakFile (2)
[2019.01.26-02.41.17:172][748]LogExit: Exiting.
[2019.01.26-02.41.17:199][748]Log file closed, 01/26/19 02:41:17
